<?xml version="1.0" encoding="UTF-8"?>
<!-- Generated by org.testng.reporters.JUnitXMLReporter -->
<testsuite ignored="0" hostname="Nourtek-100" failures="0" tests="4" name="Default test" time="0.064" errors="0" timestamp="2021-07-26T16:54:51 IST">
  <testcase classname="GenericLibrary.BaseClass" name="@BeforeClass launchBrowser" time="-1.627298691608E9">
    <failure type="org.testng.TestNGException" message="
Parameter &amp;apos;browserName&amp;apos; is required by BeforeClass on method launchBrowser but has not been marked @Optional or defined
in C:\Users\NDave\AppData\Local\Temp\testng-eclipse--451396379\testng-customsuite.xml">
      <![CDATA[org.testng.TestNGException: 
Parameter 'browserName' is required by BeforeClass on method launchBrowser but has not been marked @Optional or defined
in C:\Users\NDave\AppData\Local\Temp\testng-eclipse--451396379\testng-customsuite.xml
at org.testng.internal.Parameters.createParams(Parameters.java:270)
at org.testng.internal.Parameters.createParametersForMethod(Parameters.java:358)
at org.testng.internal.Parameters.createParameters(Parameters.java:700)
at org.testng.internal.Parameters.createConfigurationParameters(Parameters.java:168)
at org.testng.internal.ConfigInvoker.invokeConfigurations(ConfigInvoker.java:302)
at org.testng.internal.TestMethodWorker.invokeBeforeClassMethods(TestMethodWorker.java:176)
at org.testng.internal.TestMethodWorker.run(TestMethodWorker.java:122)
at java.base/java.util.ArrayList.forEach(ArrayList.java:1511)
at org.testng.TestRunner.privateRun(TestRunner.java:794)
at org.testng.TestRunner.run(TestRunner.java:596)
at org.testng.SuiteRunner.runTest(SuiteRunner.java:377)
at org.testng.SuiteRunner.runSequentially(SuiteRunner.java:371)
at org.testng.SuiteRunner.privateRun(SuiteRunner.java:332)
at org.testng.SuiteRunner.run(SuiteRunner.java:276)
at org.testng.SuiteRunnerWorker.runSuite(SuiteRunnerWorker.java:53)
at org.testng.SuiteRunnerWorker.run(SuiteRunnerWorker.java:96)
at org.testng.TestNG.runSuitesSequentially(TestNG.java:1212)
at org.testng.TestNG.runSuitesLocally(TestNG.java:1134)
at org.testng.TestNG.runSuites(TestNG.java:1063)
at org.testng.TestNG.run(TestNG.java:1031)
at org.testng.remote.AbstractRemoteTestNG.run(AbstractRemoteTestNG.java:115)
at org.testng.remote.RemoteTestNG.initAndRun(RemoteTestNG.java:251)
at org.testng.remote.RemoteTestNG.main(RemoteTestNG.java:77)
]]>
    </failure>
  </testcase> <!-- @BeforeClass launchBrowser -->
  <testcase classname="GenericLibrary.BaseClass" name="@BeforeMethod loginToApplication" time="-1.627298691623E9">
    <skipped/>
  </testcase> <!-- @BeforeMethod loginToApplication -->
  <testcase classname="GenericLibrary.BaseClass" name="@AfterMethod logoutFromApplication" time="-1.627298691628E9">
    <skipped/>
  </testcase> <!-- @AfterMethod logoutFromApplication -->
  <testcase classname="GenericLibrary.BaseClass" name="@BeforeMethod loginToApplication" time="-1.627298691633E9">
    <skipped/>
  </testcase> <!-- @BeforeMethod loginToApplication -->
  <testcase classname="GenericLibrary.BaseClass" name="@AfterMethod logoutFromApplication" time="-1.627298691636E9">
    <skipped/>
  </testcase> <!-- @AfterMethod logoutFromApplication -->
  <testcase classname="GenericLibrary.BaseClass" name="@BeforeMethod loginToApplication" time="-1.627298691638E9">
    <skipped/>
  </testcase> <!-- @BeforeMethod loginToApplication -->
  <testcase classname="GenericLibrary.BaseClass" name="@AfterMethod logoutFromApplication" time="-1.627298691642E9">
    <skipped/>
  </testcase> <!-- @AfterMethod logoutFromApplication -->
  <testcase classname="GenericLibrary.BaseClass" name="@BeforeMethod loginToApplication" time="-1.627298691644E9">
    <skipped/>
  </testcase> <!-- @BeforeMethod loginToApplication -->
  <testcase classname="GenericLibrary.BaseClass" name="@AfterMethod logoutFromApplication" time="-1.627298691649E9">
    <skipped/>
  </testcase> <!-- @AfterMethod logoutFromApplication -->
  <testcase classname="TestScript_Neha.TaskValidationSwitchProgramModuleContractorPortalOptionsTest" name="Program_Contractor_Portal_Options_TurnOnorTurnOFFSwitches" time="0.0">
    <skipped/>
  </testcase> <!-- Program_Contractor_Portal_Options_TurnOnorTurnOFFSwitches -->
  <testcase classname="TestScript_Neha.TaskValidationSwitchProgramModuleContractorPortalOptionsTest" name="Program_Contractor_Portal_Options_SponsorSwitches" time="0.0">
    <skipped/>
  </testcase> <!-- Program_Contractor_Portal_Options_SponsorSwitches -->
  <testcase classname="TestScript_Neha.TaskValidationSwitchProgramModuleContractorPortalOptionsTest" name="Program_Contractor_Portal_Options_GC_Switches" time="0.0">
    <skipped/>
  </testcase> <!-- Program_Contractor_Portal_Options_GC_Switches -->
  <testcase classname="TestScript_Neha.TaskValidationSwitchProgramModuleContractorPortalOptionsTest" name="Program_Contractor_Portal_Options_SubC_Switches" time="0.0">
    <skipped/>
  </testcase> <!-- Program_Contractor_Portal_Options_SubC_Switches -->
</testsuite> <!-- Default test -->
