
<!DOCTYPE html>
<html>
<head>
<!--
ExtentReports Library 2.40.2 | http://relevantcodes.com/extentreports-for-selenium/ | https://github.com/anshooarora/
Copyright (c) 2015, Anshoo Arora (Relevant Codes) | Copyrights licensed under the New BSD License | http://opensource.org/licenses/BSD-3-Clause
Documentation: http://extentreports.relevantcodes.com 
-->

<meta charset='UTF-8' /> 
<meta name='description' content='ExtentReports (by Anshoo Arora) is a reporting library for automation testing for .NET and Java. It creates detailed and beautiful HTML reports for modern browsers. ExtentReports shows test and step summary along with dashboards, system and environment details for quick analysis of your tests.' />
<meta name='robots' content='noodp, noydir' />
<meta name='viewport' content='width=device-width, initial-scale=1' />

<title>
ExtentReports 2.0
</title>


<link href='https://fonts.googleapis.com/css?family=Source+Sans+Pro:400,600' rel='stylesheet' type='text/css'>
<link href='https://cdn.rawgit.com/anshooarora/extentreports/e4f8ea1de961161791c01b99a71a1e17f81125cf/cdn/extent.css' type='text/css' rel='stylesheet' />

<style>

      
        
      
    
</style>
</head>


<body class='extent standard hide-overflow'>
<!-- nav -->
<nav>
<div class='logo-container'>
<a class='logo-content' href='http://extentreports.relevantcodes.com'>
<span>ExtentReports</span>
</a>
<a href='#' data-activates='slide-out' class='button-collapse hide-on-large-only'><i class='mdi-navigation-apps'></i></a>
</div>
<ul id='slide-out' class='side-nav fixed hide-on-med-and-down'>
<li class='analysis waves-effect active'><a href='#!' class='test-view' onclick="_updateCurrentStage(0)"><i class='mdi-action-dashboard'></i>Test Details</a></li>
<li class='analysis waves-effect'><a href='#!' class='categories-view' onclick="_updateCurrentStage(1)"><i class='mdi-maps-local-offer'></i>Categories</a></li>
<li class='analysis waves-effect'><a href='#!' class='exceptions-view' onclick="_updateCurrentStage(2)"><i class='mdi-action-bug-report'></i>Exceptions</a></li>
<li class='analysis waves-effect'><a href='#!' class='dashboard-view'><i class='mdi-action-track-changes'></i></i>Analysis</a></li>
</ul>
<span class='report-name'></span> <span class='report-headline'>Automation Report</span>
<ul class='right hide-on-med-and-down nav-right'>
<li class='theme-selector' alt='Click to toggle dark theme. To enable by default, use js configuration $("body").addClass("dark");' title='Click to toggle dark theme. To enable by default, use js configuration $("body").addClass("dark");'>
<i class='mdi-hardware-desktop-windows'></i>
</li>
<li>
<span class='suite-started-time'>2021-09-01 09:35:25</span>
</li>
<li>
<span>v2.40.2</span>
</li>
</ul>
</nav>
<!-- /nav -->

<!-- container -->
<div class='container'>

<!-- dashboard -->
<div id='dashboard-view' class='row'>
<div class='time-totals'>
<div class='col l2 m4 s6'>
<div class='card suite-total-tests'> 
<span class='panel-name'>Total Tests</span> 
<span class='total-tests'> <span class='panel-lead'></span> </span> 
</div> 
</div>
<div class='col l2 m4 s6'>
<div class='card suite-total-steps'> 
<span class='panel-name'>Total Steps</span> 
<span class='total-steps'> <span class='panel-lead'></span> </span> 
</div> 
</div>
<div class='col l2 m4 s12'>
<div class='card suite-total-time-current'> 
<span class='panel-name'>Total Time Taken (Current Run)</span> 
<span class='suite-total-time-current-value panel-lead'>1h 2m 34s+740ms</span> 
</div> 
</div>
<div class='col l2 m4 s12'>
<div class='card suite-total-time-overall'> 
<span class='panel-name'>Total Time Taken (Overall)</span> 
<span class='suite-total-time-overall-value panel-lead'>1h 2m 34s+740ms</span> 
</div> 
</div>
<div class='col l2 m4 s6 suite-start-time'>
<div class='card accent green-accent'> 
<span class='panel-name'>Start</span> 
<span class='panel-lead suite-started-time'>2021-09-01 08:32:50</span> 
</div> 
</div>
<div class='col l2 m4 s6 suite-end-time'>
<div class='card accent pink-accent'> 
<span class='panel-name'>End</span> 
<span class='panel-lead suite-ended-time'>2021-09-01 09:35:25</span> 
</div> 
</div>
</div>
<div class='charts'>
<div class='col s12 m6 l4 fh'> 
<div class='card-panel'> 
<div>
<span class='panel-name'>Tests View</span>
</div> 
<div class='panel-setting modal-trigger test-count-setting right'>
<a href='#test-count-setting'><i class='mdi-navigation-more-vert text-md'></i></a>
</div> 
<div class='chart-box'>
<canvas class='text-centered' id='test-analysis'></canvas>
</div> 
<div>
<span class='weight-light'><span class='t-pass-count weight-normal'></span> test(s) passed</span>
</div> 
<div>
<span class='weight-light'><span class='t-fail-count weight-normal'></span> test(s) failed, <span class='t-others-count weight-normal'></span> others</span>
</div> 
</div> 
</div> 
<div class='col s12 m6 l4 fh'> 
<div class='card-panel'> 
<div>
<span class='panel-name'>Steps View</span>
</div> 
<div class='panel-setting modal-trigger step-status-filter right'>
<a href='#step-status-filter'><i class='mdi-navigation-more-vert text-md'></i></a>
</div> 
<div class='chart-box'>
<canvas class='text-centered' id='step-analysis'></canvas>
</div> 
<div>
<span class='weight-light'><span class='s-pass-count weight-normal'></span> step(s) passed </span>
</div> 
<div>
<span class='weight-light'><span class='s-fail-count weight-normal'></span> step(s) failed, <span class='s-others-count weight-normal'></span> others</span>
</div> 
</div> 
</div>
<div class='col s12 m12 l4 fh'> 
<div class='card-panel'> 
<span class='panel-name'>Pass Percentage</span> 
<span class='pass-percentage panel-lead'></span> 
<div class='progress light-blue lighten-3'> 
<div class='determinate light-blue'></div> 
</div> 
</div> 
</div>
</div>
<div class='system-view'>
<div class='col l4 m12 s12'>
<div class='card-panel'>
<span class='label info outline right'>Environment</span>
<table>
<thead>
<tr>
<th>Param</th>
<th>Value</th>
</tr>
</thead>
<tbody>
<tr>
<td>OS</td>
<td>Windows 10</td>
</tr>
<tr>
<td>User Name</td>
<td>NDave</td>
</tr>
<tr>
<td>Java Version</td>
<td>15.0.2</td>
</tr>
<tr>
<td>Host Name</td>
<td>Nourtek-100</td>
</tr>
</tbody>
</table>
</div>
</div>
</div>
<div class='category-summary-view'>
<div class='col l4 m6 s12'>
<div class='card-panel'>
<span class='label info outline right'>Categories</span>
<table>
<thead>
<tr>
<th>Name</th>
</tr>
</thead>
<tbody>
<tr>
<td>
Functional Test
</td>
</tr>
</tbody>
</table>
</div>
</div>
</div>
</div>
<!-- /dashboard -->

<!-- tests -->
<div id='test-view' class='row _addedTable'>
<div class='col _addedCell1'>
<div class='contents'>
<div class='card-panel heading'>
<h5>Tests</h5>
</div>
<div class='card-panel filters'>
<div>
<a data-activates='tests-toggle' data-constrainwidth='true' data-beloworigin='true' data-hover='true' href='#' class='dropdown-button button tests-toggle'><i class='mdi-action-subject icon'></i></a>
<ul id='tests-toggle' class='dropdown-content'>
<li class='pass'><a href='#!'>Pass</a></li>
<li class='fail'><a href='#!'>Fail</a></li>
<li class='skip'><a href='#!'>Skip</a></li>
<li class='divider'></li>
<li class='clear'><a href='#!'>Clear Filters</a></li>
</ul>
</div>
<div>
<a data-activates='category-toggle' data-constrainwidth='false' data-beloworigin='true' data-hover='true' href='#' class='category-toggle dropdown-button button'><i class='mdi-maps-local-offer icon'></i></a>
<ul id='category-toggle' class='dropdown-content'>
<li class='Functional Test'><a href='#!'>Functional Test</a></li>
<li class='divider'></li>
<li class='clear'><a href='#!'>Clear Filters</a></li>
</ul>
</div>
<div>
<a id='clear-filters' alt='Clear Filters' title='Clear Filters'><i class='mdi-navigation-close icon'></i></a>
</div>
<div>&nbsp;&middot;&nbsp;</div>
<div>
<a id='enableDashboard' alt='Enable Dashboard' title='Enable Dashboard'><i class='mdi-action-track-changes icon'></i></a>
</div>
<div>
<a id='refreshCharts' alt='Refresh Charts on Filters' title='Refresh Charts on Filters' class='enabled'><i class='mdi-navigation-refresh icon'></i></i></a>
</div>
<div>&nbsp;&middot;</div>
<div class='search' alt='Search Tests' title='Search Tests'>
<div class='input-field left'>
<input id='searchTests' type='text' class='validate' placeholder='Search Tests...'>
</div>
<i class='mdi-action-search icon'></i>
</div>
</div>
<div class='card-panel no-padding-h no-padding-v no-margin-v'>
<div class='wrapper'>
<ul id='test-collection' class='test-collection'>
<li class='collection-item test displayed active fail ' extentid='329204eb-9468-4817-bcf2-3976b4ada69d'>
<div class='test-head'>
<span class='test-name'>Report_ContractorStandingReport_Test :: testContractorStandingReport </span>
<span class='test-status label right outline capitalize fail'>fail</span>
<span class='category-assigned hide  functionaltest'></span>
</div>
<div class='test-body'>
<div class='test-info'>
<span title='Test started time' alt='Test started time' class='test-started-time label green lighten-1 text-white'>2021-09-01 08:32:57</span>
<span title='Test ended time' alt='Test ended time' class='test-ended-time label red lighten-1 text-white'>2021-09-01 08:36:12</span>
<span title='Time taken to finish' alt='Time taken to finish' class='test-time-taken label blue-grey lighten-3 text-white'>0h 3m 14s+590ms</span>
</div>
<div class='test-desc'>testContractorStandingReport</div>
<div class='test-attributes'>
<div class='categories'>
<span class='category text-white'>Functional Test</span>
</div>
<div class='authors'>
<span class='author text-white'>Kiran Pirangute</span>
</div>
</div>
<div class='test-steps'>
<table class='bordered table-results'>
<thead>
<tr>
<th>Status</th>
<th>Timestamp</th>
<th>Details</th>
</tr>
</thead>
<tbody>
<tr>
<td class='status pass' title='pass' alt='pass'><i class='mdi-action-check-circle'></i></td>
<td class='timestamp'>08:32:57</td>
<td class='step-details'>Test Started</td>
</tr>
<tr>
<td class='status pass' title='pass' alt='pass'><i class='mdi-action-check-circle'></i></td>
<td class='timestamp'>08:32:57</td>
<td class='step-details'>Browser Name chrome</td>
</tr>
<tr>
<td class='status pass' title='pass' alt='pass'><i class='mdi-action-check-circle'></i></td>
<td class='timestamp'>08:33:09</td>
<td class='step-details'>https://beta.wrapportal.com/login.aspx?ReturnUrl=%2f Current Url</td>
</tr>
<tr>
<td class='status pass' title='pass' alt='pass'><i class='mdi-action-check-circle'></i></td>
<td class='timestamp'>08:33:09</td>
<td class='step-details'>nourlockton User Name Entered Successfully</td>
</tr>
<tr>
<td class='status pass' title='pass' alt='pass'><i class='mdi-action-check-circle'></i></td>
<td class='timestamp'>08:33:09</td>
<td class='step-details'>kEPl*DiRJ1 Password Entered Successfully</td>
</tr>
<tr>
<td class='status info' title='info' alt='info'><i class='mdi-action-info-outline'></i></td>
<td class='timestamp'>08:33:11</td>
<td class='step-details'>Clicked On Login Button</td>
</tr>
<tr>
<td class='status pass' title='pass' alt='pass'><i class='mdi-action-check-circle'></i></td>
<td class='timestamp'>08:33:11</td>
<td class='step-details'>Login Successfully</td>
</tr>
<tr>
<td class='status info' title='info' alt='info'><i class='mdi-action-info-outline'></i></td>
<td class='timestamp'>08:33:17</td>
<td class='step-details'>Clicked on Report Module Icon</td>
</tr>
<tr>
<td class='status info' title='info' alt='info'><i class='mdi-action-info-outline'></i></td>
<td class='timestamp'>08:33:22</td>
<td class='step-details'>JE Dunn-Dunn VRespective Program Select Form Dropdown</td>
</tr>
<tr>
<td class='status pass' title='pass' alt='pass'><i class='mdi-action-check-circle'></i></td>
<td class='timestamp'>08:33:27</td>
<td class='step-details'>Contractor Standing Report Report is Selected</td>
</tr>
<tr>
<td class='status pass' title='pass' alt='pass'><i class='mdi-action-check-circle'></i></td>
<td class='timestamp'>08:33:30</td>
<td class='step-details'>All Sub-Sponsors Divisions Selected Successfully</td>
</tr>
<tr>
<td class='status pass' title='pass' alt='pass'><i class='mdi-action-check-circle'></i></td>
<td class='timestamp'>08:33:30</td>
<td class='step-details'>Contractor Selected Successfully and clicked</td>
</tr>
<tr>
<td class='status fail' title='fail' alt='fail'><i class='mdi-navigation-cancel'></i></td>
<td class='timestamp'>08:34:30</td>
<td class='step-details'>org.openqa.selenium.remote.UnreachableBrowserException: Error communicating with the remote browser. It may have died.
Build info: version: '4.0.0-alpha-4', revision: 'c2d955b49e'
System info: host: 'NOURTEK-100', ip: '192.168.29.211', os.name: 'Windows 10', os.arch: 'amd64', os.version: '10.0', java.version: '15.0.2'
Driver info: driver.version: RemoteWebDriver
Capabilities {acceptInsecureCerts: false, browserName: chrome, browserVersion: 92.0.4515.159, chrome: {chromedriverVersion: 92.0.4515.107 (87a818b10553..., userDataDir: C:\Users\NDave\AppData\Loca...}, goog:chromeOptions: {debuggerAddress: localhost:58836}, javascriptEnabled: true, networkConnectionEnabled: false, pageLoadStrategy: normal, platform: WINDOWS, platformName: WINDOWS, proxy: Proxy(), setWindowRect: true, strictFileInteractability: false, timeouts: {implicit: 0, pageLoad: 300000, script: 30000}, unhandledPromptBehavior: dismiss and notify, webauthn:extension:credBlob: true, webauthn:extension:largeBlob: true, webauthn:virtualAuthenticators: true}
Session ID: 994493a69da5aafd87164e4bd9128267 Something Went Wrong</td>
</tr>
<tr>
<td class='status fail' title='fail' alt='fail'><i class='mdi-navigation-cancel'></i></td>
<td class='timestamp'>08:35:30</td>
<td class='step-details'>testContractorStandingReport Test has been Failed2</td>
</tr>
<tr>
<td class='status fail' title='fail' alt='fail'><i class='mdi-navigation-cancel'></i></td>
<td class='timestamp'>08:35:30</td>
<td class='step-details'><pre>org.openqa.selenium.remote.UnreachableBrowserException: Error communicating with the remote browser. It may have died.
Build info: version: '4.0.0-alpha-4', revision: 'c2d955b49e'
System info: host: 'NOURTEK-100', ip: '192.168.29.211', os.name: 'Windows 10', os.arch: 'amd64', os.version: '10.0', java.version: '15.0.2'
Driver info: driver.version: RemoteWebDriver
Capabilities {acceptInsecureCerts: false, browserName: chrome, browserVersion: 92.0.4515.159, chrome: {chromedriverVersion: 92.0.4515.107 (87a818b10553..., userDataDir: C:\Users\NDave\AppData\Loca...}, goog:chromeOptions: {debuggerAddress: localhost:58836}, javascriptEnabled: true, networkConnectionEnabled: false, pageLoadStrategy: normal, platform: WINDOWS, platformName: WINDOWS, proxy: Proxy(), setWindowRect: true, strictFileInteractability: false, timeouts: {implicit: 0, pageLoad: 300000, script: 30000}, unhandledPromptBehavior: dismiss and notify, webauthn:extension:credBlob: true, webauthn:extension:largeBlob: true, webauthn:virtualAuthenticators: true}
Session ID: 994493a69da5aafd87164e4bd9128267
at org.openqa.selenium.remote.RemoteWebDriver.execute(RemoteWebDriver.java:603)
at org.openqa.selenium.remote.RemoteWebDriver.execute(RemoteWebDriver.java:639)
at org.openqa.selenium.remote.RemoteWebDriver.execute(RemoteWebDriver.java:643)
at org.openqa.selenium.remote.RemoteWebDriver.getScreenshotAs(RemoteWebDriver.java:303)
at GenericLibrary.FileUtils1.getScreenshot(FileUtils1.java:86)
at TestScript.Report_ContractorStandingReport_Test.testContractorStandingReport(Report_ContractorStandingReport_Test.java:67)
at java.base/jdk.internal.reflect.NativeMethodAccessorImpl.invoke0(Native Method)
at java.base/jdk.internal.reflect.NativeMethodAccessorImpl.invoke(NativeMethodAccessorImpl.java:64)
at java.base/jdk.internal.reflect.DelegatingMethodAccessorImpl.invoke(DelegatingMethodAccessorImpl.java:43)
at java.base/java.lang.reflect.Method.invoke(Method.java:564)
at org.testng.internal.MethodInvocationHelper.invokeMethod(MethodInvocationHelper.java:133)
at org.testng.internal.TestInvoker.invokeMethod(TestInvoker.java:598)
at org.testng.internal.TestInvoker.invokeTestMethod(TestInvoker.java:173)
at org.testng.internal.MethodRunner.runInSequence(MethodRunner.java:46)
at org.testng.internal.TestInvoker$MethodInvocationAgent.invoke(TestInvoker.java:824)
at org.testng.internal.TestInvoker.invokeTestMethods(TestInvoker.java:146)
at org.testng.internal.TestMethodWorker.invokeTestMethods(TestMethodWorker.java:146)
at org.testng.internal.TestMethodWorker.run(TestMethodWorker.java:128)
at java.base/java.util.ArrayList.forEach(ArrayList.java:1511)
at org.testng.TestRunner.privateRun(TestRunner.java:794)
at org.testng.TestRunner.run(TestRunner.java:596)
at org.testng.SuiteRunner.runTest(SuiteRunner.java:377)
at org.testng.SuiteRunner.runSequentially(SuiteRunner.java:371)
at org.testng.SuiteRunner.privateRun(SuiteRunner.java:332)
at org.testng.SuiteRunner.run(SuiteRunner.java:276)
at org.testng.SuiteRunnerWorker.runSuite(SuiteRunnerWorker.java:53)
at org.testng.SuiteRunnerWorker.run(SuiteRunnerWorker.java:96)
at org.testng.TestNG.runSuitesSequentially(TestNG.java:1212)
at org.testng.TestNG.runSuitesLocally(TestNG.java:1134)
at org.testng.TestNG.runSuites(TestNG.java:1063)
at org.testng.TestNG.run(TestNG.java:1031)
at org.testng.remote.AbstractRemoteTestNG.run(AbstractRemoteTestNG.java:115)
at org.testng.remote.RemoteTestNG.initAndRun(RemoteTestNG.java:251)
at org.testng.remote.RemoteTestNG.main(RemoteTestNG.java:77)
Caused by: java.lang.RuntimeException: NettyHttpHandler request execution error
at org.openqa.selenium.remote.http.netty.NettyHttpHandler.makeCall(NettyHttpHandler.java:61)
at org.openqa.selenium.remote.http.AddSeleniumUserAgent.lambda$apply$0(AddSeleniumUserAgent.java:42)
at org.openqa.selenium.remote.http.Filter.lambda$andFinally$1(Filter.java:55)
at org.openqa.selenium.remote.http.netty.NettyHttpHandler.execute(NettyHttpHandler.java:45)
at org.openqa.selenium.remote.http.AddSeleniumUserAgent.lambda$apply$0(AddSeleniumUserAgent.java:42)
at org.openqa.selenium.remote.http.Filter.lambda$andFinally$1(Filter.java:55)
at org.openqa.selenium.remote.http.netty.NettyClient.execute(NettyClient.java:43)
at org.openqa.selenium.remote.HttpCommandExecutor.execute(HttpCommandExecutor.java:158)
at org.openqa.selenium.remote.service.DriverCommandExecutor.execute(DriverCommandExecutor.java:83)
at org.openqa.selenium.remote.RemoteWebDriver.execute(RemoteWebDriver.java:582)
... 33 more
Caused by: java.util.concurrent.ExecutionException: java.util.concurrent.TimeoutException: Request timeout to localhost/127.0.0.1:14454 after 60000 ms
at java.base/java.util.concurrent.CompletableFuture.reportGet(CompletableFuture.java:395)
at java.base/java.util.concurrent.CompletableFuture.get(CompletableFuture.java:2063)
at org.asynchttpclient.netty.NettyResponseFuture.get(NettyResponseFuture.java:201)
at org.openqa.selenium.remote.http.netty.NettyHttpHandler.makeCall(NettyHttpHandler.java:55)
... 42 more
Caused by: java.util.concurrent.TimeoutException: Request timeout to localhost/127.0.0.1:14454 after 60000 ms
at org.asynchttpclient.netty.timeout.TimeoutTimerTask.expire(TimeoutTimerTask.java:43)
at org.asynchttpclient.netty.timeout.RequestTimeoutTimerTask.run(RequestTimeoutTimerTask.java:50)
at io.netty.util.HashedWheelTimer$HashedWheelTimeout.expire(HashedWheelTimer.java:672)
at io.netty.util.HashedWheelTimer$HashedWheelBucket.expireTimeouts(HashedWheelTimer.java:747)
at io.netty.util.HashedWheelTimer$Worker.run(HashedWheelTimer.java:472)
at io.netty.util.concurrent.FastThreadLocalRunnable.run(FastThreadLocalRunnable.java:30)
at java.base/java.lang.Thread.run(Thread.java:832)
</pre></td>
</tr>
<tr>
<td class='status fail' title='fail' alt='fail'><i class='mdi-navigation-cancel'></i></td>
<td class='timestamp'>08:36:12</td>
<td class='step-details'><img class='report-img' data-featherlight='../ExtentReports/Screenshots/screen20210901083530.png' src='../ExtentReports/Screenshots/screen20210901083530.png' /></td>
</tr>
<tr>
<td class='status pass' title='pass' alt='pass'><i class='mdi-action-check-circle'></i></td>
<td class='timestamp'>08:36:12</td>
<td class='step-details'>Test Ended</td>
</tr>
</tbody>
</table>
<ul class='collapsible node-list' data-collapsible='accordion'>
</ul>
</div>
</div>
</li>
<li class='collection-item test displayed active pass ' extentid='154b8e53-bfb2-4475-8d09-e4e22e9b523e'>
<div class='test-head'>
<span class='test-name'>Report_ClaimCodingContractorSummaryReportTC :: testClaimsCodingContractorSummaryReport </span>
<span class='test-status label right outline capitalize pass'>pass</span>
<span class='category-assigned hide  functionaltest'></span>
</div>
<div class='test-body'>
<div class='test-info'>
<span title='Test started time' alt='Test started time' class='test-started-time label green lighten-1 text-white'>2021-09-01 08:36:49</span>
<span title='Test ended time' alt='Test ended time' class='test-ended-time label red lighten-1 text-white'>2021-09-01 08:38:13</span>
<span title='Time taken to finish' alt='Time taken to finish' class='test-time-taken label blue-grey lighten-3 text-white'>0h 1m 24s+483ms</span>
</div>
<div class='test-desc'>testClaimsCodingContractorSummaryReport</div>
<div class='test-attributes'>
<div class='categories'>
<span class='category text-white'>Functional Test</span>
</div>
<div class='authors'>
<span class='author text-white'>Kiran Pirangute</span>
</div>
</div>
<div class='test-steps'>
<table class='bordered table-results'>
<thead>
<tr>
<th>Status</th>
<th>Timestamp</th>
<th>Details</th>
</tr>
</thead>
<tbody>
<tr>
<td class='status pass' title='pass' alt='pass'><i class='mdi-action-check-circle'></i></td>
<td class='timestamp'>08:36:49</td>
<td class='step-details'>Test Started</td>
</tr>
<tr>
<td class='status pass' title='pass' alt='pass'><i class='mdi-action-check-circle'></i></td>
<td class='timestamp'>08:36:49</td>
<td class='step-details'>Browser Name chrome</td>
</tr>
<tr>
<td class='status pass' title='pass' alt='pass'><i class='mdi-action-check-circle'></i></td>
<td class='timestamp'>08:37:02</td>
<td class='step-details'>https://beta.wrapportal.com/login.aspx?ReturnUrl=%2f Current Url</td>
</tr>
<tr>
<td class='status pass' title='pass' alt='pass'><i class='mdi-action-check-circle'></i></td>
<td class='timestamp'>08:37:03</td>
<td class='step-details'>nourlockton User Name Entered Successfully</td>
</tr>
<tr>
<td class='status pass' title='pass' alt='pass'><i class='mdi-action-check-circle'></i></td>
<td class='timestamp'>08:37:03</td>
<td class='step-details'>kEPl*DiRJ1 Password Entered Successfully</td>
</tr>
<tr>
<td class='status info' title='info' alt='info'><i class='mdi-action-info-outline'></i></td>
<td class='timestamp'>08:37:04</td>
<td class='step-details'>Clicked On Login Button</td>
</tr>
<tr>
<td class='status pass' title='pass' alt='pass'><i class='mdi-action-check-circle'></i></td>
<td class='timestamp'>08:37:04</td>
<td class='step-details'>Login Successfully</td>
</tr>
<tr>
<td class='status info' title='info' alt='info'><i class='mdi-action-info-outline'></i></td>
<td class='timestamp'>08:37:11</td>
<td class='step-details'>Clicked on Report Module Icon</td>
</tr>
<tr>
<td class='status info' title='info' alt='info'><i class='mdi-action-info-outline'></i></td>
<td class='timestamp'>08:37:13</td>
<td class='step-details'>JE Dunn-Dunn V Respective Program Select Form Dropdown</td>
</tr>
<tr>
<td class='status pass' title='pass' alt='pass'><i class='mdi-action-check-circle'></i></td>
<td class='timestamp'>08:37:18</td>
<td class='step-details'>Claims Coding - Contractor Summary Report Report is Selected</td>
</tr>
<tr>
<td class='status pass' title='pass' alt='pass'><i class='mdi-action-check-circle'></i></td>
<td class='timestamp'>08:37:21</td>
<td class='step-details'>All Sub-Sponsors  Selected Successfully</td>
</tr>
<tr>
<td class='status pass' title='pass' alt='pass'><i class='mdi-action-check-circle'></i></td>
<td class='timestamp'>08:37:21</td>
<td class='step-details'>2204 San Antonio Projects Project Selected Successfully</td>
</tr>
<tr>
<td class='status info' title='info' alt='info'><i class='mdi-action-info-outline'></i></td>
<td class='timestamp'>08:37:23</td>
<td class='step-details'>Clicked On Build Report Button</td>
</tr>
<tr>
<td class='status pass' title='pass' alt='pass'><i class='mdi-action-check-circle'></i></td>
<td class='timestamp'>08:37:26</td>
<td class='step-details'>Report Generated <img class='report-img' data-featherlight='../ExtentReports/Screenshots/screen20210901083726.png' src='../ExtentReports/Screenshots/screen20210901083726.png' /></td>
</tr>
<tr>
<td class='status pass' title='pass' alt='pass'><i class='mdi-action-check-circle'></i></td>
<td class='timestamp'>08:37:26</td>
<td class='step-details'>Report Header Name Matched</td>
</tr>
<tr>
<td class='status pass' title='pass' alt='pass'><i class='mdi-action-check-circle'></i></td>
<td class='timestamp'>08:37:26</td>
<td class='step-details'>Report Generated Successfully</td>
</tr>
<tr>
<td class='status pass' title='pass' alt='pass'><i class='mdi-action-check-circle'></i></td>
<td class='timestamp'>08:37:29</td>
<td class='step-details'>First Project Selected Successfully</td>
</tr>
<tr>
<td class='status pass' title='pass' alt='pass'><i class='mdi-action-check-circle'></i></td>
<td class='timestamp'>08:37:31</td>
<td class='step-details'>Clicked on Build Report Button</td>
</tr>
<tr>
<td class='status pass' title='pass' alt='pass'><i class='mdi-action-check-circle'></i></td>
<td class='timestamp'>08:37:35</td>
<td class='step-details'>Second Project Selected Successfully</td>
</tr>
<tr>
<td class='status pass' title='pass' alt='pass'><i class='mdi-action-check-circle'></i></td>
<td class='timestamp'>08:37:36</td>
<td class='step-details'>Clicked on Build Report Button</td>
</tr>
<tr>
<td class='status pass' title='pass' alt='pass'><i class='mdi-action-check-circle'></i></td>
<td class='timestamp'>08:37:36</td>
<td class='step-details'>Clicked on Export To PDF Link</td>
</tr>
<tr>
<td class='status pass' title='pass' alt='pass'><i class='mdi-action-check-circle'></i></td>
<td class='timestamp'>08:37:40</td>
<td class='step-details'>Pdf Generated <img class='report-img' data-featherlight='../ExtentReports/Screenshots/screen20210901083736.png' src='../ExtentReports/Screenshots/screen20210901083736.png' /></td>
</tr>
<tr>
<td class='status pass' title='pass' alt='pass'><i class='mdi-action-check-circle'></i></td>
<td class='timestamp'>08:37:45</td>
<td class='step-details'>Clicked on Build Report Button</td>
</tr>
<tr>
<td class='status pass' title='pass' alt='pass'><i class='mdi-action-check-circle'></i></td>
<td class='timestamp'>08:37:46</td>
<td class='step-details'>Clicked on Export to Excel Link</td>
</tr>
<tr>
<td class='status pass' title='pass' alt='pass'><i class='mdi-action-check-circle'></i></td>
<td class='timestamp'>08:37:51</td>
<td class='step-details'>Excel file Downloaded Successfully</td>
</tr>
<tr>
<td class='status pass' title='pass' alt='pass'><i class='mdi-action-check-circle'></i></td>
<td class='timestamp'>08:37:51</td>
<td class='step-details'>Clicked on Filter</td>
</tr>
<tr>
<td class='status pass' title='pass' alt='pass'><i class='mdi-action-check-circle'></i></td>
<td class='timestamp'>08:37:54</td>
<td class='step-details'>Clicked on Add Filter Button From Filter</td>
</tr>
<tr>
<td class='status pass' title='pass' alt='pass'><i class='mdi-action-check-circle'></i></td>
<td class='timestamp'>08:37:59</td>
<td class='step-details'>Filter Selected Successfully From Dropdown</td>
</tr>
<tr>
<td class='status pass' title='pass' alt='pass'><i class='mdi-action-check-circle'></i></td>
<td class='timestamp'>08:38:02</td>
<td class='step-details'>Filter Condition Selected Successfully</td>
</tr>
<tr>
<td class='status pass' title='pass' alt='pass'><i class='mdi-action-check-circle'></i></td>
<td class='timestamp'>08:38:03</td>
<td class='step-details'>Parameter Selected Successfully</td>
</tr>
<tr>
<td class='status pass' title='pass' alt='pass'><i class='mdi-action-check-circle'></i></td>
<td class='timestamp'>08:38:04</td>
<td class='step-details'>Clicked on Add Filter Button</td>
</tr>
<tr>
<td class='status pass' title='pass' alt='pass'><i class='mdi-action-check-circle'></i></td>
<td class='timestamp'>08:38:08</td>
<td class='step-details'>Clicked on Build Report Button</td>
</tr>
<tr>
<td class='status pass' title='pass' alt='pass'><i class='mdi-action-check-circle'></i></td>
<td class='timestamp'>08:38:13</td>
<td class='step-details'>testClaimsCodingContractorSummaryReport Test has been Passed1</td>
</tr>
<tr>
<td class='status pass' title='pass' alt='pass'><i class='mdi-action-check-circle'></i></td>
<td class='timestamp'>08:38:13</td>
<td class='step-details'>Test Ended</td>
</tr>
</tbody>
</table>
<ul class='collapsible node-list' data-collapsible='accordion'>
</ul>
</div>
</div>
</li>
<li class='collection-item test displayed active fail ' extentid='16632e2c-0b51-4f54-8fc9-deef8673e6af'>
<div class='test-head'>
<span class='test-name'>Report_ContractorAwardsTC :: testContractorAwards </span>
<span class='test-status label right outline capitalize fail'>fail</span>
<span class='category-assigned hide  functionaltest'></span>
</div>
<div class='test-body'>
<div class='test-info'>
<span title='Test started time' alt='Test started time' class='test-started-time label green lighten-1 text-white'>2021-09-01 08:38:22</span>
<span title='Test ended time' alt='Test ended time' class='test-ended-time label red lighten-1 text-white'>2021-09-01 08:40:04</span>
<span title='Time taken to finish' alt='Time taken to finish' class='test-time-taken label blue-grey lighten-3 text-white'>0h 1m 41s+394ms</span>
</div>
<div class='test-desc'>testContractorAwards</div>
<div class='test-attributes'>
<div class='categories'>
<span class='category text-white'>Functional Test</span>
</div>
<div class='authors'>
<span class='author text-white'>Kiran Pirangute</span>
</div>
</div>
<div class='test-steps'>
<table class='bordered table-results'>
<thead>
<tr>
<th>Status</th>
<th>Timestamp</th>
<th>Details</th>
</tr>
</thead>
<tbody>
<tr>
<td class='status pass' title='pass' alt='pass'><i class='mdi-action-check-circle'></i></td>
<td class='timestamp'>08:38:22</td>
<td class='step-details'>Test Started</td>
</tr>
<tr>
<td class='status pass' title='pass' alt='pass'><i class='mdi-action-check-circle'></i></td>
<td class='timestamp'>08:38:22</td>
<td class='step-details'>Browser Name chrome</td>
</tr>
<tr>
<td class='status pass' title='pass' alt='pass'><i class='mdi-action-check-circle'></i></td>
<td class='timestamp'>08:38:37</td>
<td class='step-details'>https://beta.wrapportal.com/login.aspx?ReturnUrl=%2f Current Url</td>
</tr>
<tr>
<td class='status pass' title='pass' alt='pass'><i class='mdi-action-check-circle'></i></td>
<td class='timestamp'>08:38:38</td>
<td class='step-details'>nourlockton User Name Entered Successfully</td>
</tr>
<tr>
<td class='status pass' title='pass' alt='pass'><i class='mdi-action-check-circle'></i></td>
<td class='timestamp'>08:38:38</td>
<td class='step-details'>kEPl*DiRJ1 Password Entered Successfully</td>
</tr>
<tr>
<td class='status info' title='info' alt='info'><i class='mdi-action-info-outline'></i></td>
<td class='timestamp'>08:38:39</td>
<td class='step-details'>Clicked On Login Button</td>
</tr>
<tr>
<td class='status pass' title='pass' alt='pass'><i class='mdi-action-check-circle'></i></td>
<td class='timestamp'>08:38:39</td>
<td class='step-details'>Login Successfully</td>
</tr>
<tr>
<td class='status info' title='info' alt='info'><i class='mdi-action-info-outline'></i></td>
<td class='timestamp'>08:38:46</td>
<td class='step-details'>Clicked on Report Module Icon</td>
</tr>
<tr>
<td class='status info' title='info' alt='info'><i class='mdi-action-info-outline'></i></td>
<td class='timestamp'>08:38:48</td>
<td class='step-details'>JE Dunn-Dunn V Respective Program Select Form Dropdown</td>
</tr>
<tr>
<td class='status pass' title='pass' alt='pass'><i class='mdi-action-check-circle'></i></td>
<td class='timestamp'>08:38:54</td>
<td class='step-details'>Contractor Awards Report is Selected</td>
</tr>
<tr>
<td class='status pass' title='pass' alt='pass'><i class='mdi-action-check-circle'></i></td>
<td class='timestamp'>08:38:57</td>
<td class='step-details'>All Sub-Sponsors  Selected Successfully</td>
</tr>
<tr>
<td class='status pass' title='pass' alt='pass'><i class='mdi-action-check-circle'></i></td>
<td class='timestamp'>08:38:57</td>
<td class='step-details'>2204 San Antonio Projects Project Selected Successfully</td>
</tr>
<tr>
<td class='status info' title='info' alt='info'><i class='mdi-action-info-outline'></i></td>
<td class='timestamp'>08:39:03</td>
<td class='step-details'>Clicked On Build Report Button</td>
</tr>
<tr>
<td class='status pass' title='pass' alt='pass'><i class='mdi-action-check-circle'></i></td>
<td class='timestamp'>08:39:06</td>
<td class='step-details'>Report Generated <img class='report-img' data-featherlight='../ExtentReports/Screenshots/screen20210901083906.png' src='../ExtentReports/Screenshots/screen20210901083906.png' /></td>
</tr>
<tr>
<td class='status pass' title='pass' alt='pass'><i class='mdi-action-check-circle'></i></td>
<td class='timestamp'>08:39:06</td>
<td class='step-details'>Report Header Name Matched</td>
</tr>
<tr>
<td class='status pass' title='pass' alt='pass'><i class='mdi-action-check-circle'></i></td>
<td class='timestamp'>08:39:06</td>
<td class='step-details'>Report Generated Successfully</td>
</tr>
<tr>
<td class='status pass' title='pass' alt='pass'><i class='mdi-action-check-circle'></i></td>
<td class='timestamp'>08:39:09</td>
<td class='step-details'>First Project Selected Successfully</td>
</tr>
<tr>
<td class='status pass' title='pass' alt='pass'><i class='mdi-action-check-circle'></i></td>
<td class='timestamp'>08:39:15</td>
<td class='step-details'>Clicked on Build Report Button</td>
</tr>
<tr>
<td class='status pass' title='pass' alt='pass'><i class='mdi-action-check-circle'></i></td>
<td class='timestamp'>08:39:18</td>
<td class='step-details'>Second Project Selected Successfully</td>
</tr>
<tr>
<td class='status pass' title='pass' alt='pass'><i class='mdi-action-check-circle'></i></td>
<td class='timestamp'>08:39:24</td>
<td class='step-details'>Clicked on Build Report Button</td>
</tr>
<tr>
<td class='status pass' title='pass' alt='pass'><i class='mdi-action-check-circle'></i></td>
<td class='timestamp'>08:39:24</td>
<td class='step-details'>Clicked on Export to Excel Link</td>
</tr>
<tr>
<td class='status fail' title='fail' alt='fail'><i class='mdi-navigation-cancel'></i></td>
<td class='timestamp'>08:39:29</td>
<td class='step-details'>Excel file is not Downloaded Successfully</td>
</tr>
<tr>
<td class='status pass' title='pass' alt='pass'><i class='mdi-action-check-circle'></i></td>
<td class='timestamp'>08:39:29</td>
<td class='step-details'>Clicked on Filter</td>
</tr>
<tr>
<td class='status pass' title='pass' alt='pass'><i class='mdi-action-check-circle'></i></td>
<td class='timestamp'>08:39:32</td>
<td class='step-details'>Clicked on Add Filter Button From Filter</td>
</tr>
<tr>
<td class='status pass' title='pass' alt='pass'><i class='mdi-action-check-circle'></i></td>
<td class='timestamp'>08:39:44</td>
<td class='step-details'>Filter Selected Successfully From Dropdown</td>
</tr>
<tr>
<td class='status pass' title='pass' alt='pass'><i class='mdi-action-check-circle'></i></td>
<td class='timestamp'>08:39:47</td>
<td class='step-details'>Filter Condition Selected Successfully</td>
</tr>
<tr>
<td class='status pass' title='pass' alt='pass'><i class='mdi-action-check-circle'></i></td>
<td class='timestamp'>08:39:49</td>
<td class='step-details'>Parameter Selected Successfully</td>
</tr>
<tr>
<td class='status pass' title='pass' alt='pass'><i class='mdi-action-check-circle'></i></td>
<td class='timestamp'>08:39:49</td>
<td class='step-details'>Clicked on Add Filter Button</td>
</tr>
<tr>
<td class='status pass' title='pass' alt='pass'><i class='mdi-action-check-circle'></i></td>
<td class='timestamp'>08:39:59</td>
<td class='step-details'>Clicked on Build Report Button</td>
</tr>
<tr>
<td class='status pass' title='pass' alt='pass'><i class='mdi-action-check-circle'></i></td>
<td class='timestamp'>08:40:04</td>
<td class='step-details'>testContractorAwards Test has been Passed1</td>
</tr>
<tr>
<td class='status pass' title='pass' alt='pass'><i class='mdi-action-check-circle'></i></td>
<td class='timestamp'>08:40:04</td>
<td class='step-details'>Test Ended</td>
</tr>
</tbody>
</table>
<ul class='collapsible node-list' data-collapsible='accordion'>
</ul>
</div>
</div>
</li>
<li class='collection-item test displayed active fail ' extentid='77c248ad-e55f-4c35-884b-2e0cf01e9831'>
<div class='test-head'>
<span class='test-name'>Report_ContractorDeductSummaryTC :: testContractorDeductSummary </span>
<span class='test-status label right outline capitalize fail'>fail</span>
<span class='category-assigned hide  functionaltest'></span>
</div>
<div class='test-body'>
<div class='test-info'>
<span title='Test started time' alt='Test started time' class='test-started-time label green lighten-1 text-white'>2021-09-01 08:40:13</span>
<span title='Test ended time' alt='Test ended time' class='test-ended-time label red lighten-1 text-white'>2021-09-01 08:42:31</span>
<span title='Time taken to finish' alt='Time taken to finish' class='test-time-taken label blue-grey lighten-3 text-white'>0h 2m 18s+217ms</span>
</div>
<div class='test-desc'>testContractorDeductSummary</div>
<div class='test-attributes'>
<div class='categories'>
<span class='category text-white'>Functional Test</span>
</div>
<div class='authors'>
<span class='author text-white'>Kiran Pirangute</span>
</div>
</div>
<div class='test-steps'>
<table class='bordered table-results'>
<thead>
<tr>
<th>Status</th>
<th>Timestamp</th>
<th>Details</th>
</tr>
</thead>
<tbody>
<tr>
<td class='status pass' title='pass' alt='pass'><i class='mdi-action-check-circle'></i></td>
<td class='timestamp'>08:40:13</td>
<td class='step-details'>Test Started</td>
</tr>
<tr>
<td class='status pass' title='pass' alt='pass'><i class='mdi-action-check-circle'></i></td>
<td class='timestamp'>08:40:13</td>
<td class='step-details'>Browser Name chrome</td>
</tr>
<tr>
<td class='status pass' title='pass' alt='pass'><i class='mdi-action-check-circle'></i></td>
<td class='timestamp'>08:40:28</td>
<td class='step-details'>https://beta.wrapportal.com/login.aspx?ReturnUrl=%2f Current Url</td>
</tr>
<tr>
<td class='status pass' title='pass' alt='pass'><i class='mdi-action-check-circle'></i></td>
<td class='timestamp'>08:40:28</td>
<td class='step-details'>nourlockton User Name Entered Successfully</td>
</tr>
<tr>
<td class='status pass' title='pass' alt='pass'><i class='mdi-action-check-circle'></i></td>
<td class='timestamp'>08:40:28</td>
<td class='step-details'>kEPl*DiRJ1 Password Entered Successfully</td>
</tr>
<tr>
<td class='status info' title='info' alt='info'><i class='mdi-action-info-outline'></i></td>
<td class='timestamp'>08:40:30</td>
<td class='step-details'>Clicked On Login Button</td>
</tr>
<tr>
<td class='status pass' title='pass' alt='pass'><i class='mdi-action-check-circle'></i></td>
<td class='timestamp'>08:40:30</td>
<td class='step-details'>Login Successfully</td>
</tr>
<tr>
<td class='status info' title='info' alt='info'><i class='mdi-action-info-outline'></i></td>
<td class='timestamp'>08:40:38</td>
<td class='step-details'>Clicked on Report Module Icon</td>
</tr>
<tr>
<td class='status info' title='info' alt='info'><i class='mdi-action-info-outline'></i></td>
<td class='timestamp'>08:40:40</td>
<td class='step-details'>JE Dunn-Dunn V Program Select Form Dropdown</td>
</tr>
<tr>
<td class='status pass' title='pass' alt='pass'><i class='mdi-action-check-circle'></i></td>
<td class='timestamp'>08:40:46</td>
<td class='step-details'>Contractor Deduct Summary Report is Selected</td>
</tr>
<tr>
<td class='status pass' title='pass' alt='pass'><i class='mdi-action-check-circle'></i></td>
<td class='timestamp'>08:40:48</td>
<td class='step-details'>All Sub-Sponsors  Selected Successfully</td>
</tr>
<tr>
<td class='status pass' title='pass' alt='pass'><i class='mdi-action-check-circle'></i></td>
<td class='timestamp'>08:40:48</td>
<td class='step-details'>2204 San Antonio Projects Project Selected Successfully</td>
</tr>
<tr>
<td class='status info' title='info' alt='info'><i class='mdi-action-info-outline'></i></td>
<td class='timestamp'>08:40:53</td>
<td class='step-details'>Clicked On Build Report Button</td>
</tr>
<tr>
<td class='status pass' title='pass' alt='pass'><i class='mdi-action-check-circle'></i></td>
<td class='timestamp'>08:40:57</td>
<td class='step-details'>Report Generated <img class='report-img' data-featherlight='../ExtentReports/Screenshots/screen20210901084056.png' src='../ExtentReports/Screenshots/screen20210901084056.png' /></td>
</tr>
<tr>
<td class='status pass' title='pass' alt='pass'><i class='mdi-action-check-circle'></i></td>
<td class='timestamp'>08:40:57</td>
<td class='step-details'>Report Header Name Matched</td>
</tr>
<tr>
<td class='status pass' title='pass' alt='pass'><i class='mdi-action-check-circle'></i></td>
<td class='timestamp'>08:40:57</td>
<td class='step-details'>Report Generated Successfully</td>
</tr>
<tr>
<td class='status pass' title='pass' alt='pass'><i class='mdi-action-check-circle'></i></td>
<td class='timestamp'>08:41:00</td>
<td class='step-details'>First Project Selected Successfully</td>
</tr>
<tr>
<td class='status pass' title='pass' alt='pass'><i class='mdi-action-check-circle'></i></td>
<td class='timestamp'>08:41:05</td>
<td class='step-details'>Clicked on Build Report Button</td>
</tr>
<tr>
<td class='status pass' title='pass' alt='pass'><i class='mdi-action-check-circle'></i></td>
<td class='timestamp'>08:41:08</td>
<td class='step-details'>Second Project Selected Successfully</td>
</tr>
<tr>
<td class='status pass' title='pass' alt='pass'><i class='mdi-action-check-circle'></i></td>
<td class='timestamp'>08:41:13</td>
<td class='step-details'>Clicked on Build Report Button</td>
</tr>
<tr>
<td class='status pass' title='pass' alt='pass'><i class='mdi-action-check-circle'></i></td>
<td class='timestamp'>08:41:14</td>
<td class='step-details'>Clicked on Export To PDF Link</td>
</tr>
<tr>
<td class='status pass' title='pass' alt='pass'><i class='mdi-action-check-circle'></i></td>
<td class='timestamp'>08:41:20</td>
<td class='step-details'>Pdf Generated <img class='report-img' data-featherlight='../ExtentReports/Screenshots/screen20210901084114.png' src='../ExtentReports/Screenshots/screen20210901084114.png' /></td>
</tr>
<tr>
<td class='status pass' title='pass' alt='pass'><i class='mdi-action-check-circle'></i></td>
<td class='timestamp'>08:41:25</td>
<td class='step-details'>Clicked on Build Report Button</td>
</tr>
<tr>
<td class='status pass' title='pass' alt='pass'><i class='mdi-action-check-circle'></i></td>
<td class='timestamp'>08:41:33</td>
<td class='step-details'>Clicked on Export to Excel Link</td>
</tr>
<tr>
<td class='status fail' title='fail' alt='fail'><i class='mdi-navigation-cancel'></i></td>
<td class='timestamp'>08:41:38</td>
<td class='step-details'>Excel file is not Downloaded Successfully</td>
</tr>
<tr>
<td class='status pass' title='pass' alt='pass'><i class='mdi-action-check-circle'></i></td>
<td class='timestamp'>08:41:38</td>
<td class='step-details'>Clicked on Filter</td>
</tr>
<tr>
<td class='status pass' title='pass' alt='pass'><i class='mdi-action-check-circle'></i></td>
<td class='timestamp'>08:41:41</td>
<td class='step-details'>Clicked on Add Filter Button From Filter</td>
</tr>
<tr>
<td class='status pass' title='pass' alt='pass'><i class='mdi-action-check-circle'></i></td>
<td class='timestamp'>08:41:58</td>
<td class='step-details'>Filter Selected Successfully From Dropdown</td>
</tr>
<tr>
<td class='status pass' title='pass' alt='pass'><i class='mdi-action-check-circle'></i></td>
<td class='timestamp'>08:42:13</td>
<td class='step-details'>Filter Condition Selected Successfully</td>
</tr>
<tr>
<td class='status pass' title='pass' alt='pass'><i class='mdi-action-check-circle'></i></td>
<td class='timestamp'>08:42:14</td>
<td class='step-details'>Parameter Selected Successfully</td>
</tr>
<tr>
<td class='status pass' title='pass' alt='pass'><i class='mdi-action-check-circle'></i></td>
<td class='timestamp'>08:42:16</td>
<td class='step-details'>Clicked on Add Filter Button</td>
</tr>
<tr>
<td class='status pass' title='pass' alt='pass'><i class='mdi-action-check-circle'></i></td>
<td class='timestamp'>08:42:26</td>
<td class='step-details'>Clicked on Build Report Button</td>
</tr>
<tr>
<td class='status pass' title='pass' alt='pass'><i class='mdi-action-check-circle'></i></td>
<td class='timestamp'>08:42:31</td>
<td class='step-details'>testContractorDeductSummary Test has been Passed1</td>
</tr>
<tr>
<td class='status pass' title='pass' alt='pass'><i class='mdi-action-check-circle'></i></td>
<td class='timestamp'>08:42:31</td>
<td class='step-details'>Test Ended</td>
</tr>
</tbody>
</table>
<ul class='collapsible node-list' data-collapsible='accordion'>
</ul>
</div>
</div>
</li>
<li class='collection-item test displayed active pass ' extentid='6d6a3df9-e9ae-4c1f-9964-5bf0c9b267e7'>
<div class='test-head'>
<span class='test-name'>Report_ContractorStructureTC :: testContractorStructure </span>
<span class='test-status label right outline capitalize pass'>pass</span>
<span class='category-assigned hide  functionaltest'></span>
</div>
<div class='test-body'>
<div class='test-info'>
<span title='Test started time' alt='Test started time' class='test-started-time label green lighten-1 text-white'>2021-09-01 08:43:01</span>
<span title='Test ended time' alt='Test ended time' class='test-ended-time label red lighten-1 text-white'>2021-09-01 08:46:25</span>
<span title='Time taken to finish' alt='Time taken to finish' class='test-time-taken label blue-grey lighten-3 text-white'>0h 3m 24s+284ms</span>
</div>
<div class='test-desc'>testContractorStructure</div>
<div class='test-attributes'>
<div class='categories'>
<span class='category text-white'>Functional Test</span>
</div>
<div class='authors'>
<span class='author text-white'>Kiran Pirangute</span>
</div>
</div>
<div class='test-steps'>
<table class='bordered table-results'>
<thead>
<tr>
<th>Status</th>
<th>Timestamp</th>
<th>Details</th>
</tr>
</thead>
<tbody>
<tr>
<td class='status pass' title='pass' alt='pass'><i class='mdi-action-check-circle'></i></td>
<td class='timestamp'>08:43:01</td>
<td class='step-details'>Test Started</td>
</tr>
<tr>
<td class='status pass' title='pass' alt='pass'><i class='mdi-action-check-circle'></i></td>
<td class='timestamp'>08:43:01</td>
<td class='step-details'>Browser Name chrome</td>
</tr>
<tr>
<td class='status pass' title='pass' alt='pass'><i class='mdi-action-check-circle'></i></td>
<td class='timestamp'>08:43:48</td>
<td class='step-details'>https://beta.wrapportal.com/login.aspx?ReturnUrl=%2f Current Url</td>
</tr>
<tr>
<td class='status pass' title='pass' alt='pass'><i class='mdi-action-check-circle'></i></td>
<td class='timestamp'>08:43:48</td>
<td class='step-details'>nourlockton User Name Entered Successfully</td>
</tr>
<tr>
<td class='status pass' title='pass' alt='pass'><i class='mdi-action-check-circle'></i></td>
<td class='timestamp'>08:43:48</td>
<td class='step-details'>kEPl*DiRJ1 Password Entered Successfully</td>
</tr>
<tr>
<td class='status info' title='info' alt='info'><i class='mdi-action-info-outline'></i></td>
<td class='timestamp'>08:43:49</td>
<td class='step-details'>Clicked On Login Button</td>
</tr>
<tr>
<td class='status pass' title='pass' alt='pass'><i class='mdi-action-check-circle'></i></td>
<td class='timestamp'>08:43:49</td>
<td class='step-details'>Login Successfully</td>
</tr>
<tr>
<td class='status info' title='info' alt='info'><i class='mdi-action-info-outline'></i></td>
<td class='timestamp'>08:44:26</td>
<td class='step-details'>Clicked on Report Module Icon</td>
</tr>
<tr>
<td class='status info' title='info' alt='info'><i class='mdi-action-info-outline'></i></td>
<td class='timestamp'>08:44:28</td>
<td class='step-details'>JE Dunn-Dunn V Program Select Form Dropdown</td>
</tr>
<tr>
<td class='status pass' title='pass' alt='pass'><i class='mdi-action-check-circle'></i></td>
<td class='timestamp'>08:44:33</td>
<td class='step-details'>Contractor Structure Report is Selected</td>
</tr>
<tr>
<td class='status pass' title='pass' alt='pass'><i class='mdi-action-check-circle'></i></td>
<td class='timestamp'>08:44:36</td>
<td class='step-details'>All Sub-Sponsors  Selected Successfully</td>
</tr>
<tr>
<td class='status pass' title='pass' alt='pass'><i class='mdi-action-check-circle'></i></td>
<td class='timestamp'>08:44:36</td>
<td class='step-details'>2204 San Antonio Projects Project Selected Successfully</td>
</tr>
<tr>
<td class='status info' title='info' alt='info'><i class='mdi-action-info-outline'></i></td>
<td class='timestamp'>08:44:42</td>
<td class='step-details'>Clicked On Build Report Button</td>
</tr>
<tr>
<td class='status pass' title='pass' alt='pass'><i class='mdi-action-check-circle'></i></td>
<td class='timestamp'>08:44:45</td>
<td class='step-details'>Report Generated <img class='report-img' data-featherlight='../ExtentReports/Screenshots/screen20210901084445.png' src='../ExtentReports/Screenshots/screen20210901084445.png' /></td>
</tr>
<tr>
<td class='status pass' title='pass' alt='pass'><i class='mdi-action-check-circle'></i></td>
<td class='timestamp'>08:44:45</td>
<td class='step-details'>Report Header Name Matched</td>
</tr>
<tr>
<td class='status pass' title='pass' alt='pass'><i class='mdi-action-check-circle'></i></td>
<td class='timestamp'>08:44:45</td>
<td class='step-details'>Report Generated Successfully</td>
</tr>
<tr>
<td class='status pass' title='pass' alt='pass'><i class='mdi-action-check-circle'></i></td>
<td class='timestamp'>08:44:48</td>
<td class='step-details'>First Project Selected Successfully</td>
</tr>
<tr>
<td class='status pass' title='pass' alt='pass'><i class='mdi-action-check-circle'></i></td>
<td class='timestamp'>08:44:53</td>
<td class='step-details'>Clicked on Build Report Button</td>
</tr>
<tr>
<td class='status pass' title='pass' alt='pass'><i class='mdi-action-check-circle'></i></td>
<td class='timestamp'>08:44:56</td>
<td class='step-details'>Second Project Selected Successfully</td>
</tr>
<tr>
<td class='status pass' title='pass' alt='pass'><i class='mdi-action-check-circle'></i></td>
<td class='timestamp'>08:45:09</td>
<td class='step-details'>Clicked on Build Report Button</td>
</tr>
<tr>
<td class='status pass' title='pass' alt='pass'><i class='mdi-action-check-circle'></i></td>
<td class='timestamp'>08:45:09</td>
<td class='step-details'>Clicked on Export To PDF Link</td>
</tr>
<tr>
<td class='status pass' title='pass' alt='pass'><i class='mdi-action-check-circle'></i></td>
<td class='timestamp'>08:45:17</td>
<td class='step-details'>Pdf Generated <img class='report-img' data-featherlight='../ExtentReports/Screenshots/screen20210901084509.png' src='../ExtentReports/Screenshots/screen20210901084509.png' /></td>
</tr>
<tr>
<td class='status pass' title='pass' alt='pass'><i class='mdi-action-check-circle'></i></td>
<td class='timestamp'>08:45:22</td>
<td class='step-details'>Clicked on Build Report Button</td>
</tr>
<tr>
<td class='status pass' title='pass' alt='pass'><i class='mdi-action-check-circle'></i></td>
<td class='timestamp'>08:45:33</td>
<td class='step-details'>Clicked on Export to Excel Link</td>
</tr>
<tr>
<td class='status pass' title='pass' alt='pass'><i class='mdi-action-check-circle'></i></td>
<td class='timestamp'>08:45:38</td>
<td class='step-details'>Excel file Downloaded Successfully</td>
</tr>
<tr>
<td class='status pass' title='pass' alt='pass'><i class='mdi-action-check-circle'></i></td>
<td class='timestamp'>08:45:38</td>
<td class='step-details'>Clicked on Filter</td>
</tr>
<tr>
<td class='status pass' title='pass' alt='pass'><i class='mdi-action-check-circle'></i></td>
<td class='timestamp'>08:45:41</td>
<td class='step-details'>Clicked on Add Filter Button From Filter</td>
</tr>
<tr>
<td class='status pass' title='pass' alt='pass'><i class='mdi-action-check-circle'></i></td>
<td class='timestamp'>08:45:54</td>
<td class='step-details'>Filter Selected Successfully From Dropdown</td>
</tr>
<tr>
<td class='status pass' title='pass' alt='pass'><i class='mdi-action-check-circle'></i></td>
<td class='timestamp'>08:45:57</td>
<td class='step-details'>Filter Condition Selected Successfully</td>
</tr>
<tr>
<td class='status pass' title='pass' alt='pass'><i class='mdi-action-check-circle'></i></td>
<td class='timestamp'>08:46:04</td>
<td class='step-details'>Parameter Selected Successfully</td>
</tr>
<tr>
<td class='status pass' title='pass' alt='pass'><i class='mdi-action-check-circle'></i></td>
<td class='timestamp'>08:46:08</td>
<td class='step-details'>Clicked on Add Filter Button</td>
</tr>
<tr>
<td class='status pass' title='pass' alt='pass'><i class='mdi-action-check-circle'></i></td>
<td class='timestamp'>08:46:20</td>
<td class='step-details'>Clicked on Build Report Button</td>
</tr>
<tr>
<td class='status pass' title='pass' alt='pass'><i class='mdi-action-check-circle'></i></td>
<td class='timestamp'>08:46:25</td>
<td class='step-details'>testContractorStructure Test has been Passed1</td>
</tr>
<tr>
<td class='status pass' title='pass' alt='pass'><i class='mdi-action-check-circle'></i></td>
<td class='timestamp'>08:46:25</td>
<td class='step-details'>Test Ended</td>
</tr>
</tbody>
</table>
<ul class='collapsible node-list' data-collapsible='accordion'>
</ul>
</div>
</div>
</li>
<li class='collection-item test displayed active fail ' extentid='e0bf5f2a-3fd0-4dd1-8b4f-c0060a6e28df'>
<div class='test-head'>
<span class='test-name'>Report_ContractValueLaborHoursbyProgram_TC :: testContractValueLaborHoursbyProgram </span>
<span class='test-status label right outline capitalize fail'>fail</span>
<span class='category-assigned hide  functionaltest'></span>
</div>
<div class='test-body'>
<div class='test-info'>
<span title='Test started time' alt='Test started time' class='test-started-time label green lighten-1 text-white'>2021-09-01 08:46:52</span>
<span title='Test ended time' alt='Test ended time' class='test-ended-time label red lighten-1 text-white'>2021-09-01 08:50:04</span>
<span title='Time taken to finish' alt='Time taken to finish' class='test-time-taken label blue-grey lighten-3 text-white'>0h 3m 11s+291ms</span>
</div>
<div class='test-desc'>testContractValueLaborHoursbyProgram</div>
<div class='test-attributes'>
<div class='categories'>
<span class='category text-white'>Functional Test</span>
</div>
<div class='authors'>
<span class='author text-white'>Kiran Pirangute</span>
</div>
</div>
<div class='test-steps'>
<table class='bordered table-results'>
<thead>
<tr>
<th>Status</th>
<th>Timestamp</th>
<th>Details</th>
</tr>
</thead>
<tbody>
<tr>
<td class='status pass' title='pass' alt='pass'><i class='mdi-action-check-circle'></i></td>
<td class='timestamp'>08:46:52</td>
<td class='step-details'>Test Started</td>
</tr>
<tr>
<td class='status pass' title='pass' alt='pass'><i class='mdi-action-check-circle'></i></td>
<td class='timestamp'>08:46:52</td>
<td class='step-details'>Browser Name chrome</td>
</tr>
<tr>
<td class='status pass' title='pass' alt='pass'><i class='mdi-action-check-circle'></i></td>
<td class='timestamp'>08:47:40</td>
<td class='step-details'>https://beta.wrapportal.com/login.aspx?ReturnUrl=%2f Current Url</td>
</tr>
<tr>
<td class='status pass' title='pass' alt='pass'><i class='mdi-action-check-circle'></i></td>
<td class='timestamp'>08:47:40</td>
<td class='step-details'>nourlockton User Name Entered Successfully</td>
</tr>
<tr>
<td class='status pass' title='pass' alt='pass'><i class='mdi-action-check-circle'></i></td>
<td class='timestamp'>08:47:40</td>
<td class='step-details'>kEPl*DiRJ1 Password Entered Successfully</td>
</tr>
<tr>
<td class='status info' title='info' alt='info'><i class='mdi-action-info-outline'></i></td>
<td class='timestamp'>08:47:42</td>
<td class='step-details'>Clicked On Login Button</td>
</tr>
<tr>
<td class='status pass' title='pass' alt='pass'><i class='mdi-action-check-circle'></i></td>
<td class='timestamp'>08:47:42</td>
<td class='step-details'>Login Successfully</td>
</tr>
<tr>
<td class='status info' title='info' alt='info'><i class='mdi-action-info-outline'></i></td>
<td class='timestamp'>08:48:01</td>
<td class='step-details'>Clicked on Report Module Icon</td>
</tr>
<tr>
<td class='status info' title='info' alt='info'><i class='mdi-action-info-outline'></i></td>
<td class='timestamp'>08:48:03</td>
<td class='step-details'>JE Dunn-Dunn V Program Select Form Dropdown</td>
</tr>
<tr>
<td class='status pass' title='pass' alt='pass'><i class='mdi-action-check-circle'></i></td>
<td class='timestamp'>08:48:13</td>
<td class='step-details'>Contract Value and Labor Hours by Program Report is Selected</td>
</tr>
<tr>
<td class='status pass' title='pass' alt='pass'><i class='mdi-action-check-circle'></i></td>
<td class='timestamp'>08:48:24</td>
<td class='step-details'>All Sub-Sponsors Selected Successfully</td>
</tr>
<tr>
<td class='status pass' title='pass' alt='pass'><i class='mdi-action-check-circle'></i></td>
<td class='timestamp'>08:48:24</td>
<td class='step-details'>2204 San Antonio Projects Project Selected Successfully</td>
</tr>
<tr>
<td class='status info' title='info' alt='info'><i class='mdi-action-info-outline'></i></td>
<td class='timestamp'>08:48:29</td>
<td class='step-details'>Clicked On Build Report Button</td>
</tr>
<tr>
<td class='status pass' title='pass' alt='pass'><i class='mdi-action-check-circle'></i></td>
<td class='timestamp'>08:48:32</td>
<td class='step-details'>Report Generated <img class='report-img' data-featherlight='../ExtentReports/Screenshots/screen20210901084832.png' src='../ExtentReports/Screenshots/screen20210901084832.png' /></td>
</tr>
<tr>
<td class='status pass' title='pass' alt='pass'><i class='mdi-action-check-circle'></i></td>
<td class='timestamp'>08:48:32</td>
<td class='step-details'>Report Header Name Matched</td>
</tr>
<tr>
<td class='status pass' title='pass' alt='pass'><i class='mdi-action-check-circle'></i></td>
<td class='timestamp'>08:48:32</td>
<td class='step-details'>Report Generated Successfully</td>
</tr>
<tr>
<td class='status pass' title='pass' alt='pass'><i class='mdi-action-check-circle'></i></td>
<td class='timestamp'>08:48:35</td>
<td class='step-details'>First Project Selected Successfully</td>
</tr>
<tr>
<td class='status pass' title='pass' alt='pass'><i class='mdi-action-check-circle'></i></td>
<td class='timestamp'>08:48:39</td>
<td class='step-details'>Clicked on Build Report Button</td>
</tr>
<tr>
<td class='status pass' title='pass' alt='pass'><i class='mdi-action-check-circle'></i></td>
<td class='timestamp'>08:48:42</td>
<td class='step-details'>Second Project Selected Successfully</td>
</tr>
<tr>
<td class='status pass' title='pass' alt='pass'><i class='mdi-action-check-circle'></i></td>
<td class='timestamp'>08:48:44</td>
<td class='step-details'>Clicked on Build Report Button</td>
</tr>
<tr>
<td class='status pass' title='pass' alt='pass'><i class='mdi-action-check-circle'></i></td>
<td class='timestamp'>08:48:44</td>
<td class='step-details'>Clicked on Export To PDF Link</td>
</tr>
<tr>
<td class='status pass' title='pass' alt='pass'><i class='mdi-action-check-circle'></i></td>
<td class='timestamp'>08:48:50</td>
<td class='step-details'>Pdf Generated <img class='report-img' data-featherlight='../ExtentReports/Screenshots/screen20210901084844.png' src='../ExtentReports/Screenshots/screen20210901084844.png' /></td>
</tr>
<tr>
<td class='status pass' title='pass' alt='pass'><i class='mdi-action-check-circle'></i></td>
<td class='timestamp'>08:48:55</td>
<td class='step-details'>Clicked on Build Report Button</td>
</tr>
<tr>
<td class='status pass' title='pass' alt='pass'><i class='mdi-action-check-circle'></i></td>
<td class='timestamp'>08:49:04</td>
<td class='step-details'>Clicked on Export to Excel Link</td>
</tr>
<tr>
<td class='status fail' title='fail' alt='fail'><i class='mdi-navigation-cancel'></i></td>
<td class='timestamp'>08:49:09</td>
<td class='step-details'>Excel file is not Downloaded Successfully</td>
</tr>
<tr>
<td class='status pass' title='pass' alt='pass'><i class='mdi-action-check-circle'></i></td>
<td class='timestamp'>08:49:10</td>
<td class='step-details'>Clicked on Filter</td>
</tr>
<tr>
<td class='status pass' title='pass' alt='pass'><i class='mdi-action-check-circle'></i></td>
<td class='timestamp'>08:49:13</td>
<td class='step-details'>Clicked on Add Filter Button From Filter</td>
</tr>
<tr>
<td class='status pass' title='pass' alt='pass'><i class='mdi-action-check-circle'></i></td>
<td class='timestamp'>08:49:35</td>
<td class='step-details'>Filter Selected Successfully From Dropdown</td>
</tr>
<tr>
<td class='status pass' title='pass' alt='pass'><i class='mdi-action-check-circle'></i></td>
<td class='timestamp'>08:49:39</td>
<td class='step-details'>Filter Condition Selected Successfully</td>
</tr>
<tr>
<td class='status pass' title='pass' alt='pass'><i class='mdi-action-check-circle'></i></td>
<td class='timestamp'>08:49:40</td>
<td class='step-details'>Parameter Selected Successfully</td>
</tr>
<tr>
<td class='status pass' title='pass' alt='pass'><i class='mdi-action-check-circle'></i></td>
<td class='timestamp'>08:49:54</td>
<td class='step-details'>Clicked on Add Filter Button</td>
</tr>
<tr>
<td class='status pass' title='pass' alt='pass'><i class='mdi-action-check-circle'></i></td>
<td class='timestamp'>08:49:59</td>
<td class='step-details'>Clicked on Build Report Button</td>
</tr>
<tr>
<td class='status pass' title='pass' alt='pass'><i class='mdi-action-check-circle'></i></td>
<td class='timestamp'>08:50:04</td>
<td class='step-details'>testContractValueLaborHoursbyProgram Test has been Passed1</td>
</tr>
<tr>
<td class='status pass' title='pass' alt='pass'><i class='mdi-action-check-circle'></i></td>
<td class='timestamp'>08:50:04</td>
<td class='step-details'>Test Ended</td>
</tr>
</tbody>
</table>
<ul class='collapsible node-list' data-collapsible='accordion'>
</ul>
</div>
</div>
</li>
<li class='collection-item test displayed active fail ' extentid='9f2abfec-7948-46a0-a636-92ea0820d282'>
<div class='test-head'>
<span class='test-name'>Report_ContractorStatusTC :: testContractorStatus </span>
<span class='test-status label right outline capitalize fail'>fail</span>
<span class='category-assigned hide  functionaltest'></span>
</div>
<div class='test-body'>
<div class='test-info'>
<span title='Test started time' alt='Test started time' class='test-started-time label green lighten-1 text-white'>2021-09-01 08:50:32</span>
<span title='Test ended time' alt='Test ended time' class='test-ended-time label red lighten-1 text-white'>2021-09-01 08:53:41</span>
<span title='Time taken to finish' alt='Time taken to finish' class='test-time-taken label blue-grey lighten-3 text-white'>0h 3m 8s+343ms</span>
</div>
<div class='test-desc'>testContractorStatus</div>
<div class='test-attributes'>
<div class='categories'>
<span class='category text-white'>Functional Test</span>
</div>
<div class='authors'>
<span class='author text-white'>Kiran Pirangute</span>
</div>
</div>
<div class='test-steps'>
<table class='bordered table-results'>
<thead>
<tr>
<th>Status</th>
<th>Timestamp</th>
<th>Details</th>
</tr>
</thead>
<tbody>
<tr>
<td class='status pass' title='pass' alt='pass'><i class='mdi-action-check-circle'></i></td>
<td class='timestamp'>08:50:32</td>
<td class='step-details'>Test Started</td>
</tr>
<tr>
<td class='status pass' title='pass' alt='pass'><i class='mdi-action-check-circle'></i></td>
<td class='timestamp'>08:50:32</td>
<td class='step-details'>Browser Name chrome</td>
</tr>
<tr>
<td class='status pass' title='pass' alt='pass'><i class='mdi-action-check-circle'></i></td>
<td class='timestamp'>08:51:06</td>
<td class='step-details'>https://beta.wrapportal.com/login.aspx?ReturnUrl=%2f Current Url</td>
</tr>
<tr>
<td class='status pass' title='pass' alt='pass'><i class='mdi-action-check-circle'></i></td>
<td class='timestamp'>08:51:06</td>
<td class='step-details'>nourlockton User Name Entered Successfully</td>
</tr>
<tr>
<td class='status pass' title='pass' alt='pass'><i class='mdi-action-check-circle'></i></td>
<td class='timestamp'>08:51:06</td>
<td class='step-details'>kEPl*DiRJ1 Password Entered Successfully</td>
</tr>
<tr>
<td class='status info' title='info' alt='info'><i class='mdi-action-info-outline'></i></td>
<td class='timestamp'>08:51:08</td>
<td class='step-details'>Clicked On Login Button</td>
</tr>
<tr>
<td class='status pass' title='pass' alt='pass'><i class='mdi-action-check-circle'></i></td>
<td class='timestamp'>08:51:08</td>
<td class='step-details'>Login Successfully</td>
</tr>
<tr>
<td class='status info' title='info' alt='info'><i class='mdi-action-info-outline'></i></td>
<td class='timestamp'>08:51:24</td>
<td class='step-details'>Clicked on Report Module Icon</td>
</tr>
<tr>
<td class='status info' title='info' alt='info'><i class='mdi-action-info-outline'></i></td>
<td class='timestamp'>08:51:26</td>
<td class='step-details'>JE Dunn-Dunn V Program Select Form Dropdown</td>
</tr>
<tr>
<td class='status pass' title='pass' alt='pass'><i class='mdi-action-check-circle'></i></td>
<td class='timestamp'>08:51:31</td>
<td class='step-details'>Contractor Status Report is Selected</td>
</tr>
<tr>
<td class='status pass' title='pass' alt='pass'><i class='mdi-action-check-circle'></i></td>
<td class='timestamp'>08:51:33</td>
<td class='step-details'>All Sub-Sponsors Selected Successfully</td>
</tr>
<tr>
<td class='status pass' title='pass' alt='pass'><i class='mdi-action-check-circle'></i></td>
<td class='timestamp'>08:51:33</td>
<td class='step-details'>2204 San Antonio Projects Project Selected Successfully</td>
</tr>
<tr>
<td class='status info' title='info' alt='info'><i class='mdi-action-info-outline'></i></td>
<td class='timestamp'>08:51:52</td>
<td class='step-details'>Clicked On Build Report Button</td>
</tr>
<tr>
<td class='status pass' title='pass' alt='pass'><i class='mdi-action-check-circle'></i></td>
<td class='timestamp'>08:51:55</td>
<td class='step-details'>Report Generated <img class='report-img' data-featherlight='../ExtentReports/Screenshots/screen20210901085155.png' src='../ExtentReports/Screenshots/screen20210901085155.png' /></td>
</tr>
<tr>
<td class='status pass' title='pass' alt='pass'><i class='mdi-action-check-circle'></i></td>
<td class='timestamp'>08:51:55</td>
<td class='step-details'>Report Header Name Matched</td>
</tr>
<tr>
<td class='status pass' title='pass' alt='pass'><i class='mdi-action-check-circle'></i></td>
<td class='timestamp'>08:51:55</td>
<td class='step-details'>Report Generated Successfully</td>
</tr>
<tr>
<td class='status pass' title='pass' alt='pass'><i class='mdi-action-check-circle'></i></td>
<td class='timestamp'>08:51:59</td>
<td class='step-details'>First Project Selected Successfully</td>
</tr>
<tr>
<td class='status pass' title='pass' alt='pass'><i class='mdi-action-check-circle'></i></td>
<td class='timestamp'>08:52:10</td>
<td class='step-details'>Clicked on Build Report Button</td>
</tr>
<tr>
<td class='status pass' title='pass' alt='pass'><i class='mdi-action-check-circle'></i></td>
<td class='timestamp'>08:52:13</td>
<td class='step-details'>Second Project Selected Successfully</td>
</tr>
<tr>
<td class='status pass' title='pass' alt='pass'><i class='mdi-action-check-circle'></i></td>
<td class='timestamp'>08:52:20</td>
<td class='step-details'>Clicked on Build Report Button</td>
</tr>
<tr>
<td class='status pass' title='pass' alt='pass'><i class='mdi-action-check-circle'></i></td>
<td class='timestamp'>08:52:20</td>
<td class='step-details'>Clicked on Export To PDF Link</td>
</tr>
<tr>
<td class='status pass' title='pass' alt='pass'><i class='mdi-action-check-circle'></i></td>
<td class='timestamp'>08:52:28</td>
<td class='step-details'>Pdf Generated <img class='report-img' data-featherlight='../ExtentReports/Screenshots/screen20210901085220.png' src='../ExtentReports/Screenshots/screen20210901085220.png' /></td>
</tr>
<tr>
<td class='status pass' title='pass' alt='pass'><i class='mdi-action-check-circle'></i></td>
<td class='timestamp'>08:52:33</td>
<td class='step-details'>Clicked on Build Report Button</td>
</tr>
<tr>
<td class='status pass' title='pass' alt='pass'><i class='mdi-action-check-circle'></i></td>
<td class='timestamp'>08:52:40</td>
<td class='step-details'>Clicked on Export to Excel Link</td>
</tr>
<tr>
<td class='status fail' title='fail' alt='fail'><i class='mdi-navigation-cancel'></i></td>
<td class='timestamp'>08:52:45</td>
<td class='step-details'>Excel file is not Downloaded Successfully</td>
</tr>
<tr>
<td class='status pass' title='pass' alt='pass'><i class='mdi-action-check-circle'></i></td>
<td class='timestamp'>08:52:45</td>
<td class='step-details'>Clicked on Filter</td>
</tr>
<tr>
<td class='status pass' title='pass' alt='pass'><i class='mdi-action-check-circle'></i></td>
<td class='timestamp'>08:52:48</td>
<td class='step-details'>Clicked on Add Filter Button From Filter</td>
</tr>
<tr>
<td class='status pass' title='pass' alt='pass'><i class='mdi-action-check-circle'></i></td>
<td class='timestamp'>08:53:14</td>
<td class='step-details'>Filter Selected Successfully From Dropdown</td>
</tr>
<tr>
<td class='status pass' title='pass' alt='pass'><i class='mdi-action-check-circle'></i></td>
<td class='timestamp'>08:53:17</td>
<td class='step-details'>Filter Condition Selected Successfully</td>
</tr>
<tr>
<td class='status pass' title='pass' alt='pass'><i class='mdi-action-check-circle'></i></td>
<td class='timestamp'>08:53:26</td>
<td class='step-details'>Parameter Selected Successfully</td>
</tr>
<tr>
<td class='status pass' title='pass' alt='pass'><i class='mdi-action-check-circle'></i></td>
<td class='timestamp'>08:53:27</td>
<td class='step-details'>Clicked on Add Filter Button</td>
</tr>
<tr>
<td class='status pass' title='pass' alt='pass'><i class='mdi-action-check-circle'></i></td>
<td class='timestamp'>08:53:35</td>
<td class='step-details'>Clicked on Build Report Button</td>
</tr>
<tr>
<td class='status pass' title='pass' alt='pass'><i class='mdi-action-check-circle'></i></td>
<td class='timestamp'>08:53:41</td>
<td class='step-details'>testContractorStatus Test has been Passed1</td>
</tr>
<tr>
<td class='status pass' title='pass' alt='pass'><i class='mdi-action-check-circle'></i></td>
<td class='timestamp'>08:53:41</td>
<td class='step-details'>Test Ended</td>
</tr>
</tbody>
</table>
<ul class='collapsible node-list' data-collapsible='accordion'>
</ul>
</div>
</div>
</li>
<li class='collection-item test displayed active fail ' extentid='5dfa1023-c8c1-4a06-86b3-9751d191d788'>
<div class='test-head'>
<span class='test-name'>Report_EnrolledContractorsListTC :: testEnrolledContractors </span>
<span class='test-status label right outline capitalize fail'>fail</span>
<span class='category-assigned hide  functionaltest'></span>
</div>
<div class='test-body'>
<div class='test-info'>
<span title='Test started time' alt='Test started time' class='test-started-time label green lighten-1 text-white'>2021-09-01 08:54:00</span>
<span title='Test ended time' alt='Test ended time' class='test-ended-time label red lighten-1 text-white'>2021-09-01 08:56:49</span>
<span title='Time taken to finish' alt='Time taken to finish' class='test-time-taken label blue-grey lighten-3 text-white'>0h 2m 48s+313ms</span>
</div>
<div class='test-desc'>testEnrolledContractors</div>
<div class='test-attributes'>
<div class='categories'>
<span class='category text-white'>Functional Test</span>
</div>
<div class='authors'>
<span class='author text-white'>Kiran Pirangute</span>
</div>
</div>
<div class='test-steps'>
<table class='bordered table-results'>
<thead>
<tr>
<th>Status</th>
<th>Timestamp</th>
<th>Details</th>
</tr>
</thead>
<tbody>
<tr>
<td class='status pass' title='pass' alt='pass'><i class='mdi-action-check-circle'></i></td>
<td class='timestamp'>08:54:00</td>
<td class='step-details'>Test Started</td>
</tr>
<tr>
<td class='status pass' title='pass' alt='pass'><i class='mdi-action-check-circle'></i></td>
<td class='timestamp'>08:54:00</td>
<td class='step-details'>Browser Name chrome</td>
</tr>
<tr>
<td class='status pass' title='pass' alt='pass'><i class='mdi-action-check-circle'></i></td>
<td class='timestamp'>08:54:33</td>
<td class='step-details'>https://beta.wrapportal.com/login.aspx?ReturnUrl=%2f Current Url</td>
</tr>
<tr>
<td class='status pass' title='pass' alt='pass'><i class='mdi-action-check-circle'></i></td>
<td class='timestamp'>08:54:33</td>
<td class='step-details'>nourlockton User Name Entered Successfully</td>
</tr>
<tr>
<td class='status pass' title='pass' alt='pass'><i class='mdi-action-check-circle'></i></td>
<td class='timestamp'>08:54:33</td>
<td class='step-details'>kEPl*DiRJ1 Password Entered Successfully</td>
</tr>
<tr>
<td class='status info' title='info' alt='info'><i class='mdi-action-info-outline'></i></td>
<td class='timestamp'>08:54:34</td>
<td class='step-details'>Clicked On Login Button</td>
</tr>
<tr>
<td class='status pass' title='pass' alt='pass'><i class='mdi-action-check-circle'></i></td>
<td class='timestamp'>08:54:34</td>
<td class='step-details'>Login Successfully</td>
</tr>
<tr>
<td class='status info' title='info' alt='info'><i class='mdi-action-info-outline'></i></td>
<td class='timestamp'>08:54:55</td>
<td class='step-details'>Clicked on Report Module Icon</td>
</tr>
<tr>
<td class='status info' title='info' alt='info'><i class='mdi-action-info-outline'></i></td>
<td class='timestamp'>08:54:57</td>
<td class='step-details'>JE Dunn-Dunn V Respective Program Select Form Dropdown</td>
</tr>
<tr>
<td class='status pass' title='pass' alt='pass'><i class='mdi-action-check-circle'></i></td>
<td class='timestamp'>08:55:02</td>
<td class='step-details'>Enrolled Contractors Report is Selected</td>
</tr>
<tr>
<td class='status pass' title='pass' alt='pass'><i class='mdi-action-check-circle'></i></td>
<td class='timestamp'>08:55:07</td>
<td class='step-details'>All Sub-Sponsors Selected Successfully</td>
</tr>
<tr>
<td class='status pass' title='pass' alt='pass'><i class='mdi-action-check-circle'></i></td>
<td class='timestamp'>08:55:07</td>
<td class='step-details'>2204 San Antonio Projects Project Selected Successfully</td>
</tr>
<tr>
<td class='status info' title='info' alt='info'><i class='mdi-action-info-outline'></i></td>
<td class='timestamp'>08:55:12</td>
<td class='step-details'>Clicked On Build Report Button</td>
</tr>
<tr>
<td class='status pass' title='pass' alt='pass'><i class='mdi-action-check-circle'></i></td>
<td class='timestamp'>08:55:15</td>
<td class='step-details'>Report Generated <img class='report-img' data-featherlight='../ExtentReports/Screenshots/screen20210901085515.png' src='../ExtentReports/Screenshots/screen20210901085515.png' /></td>
</tr>
<tr>
<td class='status pass' title='pass' alt='pass'><i class='mdi-action-check-circle'></i></td>
<td class='timestamp'>08:55:15</td>
<td class='step-details'>Report Header Name Matched</td>
</tr>
<tr>
<td class='status pass' title='pass' alt='pass'><i class='mdi-action-check-circle'></i></td>
<td class='timestamp'>08:55:15</td>
<td class='step-details'>Report Generated Successfully</td>
</tr>
<tr>
<td class='status pass' title='pass' alt='pass'><i class='mdi-action-check-circle'></i></td>
<td class='timestamp'>08:55:18</td>
<td class='step-details'>First Project Selected Successfully</td>
</tr>
<tr>
<td class='status pass' title='pass' alt='pass'><i class='mdi-action-check-circle'></i></td>
<td class='timestamp'>08:55:18</td>
<td class='step-details'>Second Project Selected Successfully</td>
</tr>
<tr>
<td class='status pass' title='pass' alt='pass'><i class='mdi-action-check-circle'></i></td>
<td class='timestamp'>08:55:21</td>
<td class='step-details'>Clicked on Build Report Button</td>
</tr>
<tr>
<td class='status pass' title='pass' alt='pass'><i class='mdi-action-check-circle'></i></td>
<td class='timestamp'>08:55:21</td>
<td class='step-details'>Clicked on Export To PDF Link</td>
</tr>
<tr>
<td class='status pass' title='pass' alt='pass'><i class='mdi-action-check-circle'></i></td>
<td class='timestamp'>08:55:32</td>
<td class='step-details'>Pdf Generated <img class='report-img' data-featherlight='../ExtentReports/Screenshots/screen20210901085521.png' src='../ExtentReports/Screenshots/screen20210901085521.png' /></td>
</tr>
<tr>
<td class='status pass' title='pass' alt='pass'><i class='mdi-action-check-circle'></i></td>
<td class='timestamp'>08:55:37</td>
<td class='step-details'>Clicked on Build Report Button</td>
</tr>
<tr>
<td class='status pass' title='pass' alt='pass'><i class='mdi-action-check-circle'></i></td>
<td class='timestamp'>08:55:48</td>
<td class='step-details'>Clicked on Export to Excel Link</td>
</tr>
<tr>
<td class='status fail' title='fail' alt='fail'><i class='mdi-navigation-cancel'></i></td>
<td class='timestamp'>08:55:53</td>
<td class='step-details'>Excel file is not Downloaded Successfully</td>
</tr>
<tr>
<td class='status pass' title='pass' alt='pass'><i class='mdi-action-check-circle'></i></td>
<td class='timestamp'>08:55:53</td>
<td class='step-details'>Clicked on Filter</td>
</tr>
<tr>
<td class='status pass' title='pass' alt='pass'><i class='mdi-action-check-circle'></i></td>
<td class='timestamp'>08:55:56</td>
<td class='step-details'>Clicked on Add Filter Button From Filter</td>
</tr>
<tr>
<td class='status pass' title='pass' alt='pass'><i class='mdi-action-check-circle'></i></td>
<td class='timestamp'>08:56:26</td>
<td class='step-details'>Filter Selected Successfully From Dropdown</td>
</tr>
<tr>
<td class='status pass' title='pass' alt='pass'><i class='mdi-action-check-circle'></i></td>
<td class='timestamp'>08:56:36</td>
<td class='step-details'>Filter Condition Selected Successfully</td>
</tr>
<tr>
<td class='status pass' title='pass' alt='pass'><i class='mdi-action-check-circle'></i></td>
<td class='timestamp'>08:56:37</td>
<td class='step-details'>Parameter Selected Successfully</td>
</tr>
<tr>
<td class='status pass' title='pass' alt='pass'><i class='mdi-action-check-circle'></i></td>
<td class='timestamp'>08:56:38</td>
<td class='step-details'>Clicked on Add Filter Button</td>
</tr>
<tr>
<td class='status pass' title='pass' alt='pass'><i class='mdi-action-check-circle'></i></td>
<td class='timestamp'>08:56:44</td>
<td class='step-details'>Clicked on Build Report Button</td>
</tr>
<tr>
<td class='status pass' title='pass' alt='pass'><i class='mdi-action-check-circle'></i></td>
<td class='timestamp'>08:56:49</td>
<td class='step-details'>testEnrolledContractors Test has been Passed1</td>
</tr>
<tr>
<td class='status pass' title='pass' alt='pass'><i class='mdi-action-check-circle'></i></td>
<td class='timestamp'>08:56:49</td>
<td class='step-details'>Test Ended</td>
</tr>
</tbody>
</table>
<ul class='collapsible node-list' data-collapsible='accordion'>
</ul>
</div>
</div>
</li>
<li class='collection-item test displayed active fail ' extentid='3fa0f453-1ef7-466c-bce8-1cc3b6976d25'>
<div class='test-head'>
<span class='test-name'>Report_EnrollmentReportTC :: testEnrollmentReport </span>
<span class='test-status label right outline capitalize fail'>fail</span>
<span class='category-assigned hide  functionaltest'></span>
</div>
<div class='test-body'>
<div class='test-info'>
<span title='Test started time' alt='Test started time' class='test-started-time label green lighten-1 text-white'>2021-09-01 08:57:12</span>
<span title='Test ended time' alt='Test ended time' class='test-ended-time label red lighten-1 text-white'>2021-09-01 09:02:47</span>
<span title='Time taken to finish' alt='Time taken to finish' class='test-time-taken label blue-grey lighten-3 text-white'>0h 5m 35s+98ms</span>
</div>
<div class='test-desc'>testEnrollmentReport</div>
<div class='test-attributes'>
<div class='categories'>
<span class='category text-white'>Functional Test</span>
</div>
<div class='authors'>
<span class='author text-white'>Kiran Pirangute</span>
</div>
</div>
<div class='test-steps'>
<table class='bordered table-results'>
<thead>
<tr>
<th>Status</th>
<th>Timestamp</th>
<th>Details</th>
</tr>
</thead>
<tbody>
<tr>
<td class='status pass' title='pass' alt='pass'><i class='mdi-action-check-circle'></i></td>
<td class='timestamp'>08:57:12</td>
<td class='step-details'>Test Started</td>
</tr>
<tr>
<td class='status pass' title='pass' alt='pass'><i class='mdi-action-check-circle'></i></td>
<td class='timestamp'>08:57:12</td>
<td class='step-details'>Browser Name chrome</td>
</tr>
<tr>
<td class='status pass' title='pass' alt='pass'><i class='mdi-action-check-circle'></i></td>
<td class='timestamp'>08:58:10</td>
<td class='step-details'>https://beta.wrapportal.com/login.aspx?ReturnUrl=%2f Current Url</td>
</tr>
<tr>
<td class='status pass' title='pass' alt='pass'><i class='mdi-action-check-circle'></i></td>
<td class='timestamp'>08:58:10</td>
<td class='step-details'>nourlockton User Name Entered Successfully</td>
</tr>
<tr>
<td class='status pass' title='pass' alt='pass'><i class='mdi-action-check-circle'></i></td>
<td class='timestamp'>08:58:10</td>
<td class='step-details'>kEPl*DiRJ1 Password Entered Successfully</td>
</tr>
<tr>
<td class='status info' title='info' alt='info'><i class='mdi-action-info-outline'></i></td>
<td class='timestamp'>08:58:12</td>
<td class='step-details'>Clicked On Login Button</td>
</tr>
<tr>
<td class='status pass' title='pass' alt='pass'><i class='mdi-action-check-circle'></i></td>
<td class='timestamp'>08:58:12</td>
<td class='step-details'>Login Successfully</td>
</tr>
<tr>
<td class='status info' title='info' alt='info'><i class='mdi-action-info-outline'></i></td>
<td class='timestamp'>08:58:32</td>
<td class='step-details'>Clicked on Report Module Icon</td>
</tr>
<tr>
<td class='status info' title='info' alt='info'><i class='mdi-action-info-outline'></i></td>
<td class='timestamp'>08:58:34</td>
<td class='step-details'>JE Dunn-Dunn V Program Select Form Dropdown</td>
</tr>
<tr>
<td class='status pass' title='pass' alt='pass'><i class='mdi-action-check-circle'></i></td>
<td class='timestamp'>08:58:39</td>
<td class='step-details'>Enrollment Report   Report is Selected</td>
</tr>
<tr>
<td class='status pass' title='pass' alt='pass'><i class='mdi-action-check-circle'></i></td>
<td class='timestamp'>08:58:55</td>
<td class='step-details'>All Sub-Sponsors Selected Successfully</td>
</tr>
<tr>
<td class='status pass' title='pass' alt='pass'><i class='mdi-action-check-circle'></i></td>
<td class='timestamp'>08:58:55</td>
<td class='step-details'>2204 San Antonio Projects Project Selected Successfully</td>
</tr>
<tr>
<td class='status info' title='info' alt='info'><i class='mdi-action-info-outline'></i></td>
<td class='timestamp'>08:59:12</td>
<td class='step-details'>Clicked On Build Report Button</td>
</tr>
<tr>
<td class='status pass' title='pass' alt='pass'><i class='mdi-action-check-circle'></i></td>
<td class='timestamp'>08:59:15</td>
<td class='step-details'>Report Generated <img class='report-img' data-featherlight='../ExtentReports/Screenshots/screen20210901085915.png' src='../ExtentReports/Screenshots/screen20210901085915.png' /></td>
</tr>
<tr>
<td class='status pass' title='pass' alt='pass'><i class='mdi-action-check-circle'></i></td>
<td class='timestamp'>08:59:15</td>
<td class='step-details'>Report Header Name Matched</td>
</tr>
<tr>
<td class='status pass' title='pass' alt='pass'><i class='mdi-action-check-circle'></i></td>
<td class='timestamp'>08:59:15</td>
<td class='step-details'>Report Generated Successfully</td>
</tr>
<tr>
<td class='status pass' title='pass' alt='pass'><i class='mdi-action-check-circle'></i></td>
<td class='timestamp'>08:59:18</td>
<td class='step-details'>First Project Selected Successfully</td>
</tr>
<tr>
<td class='status pass' title='pass' alt='pass'><i class='mdi-action-check-circle'></i></td>
<td class='timestamp'>08:59:49</td>
<td class='step-details'>Clicked on Build Report Button</td>
</tr>
<tr>
<td class='status pass' title='pass' alt='pass'><i class='mdi-action-check-circle'></i></td>
<td class='timestamp'>08:59:52</td>
<td class='step-details'>Second Project Selected Successfully</td>
</tr>
<tr>
<td class='status pass' title='pass' alt='pass'><i class='mdi-action-check-circle'></i></td>
<td class='timestamp'>09:00:30</td>
<td class='step-details'>Clicked on Build Report Button</td>
</tr>
<tr>
<td class='status pass' title='pass' alt='pass'><i class='mdi-action-check-circle'></i></td>
<td class='timestamp'>09:00:31</td>
<td class='step-details'>Clicked on Export To PDF Link</td>
</tr>
<tr>
<td class='status pass' title='pass' alt='pass'><i class='mdi-action-check-circle'></i></td>
<td class='timestamp'>09:01:08</td>
<td class='step-details'>Pdf Generated <img class='report-img' data-featherlight='../ExtentReports/Screenshots/screen20210901090031.png' src='../ExtentReports/Screenshots/screen20210901090031.png' /></td>
</tr>
<tr>
<td class='status pass' title='pass' alt='pass'><i class='mdi-action-check-circle'></i></td>
<td class='timestamp'>09:01:14</td>
<td class='step-details'>Clicked on Build Report Button</td>
</tr>
<tr>
<td class='status pass' title='pass' alt='pass'><i class='mdi-action-check-circle'></i></td>
<td class='timestamp'>09:01:49</td>
<td class='step-details'>Clicked on Export to Excel Link</td>
</tr>
<tr>
<td class='status fail' title='fail' alt='fail'><i class='mdi-navigation-cancel'></i></td>
<td class='timestamp'>09:01:54</td>
<td class='step-details'>Excel file is not Downloaded Successfully</td>
</tr>
<tr>
<td class='status pass' title='pass' alt='pass'><i class='mdi-action-check-circle'></i></td>
<td class='timestamp'>09:01:55</td>
<td class='step-details'>Clicked on Filter</td>
</tr>
<tr>
<td class='status pass' title='pass' alt='pass'><i class='mdi-action-check-circle'></i></td>
<td class='timestamp'>09:01:58</td>
<td class='step-details'>Clicked on Add Filter Button From Filter</td>
</tr>
<tr>
<td class='status pass' title='pass' alt='pass'><i class='mdi-action-check-circle'></i></td>
<td class='timestamp'>09:02:29</td>
<td class='step-details'>Filter Selected Successfully From Dropdown</td>
</tr>
<tr>
<td class='status pass' title='pass' alt='pass'><i class='mdi-action-check-circle'></i></td>
<td class='timestamp'>09:02:34</td>
<td class='step-details'>Filter Condition Selected Successfully</td>
</tr>
<tr>
<td class='status pass' title='pass' alt='pass'><i class='mdi-action-check-circle'></i></td>
<td class='timestamp'>09:02:36</td>
<td class='step-details'>Parameter Selected Successfully</td>
</tr>
<tr>
<td class='status pass' title='pass' alt='pass'><i class='mdi-action-check-circle'></i></td>
<td class='timestamp'>09:02:38</td>
<td class='step-details'>Clicked on Add Filter Button</td>
</tr>
<tr>
<td class='status pass' title='pass' alt='pass'><i class='mdi-action-check-circle'></i></td>
<td class='timestamp'>09:02:42</td>
<td class='step-details'>Clicked on Build Report Button</td>
</tr>
<tr>
<td class='status pass' title='pass' alt='pass'><i class='mdi-action-check-circle'></i></td>
<td class='timestamp'>09:02:47</td>
<td class='step-details'>testEnrollmentReport Test has been Passed1</td>
</tr>
<tr>
<td class='status pass' title='pass' alt='pass'><i class='mdi-action-check-circle'></i></td>
<td class='timestamp'>09:02:47</td>
<td class='step-details'>Test Ended</td>
</tr>
</tbody>
</table>
<ul class='collapsible node-list' data-collapsible='accordion'>
</ul>
</div>
</div>
</li>
<li class='collection-item test displayed active fail ' extentid='a1fb7226-4d30-474f-b73a-19145e0abd82'>
<div class='test-head'>
<span class='test-name'>Report_EstimatedEndDatesTC :: testEstimatedEndDates </span>
<span class='test-status label right outline capitalize fail'>fail</span>
<span class='category-assigned hide  functionaltest'></span>
</div>
<div class='test-body'>
<div class='test-info'>
<span title='Test started time' alt='Test started time' class='test-started-time label green lighten-1 text-white'>2021-09-01 09:03:31</span>
<span title='Test ended time' alt='Test ended time' class='test-ended-time label red lighten-1 text-white'>2021-09-01 09:06:12</span>
<span title='Time taken to finish' alt='Time taken to finish' class='test-time-taken label blue-grey lighten-3 text-white'>0h 2m 40s+133ms</span>
</div>
<div class='test-desc'>testEstimatedEndDates</div>
<div class='test-attributes'>
<div class='categories'>
<span class='category text-white'>Functional Test</span>
</div>
<div class='authors'>
<span class='author text-white'>Kiran Pirangute</span>
</div>
</div>
<div class='test-steps'>
<table class='bordered table-results'>
<thead>
<tr>
<th>Status</th>
<th>Timestamp</th>
<th>Details</th>
</tr>
</thead>
<tbody>
<tr>
<td class='status pass' title='pass' alt='pass'><i class='mdi-action-check-circle'></i></td>
<td class='timestamp'>09:03:31</td>
<td class='step-details'>Test Started</td>
</tr>
<tr>
<td class='status pass' title='pass' alt='pass'><i class='mdi-action-check-circle'></i></td>
<td class='timestamp'>09:03:31</td>
<td class='step-details'>Browser Name chrome</td>
</tr>
<tr>
<td class='status pass' title='pass' alt='pass'><i class='mdi-action-check-circle'></i></td>
<td class='timestamp'>09:04:23</td>
<td class='step-details'>https://beta.wrapportal.com/login.aspx?ReturnUrl=%2f Current Url</td>
</tr>
<tr>
<td class='status pass' title='pass' alt='pass'><i class='mdi-action-check-circle'></i></td>
<td class='timestamp'>09:04:23</td>
<td class='step-details'>nourlockton User Name Entered Successfully</td>
</tr>
<tr>
<td class='status pass' title='pass' alt='pass'><i class='mdi-action-check-circle'></i></td>
<td class='timestamp'>09:04:23</td>
<td class='step-details'>kEPl*DiRJ1 Password Entered Successfully</td>
</tr>
<tr>
<td class='status info' title='info' alt='info'><i class='mdi-action-info-outline'></i></td>
<td class='timestamp'>09:04:25</td>
<td class='step-details'>Clicked On Login Button</td>
</tr>
<tr>
<td class='status pass' title='pass' alt='pass'><i class='mdi-action-check-circle'></i></td>
<td class='timestamp'>09:04:25</td>
<td class='step-details'>Login Successfully</td>
</tr>
<tr>
<td class='status info' title='info' alt='info'><i class='mdi-action-info-outline'></i></td>
<td class='timestamp'>09:04:35</td>
<td class='step-details'>Clicked on Report Module Icon</td>
</tr>
<tr>
<td class='status info' title='info' alt='info'><i class='mdi-action-info-outline'></i></td>
<td class='timestamp'>09:04:38</td>
<td class='step-details'>JE Dunn-Dunn V Program Select Form Dropdown</td>
</tr>
<tr>
<td class='status pass' title='pass' alt='pass'><i class='mdi-action-check-circle'></i></td>
<td class='timestamp'>09:04:43</td>
<td class='step-details'>Estimated End Dates Report is Selected</td>
</tr>
<tr>
<td class='status pass' title='pass' alt='pass'><i class='mdi-action-check-circle'></i></td>
<td class='timestamp'>09:04:50</td>
<td class='step-details'>All Sub-Sponsors Selected Successfully</td>
</tr>
<tr>
<td class='status pass' title='pass' alt='pass'><i class='mdi-action-check-circle'></i></td>
<td class='timestamp'>09:04:50</td>
<td class='step-details'>2204 San Antonio Projects Project Selected Successfully</td>
</tr>
<tr>
<td class='status info' title='info' alt='info'><i class='mdi-action-info-outline'></i></td>
<td class='timestamp'>09:04:53</td>
<td class='step-details'>Clicked On Build Report Button</td>
</tr>
<tr>
<td class='status pass' title='pass' alt='pass'><i class='mdi-action-check-circle'></i></td>
<td class='timestamp'>09:04:56</td>
<td class='step-details'>Report Generated <img class='report-img' data-featherlight='../ExtentReports/Screenshots/screen20210901090456.png' src='../ExtentReports/Screenshots/screen20210901090456.png' /></td>
</tr>
<tr>
<td class='status pass' title='pass' alt='pass'><i class='mdi-action-check-circle'></i></td>
<td class='timestamp'>09:04:56</td>
<td class='step-details'>Report Header Name Matched</td>
</tr>
<tr>
<td class='status pass' title='pass' alt='pass'><i class='mdi-action-check-circle'></i></td>
<td class='timestamp'>09:04:56</td>
<td class='step-details'>Report Generated Successfully</td>
</tr>
<tr>
<td class='status pass' title='pass' alt='pass'><i class='mdi-action-check-circle'></i></td>
<td class='timestamp'>09:04:59</td>
<td class='step-details'>First Project Selected Successfully</td>
</tr>
<tr>
<td class='status pass' title='pass' alt='pass'><i class='mdi-action-check-circle'></i></td>
<td class='timestamp'>09:05:04</td>
<td class='step-details'>Clicked on Build Report Button</td>
</tr>
<tr>
<td class='status pass' title='pass' alt='pass'><i class='mdi-action-check-circle'></i></td>
<td class='timestamp'>09:05:07</td>
<td class='step-details'>Second Project Selected Successfully</td>
</tr>
<tr>
<td class='status pass' title='pass' alt='pass'><i class='mdi-action-check-circle'></i></td>
<td class='timestamp'>09:05:12</td>
<td class='step-details'>Clicked on Build Report Button</td>
</tr>
<tr>
<td class='status pass' title='pass' alt='pass'><i class='mdi-action-check-circle'></i></td>
<td class='timestamp'>09:05:12</td>
<td class='step-details'>Clicked on Export To PDF Link</td>
</tr>
<tr>
<td class='status pass' title='pass' alt='pass'><i class='mdi-action-check-circle'></i></td>
<td class='timestamp'>09:05:20</td>
<td class='step-details'>Pdf Generated <img class='report-img' data-featherlight='../ExtentReports/Screenshots/screen20210901090512.png' src='../ExtentReports/Screenshots/screen20210901090512.png' /></td>
</tr>
<tr>
<td class='status pass' title='pass' alt='pass'><i class='mdi-action-check-circle'></i></td>
<td class='timestamp'>09:05:25</td>
<td class='step-details'>Clicked on Build Report Button</td>
</tr>
<tr>
<td class='status pass' title='pass' alt='pass'><i class='mdi-action-check-circle'></i></td>
<td class='timestamp'>09:05:26</td>
<td class='step-details'>Clicked on Export to Excel Link</td>
</tr>
<tr>
<td class='status fail' title='fail' alt='fail'><i class='mdi-navigation-cancel'></i></td>
<td class='timestamp'>09:05:31</td>
<td class='step-details'>Excel file is not Downloaded Successfully</td>
</tr>
<tr>
<td class='status pass' title='pass' alt='pass'><i class='mdi-action-check-circle'></i></td>
<td class='timestamp'>09:05:32</td>
<td class='step-details'>Clicked on Filter</td>
</tr>
<tr>
<td class='status pass' title='pass' alt='pass'><i class='mdi-action-check-circle'></i></td>
<td class='timestamp'>09:05:35</td>
<td class='step-details'>Clicked on Add Filter Button From Filter</td>
</tr>
<tr>
<td class='status pass' title='pass' alt='pass'><i class='mdi-action-check-circle'></i></td>
<td class='timestamp'>09:05:49</td>
<td class='step-details'>Filter Selected Successfully From Dropdown</td>
</tr>
<tr>
<td class='status pass' title='pass' alt='pass'><i class='mdi-action-check-circle'></i></td>
<td class='timestamp'>09:05:56</td>
<td class='step-details'>Filter Condition Selected Successfully</td>
</tr>
<tr>
<td class='status pass' title='pass' alt='pass'><i class='mdi-action-check-circle'></i></td>
<td class='timestamp'>09:05:57</td>
<td class='step-details'>Parameter Selected Successfully</td>
</tr>
<tr>
<td class='status pass' title='pass' alt='pass'><i class='mdi-action-check-circle'></i></td>
<td class='timestamp'>09:05:58</td>
<td class='step-details'>Clicked on Add Filter Button</td>
</tr>
<tr>
<td class='status pass' title='pass' alt='pass'><i class='mdi-action-check-circle'></i></td>
<td class='timestamp'>09:06:06</td>
<td class='step-details'>Clicked on Build Report Button</td>
</tr>
<tr>
<td class='status pass' title='pass' alt='pass'><i class='mdi-action-check-circle'></i></td>
<td class='timestamp'>09:06:12</td>
<td class='step-details'>testEstimatedEndDates Test has been Passed1</td>
</tr>
<tr>
<td class='status pass' title='pass' alt='pass'><i class='mdi-action-check-circle'></i></td>
<td class='timestamp'>09:06:12</td>
<td class='step-details'>Test Ended</td>
</tr>
</tbody>
</table>
<ul class='collapsible node-list' data-collapsible='accordion'>
</ul>
</div>
</div>
</li>
<li class='collection-item test displayed active fail ' extentid='fd8d2aef-1524-44af-b968-a3fb597c42c0'>
<div class='test-head'>
<span class='test-name'>Report_FinalDeductTC :: testFinalDeduct </span>
<span class='test-status label right outline capitalize fail'>fail</span>
<span class='category-assigned hide  functionaltest'></span>
</div>
<div class='test-body'>
<div class='test-info'>
<span title='Test started time' alt='Test started time' class='test-started-time label green lighten-1 text-white'>2021-09-01 09:06:33</span>
<span title='Test ended time' alt='Test ended time' class='test-ended-time label red lighten-1 text-white'>2021-09-01 09:08:48</span>
<span title='Time taken to finish' alt='Time taken to finish' class='test-time-taken label blue-grey lighten-3 text-white'>0h 2m 14s+882ms</span>
</div>
<div class='test-desc'>testFinalDeduct</div>
<div class='test-attributes'>
<div class='categories'>
<span class='category text-white'>Functional Test</span>
</div>
<div class='authors'>
<span class='author text-white'>Kiran Pirangute</span>
</div>
</div>
<div class='test-steps'>
<table class='bordered table-results'>
<thead>
<tr>
<th>Status</th>
<th>Timestamp</th>
<th>Details</th>
</tr>
</thead>
<tbody>
<tr>
<td class='status pass' title='pass' alt='pass'><i class='mdi-action-check-circle'></i></td>
<td class='timestamp'>09:06:33</td>
<td class='step-details'>Test Started</td>
</tr>
<tr>
<td class='status pass' title='pass' alt='pass'><i class='mdi-action-check-circle'></i></td>
<td class='timestamp'>09:06:33</td>
<td class='step-details'>Browser Name chrome</td>
</tr>
<tr>
<td class='status fail' title='fail' alt='fail'><i class='mdi-navigation-cancel'></i></td>
<td class='timestamp'>09:07:34</td>
<td class='step-details'>org.openqa.selenium.remote.UnreachableBrowserException: Error communicating with the remote browser. It may have died.
Build info: version: '4.0.0-alpha-4', revision: 'c2d955b49e'
System info: host: 'NOURTEK-100', ip: '192.168.29.211', os.name: 'Windows 10', os.arch: 'amd64', os.version: '10.0', java.version: '15.0.2'
Driver info: driver.version: RemoteWebDriver
Capabilities {acceptInsecureCerts: false, browserName: chrome, browserVersion: 92.0.4515.159, chrome: {chromedriverVersion: 92.0.4515.107 (87a818b10553..., userDataDir: C:\Users\NDave\AppData\Loca...}, goog:chromeOptions: {debuggerAddress: localhost:49489}, javascriptEnabled: true, networkConnectionEnabled: false, pageLoadStrategy: normal, platform: WINDOWS, platformName: WINDOWS, proxy: Proxy(), setWindowRect: true, strictFileInteractability: false, timeouts: {implicit: 0, pageLoad: 300000, script: 30000}, unhandledPromptBehavior: dismiss and notify, webauthn:extension:credBlob: true, webauthn:extension:largeBlob: true, webauthn:virtualAuthenticators: true}
Session ID: 31210763f351f1f71f0ce6c50e23287f Something Went Wrong</td>
</tr>
<tr>
<td class='status pass' title='pass' alt='pass'><i class='mdi-action-check-circle'></i></td>
<td class='timestamp'>09:07:48</td>
<td class='step-details'>Something Went Wrong<img class='report-img' data-featherlight='../ExtentReports/Screenshots/screen20210901090734.png' src='../ExtentReports/Screenshots/screen20210901090734.png' /></td>
</tr>
<tr>
<td class='status fail' title='fail' alt='fail'><i class='mdi-navigation-cancel'></i></td>
<td class='timestamp'>09:08:18</td>
<td class='step-details'>org.openqa.selenium.NoSuchElementException: no such element: Unable to locate element: {"method":"xpath","selector":"//div[@id='divTableData']//tr[1]//td[1]"}
  (Session info: chrome=92.0.4515.159)
For documentation on this error, please visit: https://selenium.dev/exceptions/#no_such_element
Build info: version: '4.0.0-alpha-4', revision: 'c2d955b49e'
System info: host: 'NOURTEK-100', ip: '192.168.29.211', os.name: 'Windows 10', os.arch: 'amd64', os.version: '10.0', java.version: '15.0.2'
Driver info: org.openqa.selenium.chrome.ChromeDriver
Capabilities {acceptInsecureCerts: false, browserName: chrome, browserVersion: 92.0.4515.159, chrome: {chromedriverVersion: 92.0.4515.107 (87a818b10553..., userDataDir: C:\Users\NDave\AppData\Loca...}, goog:chromeOptions: {debuggerAddress: localhost:49489}, javascriptEnabled: true, networkConnectionEnabled: false, pageLoadStrategy: normal, platform: WINDOWS, platformName: WINDOWS, proxy: Proxy(), setWindowRect: true, strictFileInteractability: false, timeouts: {implicit: 0, pageLoad: 300000, script: 30000}, unhandledPromptBehavior: dismiss and notify, webauthn:extension:credBlob: true, webauthn:extension:largeBlob: true, webauthn:virtualAuthenticators: true}
Session ID: 31210763f351f1f71f0ce6c50e23287f
*** Element info: {Using=xpath, value=//div[@id='divTableData']//tr[1]//td[1]}Report Header Name Not Matched</td>
</tr>
<tr>
<td class='status fail' title='fail' alt='fail'><i class='mdi-navigation-cancel'></i></td>
<td class='timestamp'>09:08:48</td>
<td class='step-details'>testFinalDeduct Test has been Failed2</td>
</tr>
<tr>
<td class='status fail' title='fail' alt='fail'><i class='mdi-navigation-cancel'></i></td>
<td class='timestamp'>09:08:48</td>
<td class='step-details'><pre>org.openqa.selenium.NoSuchElementException: no such element: Unable to locate element: {"method":"xpath","selector":"//div[@class='filters']"}
  (Session info: chrome=92.0.4515.159)
For documentation on this error, please visit: https://selenium.dev/exceptions/#no_such_element
Build info: version: '4.0.0-alpha-4', revision: 'c2d955b49e'
System info: host: 'NOURTEK-100', ip: '192.168.29.211', os.name: 'Windows 10', os.arch: 'amd64', os.version: '10.0', java.version: '15.0.2'
Driver info: org.openqa.selenium.chrome.ChromeDriver
Capabilities {acceptInsecureCerts: false, browserName: chrome, browserVersion: 92.0.4515.159, chrome: {chromedriverVersion: 92.0.4515.107 (87a818b10553..., userDataDir: C:\Users\NDave\AppData\Loca...}, goog:chromeOptions: {debuggerAddress: localhost:49489}, javascriptEnabled: true, networkConnectionEnabled: false, pageLoadStrategy: normal, platform: WINDOWS, platformName: WINDOWS, proxy: Proxy(), setWindowRect: true, strictFileInteractability: false, timeouts: {implicit: 0, pageLoad: 300000, script: 30000}, unhandledPromptBehavior: dismiss and notify, webauthn:extension:credBlob: true, webauthn:extension:largeBlob: true, webauthn:virtualAuthenticators: true}
Session ID: 31210763f351f1f71f0ce6c50e23287f
*** Element info: {Using=xpath, value=//div[@class='filters']}
at java.base/jdk.internal.reflect.NativeConstructorAccessorImpl.newInstance0(Native Method)
at java.base/jdk.internal.reflect.NativeConstructorAccessorImpl.newInstance(NativeConstructorAccessorImpl.java:64)
at java.base/jdk.internal.reflect.DelegatingConstructorAccessorImpl.newInstance(DelegatingConstructorAccessorImpl.java:45)
at java.base/java.lang.reflect.Constructor.newInstanceWithCaller(Constructor.java:500)
at java.base/java.lang.reflect.Constructor.newInstance(Constructor.java:481)
at org.openqa.selenium.remote.codec.w3c.W3CHttpResponseCodec.createException(W3CHttpResponseCodec.java:196)
at org.openqa.selenium.remote.codec.w3c.W3CHttpResponseCodec.decode(W3CHttpResponseCodec.java:129)
at org.openqa.selenium.remote.codec.w3c.W3CHttpResponseCodec.decode(W3CHttpResponseCodec.java:53)
at org.openqa.selenium.remote.HttpCommandExecutor.execute(HttpCommandExecutor.java:161)
at org.openqa.selenium.remote.service.DriverCommandExecutor.execute(DriverCommandExecutor.java:83)
at org.openqa.selenium.remote.RemoteWebDriver.execute(RemoteWebDriver.java:582)
at org.openqa.selenium.remote.RemoteWebDriver.findElement(RemoteWebDriver.java:333)
at org.openqa.selenium.remote.RemoteWebDriver.findElementByXPath(RemoteWebDriver.java:451)
at org.openqa.selenium.By$ByXPath.findElement(By.java:394)
at org.openqa.selenium.remote.RemoteWebDriver.findElement(RemoteWebDriver.java:325)
at ObjectRepository.Report_FinalDeduct.filterWindowButton(Report_FinalDeduct.java:121)
at TestScript.Report_FinalDeductTC.testFinalDeduct(Report_FinalDeductTC.java:88)
at java.base/jdk.internal.reflect.NativeMethodAccessorImpl.invoke0(Native Method)
at java.base/jdk.internal.reflect.NativeMethodAccessorImpl.invoke(NativeMethodAccessorImpl.java:64)
at java.base/jdk.internal.reflect.DelegatingMethodAccessorImpl.invoke(DelegatingMethodAccessorImpl.java:43)
at java.base/java.lang.reflect.Method.invoke(Method.java:564)
at org.testng.internal.MethodInvocationHelper.invokeMethod(MethodInvocationHelper.java:133)
at org.testng.internal.TestInvoker.invokeMethod(TestInvoker.java:598)
at org.testng.internal.TestInvoker.invokeTestMethod(TestInvoker.java:173)
at org.testng.internal.MethodRunner.runInSequence(MethodRunner.java:46)
at org.testng.internal.TestInvoker$MethodInvocationAgent.invoke(TestInvoker.java:824)
at org.testng.internal.TestInvoker.invokeTestMethods(TestInvoker.java:146)
at org.testng.internal.TestMethodWorker.invokeTestMethods(TestMethodWorker.java:146)
at org.testng.internal.TestMethodWorker.run(TestMethodWorker.java:128)
at java.base/java.util.ArrayList.forEach(ArrayList.java:1511)
at org.testng.TestRunner.privateRun(TestRunner.java:794)
at org.testng.TestRunner.run(TestRunner.java:596)
at org.testng.SuiteRunner.runTest(SuiteRunner.java:377)
at org.testng.SuiteRunner.runSequentially(SuiteRunner.java:371)
at org.testng.SuiteRunner.privateRun(SuiteRunner.java:332)
at org.testng.SuiteRunner.run(SuiteRunner.java:276)
at org.testng.SuiteRunnerWorker.runSuite(SuiteRunnerWorker.java:53)
at org.testng.SuiteRunnerWorker.run(SuiteRunnerWorker.java:96)
at org.testng.TestNG.runSuitesSequentially(TestNG.java:1212)
at org.testng.TestNG.runSuitesLocally(TestNG.java:1134)
at org.testng.TestNG.runSuites(TestNG.java:1063)
at org.testng.TestNG.run(TestNG.java:1031)
at org.testng.remote.AbstractRemoteTestNG.run(AbstractRemoteTestNG.java:115)
at org.testng.remote.RemoteTestNG.initAndRun(RemoteTestNG.java:251)
at org.testng.remote.RemoteTestNG.main(RemoteTestNG.java:77)
</pre></td>
</tr>
<tr>
<td class='status fail' title='fail' alt='fail'><i class='mdi-navigation-cancel'></i></td>
<td class='timestamp'>09:08:48</td>
<td class='step-details'><img class='report-img' data-featherlight='../ExtentReports/Screenshots/screen20210901090848.png' src='../ExtentReports/Screenshots/screen20210901090848.png' /></td>
</tr>
<tr>
<td class='status pass' title='pass' alt='pass'><i class='mdi-action-check-circle'></i></td>
<td class='timestamp'>09:08:48</td>
<td class='step-details'>Test Ended</td>
</tr>
</tbody>
</table>
<ul class='collapsible node-list' data-collapsible='accordion'>
</ul>
</div>
</div>
</li>
<li class='collection-item test displayed active fail ' extentid='0caa48db-bc2a-476d-a604-d8acc3380e8b'>
<div class='test-head'>
<span class='test-name'>Report_InitialDeduct_TC :: testInitialDeductReport </span>
<span class='test-status label right outline capitalize fail'>fail</span>
<span class='category-assigned hide  functionaltest'></span>
</div>
<div class='test-body'>
<div class='test-info'>
<span title='Test started time' alt='Test started time' class='test-started-time label green lighten-1 text-white'>2021-09-01 09:09:04</span>
<span title='Test ended time' alt='Test ended time' class='test-ended-time label red lighten-1 text-white'>2021-09-01 09:13:02</span>
<span title='Time taken to finish' alt='Time taken to finish' class='test-time-taken label blue-grey lighten-3 text-white'>0h 3m 58s+785ms</span>
</div>
<div class='test-desc'>testInitialDeductReport</div>
<div class='test-attributes'>
<div class='categories'>
<span class='category text-white'>Functional Test</span>
</div>
<div class='authors'>
<span class='author text-white'>Kiran Pirangute</span>
</div>
</div>
<div class='test-steps'>
<table class='bordered table-results'>
<thead>
<tr>
<th>Status</th>
<th>Timestamp</th>
<th>Details</th>
</tr>
</thead>
<tbody>
<tr>
<td class='status pass' title='pass' alt='pass'><i class='mdi-action-check-circle'></i></td>
<td class='timestamp'>09:09:04</td>
<td class='step-details'>Test Started</td>
</tr>
<tr>
<td class='status pass' title='pass' alt='pass'><i class='mdi-action-check-circle'></i></td>
<td class='timestamp'>09:09:04</td>
<td class='step-details'>Browser Name chrome</td>
</tr>
<tr>
<td class='status pass' title='pass' alt='pass'><i class='mdi-action-check-circle'></i></td>
<td class='timestamp'>09:10:10</td>
<td class='step-details'>https://beta.wrapportal.com/login.aspx?ReturnUrl=%2f Current Url</td>
</tr>
<tr>
<td class='status pass' title='pass' alt='pass'><i class='mdi-action-check-circle'></i></td>
<td class='timestamp'>09:10:11</td>
<td class='step-details'>nourlockton User Name Entered Successfully</td>
</tr>
<tr>
<td class='status pass' title='pass' alt='pass'><i class='mdi-action-check-circle'></i></td>
<td class='timestamp'>09:10:11</td>
<td class='step-details'>kEPl*DiRJ1 Password Entered Successfully</td>
</tr>
<tr>
<td class='status info' title='info' alt='info'><i class='mdi-action-info-outline'></i></td>
<td class='timestamp'>09:10:12</td>
<td class='step-details'>Clicked On Login Button</td>
</tr>
<tr>
<td class='status pass' title='pass' alt='pass'><i class='mdi-action-check-circle'></i></td>
<td class='timestamp'>09:10:12</td>
<td class='step-details'>Login Successfully</td>
</tr>
<tr>
<td class='status info' title='info' alt='info'><i class='mdi-action-info-outline'></i></td>
<td class='timestamp'>09:10:33</td>
<td class='step-details'>Clicked on Report Module Icon</td>
</tr>
<tr>
<td class='status info' title='info' alt='info'><i class='mdi-action-info-outline'></i></td>
<td class='timestamp'>09:10:36</td>
<td class='step-details'>JE Dunn-Dunn V Program Select Form Dropdown</td>
</tr>
<tr>
<td class='status pass' title='pass' alt='pass'><i class='mdi-action-check-circle'></i></td>
<td class='timestamp'>09:10:40</td>
<td class='step-details'>Initial Deduct Report is Selected</td>
</tr>
<tr>
<td class='status pass' title='pass' alt='pass'><i class='mdi-action-check-circle'></i></td>
<td class='timestamp'>09:10:53</td>
<td class='step-details'>All Sub-Sponsors Selected Successfully</td>
</tr>
<tr>
<td class='status pass' title='pass' alt='pass'><i class='mdi-action-check-circle'></i></td>
<td class='timestamp'>09:10:53</td>
<td class='step-details'>2204 San Antonio Projects Project Selected Successfully</td>
</tr>
<tr>
<td class='status pass' title='pass' alt='pass'><i class='mdi-action-check-circle'></i></td>
<td class='timestamp'>09:10:58</td>
<td class='step-details'>Contractor Selected Successfully</td>
</tr>
<tr>
<td class='status info' title='info' alt='info'><i class='mdi-action-info-outline'></i></td>
<td class='timestamp'>09:11:10</td>
<td class='step-details'>Clicked On Build Report Button</td>
</tr>
<tr>
<td class='status pass' title='pass' alt='pass'><i class='mdi-action-check-circle'></i></td>
<td class='timestamp'>09:11:13</td>
<td class='step-details'>Report Generated <img class='report-img' data-featherlight='../ExtentReports/Screenshots/screen20210901091113.png' src='../ExtentReports/Screenshots/screen20210901091113.png' /></td>
</tr>
<tr>
<td class='status pass' title='pass' alt='pass'><i class='mdi-action-check-circle'></i></td>
<td class='timestamp'>09:11:14</td>
<td class='step-details'>Report Header Name Matched</td>
</tr>
<tr>
<td class='status pass' title='pass' alt='pass'><i class='mdi-action-check-circle'></i></td>
<td class='timestamp'>09:11:14</td>
<td class='step-details'>Report Generated Successfully</td>
</tr>
<tr>
<td class='status pass' title='pass' alt='pass'><i class='mdi-action-check-circle'></i></td>
<td class='timestamp'>09:11:17</td>
<td class='step-details'>First Project Selected Successfully</td>
</tr>
<tr>
<td class='status pass' title='pass' alt='pass'><i class='mdi-action-check-circle'></i></td>
<td class='timestamp'>09:11:30</td>
<td class='step-details'>Clicked on Build Report Button</td>
</tr>
<tr>
<td class='status pass' title='pass' alt='pass'><i class='mdi-action-check-circle'></i></td>
<td class='timestamp'>09:11:34</td>
<td class='step-details'>Second Project Selected Successfully</td>
</tr>
<tr>
<td class='status pass' title='pass' alt='pass'><i class='mdi-action-check-circle'></i></td>
<td class='timestamp'>09:11:51</td>
<td class='step-details'>Clicked on Build Report Button</td>
</tr>
<tr>
<td class='status pass' title='pass' alt='pass'><i class='mdi-action-check-circle'></i></td>
<td class='timestamp'>09:11:51</td>
<td class='step-details'>Clicked on Export To PDF Link</td>
</tr>
<tr>
<td class='status pass' title='pass' alt='pass'><i class='mdi-action-check-circle'></i></td>
<td class='timestamp'>09:12:03</td>
<td class='step-details'>Pdf Generated <img class='report-img' data-featherlight='../ExtentReports/Screenshots/screen20210901091151.png' src='../ExtentReports/Screenshots/screen20210901091151.png' /></td>
</tr>
<tr>
<td class='status pass' title='pass' alt='pass'><i class='mdi-action-check-circle'></i></td>
<td class='timestamp'>09:12:08</td>
<td class='step-details'>Clicked on Build Report Button</td>
</tr>
<tr>
<td class='status pass' title='pass' alt='pass'><i class='mdi-action-check-circle'></i></td>
<td class='timestamp'>09:12:14</td>
<td class='step-details'>Clicked on Export to Excel Link</td>
</tr>
<tr>
<td class='status fail' title='fail' alt='fail'><i class='mdi-navigation-cancel'></i></td>
<td class='timestamp'>09:12:19</td>
<td class='step-details'>Excel file is not Downloaded Successfully</td>
</tr>
<tr>
<td class='status pass' title='pass' alt='pass'><i class='mdi-action-check-circle'></i></td>
<td class='timestamp'>09:12:19</td>
<td class='step-details'>Clicked on Filter</td>
</tr>
<tr>
<td class='status pass' title='pass' alt='pass'><i class='mdi-action-check-circle'></i></td>
<td class='timestamp'>09:12:23</td>
<td class='step-details'>Clicked on Add Filter Button From Filter</td>
</tr>
<tr>
<td class='status pass' title='pass' alt='pass'><i class='mdi-action-check-circle'></i></td>
<td class='timestamp'>09:12:41</td>
<td class='step-details'>Filter Selected Successfully From Dropdown</td>
</tr>
<tr>
<td class='status pass' title='pass' alt='pass'><i class='mdi-action-check-circle'></i></td>
<td class='timestamp'>09:12:45</td>
<td class='step-details'>Filter Condition Selected Successfully</td>
</tr>
<tr>
<td class='status pass' title='pass' alt='pass'><i class='mdi-action-check-circle'></i></td>
<td class='timestamp'>09:12:46</td>
<td class='step-details'>Parameter Selected Successfully</td>
</tr>
<tr>
<td class='status pass' title='pass' alt='pass'><i class='mdi-action-check-circle'></i></td>
<td class='timestamp'>09:12:49</td>
<td class='step-details'>Clicked on Add Filter Button</td>
</tr>
<tr>
<td class='status pass' title='pass' alt='pass'><i class='mdi-action-check-circle'></i></td>
<td class='timestamp'>09:12:57</td>
<td class='step-details'>Clicked on Build Report Button</td>
</tr>
<tr>
<td class='status pass' title='pass' alt='pass'><i class='mdi-action-check-circle'></i></td>
<td class='timestamp'>09:13:02</td>
<td class='step-details'>testInitialDeductReport Test has been Passed1</td>
</tr>
<tr>
<td class='status pass' title='pass' alt='pass'><i class='mdi-action-check-circle'></i></td>
<td class='timestamp'>09:13:02</td>
<td class='step-details'>Test Ended</td>
</tr>
</tbody>
</table>
<ul class='collapsible node-list' data-collapsible='accordion'>
</ul>
</div>
</div>
</li>
<li class='collection-item test displayed active pass ' extentid='f0558c84-7c9b-4a59-8357-6cd59373979f'>
<div class='test-head'>
<span class='test-name'>Report_AgendaTC :: testAgendaReport </span>
<span class='test-status label right outline capitalize pass'>pass</span>
<span class='category-assigned hide  functionaltest'></span>
</div>
<div class='test-body'>
<div class='test-info'>
<span title='Test started time' alt='Test started time' class='test-started-time label green lighten-1 text-white'>2021-09-01 09:13:22</span>
<span title='Test ended time' alt='Test ended time' class='test-ended-time label red lighten-1 text-white'>2021-09-01 09:15:01</span>
<span title='Time taken to finish' alt='Time taken to finish' class='test-time-taken label blue-grey lighten-3 text-white'>0h 1m 38s+211ms</span>
</div>
<div class='test-desc'>testAgendaReport</div>
<div class='test-attributes'>
<div class='categories'>
<span class='category text-white'>Functional Test</span>
</div>
<div class='authors'>
<span class='author text-white'>Kiran Pirangute</span>
</div>
</div>
<div class='test-steps'>
<table class='bordered table-results'>
<thead>
<tr>
<th>Status</th>
<th>Timestamp</th>
<th>Details</th>
</tr>
</thead>
<tbody>
<tr>
<td class='status pass' title='pass' alt='pass'><i class='mdi-action-check-circle'></i></td>
<td class='timestamp'>09:13:22</td>
<td class='step-details'>Test Started</td>
</tr>
<tr>
<td class='status pass' title='pass' alt='pass'><i class='mdi-action-check-circle'></i></td>
<td class='timestamp'>09:13:22</td>
<td class='step-details'>Browser Name chrome</td>
</tr>
<tr>
<td class='status pass' title='pass' alt='pass'><i class='mdi-action-check-circle'></i></td>
<td class='timestamp'>09:13:59</td>
<td class='step-details'>https://beta.wrapportal.com/login.aspx?ReturnUrl=%2f Current Url</td>
</tr>
<tr>
<td class='status pass' title='pass' alt='pass'><i class='mdi-action-check-circle'></i></td>
<td class='timestamp'>09:13:59</td>
<td class='step-details'>nourlockton User Name Entered Successfully</td>
</tr>
<tr>
<td class='status pass' title='pass' alt='pass'><i class='mdi-action-check-circle'></i></td>
<td class='timestamp'>09:13:59</td>
<td class='step-details'>kEPl*DiRJ1 Password Entered Successfully</td>
</tr>
<tr>
<td class='status info' title='info' alt='info'><i class='mdi-action-info-outline'></i></td>
<td class='timestamp'>09:14:01</td>
<td class='step-details'>Clicked On Login Button</td>
</tr>
<tr>
<td class='status pass' title='pass' alt='pass'><i class='mdi-action-check-circle'></i></td>
<td class='timestamp'>09:14:01</td>
<td class='step-details'>Login Successfully</td>
</tr>
<tr>
<td class='status info' title='info' alt='info'><i class='mdi-action-info-outline'></i></td>
<td class='timestamp'>09:14:33</td>
<td class='step-details'>Clicked on Report Module Icon</td>
</tr>
<tr>
<td class='status info' title='info' alt='info'><i class='mdi-action-info-outline'></i></td>
<td class='timestamp'>09:14:35</td>
<td class='step-details'>JE Dunn-Dunn V Program Select Form Dropdown</td>
</tr>
<tr>
<td class='status pass' title='pass' alt='pass'><i class='mdi-action-check-circle'></i></td>
<td class='timestamp'>09:14:40</td>
<td class='step-details'>Agenda Report is Selected</td>
</tr>
<tr>
<td class='status pass' title='pass' alt='pass'><i class='mdi-action-check-circle'></i></td>
<td class='timestamp'>09:14:53</td>
<td class='step-details'>2204 San Antonio Projects Project Selected Successfully</td>
</tr>
<tr>
<td class='status info' title='info' alt='info'><i class='mdi-action-info-outline'></i></td>
<td class='timestamp'>09:14:58</td>
<td class='step-details'>Clicked On Build Report Button</td>
</tr>
<tr>
<td class='status pass' title='pass' alt='pass'><i class='mdi-action-check-circle'></i></td>
<td class='timestamp'>09:15:01</td>
<td class='step-details'>Report Header Name Matched</td>
</tr>
<tr>
<td class='status pass' title='pass' alt='pass'><i class='mdi-action-check-circle'></i></td>
<td class='timestamp'>09:15:01</td>
<td class='step-details'>Report Generated Successfully</td>
</tr>
<tr>
<td class='status pass' title='pass' alt='pass'><i class='mdi-action-check-circle'></i></td>
<td class='timestamp'>09:15:01</td>
<td class='step-details'>testAgendaReport Test has been Passed1</td>
</tr>
<tr>
<td class='status pass' title='pass' alt='pass'><i class='mdi-action-check-circle'></i></td>
<td class='timestamp'>09:15:01</td>
<td class='step-details'>Test Ended</td>
</tr>
</tbody>
</table>
<ul class='collapsible node-list' data-collapsible='accordion'>
</ul>
</div>
</div>
</li>
<li class='collection-item test displayed active fail ' extentid='c14f5b02-2210-41fc-9033-796c95bc9376'>
<div class='test-head'>
<span class='test-name'>Report_MissingPayrollReportTC :: testMissingPayrollReport </span>
<span class='test-status label right outline capitalize fail'>fail</span>
<span class='category-assigned hide  functionaltest'></span>
</div>
<div class='test-body'>
<div class='test-info'>
<span title='Test started time' alt='Test started time' class='test-started-time label green lighten-1 text-white'>2021-09-01 09:15:24</span>
<span title='Test ended time' alt='Test ended time' class='test-ended-time label red lighten-1 text-white'>2021-09-01 09:18:26</span>
<span title='Time taken to finish' alt='Time taken to finish' class='test-time-taken label blue-grey lighten-3 text-white'>0h 3m 1s+934ms</span>
</div>
<div class='test-desc'>testMissingPayrollReport</div>
<div class='test-attributes'>
<div class='categories'>
<span class='category text-white'>Functional Test</span>
</div>
<div class='authors'>
<span class='author text-white'>Kiran Pirangute</span>
</div>
</div>
<div class='test-steps'>
<table class='bordered table-results'>
<thead>
<tr>
<th>Status</th>
<th>Timestamp</th>
<th>Details</th>
</tr>
</thead>
<tbody>
<tr>
<td class='status pass' title='pass' alt='pass'><i class='mdi-action-check-circle'></i></td>
<td class='timestamp'>09:15:24</td>
<td class='step-details'>Test Started</td>
</tr>
<tr>
<td class='status pass' title='pass' alt='pass'><i class='mdi-action-check-circle'></i></td>
<td class='timestamp'>09:15:24</td>
<td class='step-details'>Browser Name chrome</td>
</tr>
<tr>
<td class='status pass' title='pass' alt='pass'><i class='mdi-action-check-circle'></i></td>
<td class='timestamp'>09:15:38</td>
<td class='step-details'>https://beta.wrapportal.com/login.aspx?ReturnUrl=%2f Current Url</td>
</tr>
<tr>
<td class='status pass' title='pass' alt='pass'><i class='mdi-action-check-circle'></i></td>
<td class='timestamp'>09:15:38</td>
<td class='step-details'>nourlockton User Name Entered Successfully</td>
</tr>
<tr>
<td class='status pass' title='pass' alt='pass'><i class='mdi-action-check-circle'></i></td>
<td class='timestamp'>09:15:38</td>
<td class='step-details'>kEPl*DiRJ1 Password Entered Successfully</td>
</tr>
<tr>
<td class='status info' title='info' alt='info'><i class='mdi-action-info-outline'></i></td>
<td class='timestamp'>09:15:40</td>
<td class='step-details'>Clicked On Login Button</td>
</tr>
<tr>
<td class='status pass' title='pass' alt='pass'><i class='mdi-action-check-circle'></i></td>
<td class='timestamp'>09:15:40</td>
<td class='step-details'>Login Successfully</td>
</tr>
<tr>
<td class='status info' title='info' alt='info'><i class='mdi-action-info-outline'></i></td>
<td class='timestamp'>09:16:06</td>
<td class='step-details'>Clicked on Report Module Icon</td>
</tr>
<tr>
<td class='status info' title='info' alt='info'><i class='mdi-action-info-outline'></i></td>
<td class='timestamp'>09:16:14</td>
<td class='step-details'>JE Dunn-Dunn VRespective Program Select Form Dropdown</td>
</tr>
<tr>
<td class='status pass' title='pass' alt='pass'><i class='mdi-action-check-circle'></i></td>
<td class='timestamp'>09:16:19</td>
<td class='step-details'>Missing Payroll Report Report is Selected</td>
</tr>
<tr>
<td class='status pass' title='pass' alt='pass'><i class='mdi-action-check-circle'></i></td>
<td class='timestamp'>09:16:28</td>
<td class='step-details'>All Sub-Sponsors Selected Successfully</td>
</tr>
<tr>
<td class='status pass' title='pass' alt='pass'><i class='mdi-action-check-circle'></i></td>
<td class='timestamp'>09:16:28</td>
<td class='step-details'>2204 San Antonio Projects Project Selected Successfully</td>
</tr>
<tr>
<td class='status pass' title='pass' alt='pass'><i class='mdi-action-check-circle'></i></td>
<td class='timestamp'>09:16:31</td>
<td class='step-details'>Contractor Selected Successfully</td>
</tr>
<tr>
<td class='status pass' title='pass' alt='pass'><i class='mdi-action-check-circle'></i></td>
<td class='timestamp'>09:16:31</td>
<td class='step-details'>Jan - 2020 From Date Added Successfully</td>
</tr>
<tr>
<td class='status pass' title='pass' alt='pass'><i class='mdi-action-check-circle'></i></td>
<td class='timestamp'>09:16:31</td>
<td class='step-details'>Apr - 2021 To Date Added Successfully</td>
</tr>
<tr>
<td class='status info' title='info' alt='info'><i class='mdi-action-info-outline'></i></td>
<td class='timestamp'>09:16:49</td>
<td class='step-details'>Clicked On Build Report Button</td>
</tr>
<tr>
<td class='status pass' title='pass' alt='pass'><i class='mdi-action-check-circle'></i></td>
<td class='timestamp'>09:16:52</td>
<td class='step-details'>Report Generated <img class='report-img' data-featherlight='../ExtentReports/Screenshots/screen20210901091652.png' src='../ExtentReports/Screenshots/screen20210901091652.png' /></td>
</tr>
<tr>
<td class='status pass' title='pass' alt='pass'><i class='mdi-action-check-circle'></i></td>
<td class='timestamp'>09:16:52</td>
<td class='step-details'>Report Header Name Matched</td>
</tr>
<tr>
<td class='status pass' title='pass' alt='pass'><i class='mdi-action-check-circle'></i></td>
<td class='timestamp'>09:16:52</td>
<td class='step-details'>Report Generated Successfully</td>
</tr>
<tr>
<td class='status pass' title='pass' alt='pass'><i class='mdi-action-check-circle'></i></td>
<td class='timestamp'>09:16:53</td>
<td class='step-details'>Clicked on Export To PDF Link</td>
</tr>
<tr>
<td class='status pass' title='pass' alt='pass'><i class='mdi-action-check-circle'></i></td>
<td class='timestamp'>09:17:11</td>
<td class='step-details'>Pdf Generated <img class='report-img' data-featherlight='../ExtentReports/Screenshots/screen20210901091653.png' src='../ExtentReports/Screenshots/screen20210901091653.png' /></td>
</tr>
<tr>
<td class='status pass' title='pass' alt='pass'><i class='mdi-action-check-circle'></i></td>
<td class='timestamp'>09:17:16</td>
<td class='step-details'>Clicked on Build Report Button</td>
</tr>
<tr>
<td class='status pass' title='pass' alt='pass'><i class='mdi-action-check-circle'></i></td>
<td class='timestamp'>09:17:32</td>
<td class='step-details'>Clicked on Export to Excel Link</td>
</tr>
<tr>
<td class='status fail' title='fail' alt='fail'><i class='mdi-navigation-cancel'></i></td>
<td class='timestamp'>09:17:37</td>
<td class='step-details'>Excel file is not Downloaded Successfully</td>
</tr>
<tr>
<td class='status pass' title='pass' alt='pass'><i class='mdi-action-check-circle'></i></td>
<td class='timestamp'>09:17:38</td>
<td class='step-details'>Clicked on Filter</td>
</tr>
<tr>
<td class='status pass' title='pass' alt='pass'><i class='mdi-action-check-circle'></i></td>
<td class='timestamp'>09:17:41</td>
<td class='step-details'>Clicked on Add Filter Button From Filter</td>
</tr>
<tr>
<td class='status pass' title='pass' alt='pass'><i class='mdi-action-check-circle'></i></td>
<td class='timestamp'>09:17:50</td>
<td class='step-details'>Filter Selected Successfully From Dropdown</td>
</tr>
<tr>
<td class='status pass' title='pass' alt='pass'><i class='mdi-action-check-circle'></i></td>
<td class='timestamp'>09:17:56</td>
<td class='step-details'>Filter Condition Selected Successfully</td>
</tr>
<tr>
<td class='status pass' title='pass' alt='pass'><i class='mdi-action-check-circle'></i></td>
<td class='timestamp'>09:17:57</td>
<td class='step-details'>Parameter Selected Successfully</td>
</tr>
<tr>
<td class='status pass' title='pass' alt='pass'><i class='mdi-action-check-circle'></i></td>
<td class='timestamp'>09:17:59</td>
<td class='step-details'>Clicked on Add Filter Button</td>
</tr>
<tr>
<td class='status pass' title='pass' alt='pass'><i class='mdi-action-check-circle'></i></td>
<td class='timestamp'>09:18:21</td>
<td class='step-details'>Clicked on Build Report Button</td>
</tr>
<tr>
<td class='status pass' title='pass' alt='pass'><i class='mdi-action-check-circle'></i></td>
<td class='timestamp'>09:18:26</td>
<td class='step-details'>testMissingPayrollReport Test has been Passed1</td>
</tr>
<tr>
<td class='status pass' title='pass' alt='pass'><i class='mdi-action-check-circle'></i></td>
<td class='timestamp'>09:18:26</td>
<td class='step-details'>Test Ended</td>
</tr>
</tbody>
</table>
<ul class='collapsible node-list' data-collapsible='accordion'>
</ul>
</div>
</div>
</li>
<li class='collection-item test displayed active fail ' extentid='d16f56c8-29b8-4f43-a3b8-88af0d3a7bdf'>
<div class='test-head'>
<span class='test-name'>Report_SponsorProjectDetailTC :: testSponsorProjectDetail </span>
<span class='test-status label right outline capitalize fail'>fail</span>
<span class='category-assigned hide  functionaltest'></span>
</div>
<div class='test-body'>
<div class='test-info'>
<span title='Test started time' alt='Test started time' class='test-started-time label green lighten-1 text-white'>2021-09-01 09:18:39</span>
<span title='Test ended time' alt='Test ended time' class='test-ended-time label red lighten-1 text-white'>2021-09-01 09:20:31</span>
<span title='Time taken to finish' alt='Time taken to finish' class='test-time-taken label blue-grey lighten-3 text-white'>0h 1m 51s+492ms</span>
</div>
<div class='test-desc'>testSponsorProjectDetail</div>
<div class='test-attributes'>
<div class='categories'>
<span class='category text-white'>Functional Test</span>
</div>
<div class='authors'>
<span class='author text-white'>Kiran Pirangute</span>
</div>
</div>
<div class='test-steps'>
<table class='bordered table-results'>
<thead>
<tr>
<th>Status</th>
<th>Timestamp</th>
<th>Details</th>
</tr>
</thead>
<tbody>
<tr>
<td class='status pass' title='pass' alt='pass'><i class='mdi-action-check-circle'></i></td>
<td class='timestamp'>09:18:39</td>
<td class='step-details'>Test Started</td>
</tr>
<tr>
<td class='status pass' title='pass' alt='pass'><i class='mdi-action-check-circle'></i></td>
<td class='timestamp'>09:18:39</td>
<td class='step-details'>Browser Name chrome</td>
</tr>
<tr>
<td class='status pass' title='pass' alt='pass'><i class='mdi-action-check-circle'></i></td>
<td class='timestamp'>09:19:24</td>
<td class='step-details'>https://beta.wrapportal.com/login.aspx?ReturnUrl=%2f Current Url</td>
</tr>
<tr>
<td class='status pass' title='pass' alt='pass'><i class='mdi-action-check-circle'></i></td>
<td class='timestamp'>09:19:24</td>
<td class='step-details'>nourlockton User Name Entered Successfully</td>
</tr>
<tr>
<td class='status pass' title='pass' alt='pass'><i class='mdi-action-check-circle'></i></td>
<td class='timestamp'>09:19:24</td>
<td class='step-details'>kEPl*DiRJ1 Password Entered Successfully</td>
</tr>
<tr>
<td class='status info' title='info' alt='info'><i class='mdi-action-info-outline'></i></td>
<td class='timestamp'>09:19:25</td>
<td class='step-details'>Clicked On Login Button</td>
</tr>
<tr>
<td class='status pass' title='pass' alt='pass'><i class='mdi-action-check-circle'></i></td>
<td class='timestamp'>09:19:25</td>
<td class='step-details'>Login Successfully</td>
</tr>
<tr>
<td class='status info' title='info' alt='info'><i class='mdi-action-info-outline'></i></td>
<td class='timestamp'>09:19:41</td>
<td class='step-details'>Clicked on Report Module Icon</td>
</tr>
<tr>
<td class='status info' title='info' alt='info'><i class='mdi-action-info-outline'></i></td>
<td class='timestamp'>09:19:43</td>
<td class='step-details'>JE Dunn-Dunn V Program Select Form Dropdown</td>
</tr>
<tr>
<td class='status pass' title='pass' alt='pass'><i class='mdi-action-check-circle'></i></td>
<td class='timestamp'>09:19:48</td>
<td class='step-details'>Sponsor Program Detail Report is Selected</td>
</tr>
<tr>
<td class='status pass' title='pass' alt='pass'><i class='mdi-action-check-circle'></i></td>
<td class='timestamp'>09:19:50</td>
<td class='step-details'>All Sub-Sponsors Selected Successfully</td>
</tr>
<tr>
<td class='status pass' title='pass' alt='pass'><i class='mdi-action-check-circle'></i></td>
<td class='timestamp'>09:19:50</td>
<td class='step-details'>2204 San Antonio Projects Project Selected Successfully</td>
</tr>
<tr>
<td class='status info' title='info' alt='info'><i class='mdi-action-info-outline'></i></td>
<td class='timestamp'>09:19:56</td>
<td class='step-details'>Clicked On Build Report Button</td>
</tr>
<tr>
<td class='status pass' title='pass' alt='pass'><i class='mdi-action-check-circle'></i></td>
<td class='timestamp'>09:19:59</td>
<td class='step-details'>Report Generated <img class='report-img' data-featherlight='../ExtentReports/Screenshots/screen20210901091959.png' src='../ExtentReports/Screenshots/screen20210901091959.png' /></td>
</tr>
<tr>
<td class='status pass' title='pass' alt='pass'><i class='mdi-action-check-circle'></i></td>
<td class='timestamp'>09:19:59</td>
<td class='step-details'>Report Header Name Matched</td>
</tr>
<tr>
<td class='status pass' title='pass' alt='pass'><i class='mdi-action-check-circle'></i></td>
<td class='timestamp'>09:19:59</td>
<td class='step-details'>Report Generated Successfully</td>
</tr>
<tr>
<td class='status pass' title='pass' alt='pass'><i class='mdi-action-check-circle'></i></td>
<td class='timestamp'>09:20:02</td>
<td class='step-details'>First Project Selected Successfully</td>
</tr>
<tr>
<td class='status pass' title='pass' alt='pass'><i class='mdi-action-check-circle'></i></td>
<td class='timestamp'>09:20:04</td>
<td class='step-details'>Clicked on Build Report Button</td>
</tr>
<tr>
<td class='status pass' title='pass' alt='pass'><i class='mdi-action-check-circle'></i></td>
<td class='timestamp'>09:20:07</td>
<td class='step-details'>Second Project Selected Successfully</td>
</tr>
<tr>
<td class='status pass' title='pass' alt='pass'><i class='mdi-action-check-circle'></i></td>
<td class='timestamp'>09:20:10</td>
<td class='step-details'>Clicked on Build Report Button</td>
</tr>
<tr>
<td class='status pass' title='pass' alt='pass'><i class='mdi-action-check-circle'></i></td>
<td class='timestamp'>09:20:10</td>
<td class='step-details'>Clicked on Export To PDF Link</td>
</tr>
<tr>
<td class='status pass' title='pass' alt='pass'><i class='mdi-action-check-circle'></i></td>
<td class='timestamp'>09:20:15</td>
<td class='step-details'>Pdf Generated <img class='report-img' data-featherlight='../ExtentReports/Screenshots/screen20210901092010.png' src='../ExtentReports/Screenshots/screen20210901092010.png' /></td>
</tr>
<tr>
<td class='status pass' title='pass' alt='pass'><i class='mdi-action-check-circle'></i></td>
<td class='timestamp'>09:20:20</td>
<td class='step-details'>Clicked on Build Report Button</td>
</tr>
<tr>
<td class='status pass' title='pass' alt='pass'><i class='mdi-action-check-circle'></i></td>
<td class='timestamp'>09:20:21</td>
<td class='step-details'>Clicked on Export to Excel Link</td>
</tr>
<tr>
<td class='status fail' title='fail' alt='fail'><i class='mdi-navigation-cancel'></i></td>
<td class='timestamp'>09:20:26</td>
<td class='step-details'>Excel file is not Downloaded Successfully</td>
</tr>
<tr>
<td class='status pass' title='pass' alt='pass'><i class='mdi-action-check-circle'></i></td>
<td class='timestamp'>09:20:31</td>
<td class='step-details'>testSponsorProjectDetail Test has been Passed1</td>
</tr>
<tr>
<td class='status pass' title='pass' alt='pass'><i class='mdi-action-check-circle'></i></td>
<td class='timestamp'>09:20:31</td>
<td class='step-details'>Test Ended</td>
</tr>
</tbody>
</table>
<ul class='collapsible node-list' data-collapsible='accordion'>
</ul>
</div>
</div>
</li>
<li class='collection-item test displayed active fail ' extentid='aea0cc9f-6e9f-493d-abf5-fa2429f4be0e'>
<div class='test-head'>
<span class='test-name'>Report_PayrollComparisonTC :: testPayrollComparison </span>
<span class='test-status label right outline capitalize fail'>fail</span>
<span class='category-assigned hide  functionaltest'></span>
</div>
<div class='test-body'>
<div class='test-info'>
<span title='Test started time' alt='Test started time' class='test-started-time label green lighten-1 text-white'>2021-09-01 09:20:39</span>
<span title='Test ended time' alt='Test ended time' class='test-ended-time label red lighten-1 text-white'>2021-09-01 09:23:06</span>
<span title='Time taken to finish' alt='Time taken to finish' class='test-time-taken label blue-grey lighten-3 text-white'>0h 2m 26s+672ms</span>
</div>
<div class='test-desc'>testPayrollComparison</div>
<div class='test-attributes'>
<div class='categories'>
<span class='category text-white'>Functional Test</span>
</div>
<div class='authors'>
<span class='author text-white'>Kiran Pirangute</span>
</div>
</div>
<div class='test-steps'>
<table class='bordered table-results'>
<thead>
<tr>
<th>Status</th>
<th>Timestamp</th>
<th>Details</th>
</tr>
</thead>
<tbody>
<tr>
<td class='status pass' title='pass' alt='pass'><i class='mdi-action-check-circle'></i></td>
<td class='timestamp'>09:20:39</td>
<td class='step-details'>Test Started</td>
</tr>
<tr>
<td class='status pass' title='pass' alt='pass'><i class='mdi-action-check-circle'></i></td>
<td class='timestamp'>09:20:39</td>
<td class='step-details'>Browser Name chrome</td>
</tr>
<tr>
<td class='status pass' title='pass' alt='pass'><i class='mdi-action-check-circle'></i></td>
<td class='timestamp'>09:21:06</td>
<td class='step-details'>https://beta.wrapportal.com/login.aspx?ReturnUrl=%2f Current Url</td>
</tr>
<tr>
<td class='status pass' title='pass' alt='pass'><i class='mdi-action-check-circle'></i></td>
<td class='timestamp'>09:21:06</td>
<td class='step-details'>nourlockton User Name Entered Successfully</td>
</tr>
<tr>
<td class='status pass' title='pass' alt='pass'><i class='mdi-action-check-circle'></i></td>
<td class='timestamp'>09:21:06</td>
<td class='step-details'>kEPl*DiRJ1 Password Entered Successfully</td>
</tr>
<tr>
<td class='status info' title='info' alt='info'><i class='mdi-action-info-outline'></i></td>
<td class='timestamp'>09:21:08</td>
<td class='step-details'>Clicked On Login Button</td>
</tr>
<tr>
<td class='status pass' title='pass' alt='pass'><i class='mdi-action-check-circle'></i></td>
<td class='timestamp'>09:21:08</td>
<td class='step-details'>Login Successfully</td>
</tr>
<tr>
<td class='status info' title='info' alt='info'><i class='mdi-action-info-outline'></i></td>
<td class='timestamp'>09:21:25</td>
<td class='step-details'>Clicked on Report Module Icon</td>
</tr>
<tr>
<td class='status info' title='info' alt='info'><i class='mdi-action-info-outline'></i></td>
<td class='timestamp'>09:21:27</td>
<td class='step-details'>JE Dunn-Dunn V Program Select Form Dropdown</td>
</tr>
<tr>
<td class='status pass' title='pass' alt='pass'><i class='mdi-action-check-circle'></i></td>
<td class='timestamp'>09:21:33</td>
<td class='step-details'>Payroll Comparison Report is Selected</td>
</tr>
<tr>
<td class='status pass' title='pass' alt='pass'><i class='mdi-action-check-circle'></i></td>
<td class='timestamp'>09:21:36</td>
<td class='step-details'>All Sub-Sponsors Selected Successfully</td>
</tr>
<tr>
<td class='status pass' title='pass' alt='pass'><i class='mdi-action-check-circle'></i></td>
<td class='timestamp'>09:21:36</td>
<td class='step-details'>2204 San Antonio Projects Project Selected Successfully</td>
</tr>
<tr>
<td class='status pass' title='pass' alt='pass'><i class='mdi-action-check-circle'></i></td>
<td class='timestamp'>09:21:36</td>
<td class='step-details'>From Date Selected Successfully</td>
</tr>
<tr>
<td class='status pass' title='pass' alt='pass'><i class='mdi-action-check-circle'></i></td>
<td class='timestamp'>09:21:36</td>
<td class='step-details'>To Date Selected Successfully</td>
</tr>
<tr>
<td class='status info' title='info' alt='info'><i class='mdi-action-info-outline'></i></td>
<td class='timestamp'>09:21:45</td>
<td class='step-details'>Clicked On Build Report Button</td>
</tr>
<tr>
<td class='status pass' title='pass' alt='pass'><i class='mdi-action-check-circle'></i></td>
<td class='timestamp'>09:21:48</td>
<td class='step-details'>Report Generated <img class='report-img' data-featherlight='../ExtentReports/Screenshots/screen20210901092148.png' src='../ExtentReports/Screenshots/screen20210901092148.png' /></td>
</tr>
<tr>
<td class='status pass' title='pass' alt='pass'><i class='mdi-action-check-circle'></i></td>
<td class='timestamp'>09:21:48</td>
<td class='step-details'>Report Header Name Matched</td>
</tr>
<tr>
<td class='status pass' title='pass' alt='pass'><i class='mdi-action-check-circle'></i></td>
<td class='timestamp'>09:21:48</td>
<td class='step-details'>Report Generated Successfully</td>
</tr>
<tr>
<td class='status pass' title='pass' alt='pass'><i class='mdi-action-check-circle'></i></td>
<td class='timestamp'>09:21:51</td>
<td class='step-details'>First Project Selected Successfully</td>
</tr>
<tr>
<td class='status pass' title='pass' alt='pass'><i class='mdi-action-check-circle'></i></td>
<td class='timestamp'>09:22:08</td>
<td class='step-details'>Clicked on Build Report Button</td>
</tr>
<tr>
<td class='status pass' title='pass' alt='pass'><i class='mdi-action-check-circle'></i></td>
<td class='timestamp'>09:22:11</td>
<td class='step-details'>Second Project Selected Successfully</td>
</tr>
<tr>
<td class='status pass' title='pass' alt='pass'><i class='mdi-action-check-circle'></i></td>
<td class='timestamp'>09:22:19</td>
<td class='step-details'>Clicked on Build Report Button</td>
</tr>
<tr>
<td class='status pass' title='pass' alt='pass'><i class='mdi-action-check-circle'></i></td>
<td class='timestamp'>09:22:19</td>
<td class='step-details'>Clicked on Export to Excel Link</td>
</tr>
<tr>
<td class='status fail' title='fail' alt='fail'><i class='mdi-navigation-cancel'></i></td>
<td class='timestamp'>09:22:24</td>
<td class='step-details'>Excel file is not Downloaded Successfully</td>
</tr>
<tr>
<td class='status pass' title='pass' alt='pass'><i class='mdi-action-check-circle'></i></td>
<td class='timestamp'>09:22:26</td>
<td class='step-details'>Clicked on Filter</td>
</tr>
<tr>
<td class='status pass' title='pass' alt='pass'><i class='mdi-action-check-circle'></i></td>
<td class='timestamp'>09:22:29</td>
<td class='step-details'>Clicked on Add Filter Button From Filter</td>
</tr>
<tr>
<td class='status pass' title='pass' alt='pass'><i class='mdi-action-check-circle'></i></td>
<td class='timestamp'>09:22:41</td>
<td class='step-details'>Filter Selected Successfully From Dropdown</td>
</tr>
<tr>
<td class='status pass' title='pass' alt='pass'><i class='mdi-action-check-circle'></i></td>
<td class='timestamp'>09:22:44</td>
<td class='step-details'>Filter Condition Selected Successfully</td>
</tr>
<tr>
<td class='status pass' title='pass' alt='pass'><i class='mdi-action-check-circle'></i></td>
<td class='timestamp'>09:22:49</td>
<td class='step-details'>Parameter Selected Successfully</td>
</tr>
<tr>
<td class='status pass' title='pass' alt='pass'><i class='mdi-action-check-circle'></i></td>
<td class='timestamp'>09:22:52</td>
<td class='step-details'>Clicked on Add Filter Button</td>
</tr>
<tr>
<td class='status pass' title='pass' alt='pass'><i class='mdi-action-check-circle'></i></td>
<td class='timestamp'>09:23:00</td>
<td class='step-details'>Clicked on Build Report Button</td>
</tr>
<tr>
<td class='status pass' title='pass' alt='pass'><i class='mdi-action-check-circle'></i></td>
<td class='timestamp'>09:23:06</td>
<td class='step-details'>testPayrollComparison Test has been Passed1</td>
</tr>
<tr>
<td class='status pass' title='pass' alt='pass'><i class='mdi-action-check-circle'></i></td>
<td class='timestamp'>09:23:06</td>
<td class='step-details'>Test Ended</td>
</tr>
</tbody>
</table>
<ul class='collapsible node-list' data-collapsible='accordion'>
</ul>
</div>
</div>
</li>
<li class='collection-item test displayed active fail ' extentid='66cfaa16-4412-4440-be21-868cc2b2b465'>
<div class='test-head'>
<span class='test-name'>Report_PayrollToCVPercentageTC :: testPayrollToCVPercentage </span>
<span class='test-status label right outline capitalize fail'>fail</span>
<span class='category-assigned hide  functionaltest'></span>
</div>
<div class='test-body'>
<div class='test-info'>
<span title='Test started time' alt='Test started time' class='test-started-time label green lighten-1 text-white'>2021-09-01 09:23:23</span>
<span title='Test ended time' alt='Test ended time' class='test-ended-time label red lighten-1 text-white'>2021-09-01 09:26:21</span>
<span title='Time taken to finish' alt='Time taken to finish' class='test-time-taken label blue-grey lighten-3 text-white'>0h 2m 58s+42ms</span>
</div>
<div class='test-desc'>testPayrollToCVPercentage</div>
<div class='test-attributes'>
<div class='categories'>
<span class='category text-white'>Functional Test</span>
</div>
<div class='authors'>
<span class='author text-white'>Kiran Pirangute</span>
</div>
</div>
<div class='test-steps'>
<table class='bordered table-results'>
<thead>
<tr>
<th>Status</th>
<th>Timestamp</th>
<th>Details</th>
</tr>
</thead>
<tbody>
<tr>
<td class='status pass' title='pass' alt='pass'><i class='mdi-action-check-circle'></i></td>
<td class='timestamp'>09:23:23</td>
<td class='step-details'>Test Started</td>
</tr>
<tr>
<td class='status pass' title='pass' alt='pass'><i class='mdi-action-check-circle'></i></td>
<td class='timestamp'>09:23:23</td>
<td class='step-details'>Browser Name chrome</td>
</tr>
<tr>
<td class='status pass' title='pass' alt='pass'><i class='mdi-action-check-circle'></i></td>
<td class='timestamp'>09:23:48</td>
<td class='step-details'>https://beta.wrapportal.com/login.aspx?ReturnUrl=%2f Current Url</td>
</tr>
<tr>
<td class='status pass' title='pass' alt='pass'><i class='mdi-action-check-circle'></i></td>
<td class='timestamp'>09:23:49</td>
<td class='step-details'>nourlockton User Name Entered Successfully</td>
</tr>
<tr>
<td class='status pass' title='pass' alt='pass'><i class='mdi-action-check-circle'></i></td>
<td class='timestamp'>09:23:49</td>
<td class='step-details'>kEPl*DiRJ1 Password Entered Successfully</td>
</tr>
<tr>
<td class='status info' title='info' alt='info'><i class='mdi-action-info-outline'></i></td>
<td class='timestamp'>09:23:50</td>
<td class='step-details'>Clicked On Login Button</td>
</tr>
<tr>
<td class='status pass' title='pass' alt='pass'><i class='mdi-action-check-circle'></i></td>
<td class='timestamp'>09:23:50</td>
<td class='step-details'>Login Successfully</td>
</tr>
<tr>
<td class='status info' title='info' alt='info'><i class='mdi-action-info-outline'></i></td>
<td class='timestamp'>09:24:16</td>
<td class='step-details'>Clicked on Report Module Icon</td>
</tr>
<tr>
<td class='status info' title='info' alt='info'><i class='mdi-action-info-outline'></i></td>
<td class='timestamp'>09:24:18</td>
<td class='step-details'>JE Dunn-Dunn VRespective Program Select Form Dropdown</td>
</tr>
<tr>
<td class='status pass' title='pass' alt='pass'><i class='mdi-action-check-circle'></i></td>
<td class='timestamp'>09:24:24</td>
<td class='step-details'>Payroll to CV Percentage Report is Selected</td>
</tr>
<tr>
<td class='status pass' title='pass' alt='pass'><i class='mdi-action-check-circle'></i></td>
<td class='timestamp'>09:24:33</td>
<td class='step-details'>All Sub-Sponsors Selected Successfully</td>
</tr>
<tr>
<td class='status pass' title='pass' alt='pass'><i class='mdi-action-check-circle'></i></td>
<td class='timestamp'>09:24:33</td>
<td class='step-details'>2204 San Antonio Projects Project Selected Successfully</td>
</tr>
<tr>
<td class='status info' title='info' alt='info'><i class='mdi-action-info-outline'></i></td>
<td class='timestamp'>09:24:34</td>
<td class='step-details'>Clicked On Build Report Button</td>
</tr>
<tr>
<td class='status pass' title='pass' alt='pass'><i class='mdi-action-check-circle'></i></td>
<td class='timestamp'>09:24:38</td>
<td class='step-details'>Report Generated<img class='report-img' data-featherlight='../ExtentReports/Screenshots/screen20210901092437.png' src='../ExtentReports/Screenshots/screen20210901092437.png' /></td>
</tr>
<tr>
<td class='status pass' title='pass' alt='pass'><i class='mdi-action-check-circle'></i></td>
<td class='timestamp'>09:24:38</td>
<td class='step-details'>Report Header Name Matched</td>
</tr>
<tr>
<td class='status pass' title='pass' alt='pass'><i class='mdi-action-check-circle'></i></td>
<td class='timestamp'>09:24:38</td>
<td class='step-details'>Report Generated Successfully</td>
</tr>
<tr>
<td class='status pass' title='pass' alt='pass'><i class='mdi-action-check-circle'></i></td>
<td class='timestamp'>09:24:41</td>
<td class='step-details'>First Project Selected Successfully</td>
</tr>
<tr>
<td class='status pass' title='pass' alt='pass'><i class='mdi-action-check-circle'></i></td>
<td class='timestamp'>09:24:48</td>
<td class='step-details'>Clicked on Build Report Button</td>
</tr>
<tr>
<td class='status pass' title='pass' alt='pass'><i class='mdi-action-check-circle'></i></td>
<td class='timestamp'>09:24:51</td>
<td class='step-details'>Second Project Selected Successfully</td>
</tr>
<tr>
<td class='status pass' title='pass' alt='pass'><i class='mdi-action-check-circle'></i></td>
<td class='timestamp'>09:24:54</td>
<td class='step-details'>Clicked on Build Report Button</td>
</tr>
<tr>
<td class='status pass' title='pass' alt='pass'><i class='mdi-action-check-circle'></i></td>
<td class='timestamp'>09:24:54</td>
<td class='step-details'>Clicked on Export To PDF Link</td>
</tr>
<tr>
<td class='status pass' title='pass' alt='pass'><i class='mdi-action-check-circle'></i></td>
<td class='timestamp'>09:25:00</td>
<td class='step-details'>Pdf Generated <img class='report-img' data-featherlight='../ExtentReports/Screenshots/screen20210901092455.png' src='../ExtentReports/Screenshots/screen20210901092455.png' /></td>
</tr>
<tr>
<td class='status pass' title='pass' alt='pass'><i class='mdi-action-check-circle'></i></td>
<td class='timestamp'>09:25:05</td>
<td class='step-details'>Clicked on Build Report Button</td>
</tr>
<tr>
<td class='status pass' title='pass' alt='pass'><i class='mdi-action-check-circle'></i></td>
<td class='timestamp'>09:25:09</td>
<td class='step-details'>Clicked on Export to Excel Link</td>
</tr>
<tr>
<td class='status fail' title='fail' alt='fail'><i class='mdi-navigation-cancel'></i></td>
<td class='timestamp'>09:25:14</td>
<td class='step-details'>Excel file is not Downloaded Successfully</td>
</tr>
<tr>
<td class='status pass' title='pass' alt='pass'><i class='mdi-action-check-circle'></i></td>
<td class='timestamp'>09:25:14</td>
<td class='step-details'>Clicked on Filter</td>
</tr>
<tr>
<td class='status pass' title='pass' alt='pass'><i class='mdi-action-check-circle'></i></td>
<td class='timestamp'>09:25:17</td>
<td class='step-details'>Clicked on Add Filter Button From Filter</td>
</tr>
<tr>
<td class='status pass' title='pass' alt='pass'><i class='mdi-action-check-circle'></i></td>
<td class='timestamp'>09:25:39</td>
<td class='step-details'>Filter Selected Successfully From Dropdown</td>
</tr>
<tr>
<td class='status pass' title='pass' alt='pass'><i class='mdi-action-check-circle'></i></td>
<td class='timestamp'>09:25:45</td>
<td class='step-details'>Filter Condition Selected Successfully</td>
</tr>
<tr>
<td class='status pass' title='pass' alt='pass'><i class='mdi-action-check-circle'></i></td>
<td class='timestamp'>09:25:46</td>
<td class='step-details'>Parameter Selected Successfully</td>
</tr>
<tr>
<td class='status pass' title='pass' alt='pass'><i class='mdi-action-check-circle'></i></td>
<td class='timestamp'>09:25:56</td>
<td class='step-details'>Clicked on Add Filter Button</td>
</tr>
<tr>
<td class='status pass' title='pass' alt='pass'><i class='mdi-action-check-circle'></i></td>
<td class='timestamp'>09:26:16</td>
<td class='step-details'>Clicked on Build Report Button</td>
</tr>
<tr>
<td class='status pass' title='pass' alt='pass'><i class='mdi-action-check-circle'></i></td>
<td class='timestamp'>09:26:21</td>
<td class='step-details'>testPayrollToCVPercentage Test has been Passed1</td>
</tr>
<tr>
<td class='status pass' title='pass' alt='pass'><i class='mdi-action-check-circle'></i></td>
<td class='timestamp'>09:26:21</td>
<td class='step-details'>Test Ended</td>
</tr>
</tbody>
</table>
<ul class='collapsible node-list' data-collapsible='accordion'>
</ul>
</div>
</div>
</li>
<li class='collection-item test displayed active fail ' extentid='4c21b0c7-7c7c-4073-8979-5fd2f4c74afa'>
<div class='test-head'>
<span class='test-name'>Report_SuspendedPayrollReportTC :: testSuspendedPayrollReport </span>
<span class='test-status label right outline capitalize fail'>fail</span>
<span class='category-assigned hide  functionaltest'></span>
</div>
<div class='test-body'>
<div class='test-info'>
<span title='Test started time' alt='Test started time' class='test-started-time label green lighten-1 text-white'>2021-09-01 09:26:41</span>
<span title='Test ended time' alt='Test ended time' class='test-ended-time label red lighten-1 text-white'>2021-09-01 09:29:22</span>
<span title='Time taken to finish' alt='Time taken to finish' class='test-time-taken label blue-grey lighten-3 text-white'>0h 2m 40s+950ms</span>
</div>
<div class='test-desc'>testSuspendedPayrollReport</div>
<div class='test-attributes'>
<div class='categories'>
<span class='category text-white'>Functional Test</span>
</div>
<div class='authors'>
<span class='author text-white'>Kiran Pirangute</span>
</div>
</div>
<div class='test-steps'>
<table class='bordered table-results'>
<thead>
<tr>
<th>Status</th>
<th>Timestamp</th>
<th>Details</th>
</tr>
</thead>
<tbody>
<tr>
<td class='status pass' title='pass' alt='pass'><i class='mdi-action-check-circle'></i></td>
<td class='timestamp'>09:26:41</td>
<td class='step-details'>Test Started</td>
</tr>
<tr>
<td class='status pass' title='pass' alt='pass'><i class='mdi-action-check-circle'></i></td>
<td class='timestamp'>09:26:41</td>
<td class='step-details'>Browser Name chrome</td>
</tr>
<tr>
<td class='status pass' title='pass' alt='pass'><i class='mdi-action-check-circle'></i></td>
<td class='timestamp'>09:27:17</td>
<td class='step-details'>https://beta.wrapportal.com/login.aspx?ReturnUrl=%2f Current Url</td>
</tr>
<tr>
<td class='status pass' title='pass' alt='pass'><i class='mdi-action-check-circle'></i></td>
<td class='timestamp'>09:27:17</td>
<td class='step-details'>nourlockton User Name Entered Successfully</td>
</tr>
<tr>
<td class='status pass' title='pass' alt='pass'><i class='mdi-action-check-circle'></i></td>
<td class='timestamp'>09:27:17</td>
<td class='step-details'>kEPl*DiRJ1 Password Entered Successfully</td>
</tr>
<tr>
<td class='status info' title='info' alt='info'><i class='mdi-action-info-outline'></i></td>
<td class='timestamp'>09:27:19</td>
<td class='step-details'>Clicked On Login Button</td>
</tr>
<tr>
<td class='status pass' title='pass' alt='pass'><i class='mdi-action-check-circle'></i></td>
<td class='timestamp'>09:27:19</td>
<td class='step-details'>Login Successfully</td>
</tr>
<tr>
<td class='status info' title='info' alt='info'><i class='mdi-action-info-outline'></i></td>
<td class='timestamp'>09:27:36</td>
<td class='step-details'>Clicked on Report Module Icon</td>
</tr>
<tr>
<td class='status info' title='info' alt='info'><i class='mdi-action-info-outline'></i></td>
<td class='timestamp'>09:27:38</td>
<td class='step-details'>JE Dunn-Dunn V Program Select Form Dropdown</td>
</tr>
<tr>
<td class='status pass' title='pass' alt='pass'><i class='mdi-action-check-circle'></i></td>
<td class='timestamp'>09:27:43</td>
<td class='step-details'>Suspended Payroll Report Report is Selected</td>
</tr>
<tr>
<td class='status pass' title='pass' alt='pass'><i class='mdi-action-check-circle'></i></td>
<td class='timestamp'>09:27:54</td>
<td class='step-details'>All Sub-Sponsors Selected Successfully</td>
</tr>
<tr>
<td class='status pass' title='pass' alt='pass'><i class='mdi-action-check-circle'></i></td>
<td class='timestamp'>09:27:55</td>
<td class='step-details'>2204 San Antonio Projects Project Selected Successfully</td>
</tr>
<tr>
<td class='status pass' title='pass' alt='pass'><i class='mdi-action-check-circle'></i></td>
<td class='timestamp'>09:27:59</td>
<td class='step-details'>Contractor Selected Successfully</td>
</tr>
<tr>
<td class='status info' title='info' alt='info'><i class='mdi-action-info-outline'></i></td>
<td class='timestamp'>09:28:06</td>
<td class='step-details'>Clicked On Build Report Button</td>
</tr>
<tr>
<td class='status pass' title='pass' alt='pass'><i class='mdi-action-check-circle'></i></td>
<td class='timestamp'>09:28:10</td>
<td class='step-details'>Report Generated <img class='report-img' data-featherlight='../ExtentReports/Screenshots/screen20210901092809.png' src='../ExtentReports/Screenshots/screen20210901092809.png' /></td>
</tr>
<tr>
<td class='status pass' title='pass' alt='pass'><i class='mdi-action-check-circle'></i></td>
<td class='timestamp'>09:28:10</td>
<td class='step-details'>Report Header Name Matched</td>
</tr>
<tr>
<td class='status pass' title='pass' alt='pass'><i class='mdi-action-check-circle'></i></td>
<td class='timestamp'>09:28:10</td>
<td class='step-details'>Report Generated Successfully</td>
</tr>
<tr>
<td class='status pass' title='pass' alt='pass'><i class='mdi-action-check-circle'></i></td>
<td class='timestamp'>09:28:13</td>
<td class='step-details'>First Project Selected Successfully</td>
</tr>
<tr>
<td class='status pass' title='pass' alt='pass'><i class='mdi-action-check-circle'></i></td>
<td class='timestamp'>09:28:25</td>
<td class='step-details'>Clicked on Build Report Button</td>
</tr>
<tr>
<td class='status pass' title='pass' alt='pass'><i class='mdi-action-check-circle'></i></td>
<td class='timestamp'>09:28:28</td>
<td class='step-details'>Second Project Selected Successfully</td>
</tr>
<tr>
<td class='status pass' title='pass' alt='pass'><i class='mdi-action-check-circle'></i></td>
<td class='timestamp'>09:28:33</td>
<td class='step-details'>Clicked on Build Report Button</td>
</tr>
<tr>
<td class='status pass' title='pass' alt='pass'><i class='mdi-action-check-circle'></i></td>
<td class='timestamp'>09:28:33</td>
<td class='step-details'>Clicked on Export To PDF Link</td>
</tr>
<tr>
<td class='status pass' title='pass' alt='pass'><i class='mdi-action-check-circle'></i></td>
<td class='timestamp'>09:28:37</td>
<td class='step-details'>Pdf Generated <img class='report-img' data-featherlight='../ExtentReports/Screenshots/screen20210901092833.png' src='../ExtentReports/Screenshots/screen20210901092833.png' /></td>
</tr>
<tr>
<td class='status pass' title='pass' alt='pass'><i class='mdi-action-check-circle'></i></td>
<td class='timestamp'>09:28:42</td>
<td class='step-details'>Clicked on Build Report Button</td>
</tr>
<tr>
<td class='status pass' title='pass' alt='pass'><i class='mdi-action-check-circle'></i></td>
<td class='timestamp'>09:28:50</td>
<td class='step-details'>Clicked on Export to Excel Link</td>
</tr>
<tr>
<td class='status fail' title='fail' alt='fail'><i class='mdi-navigation-cancel'></i></td>
<td class='timestamp'>09:28:55</td>
<td class='step-details'>Excel file is not Downloaded Successfully</td>
</tr>
<tr>
<td class='status pass' title='pass' alt='pass'><i class='mdi-action-check-circle'></i></td>
<td class='timestamp'>09:28:55</td>
<td class='step-details'>Clicked on Filter</td>
</tr>
<tr>
<td class='status pass' title='pass' alt='pass'><i class='mdi-action-check-circle'></i></td>
<td class='timestamp'>09:28:58</td>
<td class='step-details'>Clicked on Add Filter Button From Filter</td>
</tr>
<tr>
<td class='status pass' title='pass' alt='pass'><i class='mdi-action-check-circle'></i></td>
<td class='timestamp'>09:29:06</td>
<td class='step-details'>Filter Selected Successfully From Dropdown</td>
</tr>
<tr>
<td class='status pass' title='pass' alt='pass'><i class='mdi-action-check-circle'></i></td>
<td class='timestamp'>09:29:09</td>
<td class='step-details'>Filter Condition Selected Successfully</td>
</tr>
<tr>
<td class='status pass' title='pass' alt='pass'><i class='mdi-action-check-circle'></i></td>
<td class='timestamp'>09:29:11</td>
<td class='step-details'>Parameter Selected Successfully</td>
</tr>
<tr>
<td class='status pass' title='pass' alt='pass'><i class='mdi-action-check-circle'></i></td>
<td class='timestamp'>09:29:12</td>
<td class='step-details'>Clicked on Add Filter Button</td>
</tr>
<tr>
<td class='status pass' title='pass' alt='pass'><i class='mdi-action-check-circle'></i></td>
<td class='timestamp'>09:29:17</td>
<td class='step-details'>Clicked on Build Report Button</td>
</tr>
<tr>
<td class='status pass' title='pass' alt='pass'><i class='mdi-action-check-circle'></i></td>
<td class='timestamp'>09:29:22</td>
<td class='step-details'>testSuspendedPayrollReport Test has been Passed1</td>
</tr>
<tr>
<td class='status pass' title='pass' alt='pass'><i class='mdi-action-check-circle'></i></td>
<td class='timestamp'>09:29:22</td>
<td class='step-details'>Test Ended</td>
</tr>
</tbody>
</table>
<ul class='collapsible node-list' data-collapsible='accordion'>
</ul>
</div>
</div>
</li>
<li class='collection-item test displayed active fail ' extentid='fd246e19-41ab-4a86-947b-38d43a63927c'>
<div class='test-head'>
<span class='test-name'>Report_TotalMonthlyPayrollTC :: testTotalMonthlyPayroll </span>
<span class='test-status label right outline capitalize fail'>fail</span>
<span class='category-assigned hide  functionaltest'></span>
</div>
<div class='test-body'>
<div class='test-info'>
<span title='Test started time' alt='Test started time' class='test-started-time label green lighten-1 text-white'>2021-09-01 09:29:44</span>
<span title='Test ended time' alt='Test ended time' class='test-ended-time label red lighten-1 text-white'>2021-09-01 09:35:16</span>
<span title='Time taken to finish' alt='Time taken to finish' class='test-time-taken label blue-grey lighten-3 text-white'>0h 5m 31s+851ms</span>
</div>
<div class='test-desc'>testTotalMonthlyPayroll</div>
<div class='test-attributes'>
<div class='categories'>
<span class='category text-white'>Functional Test</span>
</div>
<div class='authors'>
<span class='author text-white'>Kiran Pirangute</span>
</div>
</div>
<div class='test-steps'>
<table class='bordered table-results'>
<thead>
<tr>
<th>Status</th>
<th>Timestamp</th>
<th>Details</th>
</tr>
</thead>
<tbody>
<tr>
<td class='status pass' title='pass' alt='pass'><i class='mdi-action-check-circle'></i></td>
<td class='timestamp'>09:29:44</td>
<td class='step-details'>Test Started</td>
</tr>
<tr>
<td class='status pass' title='pass' alt='pass'><i class='mdi-action-check-circle'></i></td>
<td class='timestamp'>09:29:44</td>
<td class='step-details'>Browser Name chrome</td>
</tr>
<tr>
<td class='status pass' title='pass' alt='pass'><i class='mdi-action-check-circle'></i></td>
<td class='timestamp'>09:30:41</td>
<td class='step-details'>https://beta.wrapportal.com/login.aspx?ReturnUrl=%2f Current Url</td>
</tr>
<tr>
<td class='status pass' title='pass' alt='pass'><i class='mdi-action-check-circle'></i></td>
<td class='timestamp'>09:30:41</td>
<td class='step-details'>nourlockton User Name Entered Successfully</td>
</tr>
<tr>
<td class='status pass' title='pass' alt='pass'><i class='mdi-action-check-circle'></i></td>
<td class='timestamp'>09:30:41</td>
<td class='step-details'>kEPl*DiRJ1 Password Entered Successfully</td>
</tr>
<tr>
<td class='status info' title='info' alt='info'><i class='mdi-action-info-outline'></i></td>
<td class='timestamp'>09:30:43</td>
<td class='step-details'>Clicked On Login Button</td>
</tr>
<tr>
<td class='status pass' title='pass' alt='pass'><i class='mdi-action-check-circle'></i></td>
<td class='timestamp'>09:30:43</td>
<td class='step-details'>Login Successfully</td>
</tr>
<tr>
<td class='status info' title='info' alt='info'><i class='mdi-action-info-outline'></i></td>
<td class='timestamp'>09:31:17</td>
<td class='step-details'>Clicked on Report Module Icon</td>
</tr>
<tr>
<td class='status info' title='info' alt='info'><i class='mdi-action-info-outline'></i></td>
<td class='timestamp'>09:31:19</td>
<td class='step-details'>JE Dunn-Dunn V Program Select Form Dropdown</td>
</tr>
<tr>
<td class='status pass' title='pass' alt='pass'><i class='mdi-action-check-circle'></i></td>
<td class='timestamp'>09:31:33</td>
<td class='step-details'>Total Monthly Payroll Report is Selected</td>
</tr>
<tr>
<td class='status pass' title='pass' alt='pass'><i class='mdi-action-check-circle'></i></td>
<td class='timestamp'>09:31:40</td>
<td class='step-details'>All Sub-Sponsors Selected Successfully</td>
</tr>
<tr>
<td class='status pass' title='pass' alt='pass'><i class='mdi-action-check-circle'></i></td>
<td class='timestamp'>09:31:40</td>
<td class='step-details'>2204 San Antonio Projects Project Selected Successfully</td>
</tr>
<tr>
<td class='status pass' title='pass' alt='pass'><i class='mdi-action-check-circle'></i></td>
<td class='timestamp'>09:31:46</td>
<td class='step-details'>From Date Selected Successfully</td>
</tr>
<tr>
<td class='status pass' title='pass' alt='pass'><i class='mdi-action-check-circle'></i></td>
<td class='timestamp'>09:31:46</td>
<td class='step-details'>To Date Selected Successfully</td>
</tr>
<tr>
<td class='status info' title='info' alt='info'><i class='mdi-action-info-outline'></i></td>
<td class='timestamp'>09:32:00</td>
<td class='step-details'>Clicked On Build Report Button</td>
</tr>
<tr>
<td class='status pass' title='pass' alt='pass'><i class='mdi-action-check-circle'></i></td>
<td class='timestamp'>09:32:03</td>
<td class='step-details'>Report Generated <img class='report-img' data-featherlight='../ExtentReports/Screenshots/screen20210901093203.png' src='../ExtentReports/Screenshots/screen20210901093203.png' /></td>
</tr>
<tr>
<td class='status pass' title='pass' alt='pass'><i class='mdi-action-check-circle'></i></td>
<td class='timestamp'>09:32:03</td>
<td class='step-details'>Report Header Name Matched</td>
</tr>
<tr>
<td class='status pass' title='pass' alt='pass'><i class='mdi-action-check-circle'></i></td>
<td class='timestamp'>09:32:03</td>
<td class='step-details'>Report Generated Successfully</td>
</tr>
<tr>
<td class='status pass' title='pass' alt='pass'><i class='mdi-action-check-circle'></i></td>
<td class='timestamp'>09:32:07</td>
<td class='step-details'>First Project Selected Successfully</td>
</tr>
<tr>
<td class='status pass' title='pass' alt='pass'><i class='mdi-action-check-circle'></i></td>
<td class='timestamp'>09:32:31</td>
<td class='step-details'>Clicked on Build Report Button</td>
</tr>
<tr>
<td class='status pass' title='pass' alt='pass'><i class='mdi-action-check-circle'></i></td>
<td class='timestamp'>09:32:35</td>
<td class='step-details'>Second Project Selected Successfully</td>
</tr>
<tr>
<td class='status pass' title='pass' alt='pass'><i class='mdi-action-check-circle'></i></td>
<td class='timestamp'>09:32:53</td>
<td class='step-details'>Clicked on Build Report Button</td>
</tr>
<tr>
<td class='status pass' title='pass' alt='pass'><i class='mdi-action-check-circle'></i></td>
<td class='timestamp'>09:32:54</td>
<td class='step-details'>Clicked on Export To PDF Link</td>
</tr>
<tr>
<td class='status pass' title='pass' alt='pass'><i class='mdi-action-check-circle'></i></td>
<td class='timestamp'>09:33:20</td>
<td class='step-details'>Pdf Generated <img class='report-img' data-featherlight='../ExtentReports/Screenshots/screen20210901093254.png' src='../ExtentReports/Screenshots/screen20210901093254.png' /></td>
</tr>
<tr>
<td class='status pass' title='pass' alt='pass'><i class='mdi-action-check-circle'></i></td>
<td class='timestamp'>09:33:25</td>
<td class='step-details'>Clicked on Build Report Button</td>
</tr>
<tr>
<td class='status pass' title='pass' alt='pass'><i class='mdi-action-check-circle'></i></td>
<td class='timestamp'>09:33:46</td>
<td class='step-details'>Clicked on Export to Excel Link</td>
</tr>
<tr>
<td class='status fail' title='fail' alt='fail'><i class='mdi-navigation-cancel'></i></td>
<td class='timestamp'>09:33:51</td>
<td class='step-details'>Excel file is not Downloaded Successfully</td>
</tr>
<tr>
<td class='status pass' title='pass' alt='pass'><i class='mdi-action-check-circle'></i></td>
<td class='timestamp'>09:33:51</td>
<td class='step-details'>Clicked on Filter</td>
</tr>
<tr>
<td class='status pass' title='pass' alt='pass'><i class='mdi-action-check-circle'></i></td>
<td class='timestamp'>09:33:54</td>
<td class='step-details'>Clicked on Add Filter Button From Filter</td>
</tr>
<tr>
<td class='status pass' title='pass' alt='pass'><i class='mdi-action-check-circle'></i></td>
<td class='timestamp'>09:34:28</td>
<td class='step-details'>Filter Selected Successfully From Dropdown</td>
</tr>
<tr>
<td class='status pass' title='pass' alt='pass'><i class='mdi-action-check-circle'></i></td>
<td class='timestamp'>09:34:34</td>
<td class='step-details'>Filter Condition Selected Successfully</td>
</tr>
<tr>
<td class='status pass' title='pass' alt='pass'><i class='mdi-action-check-circle'></i></td>
<td class='timestamp'>09:34:35</td>
<td class='step-details'>Parameter Selected Successfully</td>
</tr>
<tr>
<td class='status pass' title='pass' alt='pass'><i class='mdi-action-check-circle'></i></td>
<td class='timestamp'>09:34:53</td>
<td class='step-details'>Clicked on Add Filter Button</td>
</tr>
<tr>
<td class='status pass' title='pass' alt='pass'><i class='mdi-action-check-circle'></i></td>
<td class='timestamp'>09:35:11</td>
<td class='step-details'>Clicked on Build Report Button</td>
</tr>
<tr>
<td class='status pass' title='pass' alt='pass'><i class='mdi-action-check-circle'></i></td>
<td class='timestamp'>09:35:16</td>
<td class='step-details'>testTotalMonthlyPayroll Test has been Passed1</td>
</tr>
<tr>
<td class='status pass' title='pass' alt='pass'><i class='mdi-action-check-circle'></i></td>
<td class='timestamp'>09:35:16</td>
<td class='step-details'>Test Ended</td>
</tr>
</tbody>
</table>
<ul class='collapsible node-list' data-collapsible='accordion'>
</ul>
</div>
</div>
</li>
</ul>
</div>
</div>
</div>
</div>
<div id='test-details-wrapper' class='col _addedCell2'>
<div class='contents'>
<div class='card-panel details-view'>
<h5 class='details-name'></h5>
<div class='details-container'>
</div>
</div>
</div>
</div>
</div>
<!-- /tests -->

<!-- categories -->
<div id='categories-view' class='row _addedTable hide'>
<div class='col _addedCell1'>
<div class='contents'>
<div class='card-panel heading'>
<h5>Categories</h5>
</div>
<div class='card-panel filters'>
<div class='search' alt='Search tests' title='Search tests'>
<div class='input-field left'>
<input id='searchTests' type='text' class='validate' placeholder='Search tests...'>
</div>
<i class='mdi-action-search icon'></i>
</div>
</div>
<div class='card-panel no-padding-h no-padding-v'>
<div class='wrapper'>
<ul id='cat-collection' class='cat-collection'>
<li class='category-item displayed'>
<div class='cat-head'>
<span class='category-name'>Functional Test</span>
</div>
<div class='category-status-counts'>
<span class='pass label dot'>Pass: 3</span>
<span class='fail label dot'>Fail: 17</span>
</div>
<div class='cat-body'>
<div class='category-status-counts'>
<div class='button-group'>
<a href='#!' class='pass label filter'>Pass <span class='icon'>3</span></a>
<a href='#!' class='fail label filter'>Fail <span class='icon'>17</span></a>
<a href='#!' class='other label filter'>Others <span class='icon'>0</span></a>
</div>
</div>
<div class='cat-tests'>
<table class='bordered'>
<thead>
<tr>
<th>RunDate</th>
<th>Test Name</th>
<th>Status</th>
</tr>
</thead>
<tbody>
<tr class='fail'>
<td>2021-09-01 08:32:57</td>
<td><span class='category-link linked' extentid='329204eb-9468-4817-bcf2-3976b4ada69d'>Report_ContractorStandingReport_Test :: testContractorStandingReport</span></td>
<td><div class='status label capitalize fail'>fail</div></td>
</tr>
<tr class='fail'>
<td>2021-09-01 08:32:57</td>
<td><span class='category-link linked' extentid='329204eb-9468-4817-bcf2-3976b4ada69d'>Report_ContractorStandingReport_Test :: testContractorStandingReport</span></td>
<td><div class='status label capitalize fail'>fail</div></td>
</tr>
<tr class='pass'>
<td>2021-09-01 08:36:49</td>
<td><span class='category-link linked' extentid='154b8e53-bfb2-4475-8d09-e4e22e9b523e'>Report_ClaimCodingContractorSummaryReportTC :: testClaimsCodingContractorSummaryReport</span></td>
<td><div class='status label capitalize pass'>pass</div></td>
</tr>
<tr class='fail'>
<td>2021-09-01 08:38:22</td>
<td><span class='category-link linked' extentid='16632e2c-0b51-4f54-8fc9-deef8673e6af'>Report_ContractorAwardsTC :: testContractorAwards</span></td>
<td><div class='status label capitalize fail'>fail</div></td>
</tr>
<tr class='fail'>
<td>2021-09-01 08:40:13</td>
<td><span class='category-link linked' extentid='77c248ad-e55f-4c35-884b-2e0cf01e9831'>Report_ContractorDeductSummaryTC :: testContractorDeductSummary</span></td>
<td><div class='status label capitalize fail'>fail</div></td>
</tr>
<tr class='pass'>
<td>2021-09-01 08:43:01</td>
<td><span class='category-link linked' extentid='6d6a3df9-e9ae-4c1f-9964-5bf0c9b267e7'>Report_ContractorStructureTC :: testContractorStructure</span></td>
<td><div class='status label capitalize pass'>pass</div></td>
</tr>
<tr class='fail'>
<td>2021-09-01 08:46:52</td>
<td><span class='category-link linked' extentid='e0bf5f2a-3fd0-4dd1-8b4f-c0060a6e28df'>Report_ContractValueLaborHoursbyProgram_TC :: testContractValueLaborHoursbyProgram</span></td>
<td><div class='status label capitalize fail'>fail</div></td>
</tr>
<tr class='fail'>
<td>2021-09-01 08:50:32</td>
<td><span class='category-link linked' extentid='9f2abfec-7948-46a0-a636-92ea0820d282'>Report_ContractorStatusTC :: testContractorStatus</span></td>
<td><div class='status label capitalize fail'>fail</div></td>
</tr>
<tr class='fail'>
<td>2021-09-01 08:54:00</td>
<td><span class='category-link linked' extentid='5dfa1023-c8c1-4a06-86b3-9751d191d788'>Report_EnrolledContractorsListTC :: testEnrolledContractors</span></td>
<td><div class='status label capitalize fail'>fail</div></td>
</tr>
<tr class='fail'>
<td>2021-09-01 08:57:12</td>
<td><span class='category-link linked' extentid='3fa0f453-1ef7-466c-bce8-1cc3b6976d25'>Report_EnrollmentReportTC :: testEnrollmentReport</span></td>
<td><div class='status label capitalize fail'>fail</div></td>
</tr>
<tr class='fail'>
<td>2021-09-01 09:03:31</td>
<td><span class='category-link linked' extentid='a1fb7226-4d30-474f-b73a-19145e0abd82'>Report_EstimatedEndDatesTC :: testEstimatedEndDates</span></td>
<td><div class='status label capitalize fail'>fail</div></td>
</tr>
<tr class='fail'>
<td>2021-09-01 09:06:33</td>
<td><span class='category-link linked' extentid='fd8d2aef-1524-44af-b968-a3fb597c42c0'>Report_FinalDeductTC :: testFinalDeduct</span></td>
<td><div class='status label capitalize fail'>fail</div></td>
</tr>
<tr class='fail'>
<td>2021-09-01 09:09:04</td>
<td><span class='category-link linked' extentid='0caa48db-bc2a-476d-a604-d8acc3380e8b'>Report_InitialDeduct_TC :: testInitialDeductReport</span></td>
<td><div class='status label capitalize fail'>fail</div></td>
</tr>
<tr class='pass'>
<td>2021-09-01 09:13:22</td>
<td><span class='category-link linked' extentid='f0558c84-7c9b-4a59-8357-6cd59373979f'>Report_AgendaTC :: testAgendaReport</span></td>
<td><div class='status label capitalize pass'>pass</div></td>
</tr>
<tr class='fail'>
<td>2021-09-01 09:15:24</td>
<td><span class='category-link linked' extentid='c14f5b02-2210-41fc-9033-796c95bc9376'>Report_MissingPayrollReportTC :: testMissingPayrollReport</span></td>
<td><div class='status label capitalize fail'>fail</div></td>
</tr>
<tr class='fail'>
<td>2021-09-01 09:18:39</td>
<td><span class='category-link linked' extentid='d16f56c8-29b8-4f43-a3b8-88af0d3a7bdf'>Report_SponsorProjectDetailTC :: testSponsorProjectDetail</span></td>
<td><div class='status label capitalize fail'>fail</div></td>
</tr>
<tr class='fail'>
<td>2021-09-01 09:20:39</td>
<td><span class='category-link linked' extentid='aea0cc9f-6e9f-493d-abf5-fa2429f4be0e'>Report_PayrollComparisonTC :: testPayrollComparison</span></td>
<td><div class='status label capitalize fail'>fail</div></td>
</tr>
<tr class='fail'>
<td>2021-09-01 09:23:23</td>
<td><span class='category-link linked' extentid='66cfaa16-4412-4440-be21-868cc2b2b465'>Report_PayrollToCVPercentageTC :: testPayrollToCVPercentage</span></td>
<td><div class='status label capitalize fail'>fail</div></td>
</tr>
<tr class='fail'>
<td>2021-09-01 09:26:41</td>
<td><span class='category-link linked' extentid='4c21b0c7-7c7c-4073-8979-5fd2f4c74afa'>Report_SuspendedPayrollReportTC :: testSuspendedPayrollReport</span></td>
<td><div class='status label capitalize fail'>fail</div></td>
</tr>
<tr class='fail'>
<td>2021-09-01 09:29:44</td>
<td><span class='category-link linked' extentid='fd246e19-41ab-4a86-947b-38d43a63927c'>Report_TotalMonthlyPayrollTC :: testTotalMonthlyPayroll</span></td>
<td><div class='status label capitalize fail'>fail</div></td>
</tr>
<tbody>
</table>
</div>
</div> 
</li>
</ul>
</div>
</div>
</div>
</div>
<div id='cat-details-wrapper' class='col _addedCell2'>
<div class='contents'>
<div class='card-panel details-view'>
<h5 class='cat-name'></h5>
<div class='cat-container'>
</div>
</div>
</div>
</div>
</div>
<!-- /categories -->

<!-- exceptions -->
<div id='exceptions-view' class='row _addedTable hide'>
<div class='col _addedCell1'>
<div class='contents'>
<div class='card-panel heading'>
<h5>Defects</h5>
</div>
<div class='card-panel filters'>
<div class='search' alt='Search tests' title='Search tests'>
<div class='input-field left'>
<input id='searchTests' type='text' class='validate' placeholder='Search tests...'>
</div>
<i class='mdi-action-search icon'></i>
</div>
</div>
<div class='card-panel no-padding-h no-padding-v'>
<div class='wrapper'>
<ul id='exception-collection' class='exception-collection'>
<li class='exception-item displayed'>
<div class='exception-head'>
<span class='exception-name'>org.openqa.selenium.NoSuchElementException</span>
</div>
<div class='exception-test-count'>
<span class='fail label'>1</span>
</div>
<div class='exception-body'>
<div class='exception-tests'>
<table class='bordered'>
<thead>
<tr>
<th>RunDate</th>
<th>Test Name</th>
<th>Exception</th>
</tr>
</thead>
<tbody>
<tr class='fail'>
<td>2021-09-01 09:06:33</td>
<td><span class='exception-link linked' extentid='fd8d2aef-1524-44af-b968-a3fb597c42c0'>Report_FinalDeductTC :: testFinalDeduct</span></td>
<td><pre class='exception-message'>org.openqa.selenium.NoSuchElementException: no such element: Unable to locate element: {"method":"xpath","selector":"//div[@class='filters']"}
  (Session info: chrome=92.0.4515.159)
For documentation on this error, please visit: https://selenium.dev/exceptions/#no_such_element
Build info: version: '4.0.0-alpha-4', revision: 'c2d955b49e'
System info: host: 'NOURTEK-100', ip: '192.168.29.211', os.name: 'Windows 10', os.arch: 'amd64', os.version: '10.0', java.version: '15.0.2'
Driver info: org.openqa.selenium.chrome.ChromeDriver
Capabilities {acceptInsecureCerts: false, browserName: chrome, browserVersion: 92.0.4515.159, chrome: {chromedriverVersion: 92.0.4515.107 (87a818b10553..., userDataDir: C:\Users\NDave\AppData\Loca...}, goog:chromeOptions: {debuggerAddress: localhost:49489}, javascriptEnabled: true, networkConnectionEnabled: false, pageLoadStrategy: normal, platform: WINDOWS, platformName: WINDOWS, proxy: Proxy(), setWindowRect: true, strictFileInteractability: false, timeouts: {implicit: 0, pageLoad: 300000, script: 30000}, unhandledPromptBehavior: dismiss and notify, webauthn:extension:credBlob: true, webauthn:extension:largeBlob: true, webauthn:virtualAuthenticators: true}
Session ID: 31210763f351f1f71f0ce6c50e23287f
*** Element info: {Using=xpath, value=//div[@class='filters']}
at java.base/jdk.internal.reflect.NativeConstructorAccessorImpl.newInstance0(Native Method)
at java.base/jdk.internal.reflect.NativeConstructorAccessorImpl.newInstance(NativeConstructorAccessorImpl.java:64)
at java.base/jdk.internal.reflect.DelegatingConstructorAccessorImpl.newInstance(DelegatingConstructorAccessorImpl.java:45)
at java.base/java.lang.reflect.Constructor.newInstanceWithCaller(Constructor.java:500)
at java.base/java.lang.reflect.Constructor.newInstance(Constructor.java:481)
at org.openqa.selenium.remote.codec.w3c.W3CHttpResponseCodec.createException(W3CHttpResponseCodec.java:196)
at org.openqa.selenium.remote.codec.w3c.W3CHttpResponseCodec.decode(W3CHttpResponseCodec.java:129)
at org.openqa.selenium.remote.codec.w3c.W3CHttpResponseCodec.decode(W3CHttpResponseCodec.java:53)
at org.openqa.selenium.remote.HttpCommandExecutor.execute(HttpCommandExecutor.java:161)
at org.openqa.selenium.remote.service.DriverCommandExecutor.execute(DriverCommandExecutor.java:83)
at org.openqa.selenium.remote.RemoteWebDriver.execute(RemoteWebDriver.java:582)
at org.openqa.selenium.remote.RemoteWebDriver.findElement(RemoteWebDriver.java:333)
at org.openqa.selenium.remote.RemoteWebDriver.findElementByXPath(RemoteWebDriver.java:451)
at org.openqa.selenium.By$ByXPath.findElement(By.java:394)
at org.openqa.selenium.remote.RemoteWebDriver.findElement(RemoteWebDriver.java:325)
at ObjectRepository.Report_FinalDeduct.filterWindowButton(Report_FinalDeduct.java:121)
at TestScript.Report_FinalDeductTC.testFinalDeduct(Report_FinalDeductTC.java:88)
at java.base/jdk.internal.reflect.NativeMethodAccessorImpl.invoke0(Native Method)
at java.base/jdk.internal.reflect.NativeMethodAccessorImpl.invoke(NativeMethodAccessorImpl.java:64)
at java.base/jdk.internal.reflect.DelegatingMethodAccessorImpl.invoke(DelegatingMethodAccessorImpl.java:43)
at java.base/java.lang.reflect.Method.invoke(Method.java:564)
at org.testng.internal.MethodInvocationHelper.invokeMethod(MethodInvocationHelper.java:133)
at org.testng.internal.TestInvoker.invokeMethod(TestInvoker.java:598)
at org.testng.internal.TestInvoker.invokeTestMethod(TestInvoker.java:173)
at org.testng.internal.MethodRunner.runInSequence(MethodRunner.java:46)
at org.testng.internal.TestInvoker$MethodInvocationAgent.invoke(TestInvoker.java:824)
at org.testng.internal.TestInvoker.invokeTestMethods(TestInvoker.java:146)
at org.testng.internal.TestMethodWorker.invokeTestMethods(TestMethodWorker.java:146)
at org.testng.internal.TestMethodWorker.run(TestMethodWorker.java:128)
at java.base/java.util.ArrayList.forEach(ArrayList.java:1511)
at org.testng.TestRunner.privateRun(TestRunner.java:794)
at org.testng.TestRunner.run(TestRunner.java:596)
at org.testng.SuiteRunner.runTest(SuiteRunner.java:377)
at org.testng.SuiteRunner.runSequentially(SuiteRunner.java:371)
at org.testng.SuiteRunner.privateRun(SuiteRunner.java:332)
at org.testng.SuiteRunner.run(SuiteRunner.java:276)
at org.testng.SuiteRunnerWorker.runSuite(SuiteRunnerWorker.java:53)
at org.testng.SuiteRunnerWorker.run(SuiteRunnerWorker.java:96)
at org.testng.TestNG.runSuitesSequentially(TestNG.java:1212)
at org.testng.TestNG.runSuitesLocally(TestNG.java:1134)
at org.testng.TestNG.runSuites(TestNG.java:1063)
at org.testng.TestNG.run(TestNG.java:1031)
at org.testng.remote.AbstractRemoteTestNG.run(AbstractRemoteTestNG.java:115)
at org.testng.remote.RemoteTestNG.initAndRun(RemoteTestNG.java:251)
at org.testng.remote.RemoteTestNG.main(RemoteTestNG.java:77)
</pre></td>
</tr>
<tbody>
</table>
</div>
</div> 
</li>
<li class='exception-item displayed'>
<div class='exception-head'>
<span class='exception-name'>org.openqa.selenium.remote.UnreachableBrowserException</span>
</div>
<div class='exception-test-count'>
<span class='fail label'>2</span>
</div>
<div class='exception-body'>
<div class='exception-tests'>
<table class='bordered'>
<thead>
<tr>
<th>RunDate</th>
<th>Test Name</th>
<th>Exception</th>
</tr>
</thead>
<tbody>
<tr class='fail'>
<td>2021-09-01 08:32:57</td>
<td><span class='exception-link linked' extentid='329204eb-9468-4817-bcf2-3976b4ada69d'>Report_ContractorStandingReport_Test :: testContractorStandingReport</span></td>
<td><pre class='exception-message'>org.openqa.selenium.remote.UnreachableBrowserException: Error communicating with the remote browser. It may have died.
Build info: version: '4.0.0-alpha-4', revision: 'c2d955b49e'
System info: host: 'NOURTEK-100', ip: '192.168.29.211', os.name: 'Windows 10', os.arch: 'amd64', os.version: '10.0', java.version: '15.0.2'
Driver info: driver.version: RemoteWebDriver
Capabilities {acceptInsecureCerts: false, browserName: chrome, browserVersion: 92.0.4515.159, chrome: {chromedriverVersion: 92.0.4515.107 (87a818b10553..., userDataDir: C:\Users\NDave\AppData\Loca...}, goog:chromeOptions: {debuggerAddress: localhost:58836}, javascriptEnabled: true, networkConnectionEnabled: false, pageLoadStrategy: normal, platform: WINDOWS, platformName: WINDOWS, proxy: Proxy(), setWindowRect: true, strictFileInteractability: false, timeouts: {implicit: 0, pageLoad: 300000, script: 30000}, unhandledPromptBehavior: dismiss and notify, webauthn:extension:credBlob: true, webauthn:extension:largeBlob: true, webauthn:virtualAuthenticators: true}
Session ID: 994493a69da5aafd87164e4bd9128267
at org.openqa.selenium.remote.RemoteWebDriver.execute(RemoteWebDriver.java:603)
at org.openqa.selenium.remote.RemoteWebDriver.execute(RemoteWebDriver.java:639)
at org.openqa.selenium.remote.RemoteWebDriver.execute(RemoteWebDriver.java:643)
at org.openqa.selenium.remote.RemoteWebDriver.getScreenshotAs(RemoteWebDriver.java:303)
at GenericLibrary.FileUtils1.getScreenshot(FileUtils1.java:86)
at TestScript.Report_ContractorStandingReport_Test.testContractorStandingReport(Report_ContractorStandingReport_Test.java:67)
at java.base/jdk.internal.reflect.NativeMethodAccessorImpl.invoke0(Native Method)
at java.base/jdk.internal.reflect.NativeMethodAccessorImpl.invoke(NativeMethodAccessorImpl.java:64)
at java.base/jdk.internal.reflect.DelegatingMethodAccessorImpl.invoke(DelegatingMethodAccessorImpl.java:43)
at java.base/java.lang.reflect.Method.invoke(Method.java:564)
at org.testng.internal.MethodInvocationHelper.invokeMethod(MethodInvocationHelper.java:133)
at org.testng.internal.TestInvoker.invokeMethod(TestInvoker.java:598)
at org.testng.internal.TestInvoker.invokeTestMethod(TestInvoker.java:173)
at org.testng.internal.MethodRunner.runInSequence(MethodRunner.java:46)
at org.testng.internal.TestInvoker$MethodInvocationAgent.invoke(TestInvoker.java:824)
at org.testng.internal.TestInvoker.invokeTestMethods(TestInvoker.java:146)
at org.testng.internal.TestMethodWorker.invokeTestMethods(TestMethodWorker.java:146)
at org.testng.internal.TestMethodWorker.run(TestMethodWorker.java:128)
at java.base/java.util.ArrayList.forEach(ArrayList.java:1511)
at org.testng.TestRunner.privateRun(TestRunner.java:794)
at org.testng.TestRunner.run(TestRunner.java:596)
at org.testng.SuiteRunner.runTest(SuiteRunner.java:377)
at org.testng.SuiteRunner.runSequentially(SuiteRunner.java:371)
at org.testng.SuiteRunner.privateRun(SuiteRunner.java:332)
at org.testng.SuiteRunner.run(SuiteRunner.java:276)
at org.testng.SuiteRunnerWorker.runSuite(SuiteRunnerWorker.java:53)
at org.testng.SuiteRunnerWorker.run(SuiteRunnerWorker.java:96)
at org.testng.TestNG.runSuitesSequentially(TestNG.java:1212)
at org.testng.TestNG.runSuitesLocally(TestNG.java:1134)
at org.testng.TestNG.runSuites(TestNG.java:1063)
at org.testng.TestNG.run(TestNG.java:1031)
at org.testng.remote.AbstractRemoteTestNG.run(AbstractRemoteTestNG.java:115)
at org.testng.remote.RemoteTestNG.initAndRun(RemoteTestNG.java:251)
at org.testng.remote.RemoteTestNG.main(RemoteTestNG.java:77)
Caused by: java.lang.RuntimeException: NettyHttpHandler request execution error
at org.openqa.selenium.remote.http.netty.NettyHttpHandler.makeCall(NettyHttpHandler.java:61)
at org.openqa.selenium.remote.http.AddSeleniumUserAgent.lambda$apply$0(AddSeleniumUserAgent.java:42)
at org.openqa.selenium.remote.http.Filter.lambda$andFinally$1(Filter.java:55)
at org.openqa.selenium.remote.http.netty.NettyHttpHandler.execute(NettyHttpHandler.java:45)
at org.openqa.selenium.remote.http.AddSeleniumUserAgent.lambda$apply$0(AddSeleniumUserAgent.java:42)
at org.openqa.selenium.remote.http.Filter.lambda$andFinally$1(Filter.java:55)
at org.openqa.selenium.remote.http.netty.NettyClient.execute(NettyClient.java:43)
at org.openqa.selenium.remote.HttpCommandExecutor.execute(HttpCommandExecutor.java:158)
at org.openqa.selenium.remote.service.DriverCommandExecutor.execute(DriverCommandExecutor.java:83)
at org.openqa.selenium.remote.RemoteWebDriver.execute(RemoteWebDriver.java:582)
... 33 more
Caused by: java.util.concurrent.ExecutionException: java.util.concurrent.TimeoutException: Request timeout to localhost/127.0.0.1:14454 after 60000 ms
at java.base/java.util.concurrent.CompletableFuture.reportGet(CompletableFuture.java:395)
at java.base/java.util.concurrent.CompletableFuture.get(CompletableFuture.java:2063)
at org.asynchttpclient.netty.NettyResponseFuture.get(NettyResponseFuture.java:201)
at org.openqa.selenium.remote.http.netty.NettyHttpHandler.makeCall(NettyHttpHandler.java:55)
... 42 more
Caused by: java.util.concurrent.TimeoutException: Request timeout to localhost/127.0.0.1:14454 after 60000 ms
at org.asynchttpclient.netty.timeout.TimeoutTimerTask.expire(TimeoutTimerTask.java:43)
at org.asynchttpclient.netty.timeout.RequestTimeoutTimerTask.run(RequestTimeoutTimerTask.java:50)
at io.netty.util.HashedWheelTimer$HashedWheelTimeout.expire(HashedWheelTimer.java:672)
at io.netty.util.HashedWheelTimer$HashedWheelBucket.expireTimeouts(HashedWheelTimer.java:747)
at io.netty.util.HashedWheelTimer$Worker.run(HashedWheelTimer.java:472)
at io.netty.util.concurrent.FastThreadLocalRunnable.run(FastThreadLocalRunnable.java:30)
at java.base/java.lang.Thread.run(Thread.java:832)
</pre></td>
</tr>
<tr class='fail'>
<td>2021-09-01 08:32:57</td>
<td><span class='exception-link linked' extentid='329204eb-9468-4817-bcf2-3976b4ada69d'>Report_ContractorStandingReport_Test :: testContractorStandingReport</span></td>
<td><pre class='exception-message'>org.openqa.selenium.remote.UnreachableBrowserException: Error communicating with the remote browser. It may have died.
Build info: version: '4.0.0-alpha-4', revision: 'c2d955b49e'
System info: host: 'NOURTEK-100', ip: '192.168.29.211', os.name: 'Windows 10', os.arch: 'amd64', os.version: '10.0', java.version: '15.0.2'
Driver info: driver.version: RemoteWebDriver
Capabilities {acceptInsecureCerts: false, browserName: chrome, browserVersion: 92.0.4515.159, chrome: {chromedriverVersion: 92.0.4515.107 (87a818b10553..., userDataDir: C:\Users\NDave\AppData\Loca...}, goog:chromeOptions: {debuggerAddress: localhost:58836}, javascriptEnabled: true, networkConnectionEnabled: false, pageLoadStrategy: normal, platform: WINDOWS, platformName: WINDOWS, proxy: Proxy(), setWindowRect: true, strictFileInteractability: false, timeouts: {implicit: 0, pageLoad: 300000, script: 30000}, unhandledPromptBehavior: dismiss and notify, webauthn:extension:credBlob: true, webauthn:extension:largeBlob: true, webauthn:virtualAuthenticators: true}
Session ID: 994493a69da5aafd87164e4bd9128267
at org.openqa.selenium.remote.RemoteWebDriver.execute(RemoteWebDriver.java:603)
at org.openqa.selenium.remote.RemoteWebDriver.execute(RemoteWebDriver.java:639)
at org.openqa.selenium.remote.RemoteWebDriver.execute(RemoteWebDriver.java:643)
at org.openqa.selenium.remote.RemoteWebDriver.getScreenshotAs(RemoteWebDriver.java:303)
at GenericLibrary.FileUtils1.getScreenshot(FileUtils1.java:86)
at TestScript.Report_ContractorStandingReport_Test.testContractorStandingReport(Report_ContractorStandingReport_Test.java:67)
at java.base/jdk.internal.reflect.NativeMethodAccessorImpl.invoke0(Native Method)
at java.base/jdk.internal.reflect.NativeMethodAccessorImpl.invoke(NativeMethodAccessorImpl.java:64)
at java.base/jdk.internal.reflect.DelegatingMethodAccessorImpl.invoke(DelegatingMethodAccessorImpl.java:43)
at java.base/java.lang.reflect.Method.invoke(Method.java:564)
at org.testng.internal.MethodInvocationHelper.invokeMethod(MethodInvocationHelper.java:133)
at org.testng.internal.TestInvoker.invokeMethod(TestInvoker.java:598)
at org.testng.internal.TestInvoker.invokeTestMethod(TestInvoker.java:173)
at org.testng.internal.MethodRunner.runInSequence(MethodRunner.java:46)
at org.testng.internal.TestInvoker$MethodInvocationAgent.invoke(TestInvoker.java:824)
at org.testng.internal.TestInvoker.invokeTestMethods(TestInvoker.java:146)
at org.testng.internal.TestMethodWorker.invokeTestMethods(TestMethodWorker.java:146)
at org.testng.internal.TestMethodWorker.run(TestMethodWorker.java:128)
at java.base/java.util.ArrayList.forEach(ArrayList.java:1511)
at org.testng.TestRunner.privateRun(TestRunner.java:794)
at org.testng.TestRunner.run(TestRunner.java:596)
at org.testng.SuiteRunner.runTest(SuiteRunner.java:377)
at org.testng.SuiteRunner.runSequentially(SuiteRunner.java:371)
at org.testng.SuiteRunner.privateRun(SuiteRunner.java:332)
at org.testng.SuiteRunner.run(SuiteRunner.java:276)
at org.testng.SuiteRunnerWorker.runSuite(SuiteRunnerWorker.java:53)
at org.testng.SuiteRunnerWorker.run(SuiteRunnerWorker.java:96)
at org.testng.TestNG.runSuitesSequentially(TestNG.java:1212)
at org.testng.TestNG.runSuitesLocally(TestNG.java:1134)
at org.testng.TestNG.runSuites(TestNG.java:1063)
at org.testng.TestNG.run(TestNG.java:1031)
at org.testng.remote.AbstractRemoteTestNG.run(AbstractRemoteTestNG.java:115)
at org.testng.remote.RemoteTestNG.initAndRun(RemoteTestNG.java:251)
at org.testng.remote.RemoteTestNG.main(RemoteTestNG.java:77)
Caused by: java.lang.RuntimeException: NettyHttpHandler request execution error
at org.openqa.selenium.remote.http.netty.NettyHttpHandler.makeCall(NettyHttpHandler.java:61)
at org.openqa.selenium.remote.http.AddSeleniumUserAgent.lambda$apply$0(AddSeleniumUserAgent.java:42)
at org.openqa.selenium.remote.http.Filter.lambda$andFinally$1(Filter.java:55)
at org.openqa.selenium.remote.http.netty.NettyHttpHandler.execute(NettyHttpHandler.java:45)
at org.openqa.selenium.remote.http.AddSeleniumUserAgent.lambda$apply$0(AddSeleniumUserAgent.java:42)
at org.openqa.selenium.remote.http.Filter.lambda$andFinally$1(Filter.java:55)
at org.openqa.selenium.remote.http.netty.NettyClient.execute(NettyClient.java:43)
at org.openqa.selenium.remote.HttpCommandExecutor.execute(HttpCommandExecutor.java:158)
at org.openqa.selenium.remote.service.DriverCommandExecutor.execute(DriverCommandExecutor.java:83)
at org.openqa.selenium.remote.RemoteWebDriver.execute(RemoteWebDriver.java:582)
... 33 more
Caused by: java.util.concurrent.ExecutionException: java.util.concurrent.TimeoutException: Request timeout to localhost/127.0.0.1:14454 after 60000 ms
at java.base/java.util.concurrent.CompletableFuture.reportGet(CompletableFuture.java:395)
at java.base/java.util.concurrent.CompletableFuture.get(CompletableFuture.java:2063)
at org.asynchttpclient.netty.NettyResponseFuture.get(NettyResponseFuture.java:201)
at org.openqa.selenium.remote.http.netty.NettyHttpHandler.makeCall(NettyHttpHandler.java:55)
... 42 more
Caused by: java.util.concurrent.TimeoutException: Request timeout to localhost/127.0.0.1:14454 after 60000 ms
at org.asynchttpclient.netty.timeout.TimeoutTimerTask.expire(TimeoutTimerTask.java:43)
at org.asynchttpclient.netty.timeout.RequestTimeoutTimerTask.run(RequestTimeoutTimerTask.java:50)
at io.netty.util.HashedWheelTimer$HashedWheelTimeout.expire(HashedWheelTimer.java:672)
at io.netty.util.HashedWheelTimer$HashedWheelBucket.expireTimeouts(HashedWheelTimer.java:747)
at io.netty.util.HashedWheelTimer$Worker.run(HashedWheelTimer.java:472)
at io.netty.util.concurrent.FastThreadLocalRunnable.run(FastThreadLocalRunnable.java:30)
at java.base/java.lang.Thread.run(Thread.java:832)
</pre></td>
</tr>
<tbody>
</table>
</div>
</div> 
</li>
</ul>
</div>
</div>
</div>
</div>
<div id='exception-details-wrapper' class='col _addedCell2'>
<div class='contents'>
<div class='card-panel details-view'>
<h5 class='exception-name'></h5>
<div class='exception-container'>
</div>
</div>
</div>
</div>
</div>
<!-- /exceptions -->

<!-- testrunner logs -->
<!-- /testrunner logs -->

</div>
<!-- /container -->

<!-- test dashboard counts setting -->
<div id='test-count-setting' class='modal bottom-sheet'> 
<div class='modal-content'> 
<h5>Configure Tests Count Setting</h5> 
<input name='test-count-setting' type='radio' id='parentWithoutNodes' class='with-gap'> 
<label for='parentWithoutNodes'>Parent Tests Only (Does not include child nodes in counts)</label> 
<br> 
<input name='test-count-setting' type='radio' id='parentWithoutNodesAndNodes' class='with-gap'> 
<label for='parentWithoutNodesAndNodes'>Parent Tests Without Child Tests + Child Tests</label> 
<br> 
<input name='test-count-setting' type='radio' id='childNodes' class='with-gap'> 
<label for='childNodes'>Child Tests Only</label> 
</div> 
<div class='modal-footer'> 
<a href='#!' class='modal-action modal-close waves-effect waves-green btn'>Save</a> 
</div> 
</div>
<!-- /test dashboard counts setting -->

<!-- filter for step status -->
<div id='step-status-filter' class='modal bottom-sheet'> 
<div class='modal-content'> 
<h5>Select status</h5> 
<input checked class='filled-in' type='checkbox' id='step-dashboard-filter-pass'> 
<label for='step-dashboard-filter-pass'>Pass</label> 
<br> 
<input checked class='filled-in' type='checkbox' id='step-dashboard-filter-fail'> 
<label for='step-dashboard-filter-fail'>Fail</label> 
<br> 
<input checked class='filled-in' type='checkbox' id='step-dashboard-filter-fatal'> 
<label for='step-dashboard-filter-fatal'>Fatal</label> 
<br> 
<input checked class='filled-in' type='checkbox' id='step-dashboard-filter-error'> 
<label for='step-dashboard-filter-error'>Error</label> 
<br> 
<input checked class='filled-in' type='checkbox' id='step-dashboard-filter-warning'> 
<label for='step-dashboard-filter-warning'>Warning</label> 
<br> 
<input checked class='filled-in' type='checkbox' id='step-dashboard-filter-skip'> 
<label for='step-dashboard-filter-skip'>Skipped</label> 
<br> 
<input checked class='filled-in' type='checkbox' id='step-dashboard-filter-info'> 
<label for='step-dashboard-filter-info'>Info</label> 
<br> 
<input checked class='filled-in' type='checkbox' id='step-dashboard-filter-unknown'> 
<label for='step-dashboard-filter-unknown'>Unknown</label> 
</div>
<div class='modal-footer'> 
<a href='#!' class='modal-action modal-close waves-effect waves-green btn'>Save</a> 
</div> 
</div>
<!-- /filter for step status -->

<script src='https://cdn.rawgit.com/anshooarora/extentreports/c936a26fc8bb9c5fc0253b5bc6f289e1d14bb595/cdn/extent.js' type='text/javascript'></script>

<script>$(document).ready(function() { $('.logo span').html('ExtentReports'); });</script>
<script>

      
        $(document).ready(function() {
          
        });
      
    
</script>
</body>
</html>
