
<!DOCTYPE html>
<html>
<head>
<!--
ExtentReports Library 2.40.2 | http://relevantcodes.com/extentreports-for-selenium/ | https://github.com/anshooarora/
Copyright (c) 2015, Anshoo Arora (Relevant Codes) | Copyrights licensed under the New BSD License | http://opensource.org/licenses/BSD-3-Clause
Documentation: http://extentreports.relevantcodes.com 
-->

<meta charset='UTF-8' /> 
<meta name='description' content='ExtentReports (by Anshoo Arora) is a reporting library for automation testing for .NET and Java. It creates detailed and beautiful HTML reports for modern browsers. ExtentReports shows test and step summary along with dashboards, system and environment details for quick analysis of your tests.' />
<meta name='robots' content='noodp, noydir' />
<meta name='viewport' content='width=device-width, initial-scale=1' />

<title>
ExtentReports 2.0
</title>


<link href='https://fonts.googleapis.com/css?family=Source+Sans+Pro:400,600' rel='stylesheet' type='text/css'>
<link href='https://cdn.rawgit.com/anshooarora/extentreports/e4f8ea1de961161791c01b99a71a1e17f81125cf/cdn/extent.css' type='text/css' rel='stylesheet' />

<style>

      
        
      
    
</style>
</head>


<body class='extent standard hide-overflow'>
<!-- nav -->
<nav>
<div class='logo-container'>
<a class='logo-content' href='http://extentreports.relevantcodes.com'>
<span>ExtentReports</span>
</a>
<a href='#' data-activates='slide-out' class='button-collapse hide-on-large-only'><i class='mdi-navigation-apps'></i></a>
</div>
<ul id='slide-out' class='side-nav fixed hide-on-med-and-down'>
<li class='analysis waves-effect active'><a href='#!' class='test-view' onclick="_updateCurrentStage(0)"><i class='mdi-action-dashboard'></i>Test Details</a></li>
<li class='analysis waves-effect'><a href='#!' class='categories-view' onclick="_updateCurrentStage(1)"><i class='mdi-maps-local-offer'></i>Categories</a></li>
<li class='analysis waves-effect'><a href='#!' class='exceptions-view' onclick="_updateCurrentStage(2)"><i class='mdi-action-bug-report'></i>Exceptions</a></li>
<li class='analysis waves-effect'><a href='#!' class='dashboard-view'><i class='mdi-action-track-changes'></i></i>Analysis</a></li>
</ul>
<span class='report-name'></span> <span class='report-headline'>Automation Report</span>
<ul class='right hide-on-med-and-down nav-right'>
<li class='theme-selector' alt='Click to toggle dark theme. To enable by default, use js configuration $("body").addClass("dark");' title='Click to toggle dark theme. To enable by default, use js configuration $("body").addClass("dark");'>
<i class='mdi-hardware-desktop-windows'></i>
</li>
<li>
<span class='suite-started-time'>2021-09-02 14:12:02</span>
</li>
<li>
<span>v2.40.2</span>
</li>
</ul>
</nav>
<!-- /nav -->

<!-- container -->
<div class='container'>

<!-- dashboard -->
<div id='dashboard-view' class='row'>
<div class='time-totals'>
<div class='col l2 m4 s6'>
<div class='card suite-total-tests'> 
<span class='panel-name'>Total Tests</span> 
<span class='total-tests'> <span class='panel-lead'></span> </span> 
</div> 
</div>
<div class='col l2 m4 s6'>
<div class='card suite-total-steps'> 
<span class='panel-name'>Total Steps</span> 
<span class='total-steps'> <span class='panel-lead'></span> </span> 
</div> 
</div>
<div class='col l2 m4 s12'>
<div class='card suite-total-time-current'> 
<span class='panel-name'>Total Time Taken (Current Run)</span> 
<span class='suite-total-time-current-value panel-lead'>1h 33m 0s+345ms</span> 
</div> 
</div>
<div class='col l2 m4 s12'>
<div class='card suite-total-time-overall'> 
<span class='panel-name'>Total Time Taken (Overall)</span> 
<span class='suite-total-time-overall-value panel-lead'>1h 33m 0s+345ms</span> 
</div> 
</div>
<div class='col l2 m4 s6 suite-start-time'>
<div class='card accent green-accent'> 
<span class='panel-name'>Start</span> 
<span class='panel-lead suite-started-time'>2021-09-02 12:39:02</span> 
</div> 
</div>
<div class='col l2 m4 s6 suite-end-time'>
<div class='card accent pink-accent'> 
<span class='panel-name'>End</span> 
<span class='panel-lead suite-ended-time'>2021-09-02 14:12:02</span> 
</div> 
</div>
</div>
<div class='charts'>
<div class='col s12 m6 l4 fh'> 
<div class='card-panel'> 
<div>
<span class='panel-name'>Tests View</span>
</div> 
<div class='panel-setting modal-trigger test-count-setting right'>
<a href='#test-count-setting'><i class='mdi-navigation-more-vert text-md'></i></a>
</div> 
<div class='chart-box'>
<canvas class='text-centered' id='test-analysis'></canvas>
</div> 
<div>
<span class='weight-light'><span class='t-pass-count weight-normal'></span> test(s) passed</span>
</div> 
<div>
<span class='weight-light'><span class='t-fail-count weight-normal'></span> test(s) failed, <span class='t-others-count weight-normal'></span> others</span>
</div> 
</div> 
</div> 
<div class='col s12 m6 l4 fh'> 
<div class='card-panel'> 
<div>
<span class='panel-name'>Steps View</span>
</div> 
<div class='panel-setting modal-trigger step-status-filter right'>
<a href='#step-status-filter'><i class='mdi-navigation-more-vert text-md'></i></a>
</div> 
<div class='chart-box'>
<canvas class='text-centered' id='step-analysis'></canvas>
</div> 
<div>
<span class='weight-light'><span class='s-pass-count weight-normal'></span> step(s) passed </span>
</div> 
<div>
<span class='weight-light'><span class='s-fail-count weight-normal'></span> step(s) failed, <span class='s-others-count weight-normal'></span> others</span>
</div> 
</div> 
</div>
<div class='col s12 m12 l4 fh'> 
<div class='card-panel'> 
<span class='panel-name'>Pass Percentage</span> 
<span class='pass-percentage panel-lead'></span> 
<div class='progress light-blue lighten-3'> 
<div class='determinate light-blue'></div> 
</div> 
</div> 
</div>
</div>
<div class='system-view'>
<div class='col l4 m12 s12'>
<div class='card-panel'>
<span class='label info outline right'>Environment</span>
<table>
<thead>
<tr>
<th>Param</th>
<th>Value</th>
</tr>
</thead>
<tbody>
<tr>
<td>OS</td>
<td>Windows 10</td>
</tr>
<tr>
<td>User Name</td>
<td>NDave</td>
</tr>
<tr>
<td>Java Version</td>
<td>15.0.2</td>
</tr>
<tr>
<td>Host Name</td>
<td>Nourtek-100</td>
</tr>
</tbody>
</table>
</div>
</div>
</div>
<div class='category-summary-view'>
<div class='col l4 m6 s12'>
<div class='card-panel'>
<span class='label info outline right'>Categories</span>
<table>
<thead>
<tr>
<th>Name</th>
</tr>
</thead>
<tbody>
<tr>
<td>
Functional Test
</td>
</tr>
</tbody>
</table>
</div>
</div>
</div>
</div>
<!-- /dashboard -->

<!-- tests -->
<div id='test-view' class='row _addedTable'>
<div class='col _addedCell1'>
<div class='contents'>
<div class='card-panel heading'>
<h5>Tests</h5>
</div>
<div class='card-panel filters'>
<div>
<a data-activates='tests-toggle' data-constrainwidth='true' data-beloworigin='true' data-hover='true' href='#' class='dropdown-button button tests-toggle'><i class='mdi-action-subject icon'></i></a>
<ul id='tests-toggle' class='dropdown-content'>
<li class='pass'><a href='#!'>Pass</a></li>
<li class='fail'><a href='#!'>Fail</a></li>
<li class='skip'><a href='#!'>Skip</a></li>
<li class='divider'></li>
<li class='clear'><a href='#!'>Clear Filters</a></li>
</ul>
</div>
<div>
<a data-activates='category-toggle' data-constrainwidth='false' data-beloworigin='true' data-hover='true' href='#' class='category-toggle dropdown-button button'><i class='mdi-maps-local-offer icon'></i></a>
<ul id='category-toggle' class='dropdown-content'>
<li class='Functional Test'><a href='#!'>Functional Test</a></li>
<li class='divider'></li>
<li class='clear'><a href='#!'>Clear Filters</a></li>
</ul>
</div>
<div>
<a id='clear-filters' alt='Clear Filters' title='Clear Filters'><i class='mdi-navigation-close icon'></i></a>
</div>
<div>&nbsp;&middot;&nbsp;</div>
<div>
<a id='enableDashboard' alt='Enable Dashboard' title='Enable Dashboard'><i class='mdi-action-track-changes icon'></i></a>
</div>
<div>
<a id='refreshCharts' alt='Refresh Charts on Filters' title='Refresh Charts on Filters' class='enabled'><i class='mdi-navigation-refresh icon'></i></i></a>
</div>
<div>&nbsp;&middot;</div>
<div class='search' alt='Search Tests' title='Search Tests'>
<div class='input-field left'>
<input id='searchTests' type='text' class='validate' placeholder='Search Tests...'>
</div>
<i class='mdi-action-search icon'></i>
</div>
</div>
<div class='card-panel no-padding-h no-padding-v no-margin-v'>
<div class='wrapper'>
<ul id='test-collection' class='test-collection'>
<li class='collection-item test displayed active fail ' extentid='027f3cb3-4322-43d3-a0f4-dfd5fa421b6c'>
<div class='test-head'>
<span class='test-name'>Report_ProjectSpecificReport_Test :: testProjectSpecificReport </span>
<span class='test-status label right outline capitalize fail'>fail</span>
<span class='category-assigned hide  functionaltest'></span>
</div>
<div class='test-body'>
<div class='test-info'>
<span title='Test started time' alt='Test started time' class='test-started-time label green lighten-1 text-white'>2021-09-02 12:39:10</span>
<span title='Test ended time' alt='Test ended time' class='test-ended-time label red lighten-1 text-white'>2021-09-02 12:42:23</span>
<span title='Time taken to finish' alt='Time taken to finish' class='test-time-taken label blue-grey lighten-3 text-white'>0h 3m 12s+682ms</span>
</div>
<div class='test-desc'>testProjectSpecificReport</div>
<div class='test-attributes'>
<div class='categories'>
<span class='category text-white'>Functional Test</span>
</div>
<div class='authors'>
<span class='author text-white'>Kiran Pirangute</span>
</div>
</div>
<div class='test-steps'>
<table class='bordered table-results'>
<thead>
<tr>
<th>Status</th>
<th>Timestamp</th>
<th>Details</th>
</tr>
</thead>
<tbody>
<tr>
<td class='status pass' title='pass' alt='pass'><i class='mdi-action-check-circle'></i></td>
<td class='timestamp'>12:39:10</td>
<td class='step-details'>Test Started</td>
</tr>
<tr>
<td class='status pass' title='pass' alt='pass'><i class='mdi-action-check-circle'></i></td>
<td class='timestamp'>12:39:10</td>
<td class='step-details'>Browser Name chrome</td>
</tr>
<tr>
<td class='status pass' title='pass' alt='pass'><i class='mdi-action-check-circle'></i></td>
<td class='timestamp'>12:39:46</td>
<td class='step-details'>https://beta.wrapportal.com/login.aspx?ReturnUrl=%2f Current Url</td>
</tr>
<tr>
<td class='status pass' title='pass' alt='pass'><i class='mdi-action-check-circle'></i></td>
<td class='timestamp'>12:39:46</td>
<td class='step-details'>nouroswald User Name Entered Successfully</td>
</tr>
<tr>
<td class='status pass' title='pass' alt='pass'><i class='mdi-action-check-circle'></i></td>
<td class='timestamp'>12:39:46</td>
<td class='step-details'>4pMeb3bb6p Password Entered Successfully</td>
</tr>
<tr>
<td class='status info' title='info' alt='info'><i class='mdi-action-info-outline'></i></td>
<td class='timestamp'>12:39:47</td>
<td class='step-details'>Clicked On Login Button</td>
</tr>
<tr>
<td class='status pass' title='pass' alt='pass'><i class='mdi-action-check-circle'></i></td>
<td class='timestamp'>12:39:47</td>
<td class='step-details'>Login Successfully</td>
</tr>
<tr>
<td class='status info' title='info' alt='info'><i class='mdi-action-info-outline'></i></td>
<td class='timestamp'>12:40:01</td>
<td class='step-details'>Clicked on Report Module Icon</td>
</tr>
<tr>
<td class='status info' title='info' alt='info'><i class='mdi-action-info-outline'></i></td>
<td class='timestamp'>12:40:03</td>
<td class='step-details'>Gilbane Residential Construction, LLC Respective Program Select Form Dropdown</td>
</tr>
<tr>
<td class='status pass' title='pass' alt='pass'><i class='mdi-action-check-circle'></i></td>
<td class='timestamp'>12:40:11</td>
<td class='step-details'>Project Specific Report Report is Selected</td>
</tr>
<tr>
<td class='status pass' title='pass' alt='pass'><i class='mdi-action-check-circle'></i></td>
<td class='timestamp'>12:40:48</td>
<td class='step-details'>Playhouse Square Apartments Project Selected Successfully</td>
</tr>
<tr>
<td class='status pass' title='pass' alt='pass'><i class='mdi-action-check-circle'></i></td>
<td class='timestamp'>12:40:49</td>
<td class='step-details'>Contractor Selected Successfully</td>
</tr>
<tr>
<td class='status info' title='info' alt='info'><i class='mdi-action-info-outline'></i></td>
<td class='timestamp'>12:41:04</td>
<td class='step-details'>Clicked On Build Report Button</td>
</tr>
<tr>
<td class='status pass' title='pass' alt='pass'><i class='mdi-action-check-circle'></i></td>
<td class='timestamp'>12:41:07</td>
<td class='step-details'>Report Generated <img class='report-img' data-featherlight='../ExtentReports/Screenshots/screen20210902124107.png' src='../ExtentReports/Screenshots/screen20210902124107.png' /></td>
</tr>
<tr>
<td class='status pass' title='pass' alt='pass'><i class='mdi-action-check-circle'></i></td>
<td class='timestamp'>12:41:07</td>
<td class='step-details'>Report Header Name Matched</td>
</tr>
<tr>
<td class='status pass' title='pass' alt='pass'><i class='mdi-action-check-circle'></i></td>
<td class='timestamp'>12:41:07</td>
<td class='step-details'>Report Header Name Matched</td>
</tr>
<tr>
<td class='status pass' title='pass' alt='pass'><i class='mdi-action-check-circle'></i></td>
<td class='timestamp'>12:41:07</td>
<td class='step-details'>Report Generated Successfully</td>
</tr>
<tr>
<td class='status pass' title='pass' alt='pass'><i class='mdi-action-check-circle'></i></td>
<td class='timestamp'>12:41:07</td>
<td class='step-details'>Program Name:- Gilbane Residential Construction, LLC</td>
</tr>
<tr>
<td class='status pass' title='pass' alt='pass'><i class='mdi-action-check-circle'></i></td>
<td class='timestamp'>12:41:07</td>
<td class='step-details'>Sponsor Name:- Gilbane Building Company</td>
</tr>
<tr>
<td class='status pass' title='pass' alt='pass'><i class='mdi-action-check-circle'></i></td>
<td class='timestamp'>12:41:07</td>
<td class='step-details'>Project Name:- Playhouse Square Apartments</td>
</tr>
<tr>
<td class='status pass' title='pass' alt='pass'><i class='mdi-action-check-circle'></i></td>
<td class='timestamp'>12:41:07</td>
<td class='step-details'>Time Stamp:- 09/02/2021 | 02:10:59 AM</td>
</tr>
<tr>
<td class='status pass' title='pass' alt='pass'><i class='mdi-action-check-circle'></i></td>
<td class='timestamp'>12:41:07</td>
<td class='step-details'>PDF Option is Present:- true</td>
</tr>
<tr>
<td class='status pass' title='pass' alt='pass'><i class='mdi-action-check-circle'></i></td>
<td class='timestamp'>12:41:08</td>
<td class='step-details'>Excel Option is Present:- true</td>
</tr>
<tr>
<td class='status pass' title='pass' alt='pass'><i class='mdi-action-check-circle'></i></td>
<td class='timestamp'>12:41:08</td>
<td class='step-details'>================= Column Name =================</td>
</tr>
<tr>
<td class='status pass' title='pass' alt='pass'><i class='mdi-action-check-circle'></i></td>
<td class='timestamp'>12:41:08</td>
<td class='step-details'>=====> Tier <=====</td>
</tr>
<tr>
<td class='status pass' title='pass' alt='pass'><i class='mdi-action-check-circle'></i></td>
<td class='timestamp'>12:41:08</td>
<td class='step-details'>=====> Contractor <=====</td>
</tr>
<tr>
<td class='status pass' title='pass' alt='pass'><i class='mdi-action-check-circle'></i></td>
<td class='timestamp'>12:41:08</td>
<td class='step-details'>=====> Contract # <=====</td>
</tr>
<tr>
<td class='status pass' title='pass' alt='pass'><i class='mdi-action-check-circle'></i></td>
<td class='timestamp'>12:41:08</td>
<td class='step-details'>=====> Contract Status <=====</td>
</tr>
<tr>
<td class='status pass' title='pass' alt='pass'><i class='mdi-action-check-circle'></i></td>
<td class='timestamp'>12:41:08</td>
<td class='step-details'>=====> Estimated Self-Perf Value <=====</td>
</tr>
<tr>
<td class='status pass' title='pass' alt='pass'><i class='mdi-action-check-circle'></i></td>
<td class='timestamp'>12:41:08</td>
<td class='step-details'>=====> Estimated Total CV <=====</td>
</tr>
<tr>
<td class='status pass' title='pass' alt='pass'><i class='mdi-action-check-circle'></i></td>
<td class='timestamp'>12:41:08</td>
<td class='step-details'>=====> Final Self-Perf Value <=====</td>
</tr>
<tr>
<td class='status pass' title='pass' alt='pass'><i class='mdi-action-check-circle'></i></td>
<td class='timestamp'>12:41:08</td>
<td class='step-details'>=====> Final Total CV <=====</td>
</tr>
<tr>
<td class='status pass' title='pass' alt='pass'><i class='mdi-action-check-circle'></i></td>
<td class='timestamp'>12:41:08</td>
<td class='step-details'>=====> Estimated Payroll <=====</td>
</tr>
<tr>
<td class='status pass' title='pass' alt='pass'><i class='mdi-action-check-circle'></i></td>
<td class='timestamp'>12:41:08</td>
<td class='step-details'>=====> Reported Payroll <=====</td>
</tr>
<tr>
<td class='status pass' title='pass' alt='pass'><i class='mdi-action-check-circle'></i></td>
<td class='timestamp'>12:41:08</td>
<td class='step-details'>=====> Estimated Hours <=====</td>
</tr>
<tr>
<td class='status pass' title='pass' alt='pass'><i class='mdi-action-check-circle'></i></td>
<td class='timestamp'>12:41:08</td>
<td class='step-details'>=====> Reported Hours <=====</td>
</tr>
<tr>
<td class='status pass' title='pass' alt='pass'><i class='mdi-action-check-circle'></i></td>
<td class='timestamp'>12:41:08</td>
<td class='step-details'>=====> Estimated Insurance Cost <=====</td>
</tr>
<tr>
<td class='status pass' title='pass' alt='pass'><i class='mdi-action-check-circle'></i></td>
<td class='timestamp'>12:41:08</td>
<td class='step-details'>=====> To-Date Insurance Cost <=====</td>
</tr>
<tr>
<td class='status pass' title='pass' alt='pass'><i class='mdi-action-check-circle'></i></td>
<td class='timestamp'>12:41:08</td>
<td class='step-details'>=====> Estimated Cost Rate <=====</td>
</tr>
<tr>
<td class='status pass' title='pass' alt='pass'><i class='mdi-action-check-circle'></i></td>
<td class='timestamp'>12:41:08</td>
<td class='step-details'>=====> Reported Cost Rate <=====</td>
</tr>
<tr>
<td class='status pass' title='pass' alt='pass'><i class='mdi-action-check-circle'></i></td>
<td class='timestamp'>12:41:14</td>
<td class='step-details'>Project Selected Successfully</td>
</tr>
<tr>
<td class='status pass' title='pass' alt='pass'><i class='mdi-action-check-circle'></i></td>
<td class='timestamp'>12:41:16</td>
<td class='step-details'>Contractor Selected Successfully</td>
</tr>
<tr>
<td class='status info' title='info' alt='info'><i class='mdi-action-info-outline'></i></td>
<td class='timestamp'>12:41:27</td>
<td class='step-details'>Clicked On Build Report Button</td>
</tr>
<tr>
<td class='status pass' title='pass' alt='pass'><i class='mdi-action-check-circle'></i></td>
<td class='timestamp'>12:41:30</td>
<td class='step-details'>===================Below Are Contractor Package Status and Info===================</td>
</tr>
<tr>
<td class='status fail' title='fail' alt='fail'><i class='mdi-navigation-cancel'></i></td>
<td class='timestamp'>12:42:18</td>
<td class='step-details'>Excel file is not Downloaded Successfully</td>
</tr>
<tr>
<td class='status pass' title='pass' alt='pass'><i class='mdi-action-check-circle'></i></td>
<td class='timestamp'>12:42:23</td>
<td class='step-details'>testProjectSpecificReport Test has been Passed1</td>
</tr>
<tr>
<td class='status pass' title='pass' alt='pass'><i class='mdi-action-check-circle'></i></td>
<td class='timestamp'>12:42:23</td>
<td class='step-details'>Test Ended</td>
</tr>
</tbody>
</table>
<ul class='collapsible node-list' data-collapsible='accordion'>
</ul>
</div>
</div>
</li>
<li class='collection-item test displayed active fail ' extentid='53b705c7-c94c-484a-b8e7-02ff83cdd3a2'>
<div class='test-head'>
<span class='test-name'>Report_EnrollmentListReportOld_Test :: testEnrollmentListReportOld </span>
<span class='test-status label right outline capitalize fail'>fail</span>
<span class='category-assigned hide  functionaltest'></span>
</div>
<div class='test-body'>
<div class='test-info'>
<span title='Test started time' alt='Test started time' class='test-started-time label green lighten-1 text-white'>2021-09-02 12:42:38</span>
<span title='Test ended time' alt='Test ended time' class='test-ended-time label red lighten-1 text-white'>2021-09-02 12:44:38</span>
<span title='Time taken to finish' alt='Time taken to finish' class='test-time-taken label blue-grey lighten-3 text-white'>0h 1m 59s+810ms</span>
</div>
<div class='test-desc'>testEnrollmentListReportOld</div>
<div class='test-attributes'>
<div class='categories'>
<span class='category text-white'>Functional Test</span>
</div>
<div class='authors'>
<span class='author text-white'>Kiran Pirangute</span>
</div>
</div>
<div class='test-steps'>
<table class='bordered table-results'>
<thead>
<tr>
<th>Status</th>
<th>Timestamp</th>
<th>Details</th>
</tr>
</thead>
<tbody>
<tr>
<td class='status pass' title='pass' alt='pass'><i class='mdi-action-check-circle'></i></td>
<td class='timestamp'>12:42:38</td>
<td class='step-details'>Test Started</td>
</tr>
<tr>
<td class='status pass' title='pass' alt='pass'><i class='mdi-action-check-circle'></i></td>
<td class='timestamp'>12:42:38</td>
<td class='step-details'>Browser Name chrome</td>
</tr>
<tr>
<td class='status pass' title='pass' alt='pass'><i class='mdi-action-check-circle'></i></td>
<td class='timestamp'>12:43:24</td>
<td class='step-details'>https://beta.wrapportal.com/login.aspx?ReturnUrl=%2f Current Url</td>
</tr>
<tr>
<td class='status pass' title='pass' alt='pass'><i class='mdi-action-check-circle'></i></td>
<td class='timestamp'>12:43:24</td>
<td class='step-details'>nouroswald User Name Entered Successfully</td>
</tr>
<tr>
<td class='status pass' title='pass' alt='pass'><i class='mdi-action-check-circle'></i></td>
<td class='timestamp'>12:43:24</td>
<td class='step-details'>4pMeb3bb6p Password Entered Successfully</td>
</tr>
<tr>
<td class='status info' title='info' alt='info'><i class='mdi-action-info-outline'></i></td>
<td class='timestamp'>12:43:26</td>
<td class='step-details'>Clicked On Login Button</td>
</tr>
<tr>
<td class='status pass' title='pass' alt='pass'><i class='mdi-action-check-circle'></i></td>
<td class='timestamp'>12:43:26</td>
<td class='step-details'>Login Successfully</td>
</tr>
<tr>
<td class='status info' title='info' alt='info'><i class='mdi-action-info-outline'></i></td>
<td class='timestamp'>12:43:44</td>
<td class='step-details'>Clicked on Report Module Icon</td>
</tr>
<tr>
<td class='status info' title='info' alt='info'><i class='mdi-action-info-outline'></i></td>
<td class='timestamp'>12:43:46</td>
<td class='step-details'>Respective Program Select Form Dropdown</td>
</tr>
<tr>
<td class='status pass' title='pass' alt='pass'><i class='mdi-action-check-circle'></i></td>
<td class='timestamp'>12:43:51</td>
<td class='step-details'>Enrollment List Report Report is Selected</td>
</tr>
<tr>
<td class='status pass' title='pass' alt='pass'><i class='mdi-action-check-circle'></i></td>
<td class='timestamp'>12:43:58</td>
<td class='step-details'>Project Selected Successfully</td>
</tr>
<tr>
<td class='status pass' title='pass' alt='pass'><i class='mdi-action-check-circle'></i></td>
<td class='timestamp'>12:44:01</td>
<td class='step-details'>Contractor Selected Successfully</td>
</tr>
<tr>
<td class='status info' title='info' alt='info'><i class='mdi-action-info-outline'></i></td>
<td class='timestamp'>12:44:05</td>
<td class='step-details'>Clicked On Build Report Button</td>
</tr>
<tr>
<td class='status pass' title='pass' alt='pass'><i class='mdi-action-check-circle'></i></td>
<td class='timestamp'>12:44:09</td>
<td class='step-details'>Report Generated<img class='report-img' data-featherlight='../ExtentReports/Screenshots/screen20210902124408.png' src='../ExtentReports/Screenshots/screen20210902124408.png' /></td>
</tr>
<tr>
<td class='status pass' title='pass' alt='pass'><i class='mdi-action-check-circle'></i></td>
<td class='timestamp'>12:44:09</td>
<td class='step-details'>Report Header Name Matched</td>
</tr>
<tr>
<td class='status pass' title='pass' alt='pass'><i class='mdi-action-check-circle'></i></td>
<td class='timestamp'>12:44:09</td>
<td class='step-details'>Report Generated Successfully</td>
</tr>
<tr>
<td class='status pass' title='pass' alt='pass'><i class='mdi-action-check-circle'></i></td>
<td class='timestamp'>12:44:12</td>
<td class='step-details'>Pdf Generated <img class='report-img' data-featherlight='../ExtentReports/Screenshots/screen20210902124409.png' src='../ExtentReports/Screenshots/screen20210902124409.png' /></td>
</tr>
<tr>
<td class='status fail' title='fail' alt='fail'><i class='mdi-navigation-cancel'></i></td>
<td class='timestamp'>12:44:27</td>
<td class='step-details'>Excel file is not Downloaded Successfully</td>
</tr>
<tr>
<td class='status pass' title='pass' alt='pass'><i class='mdi-action-check-circle'></i></td>
<td class='timestamp'>12:44:38</td>
<td class='step-details'>testEnrollmentListReportOld Test has been Passed1</td>
</tr>
<tr>
<td class='status pass' title='pass' alt='pass'><i class='mdi-action-check-circle'></i></td>
<td class='timestamp'>12:44:38</td>
<td class='step-details'>Test Ended</td>
</tr>
</tbody>
</table>
<ul class='collapsible node-list' data-collapsible='accordion'>
</ul>
</div>
</div>
</li>
<li class='collection-item test displayed active fail ' extentid='e2f79140-3bbf-4d4c-bc2c-c13375b1103c'>
<div class='test-head'>
<span class='test-name'>Report_ExpiringCertificateReportOld_Test :: testExpiringCertificateReportOld </span>
<span class='test-status label right outline capitalize fail'>fail</span>
<span class='category-assigned hide  functionaltest'></span>
</div>
<div class='test-body'>
<div class='test-info'>
<span title='Test started time' alt='Test started time' class='test-started-time label green lighten-1 text-white'>2021-09-02 12:44:56</span>
<span title='Test ended time' alt='Test ended time' class='test-ended-time label red lighten-1 text-white'>2021-09-02 12:46:51</span>
<span title='Time taken to finish' alt='Time taken to finish' class='test-time-taken label blue-grey lighten-3 text-white'>0h 1m 55s+642ms</span>
</div>
<div class='test-desc'>testExpiringCertificateReportOld</div>
<div class='test-attributes'>
<div class='categories'>
<span class='category text-white'>Functional Test</span>
</div>
<div class='authors'>
<span class='author text-white'>Kiran Pirangute</span>
</div>
</div>
<div class='test-steps'>
<table class='bordered table-results'>
<thead>
<tr>
<th>Status</th>
<th>Timestamp</th>
<th>Details</th>
</tr>
</thead>
<tbody>
<tr>
<td class='status pass' title='pass' alt='pass'><i class='mdi-action-check-circle'></i></td>
<td class='timestamp'>12:44:56</td>
<td class='step-details'>Test Started</td>
</tr>
<tr>
<td class='status pass' title='pass' alt='pass'><i class='mdi-action-check-circle'></i></td>
<td class='timestamp'>12:44:56</td>
<td class='step-details'>Browser Name chrome</td>
</tr>
<tr>
<td class='status pass' title='pass' alt='pass'><i class='mdi-action-check-circle'></i></td>
<td class='timestamp'>12:45:37</td>
<td class='step-details'>https://beta.wrapportal.com/login.aspx?ReturnUrl=%2f Current Url</td>
</tr>
<tr>
<td class='status pass' title='pass' alt='pass'><i class='mdi-action-check-circle'></i></td>
<td class='timestamp'>12:45:37</td>
<td class='step-details'>nouroswald User Name Entered Successfully</td>
</tr>
<tr>
<td class='status pass' title='pass' alt='pass'><i class='mdi-action-check-circle'></i></td>
<td class='timestamp'>12:45:37</td>
<td class='step-details'>4pMeb3bb6p Password Entered Successfully</td>
</tr>
<tr>
<td class='status info' title='info' alt='info'><i class='mdi-action-info-outline'></i></td>
<td class='timestamp'>12:45:39</td>
<td class='step-details'>Clicked On Login Button</td>
</tr>
<tr>
<td class='status pass' title='pass' alt='pass'><i class='mdi-action-check-circle'></i></td>
<td class='timestamp'>12:45:39</td>
<td class='step-details'>Login Successfully</td>
</tr>
<tr>
<td class='status info' title='info' alt='info'><i class='mdi-action-info-outline'></i></td>
<td class='timestamp'>12:45:51</td>
<td class='step-details'>Clicked on Report Module Icon</td>
</tr>
<tr>
<td class='status info' title='info' alt='info'><i class='mdi-action-info-outline'></i></td>
<td class='timestamp'>12:45:53</td>
<td class='step-details'>Respective Program Select Form Dropdown</td>
</tr>
<tr>
<td class='status pass' title='pass' alt='pass'><i class='mdi-action-check-circle'></i></td>
<td class='timestamp'>12:45:58</td>
<td class='step-details'>Expiring Certificate Report Report is Selected</td>
</tr>
<tr>
<td class='status pass' title='pass' alt='pass'><i class='mdi-action-check-circle'></i></td>
<td class='timestamp'>12:46:10</td>
<td class='step-details'>Project Selected Successfully</td>
</tr>
<tr>
<td class='status pass' title='pass' alt='pass'><i class='mdi-action-check-circle'></i></td>
<td class='timestamp'>12:46:14</td>
<td class='step-details'>Contractor Selected Successfully</td>
</tr>
<tr>
<td class='status info' title='info' alt='info'><i class='mdi-action-info-outline'></i></td>
<td class='timestamp'>12:46:17</td>
<td class='step-details'>Clicked On Build Report Button</td>
</tr>
<tr>
<td class='status pass' title='pass' alt='pass'><i class='mdi-action-check-circle'></i></td>
<td class='timestamp'>12:46:21</td>
<td class='step-details'>Report Generated<img class='report-img' data-featherlight='../ExtentReports/Screenshots/screen20210902124620.png' src='../ExtentReports/Screenshots/screen20210902124620.png' /></td>
</tr>
<tr>
<td class='status pass' title='pass' alt='pass'><i class='mdi-action-check-circle'></i></td>
<td class='timestamp'>12:46:21</td>
<td class='step-details'>Report Header Name Matched</td>
</tr>
<tr>
<td class='status pass' title='pass' alt='pass'><i class='mdi-action-check-circle'></i></td>
<td class='timestamp'>12:46:21</td>
<td class='step-details'>Report Generated Successfully</td>
</tr>
<tr>
<td class='status pass' title='pass' alt='pass'><i class='mdi-action-check-circle'></i></td>
<td class='timestamp'>12:46:25</td>
<td class='step-details'>Pdf Generated <img class='report-img' data-featherlight='../ExtentReports/Screenshots/screen20210902124621.png' src='../ExtentReports/Screenshots/screen20210902124621.png' /></td>
</tr>
<tr>
<td class='status fail' title='fail' alt='fail'><i class='mdi-navigation-cancel'></i></td>
<td class='timestamp'>12:46:40</td>
<td class='step-details'>Excel file is not Downloaded Successfully</td>
</tr>
<tr>
<td class='status pass' title='pass' alt='pass'><i class='mdi-action-check-circle'></i></td>
<td class='timestamp'>12:46:51</td>
<td class='step-details'>testExpiringCertificateReportOld Test has been Passed1</td>
</tr>
<tr>
<td class='status pass' title='pass' alt='pass'><i class='mdi-action-check-circle'></i></td>
<td class='timestamp'>12:46:51</td>
<td class='step-details'>Test Ended</td>
</tr>
</tbody>
</table>
<ul class='collapsible node-list' data-collapsible='accordion'>
</ul>
</div>
</div>
</li>
<li class='collection-item test displayed active fail ' extentid='564ce88f-8702-48da-b6a7-4ded73d3fa24'>
<div class='test-head'>
<span class='test-name'>Report_ReportedPayrollByContractorWorkClassOldTest :: testReportedPayrollByContractorOld </span>
<span class='test-status label right outline capitalize fail'>fail</span>
<span class='category-assigned hide  functionaltest'></span>
</div>
<div class='test-body'>
<div class='test-info'>
<span title='Test started time' alt='Test started time' class='test-started-time label green lighten-1 text-white'>2021-09-02 12:47:05</span>
<span title='Test ended time' alt='Test ended time' class='test-ended-time label red lighten-1 text-white'>2021-09-02 12:49:41</span>
<span title='Time taken to finish' alt='Time taken to finish' class='test-time-taken label blue-grey lighten-3 text-white'>0h 2m 35s+554ms</span>
</div>
<div class='test-desc'>testReportedPayrollByContractorOld</div>
<div class='test-attributes'>
<div class='categories'>
<span class='category text-white'>Functional Test</span>
</div>
<div class='authors'>
<span class='author text-white'>Kiran Pirangute</span>
</div>
</div>
<div class='test-steps'>
<table class='bordered table-results'>
<thead>
<tr>
<th>Status</th>
<th>Timestamp</th>
<th>Details</th>
</tr>
</thead>
<tbody>
<tr>
<td class='status pass' title='pass' alt='pass'><i class='mdi-action-check-circle'></i></td>
<td class='timestamp'>12:47:05</td>
<td class='step-details'>Test Started</td>
</tr>
<tr>
<td class='status pass' title='pass' alt='pass'><i class='mdi-action-check-circle'></i></td>
<td class='timestamp'>12:47:05</td>
<td class='step-details'>Browser Name chrome</td>
</tr>
<tr>
<td class='status pass' title='pass' alt='pass'><i class='mdi-action-check-circle'></i></td>
<td class='timestamp'>12:47:35</td>
<td class='step-details'>https://beta.wrapportal.com/login.aspx?ReturnUrl=%2f Current Url</td>
</tr>
<tr>
<td class='status pass' title='pass' alt='pass'><i class='mdi-action-check-circle'></i></td>
<td class='timestamp'>12:47:35</td>
<td class='step-details'>nouroswald User Name Entered Successfully</td>
</tr>
<tr>
<td class='status pass' title='pass' alt='pass'><i class='mdi-action-check-circle'></i></td>
<td class='timestamp'>12:47:35</td>
<td class='step-details'>4pMeb3bb6p Password Entered Successfully</td>
</tr>
<tr>
<td class='status info' title='info' alt='info'><i class='mdi-action-info-outline'></i></td>
<td class='timestamp'>12:47:36</td>
<td class='step-details'>Clicked On Login Button</td>
</tr>
<tr>
<td class='status pass' title='pass' alt='pass'><i class='mdi-action-check-circle'></i></td>
<td class='timestamp'>12:47:36</td>
<td class='step-details'>Login Successfully</td>
</tr>
<tr>
<td class='status info' title='info' alt='info'><i class='mdi-action-info-outline'></i></td>
<td class='timestamp'>12:47:59</td>
<td class='step-details'>Clicked on Report Module Icon</td>
</tr>
<tr>
<td class='status info' title='info' alt='info'><i class='mdi-action-info-outline'></i></td>
<td class='timestamp'>12:48:01</td>
<td class='step-details'>Respective Program Select Form Dropdown</td>
</tr>
<tr>
<td class='status pass' title='pass' alt='pass'><i class='mdi-action-check-circle'></i></td>
<td class='timestamp'>12:48:06</td>
<td class='step-details'>Reported Payroll By Contractor Work Class Report is Selected</td>
</tr>
<tr>
<td class='status pass' title='pass' alt='pass'><i class='mdi-action-check-circle'></i></td>
<td class='timestamp'>12:48:55</td>
<td class='step-details'>Project Selected Successfully</td>
</tr>
<tr>
<td class='status pass' title='pass' alt='pass'><i class='mdi-action-check-circle'></i></td>
<td class='timestamp'>12:48:58</td>
<td class='step-details'>Contractor Selected Successfully</td>
</tr>
<tr>
<td class='status info' title='info' alt='info'><i class='mdi-action-info-outline'></i></td>
<td class='timestamp'>12:49:04</td>
<td class='step-details'>Clicked On Build Report Button</td>
</tr>
<tr>
<td class='status pass' title='pass' alt='pass'><i class='mdi-action-check-circle'></i></td>
<td class='timestamp'>12:49:09</td>
<td class='step-details'>Report Generated<img class='report-img' data-featherlight='../ExtentReports/Screenshots/screen20210902124909.png' src='../ExtentReports/Screenshots/screen20210902124909.png' /></td>
</tr>
<tr>
<td class='status pass' title='pass' alt='pass'><i class='mdi-action-check-circle'></i></td>
<td class='timestamp'>12:49:09</td>
<td class='step-details'>Report Header Name Matched</td>
</tr>
<tr>
<td class='status pass' title='pass' alt='pass'><i class='mdi-action-check-circle'></i></td>
<td class='timestamp'>12:49:09</td>
<td class='step-details'>Report Generated Successfully</td>
</tr>
<tr>
<td class='status pass' title='pass' alt='pass'><i class='mdi-action-check-circle'></i></td>
<td class='timestamp'>12:49:11</td>
<td class='step-details'>Pdf Generated <img class='report-img' data-featherlight='../ExtentReports/Screenshots/screen20210902124909.png' src='../ExtentReports/Screenshots/screen20210902124909.png' /></td>
</tr>
<tr>
<td class='status fail' title='fail' alt='fail'><i class='mdi-navigation-cancel'></i></td>
<td class='timestamp'>12:49:29</td>
<td class='step-details'>Excel file is not Downloaded Successfully</td>
</tr>
<tr>
<td class='status pass' title='pass' alt='pass'><i class='mdi-action-check-circle'></i></td>
<td class='timestamp'>12:49:41</td>
<td class='step-details'>testReportedPayrollByContractorOld Test has been Passed1</td>
</tr>
<tr>
<td class='status pass' title='pass' alt='pass'><i class='mdi-action-check-circle'></i></td>
<td class='timestamp'>12:49:41</td>
<td class='step-details'>Test Ended</td>
</tr>
</tbody>
</table>
<ul class='collapsible node-list' data-collapsible='accordion'>
</ul>
</div>
</div>
</li>
<li class='collection-item test displayed active fail ' extentid='e8224c3e-12ee-49c5-aeef-b8fe7fafea8f'>
<div class='test-head'>
<span class='test-name'>Report_PulteCustomReport_Test :: testPulteCustomReport </span>
<span class='test-status label right outline capitalize fail'>fail</span>
<span class='category-assigned hide  functionaltest'></span>
</div>
<div class='test-body'>
<div class='test-info'>
<span title='Test started time' alt='Test started time' class='test-started-time label green lighten-1 text-white'>2021-09-02 12:49:56</span>
<span title='Test ended time' alt='Test ended time' class='test-ended-time label red lighten-1 text-white'>2021-09-02 12:51:28</span>
<span title='Time taken to finish' alt='Time taken to finish' class='test-time-taken label blue-grey lighten-3 text-white'>0h 1m 31s+832ms</span>
</div>
<div class='test-desc'>testPulteCustomReport</div>
<div class='test-attributes'>
<div class='categories'>
<span class='category text-white'>Functional Test</span>
</div>
<div class='authors'>
<span class='author text-white'>Kiran Pirangute</span>
</div>
</div>
<div class='test-steps'>
<table class='bordered table-results'>
<thead>
<tr>
<th>Status</th>
<th>Timestamp</th>
<th>Details</th>
</tr>
</thead>
<tbody>
<tr>
<td class='status pass' title='pass' alt='pass'><i class='mdi-action-check-circle'></i></td>
<td class='timestamp'>12:49:56</td>
<td class='step-details'>Test Started</td>
</tr>
<tr>
<td class='status pass' title='pass' alt='pass'><i class='mdi-action-check-circle'></i></td>
<td class='timestamp'>12:49:56</td>
<td class='step-details'>Browser Name chrome</td>
</tr>
<tr>
<td class='status pass' title='pass' alt='pass'><i class='mdi-action-check-circle'></i></td>
<td class='timestamp'>12:50:32</td>
<td class='step-details'>https://beta.wrapportal.com/login.aspx?ReturnUrl=%2f Current Url</td>
</tr>
<tr>
<td class='status pass' title='pass' alt='pass'><i class='mdi-action-check-circle'></i></td>
<td class='timestamp'>12:50:32</td>
<td class='step-details'>nouroswald User Name Entered Successfully</td>
</tr>
<tr>
<td class='status pass' title='pass' alt='pass'><i class='mdi-action-check-circle'></i></td>
<td class='timestamp'>12:50:32</td>
<td class='step-details'>4pMeb3bb6p Password Entered Successfully</td>
</tr>
<tr>
<td class='status info' title='info' alt='info'><i class='mdi-action-info-outline'></i></td>
<td class='timestamp'>12:50:34</td>
<td class='step-details'>Clicked On Login Button</td>
</tr>
<tr>
<td class='status pass' title='pass' alt='pass'><i class='mdi-action-check-circle'></i></td>
<td class='timestamp'>12:50:34</td>
<td class='step-details'>Login Successfully</td>
</tr>
<tr>
<td class='status info' title='info' alt='info'><i class='mdi-action-info-outline'></i></td>
<td class='timestamp'>12:50:47</td>
<td class='step-details'>Clicked on Report Module Icon</td>
</tr>
<tr>
<td class='status info' title='info' alt='info'><i class='mdi-action-info-outline'></i></td>
<td class='timestamp'>12:50:49</td>
<td class='step-details'>Respective Program Select Form Dropdown</td>
</tr>
<tr>
<td class='status pass' title='pass' alt='pass'><i class='mdi-action-check-circle'></i></td>
<td class='timestamp'>12:50:55</td>
<td class='step-details'>Pulte Custom Report Report is Selected</td>
</tr>
<tr>
<td class='status pass' title='pass' alt='pass'><i class='mdi-action-check-circle'></i></td>
<td class='timestamp'>12:51:06</td>
<td class='step-details'>Project Selected Successfully</td>
</tr>
<tr>
<td class='status info' title='info' alt='info'><i class='mdi-action-info-outline'></i></td>
<td class='timestamp'>12:51:09</td>
<td class='step-details'>Clicked On Build Report Button</td>
</tr>
<tr>
<td class='status pass' title='pass' alt='pass'><i class='mdi-action-check-circle'></i></td>
<td class='timestamp'>12:51:12</td>
<td class='step-details'>Report Generated<img class='report-img' data-featherlight='../ExtentReports/Screenshots/screen20210902125112.png' src='../ExtentReports/Screenshots/screen20210902125112.png' /></td>
</tr>
<tr>
<td class='status pass' title='pass' alt='pass'><i class='mdi-action-check-circle'></i></td>
<td class='timestamp'>12:51:12</td>
<td class='step-details'>Report Header Name Matched</td>
</tr>
<tr>
<td class='status pass' title='pass' alt='pass'><i class='mdi-action-check-circle'></i></td>
<td class='timestamp'>12:51:12</td>
<td class='step-details'>Report Generated Successfully</td>
</tr>
<tr>
<td class='status fail' title='fail' alt='fail'><i class='mdi-navigation-cancel'></i></td>
<td class='timestamp'>12:51:23</td>
<td class='step-details'>Excel file is not Downloaded Successfully</td>
</tr>
<tr>
<td class='status pass' title='pass' alt='pass'><i class='mdi-action-check-circle'></i></td>
<td class='timestamp'>12:51:28</td>
<td class='step-details'>testPulteCustomReport Test has been Passed1</td>
</tr>
<tr>
<td class='status pass' title='pass' alt='pass'><i class='mdi-action-check-circle'></i></td>
<td class='timestamp'>12:51:28</td>
<td class='step-details'>Test Ended</td>
</tr>
</tbody>
</table>
<ul class='collapsible node-list' data-collapsible='accordion'>
</ul>
</div>
</div>
</li>
<li class='collection-item test displayed active fail ' extentid='f487f555-6e7c-4b8a-99d6-e2d05a06b036'>
<div class='test-head'>
<span class='test-name'>Report_PayrollAuditSummaryByWorkClassOld_Test :: testPayrollAuditSummaryOld </span>
<span class='test-status label right outline capitalize fail'>fail</span>
<span class='category-assigned hide  functionaltest'></span>
</div>
<div class='test-body'>
<div class='test-info'>
<span title='Test started time' alt='Test started time' class='test-started-time label green lighten-1 text-white'>2021-09-02 12:51:44</span>
<span title='Test ended time' alt='Test ended time' class='test-ended-time label red lighten-1 text-white'>2021-09-02 12:54:20</span>
<span title='Time taken to finish' alt='Time taken to finish' class='test-time-taken label blue-grey lighten-3 text-white'>0h 2m 35s+556ms</span>
</div>
<div class='test-desc'>testPayrollAuditSummaryOld</div>
<div class='test-attributes'>
<div class='categories'>
<span class='category text-white'>Functional Test</span>
</div>
<div class='authors'>
<span class='author text-white'>Kiran Pirangute</span>
</div>
</div>
<div class='test-steps'>
<table class='bordered table-results'>
<thead>
<tr>
<th>Status</th>
<th>Timestamp</th>
<th>Details</th>
</tr>
</thead>
<tbody>
<tr>
<td class='status pass' title='pass' alt='pass'><i class='mdi-action-check-circle'></i></td>
<td class='timestamp'>12:51:44</td>
<td class='step-details'>Test Started</td>
</tr>
<tr>
<td class='status pass' title='pass' alt='pass'><i class='mdi-action-check-circle'></i></td>
<td class='timestamp'>12:51:44</td>
<td class='step-details'>Browser Name chrome</td>
</tr>
<tr>
<td class='status pass' title='pass' alt='pass'><i class='mdi-action-check-circle'></i></td>
<td class='timestamp'>12:52:49</td>
<td class='step-details'>https://beta.wrapportal.com/login.aspx?ReturnUrl=%2f Current Url</td>
</tr>
<tr>
<td class='status pass' title='pass' alt='pass'><i class='mdi-action-check-circle'></i></td>
<td class='timestamp'>12:52:49</td>
<td class='step-details'>nouroswald User Name Entered Successfully</td>
</tr>
<tr>
<td class='status pass' title='pass' alt='pass'><i class='mdi-action-check-circle'></i></td>
<td class='timestamp'>12:52:49</td>
<td class='step-details'>4pMeb3bb6p Password Entered Successfully</td>
</tr>
<tr>
<td class='status info' title='info' alt='info'><i class='mdi-action-info-outline'></i></td>
<td class='timestamp'>12:52:51</td>
<td class='step-details'>Clicked On Login Button</td>
</tr>
<tr>
<td class='status pass' title='pass' alt='pass'><i class='mdi-action-check-circle'></i></td>
<td class='timestamp'>12:52:51</td>
<td class='step-details'>Login Successfully</td>
</tr>
<tr>
<td class='status info' title='info' alt='info'><i class='mdi-action-info-outline'></i></td>
<td class='timestamp'>12:53:12</td>
<td class='step-details'>Clicked on Report Module Icon</td>
</tr>
<tr>
<td class='status info' title='info' alt='info'><i class='mdi-action-info-outline'></i></td>
<td class='timestamp'>12:53:16</td>
<td class='step-details'>Respective Program Select Form Dropdown</td>
</tr>
<tr>
<td class='status pass' title='pass' alt='pass'><i class='mdi-action-check-circle'></i></td>
<td class='timestamp'>12:53:21</td>
<td class='step-details'>Payroll Audit Summar By Work Class Report is Selected</td>
</tr>
<tr>
<td class='status pass' title='pass' alt='pass'><i class='mdi-action-check-circle'></i></td>
<td class='timestamp'>12:53:32</td>
<td class='step-details'>Project Selected Successfully</td>
</tr>
<tr>
<td class='status pass' title='pass' alt='pass'><i class='mdi-action-check-circle'></i></td>
<td class='timestamp'>12:53:35</td>
<td class='step-details'>Contractor Selected Successfully</td>
</tr>
<tr>
<td class='status info' title='info' alt='info'><i class='mdi-action-info-outline'></i></td>
<td class='timestamp'>12:53:39</td>
<td class='step-details'>Clicked On Build Report Button</td>
</tr>
<tr>
<td class='status pass' title='pass' alt='pass'><i class='mdi-action-check-circle'></i></td>
<td class='timestamp'>12:53:44</td>
<td class='step-details'>Report Generated<img class='report-img' data-featherlight='../ExtentReports/Screenshots/screen20210902125344.png' src='../ExtentReports/Screenshots/screen20210902125344.png' /></td>
</tr>
<tr>
<td class='status pass' title='pass' alt='pass'><i class='mdi-action-check-circle'></i></td>
<td class='timestamp'>12:53:54</td>
<td class='step-details'>Pdf Generated <img class='report-img' data-featherlight='../ExtentReports/Screenshots/screen20210902125353.png' src='../ExtentReports/Screenshots/screen20210902125353.png' /></td>
</tr>
<tr>
<td class='status fail' title='fail' alt='fail'><i class='mdi-navigation-cancel'></i></td>
<td class='timestamp'>12:54:09</td>
<td class='step-details'>Excel file is not Downloaded Successfully</td>
</tr>
<tr>
<td class='status pass' title='pass' alt='pass'><i class='mdi-action-check-circle'></i></td>
<td class='timestamp'>12:54:20</td>
<td class='step-details'>testPayrollAuditSummaryOld Test has been Passed1</td>
</tr>
<tr>
<td class='status pass' title='pass' alt='pass'><i class='mdi-action-check-circle'></i></td>
<td class='timestamp'>12:54:20</td>
<td class='step-details'>Test Ended</td>
</tr>
</tbody>
</table>
<ul class='collapsible node-list' data-collapsible='accordion'>
</ul>
</div>
</div>
</li>
<li class='collection-item test displayed active fail ' extentid='3898a16d-29d7-4346-b6fe-1e3f5039f1f7'>
<div class='test-head'>
<span class='test-name'>Report_Certificate_Log_Old_Test :: testProjectSummaryReportOld </span>
<span class='test-status label right outline capitalize fail'>fail</span>
<span class='category-assigned hide  functionaltest'></span>
</div>
<div class='test-body'>
<div class='test-info'>
<span title='Test started time' alt='Test started time' class='test-started-time label green lighten-1 text-white'>2021-09-02 12:55:05</span>
<span title='Test ended time' alt='Test ended time' class='test-ended-time label red lighten-1 text-white'>2021-09-02 12:57:47</span>
<span title='Time taken to finish' alt='Time taken to finish' class='test-time-taken label blue-grey lighten-3 text-white'>0h 2m 41s+259ms</span>
</div>
<div class='test-desc'>testProjectSummaryReportOld</div>
<div class='test-attributes'>
<div class='categories'>
<span class='category text-white'>Functional Test</span>
</div>
<div class='authors'>
<span class='author text-white'>Kiran Pirangute</span>
</div>
</div>
<div class='test-steps'>
<table class='bordered table-results'>
<thead>
<tr>
<th>Status</th>
<th>Timestamp</th>
<th>Details</th>
</tr>
</thead>
<tbody>
<tr>
<td class='status pass' title='pass' alt='pass'><i class='mdi-action-check-circle'></i></td>
<td class='timestamp'>12:55:05</td>
<td class='step-details'>Test Started</td>
</tr>
<tr>
<td class='status pass' title='pass' alt='pass'><i class='mdi-action-check-circle'></i></td>
<td class='timestamp'>12:55:05</td>
<td class='step-details'>Browser Name chrome</td>
</tr>
<tr>
<td class='status pass' title='pass' alt='pass'><i class='mdi-action-check-circle'></i></td>
<td class='timestamp'>12:55:51</td>
<td class='step-details'>https://beta.wrapportal.com/login.aspx?ReturnUrl=%2f Current Url</td>
</tr>
<tr>
<td class='status pass' title='pass' alt='pass'><i class='mdi-action-check-circle'></i></td>
<td class='timestamp'>12:55:51</td>
<td class='step-details'>nouroswald User Name Entered Successfully</td>
</tr>
<tr>
<td class='status pass' title='pass' alt='pass'><i class='mdi-action-check-circle'></i></td>
<td class='timestamp'>12:55:51</td>
<td class='step-details'>4pMeb3bb6p Password Entered Successfully</td>
</tr>
<tr>
<td class='status info' title='info' alt='info'><i class='mdi-action-info-outline'></i></td>
<td class='timestamp'>12:55:53</td>
<td class='step-details'>Clicked On Login Button</td>
</tr>
<tr>
<td class='status pass' title='pass' alt='pass'><i class='mdi-action-check-circle'></i></td>
<td class='timestamp'>12:55:53</td>
<td class='step-details'>Login Successfully</td>
</tr>
<tr>
<td class='status info' title='info' alt='info'><i class='mdi-action-info-outline'></i></td>
<td class='timestamp'>12:56:17</td>
<td class='step-details'>Clicked on Report Module Icon</td>
</tr>
<tr>
<td class='status info' title='info' alt='info'><i class='mdi-action-info-outline'></i></td>
<td class='timestamp'>12:56:19</td>
<td class='step-details'>Respective Program Select Form Dropdown</td>
</tr>
<tr>
<td class='status pass' title='pass' alt='pass'><i class='mdi-action-check-circle'></i></td>
<td class='timestamp'>12:56:27</td>
<td class='step-details'>Certificate Log  Report is Selected</td>
</tr>
<tr>
<td class='status pass' title='pass' alt='pass'><i class='mdi-action-check-circle'></i></td>
<td class='timestamp'>12:56:40</td>
<td class='step-details'>Project Selected Successfully</td>
</tr>
<tr>
<td class='status info' title='info' alt='info'><i class='mdi-action-info-outline'></i></td>
<td class='timestamp'>12:56:43</td>
<td class='step-details'>Clicked On Build Report Button</td>
</tr>
<tr>
<td class='status pass' title='pass' alt='pass'><i class='mdi-action-check-circle'></i></td>
<td class='timestamp'>12:56:46</td>
<td class='step-details'>Report Generated<img class='report-img' data-featherlight='../ExtentReports/Screenshots/screen20210902125646.png' src='../ExtentReports/Screenshots/screen20210902125646.png' /></td>
</tr>
<tr>
<td class='status pass' title='pass' alt='pass'><i class='mdi-action-check-circle'></i></td>
<td class='timestamp'>12:57:04</td>
<td class='step-details'>Report Header Name Matched</td>
</tr>
<tr>
<td class='status pass' title='pass' alt='pass'><i class='mdi-action-check-circle'></i></td>
<td class='timestamp'>12:57:04</td>
<td class='step-details'>Report Generated Successfully</td>
</tr>
<tr>
<td class='status pass' title='pass' alt='pass'><i class='mdi-action-check-circle'></i></td>
<td class='timestamp'>12:57:20</td>
<td class='step-details'>Pdf Generated <img class='report-img' data-featherlight='../ExtentReports/Screenshots/screen20210902125704.png' src='../ExtentReports/Screenshots/screen20210902125704.png' /></td>
</tr>
<tr>
<td class='status fail' title='fail' alt='fail'><i class='mdi-navigation-cancel'></i></td>
<td class='timestamp'>12:57:36</td>
<td class='step-details'>Excel file is not Downloaded Successfully</td>
</tr>
<tr>
<td class='status pass' title='pass' alt='pass'><i class='mdi-action-check-circle'></i></td>
<td class='timestamp'>12:57:47</td>
<td class='step-details'>testProjectSummaryReportOld Test has been Passed1</td>
</tr>
<tr>
<td class='status pass' title='pass' alt='pass'><i class='mdi-action-check-circle'></i></td>
<td class='timestamp'>12:57:47</td>
<td class='step-details'>Test Ended</td>
</tr>
</tbody>
</table>
<ul class='collapsible node-list' data-collapsible='accordion'>
</ul>
</div>
</div>
</li>
<li class='collection-item test displayed active fail ' extentid='4cf17d8f-a6b4-4a00-ac87-782364596ce9'>
<div class='test-head'>
<span class='test-name'>Report_QuarterlyEnrollmenteportOld_Test :: testQuarterlyEnrollmenteportOld </span>
<span class='test-status label right outline capitalize fail'>fail</span>
<span class='category-assigned hide  functionaltest'></span>
</div>
<div class='test-body'>
<div class='test-info'>
<span title='Test started time' alt='Test started time' class='test-started-time label green lighten-1 text-white'>2021-09-02 12:57:55</span>
<span title='Test ended time' alt='Test ended time' class='test-ended-time label red lighten-1 text-white'>2021-09-02 12:59:49</span>
<span title='Time taken to finish' alt='Time taken to finish' class='test-time-taken label blue-grey lighten-3 text-white'>0h 1m 53s+816ms</span>
</div>
<div class='test-desc'>testQuarterlyEnrollmenteportOld</div>
<div class='test-attributes'>
<div class='categories'>
<span class='category text-white'>Functional Test</span>
</div>
<div class='authors'>
<span class='author text-white'>Kiran Pirangute</span>
</div>
</div>
<div class='test-steps'>
<table class='bordered table-results'>
<thead>
<tr>
<th>Status</th>
<th>Timestamp</th>
<th>Details</th>
</tr>
</thead>
<tbody>
<tr>
<td class='status pass' title='pass' alt='pass'><i class='mdi-action-check-circle'></i></td>
<td class='timestamp'>12:57:55</td>
<td class='step-details'>Test Started</td>
</tr>
<tr>
<td class='status pass' title='pass' alt='pass'><i class='mdi-action-check-circle'></i></td>
<td class='timestamp'>12:57:55</td>
<td class='step-details'>Browser Name chrome</td>
</tr>
<tr>
<td class='status pass' title='pass' alt='pass'><i class='mdi-action-check-circle'></i></td>
<td class='timestamp'>12:58:38</td>
<td class='step-details'>https://beta.wrapportal.com/login.aspx?ReturnUrl=%2f Current Url</td>
</tr>
<tr>
<td class='status pass' title='pass' alt='pass'><i class='mdi-action-check-circle'></i></td>
<td class='timestamp'>12:58:38</td>
<td class='step-details'>nouroswald User Name Entered Successfully</td>
</tr>
<tr>
<td class='status pass' title='pass' alt='pass'><i class='mdi-action-check-circle'></i></td>
<td class='timestamp'>12:58:38</td>
<td class='step-details'>4pMeb3bb6p Password Entered Successfully</td>
</tr>
<tr>
<td class='status info' title='info' alt='info'><i class='mdi-action-info-outline'></i></td>
<td class='timestamp'>12:58:40</td>
<td class='step-details'>Clicked On Login Button</td>
</tr>
<tr>
<td class='status pass' title='pass' alt='pass'><i class='mdi-action-check-circle'></i></td>
<td class='timestamp'>12:58:40</td>
<td class='step-details'>Login Successfully</td>
</tr>
<tr>
<td class='status info' title='info' alt='info'><i class='mdi-action-info-outline'></i></td>
<td class='timestamp'>12:59:02</td>
<td class='step-details'>Clicked on Report Module Icon</td>
</tr>
<tr>
<td class='status info' title='info' alt='info'><i class='mdi-action-info-outline'></i></td>
<td class='timestamp'>12:59:04</td>
<td class='step-details'>Respective Program Select Form Dropdown</td>
</tr>
<tr>
<td class='status pass' title='pass' alt='pass'><i class='mdi-action-check-circle'></i></td>
<td class='timestamp'>12:59:10</td>
<td class='step-details'>Quarterly Enrollment Report Report is Selected</td>
</tr>
<tr>
<td class='status pass' title='pass' alt='pass'><i class='mdi-action-check-circle'></i></td>
<td class='timestamp'>12:59:17</td>
<td class='step-details'>Project Selected Successfully</td>
</tr>
<tr>
<td class='status pass' title='pass' alt='pass'><i class='mdi-action-check-circle'></i></td>
<td class='timestamp'>12:59:20</td>
<td class='step-details'>Contractor Selected Successfully</td>
</tr>
<tr>
<td class='status info' title='info' alt='info'><i class='mdi-action-info-outline'></i></td>
<td class='timestamp'>12:59:25</td>
<td class='step-details'>Clicked On Build Report Button</td>
</tr>
<tr>
<td class='status pass' title='pass' alt='pass'><i class='mdi-action-check-circle'></i></td>
<td class='timestamp'>12:59:28</td>
<td class='step-details'>Report Generated<img class='report-img' data-featherlight='../ExtentReports/Screenshots/screen20210902125928.png' src='../ExtentReports/Screenshots/screen20210902125928.png' /></td>
</tr>
<tr>
<td class='status pass' title='pass' alt='pass'><i class='mdi-action-check-circle'></i></td>
<td class='timestamp'>12:59:28</td>
<td class='step-details'>Report Header Name Matched</td>
</tr>
<tr>
<td class='status pass' title='pass' alt='pass'><i class='mdi-action-check-circle'></i></td>
<td class='timestamp'>12:59:28</td>
<td class='step-details'>Report Generated Successfully</td>
</tr>
<tr>
<td class='status fail' title='fail' alt='fail'><i class='mdi-navigation-cancel'></i></td>
<td class='timestamp'>12:59:38</td>
<td class='step-details'>Excel file is not Downloaded Successfully</td>
</tr>
<tr>
<td class='status pass' title='pass' alt='pass'><i class='mdi-action-check-circle'></i></td>
<td class='timestamp'>12:59:49</td>
<td class='step-details'>testQuarterlyEnrollmenteportOld Test has been Passed1</td>
</tr>
<tr>
<td class='status pass' title='pass' alt='pass'><i class='mdi-action-check-circle'></i></td>
<td class='timestamp'>12:59:49</td>
<td class='step-details'>Test Ended</td>
</tr>
</tbody>
</table>
<ul class='collapsible node-list' data-collapsible='accordion'>
</ul>
</div>
</div>
</li>
<li class='collection-item test displayed active fail ' extentid='c8bd2f1b-2365-4788-a7a9-1ed46354de32'>
<div class='test-head'>
<span class='test-name'>Report_StatusReportOld_Test :: testStatusReportOld </span>
<span class='test-status label right outline capitalize fail'>fail</span>
<span class='category-assigned hide  functionaltest'></span>
</div>
<div class='test-body'>
<div class='test-info'>
<span title='Test started time' alt='Test started time' class='test-started-time label green lighten-1 text-white'>2021-09-02 13:00:01</span>
<span title='Test ended time' alt='Test ended time' class='test-ended-time label red lighten-1 text-white'>2021-09-02 13:02:49</span>
<span title='Time taken to finish' alt='Time taken to finish' class='test-time-taken label blue-grey lighten-3 text-white'>0h 2m 48s+132ms</span>
</div>
<div class='test-desc'>testStatusReportOld</div>
<div class='test-attributes'>
<div class='categories'>
<span class='category text-white'>Functional Test</span>
</div>
<div class='authors'>
<span class='author text-white'>Kiran Pirangute</span>
</div>
</div>
<div class='test-steps'>
<table class='bordered table-results'>
<thead>
<tr>
<th>Status</th>
<th>Timestamp</th>
<th>Details</th>
</tr>
</thead>
<tbody>
<tr>
<td class='status pass' title='pass' alt='pass'><i class='mdi-action-check-circle'></i></td>
<td class='timestamp'>13:00:01</td>
<td class='step-details'>Test Started</td>
</tr>
<tr>
<td class='status pass' title='pass' alt='pass'><i class='mdi-action-check-circle'></i></td>
<td class='timestamp'>13:00:01</td>
<td class='step-details'>Browser Name chrome</td>
</tr>
<tr>
<td class='status pass' title='pass' alt='pass'><i class='mdi-action-check-circle'></i></td>
<td class='timestamp'>13:00:49</td>
<td class='step-details'>https://beta.wrapportal.com/login.aspx?ReturnUrl=%2f Current Url</td>
</tr>
<tr>
<td class='status pass' title='pass' alt='pass'><i class='mdi-action-check-circle'></i></td>
<td class='timestamp'>13:00:49</td>
<td class='step-details'>nouroswald User Name Entered Successfully</td>
</tr>
<tr>
<td class='status pass' title='pass' alt='pass'><i class='mdi-action-check-circle'></i></td>
<td class='timestamp'>13:00:49</td>
<td class='step-details'>4pMeb3bb6p Password Entered Successfully</td>
</tr>
<tr>
<td class='status info' title='info' alt='info'><i class='mdi-action-info-outline'></i></td>
<td class='timestamp'>13:00:50</td>
<td class='step-details'>Clicked On Login Button</td>
</tr>
<tr>
<td class='status pass' title='pass' alt='pass'><i class='mdi-action-check-circle'></i></td>
<td class='timestamp'>13:00:50</td>
<td class='step-details'>Login Successfully</td>
</tr>
<tr>
<td class='status info' title='info' alt='info'><i class='mdi-action-info-outline'></i></td>
<td class='timestamp'>13:01:11</td>
<td class='step-details'>Clicked on Report Module Icon</td>
</tr>
<tr>
<td class='status info' title='info' alt='info'><i class='mdi-action-info-outline'></i></td>
<td class='timestamp'>13:01:21</td>
<td class='step-details'>Respective Program Select Form Dropdown</td>
</tr>
<tr>
<td class='status pass' title='pass' alt='pass'><i class='mdi-action-check-circle'></i></td>
<td class='timestamp'>13:01:26</td>
<td class='step-details'>Status Report Report is Selected</td>
</tr>
<tr>
<td class='status pass' title='pass' alt='pass'><i class='mdi-action-check-circle'></i></td>
<td class='timestamp'>13:02:05</td>
<td class='step-details'>Project Selected Successfully</td>
</tr>
<tr>
<td class='status pass' title='pass' alt='pass'><i class='mdi-action-check-circle'></i></td>
<td class='timestamp'>13:02:08</td>
<td class='step-details'>Contractor Selected Successfully</td>
</tr>
<tr>
<td class='status info' title='info' alt='info'><i class='mdi-action-info-outline'></i></td>
<td class='timestamp'>13:02:12</td>
<td class='step-details'>Clicked On Build Report Button</td>
</tr>
<tr>
<td class='status pass' title='pass' alt='pass'><i class='mdi-action-check-circle'></i></td>
<td class='timestamp'>13:02:15</td>
<td class='step-details'>Report Generated<img class='report-img' data-featherlight='../ExtentReports/Screenshots/screen20210902130215.png' src='../ExtentReports/Screenshots/screen20210902130215.png' /></td>
</tr>
<tr>
<td class='status pass' title='pass' alt='pass'><i class='mdi-action-check-circle'></i></td>
<td class='timestamp'>13:02:15</td>
<td class='step-details'>Report Header Name Matched</td>
</tr>
<tr>
<td class='status pass' title='pass' alt='pass'><i class='mdi-action-check-circle'></i></td>
<td class='timestamp'>13:02:15</td>
<td class='step-details'>Report Generated Successfully</td>
</tr>
<tr>
<td class='status pass' title='pass' alt='pass'><i class='mdi-action-check-circle'></i></td>
<td class='timestamp'>13:02:23</td>
<td class='step-details'>Pdf Generated <img class='report-img' data-featherlight='../ExtentReports/Screenshots/screen20210902130223.png' src='../ExtentReports/Screenshots/screen20210902130223.png' /></td>
</tr>
<tr>
<td class='status fail' title='fail' alt='fail'><i class='mdi-navigation-cancel'></i></td>
<td class='timestamp'>13:02:38</td>
<td class='step-details'>Excel file is not Downloaded Successfully</td>
</tr>
<tr>
<td class='status pass' title='pass' alt='pass'><i class='mdi-action-check-circle'></i></td>
<td class='timestamp'>13:02:49</td>
<td class='step-details'>testStatusReportOld Test has been Passed1</td>
</tr>
<tr>
<td class='status pass' title='pass' alt='pass'><i class='mdi-action-check-circle'></i></td>
<td class='timestamp'>13:02:49</td>
<td class='step-details'>Test Ended</td>
</tr>
</tbody>
</table>
<ul class='collapsible node-list' data-collapsible='accordion'>
</ul>
</div>
</div>
</li>
<li class='collection-item test displayed active fail ' extentid='04ec6217-a4c0-4ace-8c8e-1ec1fea46cf1'>
<div class='test-head'>
<span class='test-name'>Report_CertificateTrackingReportOld_Test :: testCertificateTrackingReportOld </span>
<span class='test-status label right outline capitalize fail'>fail</span>
<span class='category-assigned hide  functionaltest'></span>
</div>
<div class='test-body'>
<div class='test-info'>
<span title='Test started time' alt='Test started time' class='test-started-time label green lighten-1 text-white'>2021-09-02 13:03:03</span>
<span title='Test ended time' alt='Test ended time' class='test-ended-time label red lighten-1 text-white'>2021-09-02 13:05:44</span>
<span title='Time taken to finish' alt='Time taken to finish' class='test-time-taken label blue-grey lighten-3 text-white'>0h 2m 41s+536ms</span>
</div>
<div class='test-desc'>testCertificateTrackingReportOld</div>
<div class='test-attributes'>
<div class='categories'>
<span class='category text-white'>Functional Test</span>
</div>
<div class='authors'>
<span class='author text-white'>Kiran Pirangute</span>
</div>
</div>
<div class='test-steps'>
<table class='bordered table-results'>
<thead>
<tr>
<th>Status</th>
<th>Timestamp</th>
<th>Details</th>
</tr>
</thead>
<tbody>
<tr>
<td class='status pass' title='pass' alt='pass'><i class='mdi-action-check-circle'></i></td>
<td class='timestamp'>13:03:03</td>
<td class='step-details'>Test Started</td>
</tr>
<tr>
<td class='status pass' title='pass' alt='pass'><i class='mdi-action-check-circle'></i></td>
<td class='timestamp'>13:03:03</td>
<td class='step-details'>Browser Name chrome</td>
</tr>
<tr>
<td class='status pass' title='pass' alt='pass'><i class='mdi-action-check-circle'></i></td>
<td class='timestamp'>13:03:45</td>
<td class='step-details'>https://beta.wrapportal.com/login.aspx?ReturnUrl=%2f Current Url</td>
</tr>
<tr>
<td class='status pass' title='pass' alt='pass'><i class='mdi-action-check-circle'></i></td>
<td class='timestamp'>13:03:45</td>
<td class='step-details'>nouroswald User Name Entered Successfully</td>
</tr>
<tr>
<td class='status pass' title='pass' alt='pass'><i class='mdi-action-check-circle'></i></td>
<td class='timestamp'>13:03:45</td>
<td class='step-details'>4pMeb3bb6p Password Entered Successfully</td>
</tr>
<tr>
<td class='status info' title='info' alt='info'><i class='mdi-action-info-outline'></i></td>
<td class='timestamp'>13:03:47</td>
<td class='step-details'>Clicked On Login Button</td>
</tr>
<tr>
<td class='status pass' title='pass' alt='pass'><i class='mdi-action-check-circle'></i></td>
<td class='timestamp'>13:03:47</td>
<td class='step-details'>Login Successfully</td>
</tr>
<tr>
<td class='status info' title='info' alt='info'><i class='mdi-action-info-outline'></i></td>
<td class='timestamp'>13:04:00</td>
<td class='step-details'>Clicked on Report Module Icon</td>
</tr>
<tr>
<td class='status info' title='info' alt='info'><i class='mdi-action-info-outline'></i></td>
<td class='timestamp'>13:04:02</td>
<td class='step-details'>Respective Program Select Form Dropdown</td>
</tr>
<tr>
<td class='status pass' title='pass' alt='pass'><i class='mdi-action-check-circle'></i></td>
<td class='timestamp'>13:04:07</td>
<td class='step-details'>Certificate Tracking Report Report is Selected</td>
</tr>
<tr>
<td class='status pass' title='pass' alt='pass'><i class='mdi-action-check-circle'></i></td>
<td class='timestamp'>13:04:16</td>
<td class='step-details'>Project Selected Successfully</td>
</tr>
<tr>
<td class='status info' title='info' alt='info'><i class='mdi-action-info-outline'></i></td>
<td class='timestamp'>13:04:19</td>
<td class='step-details'>Clicked On Build Report Button</td>
</tr>
<tr>
<td class='status pass' title='pass' alt='pass'><i class='mdi-action-check-circle'></i></td>
<td class='timestamp'>13:04:22</td>
<td class='step-details'>Report Generated<img class='report-img' data-featherlight='../ExtentReports/Screenshots/screen20210902130422.png' src='../ExtentReports/Screenshots/screen20210902130422.png' /></td>
</tr>
<tr>
<td class='status pass' title='pass' alt='pass'><i class='mdi-action-check-circle'></i></td>
<td class='timestamp'>13:04:47</td>
<td class='step-details'>Report Header Name Matched</td>
</tr>
<tr>
<td class='status pass' title='pass' alt='pass'><i class='mdi-action-check-circle'></i></td>
<td class='timestamp'>13:04:47</td>
<td class='step-details'>Report Generated Successfully</td>
</tr>
<tr>
<td class='status pass' title='pass' alt='pass'><i class='mdi-action-check-circle'></i></td>
<td class='timestamp'>13:05:17</td>
<td class='step-details'>Pdf Generated <img class='report-img' data-featherlight='../ExtentReports/Screenshots/screen20210902130454.png' src='../ExtentReports/Screenshots/screen20210902130454.png' /></td>
</tr>
<tr>
<td class='status fail' title='fail' alt='fail'><i class='mdi-navigation-cancel'></i></td>
<td class='timestamp'>13:05:32</td>
<td class='step-details'>Excel file is not Downloaded Successfully</td>
</tr>
<tr>
<td class='status pass' title='pass' alt='pass'><i class='mdi-action-check-circle'></i></td>
<td class='timestamp'>13:05:44</td>
<td class='step-details'>testCertificateTrackingReportOld Test has been Passed1</td>
</tr>
<tr>
<td class='status pass' title='pass' alt='pass'><i class='mdi-action-check-circle'></i></td>
<td class='timestamp'>13:05:44</td>
<td class='step-details'>Test Ended</td>
</tr>
</tbody>
</table>
<ul class='collapsible node-list' data-collapsible='accordion'>
</ul>
</div>
</div>
</li>
<li class='collection-item test displayed active fail ' extentid='36334b12-8ce3-49a1-9456-5ae86593bf30'>
<div class='test-head'>
<span class='test-name'>Report_SubcontractorStatusReportOld_Test :: testSubcontractorStatusReportOld </span>
<span class='test-status label right outline capitalize fail'>fail</span>
<span class='category-assigned hide  functionaltest'></span>
</div>
<div class='test-body'>
<div class='test-info'>
<span title='Test started time' alt='Test started time' class='test-started-time label green lighten-1 text-white'>2021-09-02 13:06:02</span>
<span title='Test ended time' alt='Test ended time' class='test-ended-time label red lighten-1 text-white'>2021-09-02 13:08:56</span>
<span title='Time taken to finish' alt='Time taken to finish' class='test-time-taken label blue-grey lighten-3 text-white'>0h 2m 54s+180ms</span>
</div>
<div class='test-desc'>testSubcontractorStatusReportOld</div>
<div class='test-attributes'>
<div class='categories'>
<span class='category text-white'>Functional Test</span>
</div>
<div class='authors'>
<span class='author text-white'>Kiran Pirangute</span>
</div>
</div>
<div class='test-steps'>
<table class='bordered table-results'>
<thead>
<tr>
<th>Status</th>
<th>Timestamp</th>
<th>Details</th>
</tr>
</thead>
<tbody>
<tr>
<td class='status pass' title='pass' alt='pass'><i class='mdi-action-check-circle'></i></td>
<td class='timestamp'>13:06:02</td>
<td class='step-details'>Test Started</td>
</tr>
<tr>
<td class='status pass' title='pass' alt='pass'><i class='mdi-action-check-circle'></i></td>
<td class='timestamp'>13:06:02</td>
<td class='step-details'>Browser Name chrome</td>
</tr>
<tr>
<td class='status pass' title='pass' alt='pass'><i class='mdi-action-check-circle'></i></td>
<td class='timestamp'>13:06:44</td>
<td class='step-details'>https://beta.wrapportal.com/login.aspx?ReturnUrl=%2f Current Url</td>
</tr>
<tr>
<td class='status pass' title='pass' alt='pass'><i class='mdi-action-check-circle'></i></td>
<td class='timestamp'>13:06:45</td>
<td class='step-details'>nouroswald User Name Entered Successfully</td>
</tr>
<tr>
<td class='status pass' title='pass' alt='pass'><i class='mdi-action-check-circle'></i></td>
<td class='timestamp'>13:06:45</td>
<td class='step-details'>4pMeb3bb6p Password Entered Successfully</td>
</tr>
<tr>
<td class='status info' title='info' alt='info'><i class='mdi-action-info-outline'></i></td>
<td class='timestamp'>13:06:46</td>
<td class='step-details'>Clicked On Login Button</td>
</tr>
<tr>
<td class='status pass' title='pass' alt='pass'><i class='mdi-action-check-circle'></i></td>
<td class='timestamp'>13:06:46</td>
<td class='step-details'>Login Successfully</td>
</tr>
<tr>
<td class='status info' title='info' alt='info'><i class='mdi-action-info-outline'></i></td>
<td class='timestamp'>13:07:05</td>
<td class='step-details'>Clicked on Report Module Icon</td>
</tr>
<tr>
<td class='status info' title='info' alt='info'><i class='mdi-action-info-outline'></i></td>
<td class='timestamp'>13:07:14</td>
<td class='step-details'>Respective Program Select Form Dropdown</td>
</tr>
<tr>
<td class='status pass' title='pass' alt='pass'><i class='mdi-action-check-circle'></i></td>
<td class='timestamp'>13:07:19</td>
<td class='step-details'>Subcontractor Status Report is Selected</td>
</tr>
<tr>
<td class='status pass' title='pass' alt='pass'><i class='mdi-action-check-circle'></i></td>
<td class='timestamp'>13:07:26</td>
<td class='step-details'>Project Selected Successfully</td>
</tr>
<tr>
<td class='status info' title='info' alt='info'><i class='mdi-action-info-outline'></i></td>
<td class='timestamp'>13:07:33</td>
<td class='step-details'>Clicked On Build Report Button</td>
</tr>
<tr>
<td class='status pass' title='pass' alt='pass'><i class='mdi-action-check-circle'></i></td>
<td class='timestamp'>13:07:36</td>
<td class='step-details'>Report Generated<img class='report-img' data-featherlight='../ExtentReports/Screenshots/screen20210902130736.png' src='../ExtentReports/Screenshots/screen20210902130736.png' /></td>
</tr>
<tr>
<td class='status pass' title='pass' alt='pass'><i class='mdi-action-check-circle'></i></td>
<td class='timestamp'>13:08:01</td>
<td class='step-details'>Report Header Name Matched</td>
</tr>
<tr>
<td class='status pass' title='pass' alt='pass'><i class='mdi-action-check-circle'></i></td>
<td class='timestamp'>13:08:01</td>
<td class='step-details'>Report Generated Successfully</td>
</tr>
<tr>
<td class='status pass' title='pass' alt='pass'><i class='mdi-action-check-circle'></i></td>
<td class='timestamp'>13:08:30</td>
<td class='step-details'>Pdf Generated <img class='report-img' data-featherlight='../ExtentReports/Screenshots/screen20210902130808.png' src='../ExtentReports/Screenshots/screen20210902130808.png' /></td>
</tr>
<tr>
<td class='status fail' title='fail' alt='fail'><i class='mdi-navigation-cancel'></i></td>
<td class='timestamp'>13:08:45</td>
<td class='step-details'>Excel file is not Downloaded Successfully</td>
</tr>
<tr>
<td class='status pass' title='pass' alt='pass'><i class='mdi-action-check-circle'></i></td>
<td class='timestamp'>13:08:56</td>
<td class='step-details'>testSubcontractorStatusReportOld Test has been Passed1</td>
</tr>
<tr>
<td class='status pass' title='pass' alt='pass'><i class='mdi-action-check-circle'></i></td>
<td class='timestamp'>13:08:56</td>
<td class='step-details'>Test Ended</td>
</tr>
</tbody>
</table>
<ul class='collapsible node-list' data-collapsible='accordion'>
</ul>
</div>
</div>
</li>
<li class='collection-item test displayed active fail ' extentid='9429819b-5616-43d3-9e93-46190a6d35c6'>
<div class='test-head'>
<span class='test-name'>Report_ContractorReportOld_Test :: testContractorReportOld </span>
<span class='test-status label right outline capitalize fail'>fail</span>
<span class='category-assigned hide  functionaltest'></span>
</div>
<div class='test-body'>
<div class='test-info'>
<span title='Test started time' alt='Test started time' class='test-started-time label green lighten-1 text-white'>2021-09-02 13:09:22</span>
<span title='Test ended time' alt='Test ended time' class='test-ended-time label red lighten-1 text-white'>2021-09-02 13:12:36</span>
<span title='Time taken to finish' alt='Time taken to finish' class='test-time-taken label blue-grey lighten-3 text-white'>0h 3m 14s+20ms</span>
</div>
<div class='test-desc'>testContractorReportOld</div>
<div class='test-attributes'>
<div class='categories'>
<span class='category text-white'>Functional Test</span>
</div>
<div class='authors'>
<span class='author text-white'>Kiran Pirangute</span>
</div>
</div>
<div class='test-steps'>
<table class='bordered table-results'>
<thead>
<tr>
<th>Status</th>
<th>Timestamp</th>
<th>Details</th>
</tr>
</thead>
<tbody>
<tr>
<td class='status pass' title='pass' alt='pass'><i class='mdi-action-check-circle'></i></td>
<td class='timestamp'>13:09:22</td>
<td class='step-details'>Test Started</td>
</tr>
<tr>
<td class='status pass' title='pass' alt='pass'><i class='mdi-action-check-circle'></i></td>
<td class='timestamp'>13:09:22</td>
<td class='step-details'>Browser Name chrome</td>
</tr>
<tr>
<td class='status pass' title='pass' alt='pass'><i class='mdi-action-check-circle'></i></td>
<td class='timestamp'>13:10:21</td>
<td class='step-details'>https://beta.wrapportal.com/login.aspx?ReturnUrl=%2f Current Url</td>
</tr>
<tr>
<td class='status pass' title='pass' alt='pass'><i class='mdi-action-check-circle'></i></td>
<td class='timestamp'>13:10:21</td>
<td class='step-details'>nouroswald User Name Entered Successfully</td>
</tr>
<tr>
<td class='status pass' title='pass' alt='pass'><i class='mdi-action-check-circle'></i></td>
<td class='timestamp'>13:10:21</td>
<td class='step-details'>4pMeb3bb6p Password Entered Successfully</td>
</tr>
<tr>
<td class='status info' title='info' alt='info'><i class='mdi-action-info-outline'></i></td>
<td class='timestamp'>13:10:23</td>
<td class='step-details'>Clicked On Login Button</td>
</tr>
<tr>
<td class='status pass' title='pass' alt='pass'><i class='mdi-action-check-circle'></i></td>
<td class='timestamp'>13:10:23</td>
<td class='step-details'>Login Successfully</td>
</tr>
<tr>
<td class='status info' title='info' alt='info'><i class='mdi-action-info-outline'></i></td>
<td class='timestamp'>13:10:44</td>
<td class='step-details'>Clicked on Report Module Icon</td>
</tr>
<tr>
<td class='status info' title='info' alt='info'><i class='mdi-action-info-outline'></i></td>
<td class='timestamp'>13:10:46</td>
<td class='step-details'>Respective Program Select Form Dropdown</td>
</tr>
<tr>
<td class='status pass' title='pass' alt='pass'><i class='mdi-action-check-circle'></i></td>
<td class='timestamp'>13:10:54</td>
<td class='step-details'>Contractor Report Report is Selected</td>
</tr>
<tr>
<td class='status pass' title='pass' alt='pass'><i class='mdi-action-check-circle'></i></td>
<td class='timestamp'>13:11:06</td>
<td class='step-details'>Project Selected Successfully</td>
</tr>
<tr>
<td class='status info' title='info' alt='info'><i class='mdi-action-info-outline'></i></td>
<td class='timestamp'>13:11:10</td>
<td class='step-details'>Clicked On Build Report Button</td>
</tr>
<tr>
<td class='status pass' title='pass' alt='pass'><i class='mdi-action-check-circle'></i></td>
<td class='timestamp'>13:11:15</td>
<td class='step-details'>Report Generated<img class='report-img' data-featherlight='../ExtentReports/Screenshots/screen20210902131115.png' src='../ExtentReports/Screenshots/screen20210902131115.png' /></td>
</tr>
<tr>
<td class='status pass' title='pass' alt='pass'><i class='mdi-action-check-circle'></i></td>
<td class='timestamp'>13:11:40</td>
<td class='step-details'>Report Header Name Matched</td>
</tr>
<tr>
<td class='status pass' title='pass' alt='pass'><i class='mdi-action-check-circle'></i></td>
<td class='timestamp'>13:11:40</td>
<td class='step-details'>Report Generated Successfully</td>
</tr>
<tr>
<td class='status pass' title='pass' alt='pass'><i class='mdi-action-check-circle'></i></td>
<td class='timestamp'>13:12:10</td>
<td class='step-details'>Pdf Generated <img class='report-img' data-featherlight='../ExtentReports/Screenshots/screen20210902131148.png' src='../ExtentReports/Screenshots/screen20210902131148.png' /></td>
</tr>
<tr>
<td class='status fail' title='fail' alt='fail'><i class='mdi-navigation-cancel'></i></td>
<td class='timestamp'>13:12:25</td>
<td class='step-details'>Excel file is not Downloaded Successfully</td>
</tr>
<tr>
<td class='status pass' title='pass' alt='pass'><i class='mdi-action-check-circle'></i></td>
<td class='timestamp'>13:12:36</td>
<td class='step-details'>testContractorReportOld Test has been Passed1</td>
</tr>
<tr>
<td class='status pass' title='pass' alt='pass'><i class='mdi-action-check-circle'></i></td>
<td class='timestamp'>13:12:36</td>
<td class='step-details'>Test Ended</td>
</tr>
</tbody>
</table>
<ul class='collapsible node-list' data-collapsible='accordion'>
</ul>
</div>
</div>
</li>
<li class='collection-item test displayed active fail ' extentid='5f611cc5-1d12-443a-b173-54b6c19d1737'>
<div class='test-head'>
<span class='test-name'>Report_ContractorCostSummaryOld_Test :: testContractorCostSummaryOld </span>
<span class='test-status label right outline capitalize fail'>fail</span>
<span class='category-assigned hide  functionaltest'></span>
</div>
<div class='test-body'>
<div class='test-info'>
<span title='Test started time' alt='Test started time' class='test-started-time label green lighten-1 text-white'>2021-09-02 13:13:04</span>
<span title='Test ended time' alt='Test ended time' class='test-ended-time label red lighten-1 text-white'>2021-09-02 13:15:52</span>
<span title='Time taken to finish' alt='Time taken to finish' class='test-time-taken label blue-grey lighten-3 text-white'>0h 2m 48s+73ms</span>
</div>
<div class='test-desc'>testContractorCostSummaryOld</div>
<div class='test-attributes'>
<div class='categories'>
<span class='category text-white'>Functional Test</span>
</div>
<div class='authors'>
<span class='author text-white'>Kiran Pirangute</span>
</div>
</div>
<div class='test-steps'>
<table class='bordered table-results'>
<thead>
<tr>
<th>Status</th>
<th>Timestamp</th>
<th>Details</th>
</tr>
</thead>
<tbody>
<tr>
<td class='status pass' title='pass' alt='pass'><i class='mdi-action-check-circle'></i></td>
<td class='timestamp'>13:13:04</td>
<td class='step-details'>Test Started</td>
</tr>
<tr>
<td class='status pass' title='pass' alt='pass'><i class='mdi-action-check-circle'></i></td>
<td class='timestamp'>13:13:04</td>
<td class='step-details'>Browser Name chrome</td>
</tr>
<tr>
<td class='status pass' title='pass' alt='pass'><i class='mdi-action-check-circle'></i></td>
<td class='timestamp'>13:13:52</td>
<td class='step-details'>https://beta.wrapportal.com/login.aspx?ReturnUrl=%2f Current Url</td>
</tr>
<tr>
<td class='status pass' title='pass' alt='pass'><i class='mdi-action-check-circle'></i></td>
<td class='timestamp'>13:13:52</td>
<td class='step-details'>nouroswald User Name Entered Successfully</td>
</tr>
<tr>
<td class='status pass' title='pass' alt='pass'><i class='mdi-action-check-circle'></i></td>
<td class='timestamp'>13:13:52</td>
<td class='step-details'>4pMeb3bb6p Password Entered Successfully</td>
</tr>
<tr>
<td class='status info' title='info' alt='info'><i class='mdi-action-info-outline'></i></td>
<td class='timestamp'>13:13:54</td>
<td class='step-details'>Clicked On Login Button</td>
</tr>
<tr>
<td class='status pass' title='pass' alt='pass'><i class='mdi-action-check-circle'></i></td>
<td class='timestamp'>13:13:54</td>
<td class='step-details'>Login Successfully</td>
</tr>
<tr>
<td class='status info' title='info' alt='info'><i class='mdi-action-info-outline'></i></td>
<td class='timestamp'>13:14:10</td>
<td class='step-details'>Clicked on Report Module Icon</td>
</tr>
<tr>
<td class='status info' title='info' alt='info'><i class='mdi-action-info-outline'></i></td>
<td class='timestamp'>13:14:12</td>
<td class='step-details'>Respective Program Select Form Dropdown</td>
</tr>
<tr>
<td class='status pass' title='pass' alt='pass'><i class='mdi-action-check-circle'></i></td>
<td class='timestamp'>13:14:19</td>
<td class='step-details'>Contractor Cost Summary Report is Selected</td>
</tr>
<tr>
<td class='status pass' title='pass' alt='pass'><i class='mdi-action-check-circle'></i></td>
<td class='timestamp'>13:14:31</td>
<td class='step-details'>Project Selected Successfully</td>
</tr>
<tr>
<td class='status pass' title='pass' alt='pass'><i class='mdi-action-check-circle'></i></td>
<td class='timestamp'>13:14:34</td>
<td class='step-details'>Contractor Selected Successfully</td>
</tr>
<tr>
<td class='status info' title='info' alt='info'><i class='mdi-action-info-outline'></i></td>
<td class='timestamp'>13:14:39</td>
<td class='step-details'>Clicked On Build Report Button</td>
</tr>
<tr>
<td class='status pass' title='pass' alt='pass'><i class='mdi-action-check-circle'></i></td>
<td class='timestamp'>13:14:42</td>
<td class='step-details'>Report Generated<img class='report-img' data-featherlight='../ExtentReports/Screenshots/screen20210902131442.png' src='../ExtentReports/Screenshots/screen20210902131442.png' /></td>
</tr>
<tr>
<td class='status pass' title='pass' alt='pass'><i class='mdi-action-check-circle'></i></td>
<td class='timestamp'>13:14:57</td>
<td class='step-details'>Report Header Name Matched</td>
</tr>
<tr>
<td class='status pass' title='pass' alt='pass'><i class='mdi-action-check-circle'></i></td>
<td class='timestamp'>13:14:57</td>
<td class='step-details'>Report Generated Successfully</td>
</tr>
<tr>
<td class='status pass' title='pass' alt='pass'><i class='mdi-action-check-circle'></i></td>
<td class='timestamp'>13:15:26</td>
<td class='step-details'>Pdf Generated <img class='report-img' data-featherlight='../ExtentReports/Screenshots/screen20210902131505.png' src='../ExtentReports/Screenshots/screen20210902131505.png' /></td>
</tr>
<tr>
<td class='status fail' title='fail' alt='fail'><i class='mdi-navigation-cancel'></i></td>
<td class='timestamp'>13:15:41</td>
<td class='step-details'>Excel file is not Downloaded Successfully</td>
</tr>
<tr>
<td class='status pass' title='pass' alt='pass'><i class='mdi-action-check-circle'></i></td>
<td class='timestamp'>13:15:52</td>
<td class='step-details'>testContractorCostSummaryOld Test has been Passed1</td>
</tr>
<tr>
<td class='status pass' title='pass' alt='pass'><i class='mdi-action-check-circle'></i></td>
<td class='timestamp'>13:15:52</td>
<td class='step-details'>Test Ended</td>
</tr>
</tbody>
</table>
<ul class='collapsible node-list' data-collapsible='accordion'>
</ul>
</div>
</div>
</li>
<li class='collection-item test displayed active fail ' extentid='93e762c6-7d88-48d7-bf00-22247d5dd3bc'>
<div class='test-head'>
<span class='test-name'>Report_ContractorCloseOutTracking_OldTest :: testContractorCloseOutTrackingOld </span>
<span class='test-status label right outline capitalize fail'>fail</span>
<span class='category-assigned hide  functionaltest'></span>
</div>
<div class='test-body'>
<div class='test-info'>
<span title='Test started time' alt='Test started time' class='test-started-time label green lighten-1 text-white'>2021-09-02 13:16:20</span>
<span title='Test ended time' alt='Test ended time' class='test-ended-time label red lighten-1 text-white'>2021-09-02 13:18:43</span>
<span title='Time taken to finish' alt='Time taken to finish' class='test-time-taken label blue-grey lighten-3 text-white'>0h 2m 23s+858ms</span>
</div>
<div class='test-desc'>testContractorCloseOutTrackingOld</div>
<div class='test-attributes'>
<div class='categories'>
<span class='category text-white'>Functional Test</span>
</div>
<div class='authors'>
<span class='author text-white'>Kiran Pirangute</span>
</div>
</div>
<div class='test-steps'>
<table class='bordered table-results'>
<thead>
<tr>
<th>Status</th>
<th>Timestamp</th>
<th>Details</th>
</tr>
</thead>
<tbody>
<tr>
<td class='status pass' title='pass' alt='pass'><i class='mdi-action-check-circle'></i></td>
<td class='timestamp'>13:16:20</td>
<td class='step-details'>Test Started</td>
</tr>
<tr>
<td class='status pass' title='pass' alt='pass'><i class='mdi-action-check-circle'></i></td>
<td class='timestamp'>13:16:20</td>
<td class='step-details'>Browser Name chrome</td>
</tr>
<tr>
<td class='status pass' title='pass' alt='pass'><i class='mdi-action-check-circle'></i></td>
<td class='timestamp'>13:17:15</td>
<td class='step-details'>https://beta.wrapportal.com/login.aspx?ReturnUrl=%2f Current Url</td>
</tr>
<tr>
<td class='status pass' title='pass' alt='pass'><i class='mdi-action-check-circle'></i></td>
<td class='timestamp'>13:17:15</td>
<td class='step-details'>nouroswald User Name Entered Successfully</td>
</tr>
<tr>
<td class='status pass' title='pass' alt='pass'><i class='mdi-action-check-circle'></i></td>
<td class='timestamp'>13:17:15</td>
<td class='step-details'>4pMeb3bb6p Password Entered Successfully</td>
</tr>
<tr>
<td class='status info' title='info' alt='info'><i class='mdi-action-info-outline'></i></td>
<td class='timestamp'>13:17:17</td>
<td class='step-details'>Clicked On Login Button</td>
</tr>
<tr>
<td class='status pass' title='pass' alt='pass'><i class='mdi-action-check-circle'></i></td>
<td class='timestamp'>13:17:17</td>
<td class='step-details'>Login Successfully</td>
</tr>
<tr>
<td class='status info' title='info' alt='info'><i class='mdi-action-info-outline'></i></td>
<td class='timestamp'>13:17:44</td>
<td class='step-details'>Clicked on Report Module Icon</td>
</tr>
<tr>
<td class='status info' title='info' alt='info'><i class='mdi-action-info-outline'></i></td>
<td class='timestamp'>13:17:46</td>
<td class='step-details'>Respective Program Select Form Dropdown</td>
</tr>
<tr>
<td class='status pass' title='pass' alt='pass'><i class='mdi-action-check-circle'></i></td>
<td class='timestamp'>13:17:51</td>
<td class='step-details'>Contractor CloseOut Tracking Report is Selected</td>
</tr>
<tr>
<td class='status pass' title='pass' alt='pass'><i class='mdi-action-check-circle'></i></td>
<td class='timestamp'>13:17:58</td>
<td class='step-details'>Project Selected Successfully</td>
</tr>
<tr>
<td class='status pass' title='pass' alt='pass'><i class='mdi-action-check-circle'></i></td>
<td class='timestamp'>13:18:01</td>
<td class='step-details'>Contractor Selected Successfully</td>
</tr>
<tr>
<td class='status info' title='info' alt='info'><i class='mdi-action-info-outline'></i></td>
<td class='timestamp'>13:18:05</td>
<td class='step-details'>Clicked On Build Report Button</td>
</tr>
<tr>
<td class='status pass' title='pass' alt='pass'><i class='mdi-action-check-circle'></i></td>
<td class='timestamp'>13:18:08</td>
<td class='step-details'>Report Generated<img class='report-img' data-featherlight='../ExtentReports/Screenshots/screen20210902131808.png' src='../ExtentReports/Screenshots/screen20210902131808.png' /></td>
</tr>
<tr>
<td class='status pass' title='pass' alt='pass'><i class='mdi-action-check-circle'></i></td>
<td class='timestamp'>13:18:10</td>
<td class='step-details'>Report Header Name Matched</td>
</tr>
<tr>
<td class='status pass' title='pass' alt='pass'><i class='mdi-action-check-circle'></i></td>
<td class='timestamp'>13:18:10</td>
<td class='step-details'>Report Generated Successfully</td>
</tr>
<tr>
<td class='status pass' title='pass' alt='pass'><i class='mdi-action-check-circle'></i></td>
<td class='timestamp'>13:18:17</td>
<td class='step-details'>Pdf Generated <img class='report-img' data-featherlight='../ExtentReports/Screenshots/screen20210902131817.png' src='../ExtentReports/Screenshots/screen20210902131817.png' /></td>
</tr>
<tr>
<td class='status fail' title='fail' alt='fail'><i class='mdi-navigation-cancel'></i></td>
<td class='timestamp'>13:18:32</td>
<td class='step-details'>Excel file is not Downloaded Successfully</td>
</tr>
<tr>
<td class='status pass' title='pass' alt='pass'><i class='mdi-action-check-circle'></i></td>
<td class='timestamp'>13:18:43</td>
<td class='step-details'>testContractorCloseOutTrackingOld Test has been Passed1</td>
</tr>
<tr>
<td class='status pass' title='pass' alt='pass'><i class='mdi-action-check-circle'></i></td>
<td class='timestamp'>13:18:43</td>
<td class='step-details'>Test Ended</td>
</tr>
</tbody>
</table>
<ul class='collapsible node-list' data-collapsible='accordion'>
</ul>
</div>
</div>
</li>
<li class='collection-item test displayed active fail ' extentid='b732c06a-e0e5-4338-b276-7a075db6fee5'>
<div class='test-head'>
<span class='test-name'>Report_ContractorDeductTrackingOld_Test :: testContractorDeductTrackingOld </span>
<span class='test-status label right outline capitalize fail'>fail</span>
<span class='category-assigned hide  functionaltest'></span>
</div>
<div class='test-body'>
<div class='test-info'>
<span title='Test started time' alt='Test started time' class='test-started-time label green lighten-1 text-white'>2021-09-02 13:18:54</span>
<span title='Test ended time' alt='Test ended time' class='test-ended-time label red lighten-1 text-white'>2021-09-02 13:22:00</span>
<span title='Time taken to finish' alt='Time taken to finish' class='test-time-taken label blue-grey lighten-3 text-white'>0h 3m 5s+101ms</span>
</div>
<div class='test-desc'>testContractorDeductTrackingOld</div>
<div class='test-attributes'>
<div class='categories'>
<span class='category text-white'>Functional Test</span>
</div>
<div class='authors'>
<span class='author text-white'>Kiran Pirangute</span>
</div>
</div>
<div class='test-steps'>
<table class='bordered table-results'>
<thead>
<tr>
<th>Status</th>
<th>Timestamp</th>
<th>Details</th>
</tr>
</thead>
<tbody>
<tr>
<td class='status pass' title='pass' alt='pass'><i class='mdi-action-check-circle'></i></td>
<td class='timestamp'>13:18:54</td>
<td class='step-details'>Test Started</td>
</tr>
<tr>
<td class='status pass' title='pass' alt='pass'><i class='mdi-action-check-circle'></i></td>
<td class='timestamp'>13:18:54</td>
<td class='step-details'>Browser Name chrome</td>
</tr>
<tr>
<td class='status pass' title='pass' alt='pass'><i class='mdi-action-check-circle'></i></td>
<td class='timestamp'>13:19:44</td>
<td class='step-details'>https://beta.wrapportal.com/login.aspx?ReturnUrl=%2f Current Url</td>
</tr>
<tr>
<td class='status pass' title='pass' alt='pass'><i class='mdi-action-check-circle'></i></td>
<td class='timestamp'>13:19:44</td>
<td class='step-details'>nouroswald User Name Entered Successfully</td>
</tr>
<tr>
<td class='status pass' title='pass' alt='pass'><i class='mdi-action-check-circle'></i></td>
<td class='timestamp'>13:19:44</td>
<td class='step-details'>4pMeb3bb6p Password Entered Successfully</td>
</tr>
<tr>
<td class='status info' title='info' alt='info'><i class='mdi-action-info-outline'></i></td>
<td class='timestamp'>13:19:46</td>
<td class='step-details'>Clicked On Login Button</td>
</tr>
<tr>
<td class='status pass' title='pass' alt='pass'><i class='mdi-action-check-circle'></i></td>
<td class='timestamp'>13:19:46</td>
<td class='step-details'>Login Successfully</td>
</tr>
<tr>
<td class='status info' title='info' alt='info'><i class='mdi-action-info-outline'></i></td>
<td class='timestamp'>13:20:05</td>
<td class='step-details'>Clicked on Report Module Icon</td>
</tr>
<tr>
<td class='status info' title='info' alt='info'><i class='mdi-action-info-outline'></i></td>
<td class='timestamp'>13:20:07</td>
<td class='step-details'>Respective Program Select Form Dropdown</td>
</tr>
<tr>
<td class='status pass' title='pass' alt='pass'><i class='mdi-action-check-circle'></i></td>
<td class='timestamp'>13:20:12</td>
<td class='step-details'>Contractor Deduct Tracking Report is Selected</td>
</tr>
<tr>
<td class='status pass' title='pass' alt='pass'><i class='mdi-action-check-circle'></i></td>
<td class='timestamp'>13:20:32</td>
<td class='step-details'>Project Selected Successfully</td>
</tr>
<tr>
<td class='status pass' title='pass' alt='pass'><i class='mdi-action-check-circle'></i></td>
<td class='timestamp'>13:20:35</td>
<td class='step-details'>Contractor Selected Successfully</td>
</tr>
<tr>
<td class='status info' title='info' alt='info'><i class='mdi-action-info-outline'></i></td>
<td class='timestamp'>13:20:38</td>
<td class='step-details'>Clicked On Build Report Button</td>
</tr>
<tr>
<td class='status pass' title='pass' alt='pass'><i class='mdi-action-check-circle'></i></td>
<td class='timestamp'>13:20:42</td>
<td class='step-details'>Report Generated<img class='report-img' data-featherlight='../ExtentReports/Screenshots/screen20210902132041.png' src='../ExtentReports/Screenshots/screen20210902132041.png' /></td>
</tr>
<tr>
<td class='status pass' title='pass' alt='pass'><i class='mdi-action-check-circle'></i></td>
<td class='timestamp'>13:21:02</td>
<td class='step-details'>Report Header Name Matched</td>
</tr>
<tr>
<td class='status pass' title='pass' alt='pass'><i class='mdi-action-check-circle'></i></td>
<td class='timestamp'>13:21:02</td>
<td class='step-details'>Report Generated Successfully</td>
</tr>
<tr>
<td class='status pass' title='pass' alt='pass'><i class='mdi-action-check-circle'></i></td>
<td class='timestamp'>13:21:31</td>
<td class='step-details'>Pdf Generated <img class='report-img' data-featherlight='../ExtentReports/Screenshots/screen20210902132102.png' src='../ExtentReports/Screenshots/screen20210902132102.png' /></td>
</tr>
<tr>
<td class='status fail' title='fail' alt='fail'><i class='mdi-navigation-cancel'></i></td>
<td class='timestamp'>13:21:48</td>
<td class='step-details'>Excel file is not Downloaded Successfully</td>
</tr>
<tr>
<td class='status pass' title='pass' alt='pass'><i class='mdi-action-check-circle'></i></td>
<td class='timestamp'>13:22:00</td>
<td class='step-details'>testContractorDeductTrackingOld Test has been Passed1</td>
</tr>
<tr>
<td class='status pass' title='pass' alt='pass'><i class='mdi-action-check-circle'></i></td>
<td class='timestamp'>13:22:00</td>
<td class='step-details'>Test Ended</td>
</tr>
</tbody>
</table>
<ul class='collapsible node-list' data-collapsible='accordion'>
</ul>
</div>
</div>
</li>
<li class='collection-item test displayed active fail ' extentid='93cb4807-a724-43e6-86ea-f6d1df873461'>
<div class='test-head'>
<span class='test-name'>Report_ContractorDetailsOld_Test :: testContractorDetailsOld </span>
<span class='test-status label right outline capitalize fail'>fail</span>
<span class='category-assigned hide  functionaltest'></span>
</div>
<div class='test-body'>
<div class='test-info'>
<span title='Test started time' alt='Test started time' class='test-started-time label green lighten-1 text-white'>2021-09-02 13:22:24</span>
<span title='Test ended time' alt='Test ended time' class='test-ended-time label red lighten-1 text-white'>2021-09-02 13:24:29</span>
<span title='Time taken to finish' alt='Time taken to finish' class='test-time-taken label blue-grey lighten-3 text-white'>0h 2m 5s+37ms</span>
</div>
<div class='test-desc'>testContractorDetailsOld</div>
<div class='test-attributes'>
<div class='categories'>
<span class='category text-white'>Functional Test</span>
</div>
<div class='authors'>
<span class='author text-white'>Kiran Pirangute</span>
</div>
</div>
<div class='test-steps'>
<table class='bordered table-results'>
<thead>
<tr>
<th>Status</th>
<th>Timestamp</th>
<th>Details</th>
</tr>
</thead>
<tbody>
<tr>
<td class='status pass' title='pass' alt='pass'><i class='mdi-action-check-circle'></i></td>
<td class='timestamp'>13:22:24</td>
<td class='step-details'>Test Started</td>
</tr>
<tr>
<td class='status pass' title='pass' alt='pass'><i class='mdi-action-check-circle'></i></td>
<td class='timestamp'>13:22:24</td>
<td class='step-details'>Browser Name chrome</td>
</tr>
<tr>
<td class='status pass' title='pass' alt='pass'><i class='mdi-action-check-circle'></i></td>
<td class='timestamp'>13:22:55</td>
<td class='step-details'>https://beta.wrapportal.com/login.aspx?ReturnUrl=%2f Current Url</td>
</tr>
<tr>
<td class='status pass' title='pass' alt='pass'><i class='mdi-action-check-circle'></i></td>
<td class='timestamp'>13:22:55</td>
<td class='step-details'>nouroswald User Name Entered Successfully</td>
</tr>
<tr>
<td class='status pass' title='pass' alt='pass'><i class='mdi-action-check-circle'></i></td>
<td class='timestamp'>13:22:55</td>
<td class='step-details'>4pMeb3bb6p Password Entered Successfully</td>
</tr>
<tr>
<td class='status info' title='info' alt='info'><i class='mdi-action-info-outline'></i></td>
<td class='timestamp'>13:22:57</td>
<td class='step-details'>Clicked On Login Button</td>
</tr>
<tr>
<td class='status pass' title='pass' alt='pass'><i class='mdi-action-check-circle'></i></td>
<td class='timestamp'>13:22:57</td>
<td class='step-details'>Login Successfully</td>
</tr>
<tr>
<td class='status info' title='info' alt='info'><i class='mdi-action-info-outline'></i></td>
<td class='timestamp'>13:23:12</td>
<td class='step-details'>Clicked on Report Module Icon</td>
</tr>
<tr>
<td class='status info' title='info' alt='info'><i class='mdi-action-info-outline'></i></td>
<td class='timestamp'>13:23:15</td>
<td class='step-details'>Respective Program Select Form Dropdown</td>
</tr>
<tr>
<td class='status pass' title='pass' alt='pass'><i class='mdi-action-check-circle'></i></td>
<td class='timestamp'>13:23:24</td>
<td class='step-details'>Contractor Details Report is Selected</td>
</tr>
<tr>
<td class='status pass' title='pass' alt='pass'><i class='mdi-action-check-circle'></i></td>
<td class='timestamp'>13:23:32</td>
<td class='step-details'>Project Selected Successfully</td>
</tr>
<tr>
<td class='status pass' title='pass' alt='pass'><i class='mdi-action-check-circle'></i></td>
<td class='timestamp'>13:23:35</td>
<td class='step-details'>Contractor Selected Successfully</td>
</tr>
<tr>
<td class='status info' title='info' alt='info'><i class='mdi-action-info-outline'></i></td>
<td class='timestamp'>13:23:39</td>
<td class='step-details'>Clicked On Build Report Button</td>
</tr>
<tr>
<td class='status pass' title='pass' alt='pass'><i class='mdi-action-check-circle'></i></td>
<td class='timestamp'>13:23:42</td>
<td class='step-details'>Report Generated<img class='report-img' data-featherlight='../ExtentReports/Screenshots/screen20210902132342.png' src='../ExtentReports/Screenshots/screen20210902132342.png' /></td>
</tr>
<tr>
<td class='status pass' title='pass' alt='pass'><i class='mdi-action-check-circle'></i></td>
<td class='timestamp'>13:23:47</td>
<td class='step-details'>Report Header Name Matched</td>
</tr>
<tr>
<td class='status pass' title='pass' alt='pass'><i class='mdi-action-check-circle'></i></td>
<td class='timestamp'>13:23:47</td>
<td class='step-details'>Report Generated Successfully</td>
</tr>
<tr>
<td class='status pass' title='pass' alt='pass'><i class='mdi-action-check-circle'></i></td>
<td class='timestamp'>13:24:03</td>
<td class='step-details'>Pdf Generated <img class='report-img' data-featherlight='../ExtentReports/Screenshots/screen20210902132355.png' src='../ExtentReports/Screenshots/screen20210902132355.png' /></td>
</tr>
<tr>
<td class='status fail' title='fail' alt='fail'><i class='mdi-navigation-cancel'></i></td>
<td class='timestamp'>13:24:18</td>
<td class='step-details'>Excel file is not Downloaded Successfully</td>
</tr>
<tr>
<td class='status pass' title='pass' alt='pass'><i class='mdi-action-check-circle'></i></td>
<td class='timestamp'>13:24:29</td>
<td class='step-details'>testContractorDetailsOld Test has been Passed1</td>
</tr>
<tr>
<td class='status pass' title='pass' alt='pass'><i class='mdi-action-check-circle'></i></td>
<td class='timestamp'>13:24:29</td>
<td class='step-details'>Test Ended</td>
</tr>
</tbody>
</table>
<ul class='collapsible node-list' data-collapsible='accordion'>
</ul>
</div>
</div>
</li>
<li class='collection-item test displayed active fail ' extentid='129f4e62-f56a-4a9c-bf31-7c1f77861b74'>
<div class='test-head'>
<span class='test-name'>Report_LaborRateAnalysisOld_Test :: testLaborRateAnalysisOld </span>
<span class='test-status label right outline capitalize fail'>fail</span>
<span class='category-assigned hide  functionaltest'></span>
</div>
<div class='test-body'>
<div class='test-info'>
<span title='Test started time' alt='Test started time' class='test-started-time label green lighten-1 text-white'>2021-09-02 13:24:43</span>
<span title='Test ended time' alt='Test ended time' class='test-ended-time label red lighten-1 text-white'>2021-09-02 13:26:50</span>
<span title='Time taken to finish' alt='Time taken to finish' class='test-time-taken label blue-grey lighten-3 text-white'>0h 2m 7s+667ms</span>
</div>
<div class='test-desc'>testLaborRateAnalysisOld</div>
<div class='test-attributes'>
<div class='categories'>
<span class='category text-white'>Functional Test</span>
</div>
<div class='authors'>
<span class='author text-white'>Kiran Pirangute</span>
</div>
</div>
<div class='test-steps'>
<table class='bordered table-results'>
<thead>
<tr>
<th>Status</th>
<th>Timestamp</th>
<th>Details</th>
</tr>
</thead>
<tbody>
<tr>
<td class='status pass' title='pass' alt='pass'><i class='mdi-action-check-circle'></i></td>
<td class='timestamp'>13:24:43</td>
<td class='step-details'>Test Started</td>
</tr>
<tr>
<td class='status pass' title='pass' alt='pass'><i class='mdi-action-check-circle'></i></td>
<td class='timestamp'>13:24:43</td>
<td class='step-details'>Browser Name chrome</td>
</tr>
<tr>
<td class='status pass' title='pass' alt='pass'><i class='mdi-action-check-circle'></i></td>
<td class='timestamp'>13:25:26</td>
<td class='step-details'>https://beta.wrapportal.com/login.aspx?ReturnUrl=%2f Current Url</td>
</tr>
<tr>
<td class='status pass' title='pass' alt='pass'><i class='mdi-action-check-circle'></i></td>
<td class='timestamp'>13:25:26</td>
<td class='step-details'>nouroswald User Name Entered Successfully</td>
</tr>
<tr>
<td class='status pass' title='pass' alt='pass'><i class='mdi-action-check-circle'></i></td>
<td class='timestamp'>13:25:26</td>
<td class='step-details'>4pMeb3bb6p Password Entered Successfully</td>
</tr>
<tr>
<td class='status info' title='info' alt='info'><i class='mdi-action-info-outline'></i></td>
<td class='timestamp'>13:25:28</td>
<td class='step-details'>Clicked On Login Button</td>
</tr>
<tr>
<td class='status pass' title='pass' alt='pass'><i class='mdi-action-check-circle'></i></td>
<td class='timestamp'>13:25:28</td>
<td class='step-details'>Login Successfully</td>
</tr>
<tr>
<td class='status info' title='info' alt='info'><i class='mdi-action-info-outline'></i></td>
<td class='timestamp'>13:25:46</td>
<td class='step-details'>Clicked on Report Module Icon</td>
</tr>
<tr>
<td class='status info' title='info' alt='info'><i class='mdi-action-info-outline'></i></td>
<td class='timestamp'>13:25:48</td>
<td class='step-details'>Respective Program Select Form Dropdown</td>
</tr>
<tr>
<td class='status pass' title='pass' alt='pass'><i class='mdi-action-check-circle'></i></td>
<td class='timestamp'>13:25:53</td>
<td class='step-details'>Labor Rate Analysis Report is Selected</td>
</tr>
<tr>
<td class='status pass' title='pass' alt='pass'><i class='mdi-action-check-circle'></i></td>
<td class='timestamp'>13:26:03</td>
<td class='step-details'>Project Selected Successfully</td>
</tr>
<tr>
<td class='status pass' title='pass' alt='pass'><i class='mdi-action-check-circle'></i></td>
<td class='timestamp'>13:26:06</td>
<td class='step-details'>Contractor Selected Successfully</td>
</tr>
<tr>
<td class='status info' title='info' alt='info'><i class='mdi-action-info-outline'></i></td>
<td class='timestamp'>13:26:09</td>
<td class='step-details'>Clicked On Build Report Button</td>
</tr>
<tr>
<td class='status pass' title='pass' alt='pass'><i class='mdi-action-check-circle'></i></td>
<td class='timestamp'>13:26:13</td>
<td class='step-details'>Report Generated<img class='report-img' data-featherlight='../ExtentReports/Screenshots/screen20210902132612.png' src='../ExtentReports/Screenshots/screen20210902132612.png' /></td>
</tr>
<tr>
<td class='status pass' title='pass' alt='pass'><i class='mdi-action-check-circle'></i></td>
<td class='timestamp'>13:26:17</td>
<td class='step-details'>Report Header Name Matched</td>
</tr>
<tr>
<td class='status pass' title='pass' alt='pass'><i class='mdi-action-check-circle'></i></td>
<td class='timestamp'>13:26:17</td>
<td class='step-details'>Report Generated Successfully</td>
</tr>
<tr>
<td class='status pass' title='pass' alt='pass'><i class='mdi-action-check-circle'></i></td>
<td class='timestamp'>13:26:24</td>
<td class='step-details'>Pdf Generated <img class='report-img' data-featherlight='../ExtentReports/Screenshots/screen20210902132624.png' src='../ExtentReports/Screenshots/screen20210902132624.png' /></td>
</tr>
<tr>
<td class='status fail' title='fail' alt='fail'><i class='mdi-navigation-cancel'></i></td>
<td class='timestamp'>13:26:39</td>
<td class='step-details'>Excel file is not Downloaded Successfully</td>
</tr>
<tr>
<td class='status pass' title='pass' alt='pass'><i class='mdi-action-check-circle'></i></td>
<td class='timestamp'>13:26:50</td>
<td class='step-details'>testLaborRateAnalysisOld Test has been Passed1</td>
</tr>
<tr>
<td class='status pass' title='pass' alt='pass'><i class='mdi-action-check-circle'></i></td>
<td class='timestamp'>13:26:50</td>
<td class='step-details'>Test Ended</td>
</tr>
</tbody>
</table>
<ul class='collapsible node-list' data-collapsible='accordion'>
</ul>
</div>
</div>
</li>
<li class='collection-item test displayed active fail ' extentid='a3f0376b-af1b-4234-9c33-d99455b615ec'>
<div class='test-head'>
<span class='test-name'>Report_ContractorPayrollManHoursAndLaborRateOld_Test :: testContractorPayrollManHoursAndLaborRateOld </span>
<span class='test-status label right outline capitalize fail'>fail</span>
<span class='category-assigned hide  functionaltest'></span>
</div>
<div class='test-body'>
<div class='test-info'>
<span title='Test started time' alt='Test started time' class='test-started-time label green lighten-1 text-white'>2021-09-02 13:27:04</span>
<span title='Test ended time' alt='Test ended time' class='test-ended-time label red lighten-1 text-white'>2021-09-02 13:29:37</span>
<span title='Time taken to finish' alt='Time taken to finish' class='test-time-taken label blue-grey lighten-3 text-white'>0h 2m 33s+833ms</span>
</div>
<div class='test-desc'>testContractorPayrollManHoursAndLaborRateOld</div>
<div class='test-attributes'>
<div class='categories'>
<span class='category text-white'>Functional Test</span>
</div>
<div class='authors'>
<span class='author text-white'>Kiran Pirangute</span>
</div>
</div>
<div class='test-steps'>
<table class='bordered table-results'>
<thead>
<tr>
<th>Status</th>
<th>Timestamp</th>
<th>Details</th>
</tr>
</thead>
<tbody>
<tr>
<td class='status pass' title='pass' alt='pass'><i class='mdi-action-check-circle'></i></td>
<td class='timestamp'>13:27:04</td>
<td class='step-details'>Test Started</td>
</tr>
<tr>
<td class='status pass' title='pass' alt='pass'><i class='mdi-action-check-circle'></i></td>
<td class='timestamp'>13:27:04</td>
<td class='step-details'>Browser Name chrome</td>
</tr>
<tr>
<td class='status pass' title='pass' alt='pass'><i class='mdi-action-check-circle'></i></td>
<td class='timestamp'>13:27:50</td>
<td class='step-details'>https://beta.wrapportal.com/login.aspx?ReturnUrl=%2f Current Url</td>
</tr>
<tr>
<td class='status pass' title='pass' alt='pass'><i class='mdi-action-check-circle'></i></td>
<td class='timestamp'>13:27:50</td>
<td class='step-details'>nouroswald User Name Entered Successfully</td>
</tr>
<tr>
<td class='status pass' title='pass' alt='pass'><i class='mdi-action-check-circle'></i></td>
<td class='timestamp'>13:27:50</td>
<td class='step-details'>4pMeb3bb6p Password Entered Successfully</td>
</tr>
<tr>
<td class='status info' title='info' alt='info'><i class='mdi-action-info-outline'></i></td>
<td class='timestamp'>13:27:51</td>
<td class='step-details'>Clicked On Login Button</td>
</tr>
<tr>
<td class='status pass' title='pass' alt='pass'><i class='mdi-action-check-circle'></i></td>
<td class='timestamp'>13:27:51</td>
<td class='step-details'>Login Successfully</td>
</tr>
<tr>
<td class='status info' title='info' alt='info'><i class='mdi-action-info-outline'></i></td>
<td class='timestamp'>13:28:09</td>
<td class='step-details'>Clicked on Report Module Icon</td>
</tr>
<tr>
<td class='status info' title='info' alt='info'><i class='mdi-action-info-outline'></i></td>
<td class='timestamp'>13:28:11</td>
<td class='step-details'>Respective Program Select Form Dropdown</td>
</tr>
<tr>
<td class='status pass' title='pass' alt='pass'><i class='mdi-action-check-circle'></i></td>
<td class='timestamp'>13:28:16</td>
<td class='step-details'>Contractor Payroll, Man-Hours & Labor Rate Report is Selected</td>
</tr>
<tr>
<td class='status pass' title='pass' alt='pass'><i class='mdi-action-check-circle'></i></td>
<td class='timestamp'>13:28:28</td>
<td class='step-details'>Project Selected Successfully</td>
</tr>
<tr>
<td class='status pass' title='pass' alt='pass'><i class='mdi-action-check-circle'></i></td>
<td class='timestamp'>13:28:31</td>
<td class='step-details'>Contractor Selected Successfully</td>
</tr>
<tr>
<td class='status info' title='info' alt='info'><i class='mdi-action-info-outline'></i></td>
<td class='timestamp'>13:28:34</td>
<td class='step-details'>Clicked On Build Report Button</td>
</tr>
<tr>
<td class='status pass' title='pass' alt='pass'><i class='mdi-action-check-circle'></i></td>
<td class='timestamp'>13:28:38</td>
<td class='step-details'>Report Generated<img class='report-img' data-featherlight='../ExtentReports/Screenshots/screen20210902132837.png' src='../ExtentReports/Screenshots/screen20210902132837.png' /></td>
</tr>
<tr>
<td class='status pass' title='pass' alt='pass'><i class='mdi-action-check-circle'></i></td>
<td class='timestamp'>13:28:56</td>
<td class='step-details'>Report Header Name Matched</td>
</tr>
<tr>
<td class='status pass' title='pass' alt='pass'><i class='mdi-action-check-circle'></i></td>
<td class='timestamp'>13:28:56</td>
<td class='step-details'>Report Generated Successfully</td>
</tr>
<tr>
<td class='status pass' title='pass' alt='pass'><i class='mdi-action-check-circle'></i></td>
<td class='timestamp'>13:29:11</td>
<td class='step-details'>Pdf Generated <img class='report-img' data-featherlight='../ExtentReports/Screenshots/screen20210902132903.png' src='../ExtentReports/Screenshots/screen20210902132903.png' /></td>
</tr>
<tr>
<td class='status fail' title='fail' alt='fail'><i class='mdi-navigation-cancel'></i></td>
<td class='timestamp'>13:29:26</td>
<td class='step-details'>Excel file is not Downloaded Successfully</td>
</tr>
<tr>
<td class='status pass' title='pass' alt='pass'><i class='mdi-action-check-circle'></i></td>
<td class='timestamp'>13:29:37</td>
<td class='step-details'>testContractorPayrollManHoursAndLaborRateOld Test has been Passed1</td>
</tr>
<tr>
<td class='status pass' title='pass' alt='pass'><i class='mdi-action-check-circle'></i></td>
<td class='timestamp'>13:29:37</td>
<td class='step-details'>Test Ended</td>
</tr>
</tbody>
</table>
<ul class='collapsible node-list' data-collapsible='accordion'>
</ul>
</div>
</div>
</li>
<li class='collection-item test displayed active pass ' extentid='eb5c505a-3364-4074-9fd8-868e63043930'>
<div class='test-head'>
<span class='test-name'>Report_WorkClassPayrollHours_Test :: testWorkClassPayrollHours </span>
<span class='test-status label right outline capitalize pass'>pass</span>
<span class='category-assigned hide  functionaltest'></span>
</div>
<div class='test-body'>
<div class='test-info'>
<span title='Test started time' alt='Test started time' class='test-started-time label green lighten-1 text-white'>2021-09-02 13:29:57</span>
<span title='Test ended time' alt='Test ended time' class='test-ended-time label red lighten-1 text-white'>2021-09-02 13:31:34</span>
<span title='Time taken to finish' alt='Time taken to finish' class='test-time-taken label blue-grey lighten-3 text-white'>0h 1m 37s+180ms</span>
</div>
<div class='test-desc'>testWorkClassPayrollHours</div>
<div class='test-attributes'>
<div class='categories'>
<span class='category text-white'>Functional Test</span>
</div>
<div class='authors'>
<span class='author text-white'>Kiran Pirangute</span>
</div>
</div>
<div class='test-steps'>
<table class='bordered table-results'>
<thead>
<tr>
<th>Status</th>
<th>Timestamp</th>
<th>Details</th>
</tr>
</thead>
<tbody>
<tr>
<td class='status pass' title='pass' alt='pass'><i class='mdi-action-check-circle'></i></td>
<td class='timestamp'>13:29:57</td>
<td class='step-details'>Test Started</td>
</tr>
<tr>
<td class='status pass' title='pass' alt='pass'><i class='mdi-action-check-circle'></i></td>
<td class='timestamp'>13:29:57</td>
<td class='step-details'>Browser Name chrome</td>
</tr>
<tr>
<td class='status pass' title='pass' alt='pass'><i class='mdi-action-check-circle'></i></td>
<td class='timestamp'>13:30:44</td>
<td class='step-details'>https://beta.wrapportal.com/login.aspx?ReturnUrl=%2f Current Url</td>
</tr>
<tr>
<td class='status pass' title='pass' alt='pass'><i class='mdi-action-check-circle'></i></td>
<td class='timestamp'>13:30:44</td>
<td class='step-details'>nouroswald User Name Entered Successfully</td>
</tr>
<tr>
<td class='status pass' title='pass' alt='pass'><i class='mdi-action-check-circle'></i></td>
<td class='timestamp'>13:30:44</td>
<td class='step-details'>4pMeb3bb6p Password Entered Successfully</td>
</tr>
<tr>
<td class='status info' title='info' alt='info'><i class='mdi-action-info-outline'></i></td>
<td class='timestamp'>13:30:45</td>
<td class='step-details'>Clicked On Login Button</td>
</tr>
<tr>
<td class='status pass' title='pass' alt='pass'><i class='mdi-action-check-circle'></i></td>
<td class='timestamp'>13:30:45</td>
<td class='step-details'>Login Successfully</td>
</tr>
<tr>
<td class='status info' title='info' alt='info'><i class='mdi-action-info-outline'></i></td>
<td class='timestamp'>13:31:11</td>
<td class='step-details'>Clicked on Report Module Icon</td>
</tr>
<tr>
<td class='status info' title='info' alt='info'><i class='mdi-action-info-outline'></i></td>
<td class='timestamp'>13:31:15</td>
<td class='step-details'>Respective Program Select Form Dropdown</td>
</tr>
<tr>
<td class='status pass' title='pass' alt='pass'><i class='mdi-action-check-circle'></i></td>
<td class='timestamp'>13:31:20</td>
<td class='step-details'>Work Class Payroll Hours Report is Selected</td>
</tr>
<tr>
<td class='status pass' title='pass' alt='pass'><i class='mdi-action-check-circle'></i></td>
<td class='timestamp'>13:31:20</td>
<td class='step-details'>Project Selected Successfully</td>
</tr>
<tr>
<td class='status pass' title='pass' alt='pass'><i class='mdi-action-check-circle'></i></td>
<td class='timestamp'>13:31:29</td>
<td class='step-details'>From Date Selected Successfully</td>
</tr>
<tr>
<td class='status pass' title='pass' alt='pass'><i class='mdi-action-check-circle'></i></td>
<td class='timestamp'>13:31:29</td>
<td class='step-details'>To Date Selected Successfully</td>
</tr>
<tr>
<td class='status info' title='info' alt='info'><i class='mdi-action-info-outline'></i></td>
<td class='timestamp'>13:31:31</td>
<td class='step-details'>Clicked On Build Report Button</td>
</tr>
<tr>
<td class='status pass' title='pass' alt='pass'><i class='mdi-action-check-circle'></i></td>
<td class='timestamp'>13:31:34</td>
<td class='step-details'>Report Generated<img class='report-img' data-featherlight='../ExtentReports/Screenshots/screen20210902133134.png' src='../ExtentReports/Screenshots/screen20210902133134.png' /></td>
</tr>
<tr>
<td class='status pass' title='pass' alt='pass'><i class='mdi-action-check-circle'></i></td>
<td class='timestamp'>13:31:34</td>
<td class='step-details'>Report Header Name Matched</td>
</tr>
<tr>
<td class='status pass' title='pass' alt='pass'><i class='mdi-action-check-circle'></i></td>
<td class='timestamp'>13:31:34</td>
<td class='step-details'>Report Generated Successfully</td>
</tr>
<tr>
<td class='status pass' title='pass' alt='pass'><i class='mdi-action-check-circle'></i></td>
<td class='timestamp'>13:31:34</td>
<td class='step-details'>testWorkClassPayrollHours Test has been Passed1</td>
</tr>
<tr>
<td class='status pass' title='pass' alt='pass'><i class='mdi-action-check-circle'></i></td>
<td class='timestamp'>13:31:34</td>
<td class='step-details'>Test Ended</td>
</tr>
</tbody>
</table>
<ul class='collapsible node-list' data-collapsible='accordion'>
</ul>
</div>
</div>
</li>
<li class='collection-item test displayed active fail ' extentid='83f79c73-2c5b-45ce-9e93-f1f6f0b3cac8'>
<div class='test-head'>
<span class='test-name'>Report_NonCompliance_Test :: testNonComplianceReport </span>
<span class='test-status label right outline capitalize fail'>fail</span>
<span class='category-assigned hide  functionaltest'></span>
</div>
<div class='test-body'>
<div class='test-info'>
<span title='Test started time' alt='Test started time' class='test-started-time label green lighten-1 text-white'>2021-09-02 13:31:46</span>
<span title='Test ended time' alt='Test ended time' class='test-ended-time label red lighten-1 text-white'>2021-09-02 13:34:58</span>
<span title='Time taken to finish' alt='Time taken to finish' class='test-time-taken label blue-grey lighten-3 text-white'>0h 3m 12s+214ms</span>
</div>
<div class='test-desc'>testNonComplianceReport</div>
<div class='test-attributes'>
<div class='categories'>
<span class='category text-white'>Functional Test</span>
</div>
<div class='authors'>
<span class='author text-white'>Kiran Pirangute</span>
</div>
</div>
<div class='test-steps'>
<table class='bordered table-results'>
<thead>
<tr>
<th>Status</th>
<th>Timestamp</th>
<th>Details</th>
</tr>
</thead>
<tbody>
<tr>
<td class='status pass' title='pass' alt='pass'><i class='mdi-action-check-circle'></i></td>
<td class='timestamp'>13:31:46</td>
<td class='step-details'>Test Started</td>
</tr>
<tr>
<td class='status pass' title='pass' alt='pass'><i class='mdi-action-check-circle'></i></td>
<td class='timestamp'>13:31:46</td>
<td class='step-details'>Browser Name chrome</td>
</tr>
<tr>
<td class='status pass' title='pass' alt='pass'><i class='mdi-action-check-circle'></i></td>
<td class='timestamp'>13:32:18</td>
<td class='step-details'>https://beta.wrapportal.com/login.aspx?ReturnUrl=%2f Current Url</td>
</tr>
<tr>
<td class='status pass' title='pass' alt='pass'><i class='mdi-action-check-circle'></i></td>
<td class='timestamp'>13:32:18</td>
<td class='step-details'>nouroswald User Name Entered Successfully</td>
</tr>
<tr>
<td class='status pass' title='pass' alt='pass'><i class='mdi-action-check-circle'></i></td>
<td class='timestamp'>13:32:18</td>
<td class='step-details'>4pMeb3bb6p Password Entered Successfully</td>
</tr>
<tr>
<td class='status info' title='info' alt='info'><i class='mdi-action-info-outline'></i></td>
<td class='timestamp'>13:32:20</td>
<td class='step-details'>Clicked On Login Button</td>
</tr>
<tr>
<td class='status pass' title='pass' alt='pass'><i class='mdi-action-check-circle'></i></td>
<td class='timestamp'>13:32:20</td>
<td class='step-details'>Login Successfully</td>
</tr>
<tr>
<td class='status info' title='info' alt='info'><i class='mdi-action-info-outline'></i></td>
<td class='timestamp'>13:32:32</td>
<td class='step-details'>Clicked on Report Module Icon</td>
</tr>
<tr>
<td class='status info' title='info' alt='info'><i class='mdi-action-info-outline'></i></td>
<td class='timestamp'>13:32:34</td>
<td class='step-details'>Gilbane Residential Construction, LLC Program Select Form Dropdown</td>
</tr>
<tr>
<td class='status pass' title='pass' alt='pass'><i class='mdi-action-check-circle'></i></td>
<td class='timestamp'>13:32:39</td>
<td class='step-details'>Non-Compliance Report Report is Selected</td>
</tr>
<tr>
<td class='status pass' title='pass' alt='pass'><i class='mdi-action-check-circle'></i></td>
<td class='timestamp'>13:33:15</td>
<td class='step-details'>Playhouse Square Apartments Project Selected Successfully</td>
</tr>
<tr>
<td class='status pass' title='pass' alt='pass'><i class='mdi-action-check-circle'></i></td>
<td class='timestamp'>13:33:16</td>
<td class='step-details'>Contractor Selected Successfully</td>
</tr>
<tr>
<td class='status info' title='info' alt='info'><i class='mdi-action-info-outline'></i></td>
<td class='timestamp'>13:33:47</td>
<td class='step-details'>Clicked On Build Report Button</td>
</tr>
<tr>
<td class='status pass' title='pass' alt='pass'><i class='mdi-action-check-circle'></i></td>
<td class='timestamp'>13:33:50</td>
<td class='step-details'>Report Generated <img class='report-img' data-featherlight='../ExtentReports/Screenshots/screen20210902133350.png' src='../ExtentReports/Screenshots/screen20210902133350.png' /></td>
</tr>
<tr>
<td class='status pass' title='pass' alt='pass'><i class='mdi-action-check-circle'></i></td>
<td class='timestamp'>13:33:50</td>
<td class='step-details'>Report Header Name Matched</td>
</tr>
<tr>
<td class='status pass' title='pass' alt='pass'><i class='mdi-action-check-circle'></i></td>
<td class='timestamp'>13:33:50</td>
<td class='step-details'>Report Generated Successfully</td>
</tr>
<tr>
<td class='status pass' title='pass' alt='pass'><i class='mdi-action-check-circle'></i></td>
<td class='timestamp'>13:33:50</td>
<td class='step-details'>Program Name:- Gilbane Residential Construction, LLC</td>
</tr>
<tr>
<td class='status pass' title='pass' alt='pass'><i class='mdi-action-check-circle'></i></td>
<td class='timestamp'>13:33:50</td>
<td class='step-details'>Sponsor Name:- Gilbane Building Company</td>
</tr>
<tr>
<td class='status pass' title='pass' alt='pass'><i class='mdi-action-check-circle'></i></td>
<td class='timestamp'>13:33:50</td>
<td class='step-details'>Project Name:- Playhouse Square Apartments</td>
</tr>
<tr>
<td class='status pass' title='pass' alt='pass'><i class='mdi-action-check-circle'></i></td>
<td class='timestamp'>13:33:50</td>
<td class='step-details'>Time Stamp:- 09/02/2021 | 03:03:34 AM</td>
</tr>
<tr>
<td class='status pass' title='pass' alt='pass'><i class='mdi-action-check-circle'></i></td>
<td class='timestamp'>13:33:50</td>
<td class='step-details'>PDF Option is Present:- true</td>
</tr>
<tr>
<td class='status pass' title='pass' alt='pass'><i class='mdi-action-check-circle'></i></td>
<td class='timestamp'>13:33:50</td>
<td class='step-details'>Excel Option is Present:- true</td>
</tr>
<tr>
<td class='status pass' title='pass' alt='pass'><i class='mdi-action-check-circle'></i></td>
<td class='timestamp'>13:33:50</td>
<td class='step-details'>================= Column Name =================</td>
</tr>
<tr>
<td class='status pass' title='pass' alt='pass'><i class='mdi-action-check-circle'></i></td>
<td class='timestamp'>13:33:50</td>
<td class='step-details'>=====> Tier <=====</td>
</tr>
<tr>
<td class='status pass' title='pass' alt='pass'><i class='mdi-action-check-circle'></i></td>
<td class='timestamp'>13:33:50</td>
<td class='step-details'>=====> Contractor Name <=====</td>
</tr>
<tr>
<td class='status pass' title='pass' alt='pass'><i class='mdi-action-check-circle'></i></td>
<td class='timestamp'>13:33:50</td>
<td class='step-details'>=====> Hiring Contractor <=====</td>
</tr>
<tr>
<td class='status pass' title='pass' alt='pass'><i class='mdi-action-check-circle'></i></td>
<td class='timestamp'>13:33:50</td>
<td class='step-details'>=====> Contract # <=====</td>
</tr>
<tr>
<td class='status pass' title='pass' alt='pass'><i class='mdi-action-check-circle'></i></td>
<td class='timestamp'>13:33:50</td>
<td class='step-details'>=====> Start Date <=====</td>
</tr>
<tr>
<td class='status pass' title='pass' alt='pass'><i class='mdi-action-check-circle'></i></td>
<td class='timestamp'>13:33:50</td>
<td class='step-details'>=====> End Date <=====</td>
</tr>
<tr>
<td class='status pass' title='pass' alt='pass'><i class='mdi-action-check-circle'></i></td>
<td class='timestamp'>13:33:50</td>
<td class='step-details'>=====> Status <=====</td>
</tr>
<tr>
<td class='status pass' title='pass' alt='pass'><i class='mdi-action-check-circle'></i></td>
<td class='timestamp'>13:33:50</td>
<td class='step-details'>=====> Missing or Unconfirmed <=====</td>
</tr>
<tr>
<td class='status pass' title='pass' alt='pass'><i class='mdi-action-check-circle'></i></td>
<td class='timestamp'>13:33:51</td>
<td class='step-details'>=====> Missing Payroll <=====</td>
</tr>
<tr>
<td class='status pass' title='pass' alt='pass'><i class='mdi-action-check-circle'></i></td>
<td class='timestamp'>13:33:51</td>
<td class='step-details'>=====> Non-CIP COI Coverage <=====</td>
</tr>
<tr>
<td class='status pass' title='pass' alt='pass'><i class='mdi-action-check-circle'></i></td>
<td class='timestamp'>13:33:51</td>
<td class='step-details'>=====> Primary Contact / Email / Phone# <=====</td>
</tr>
<tr>
<td class='status pass' title='pass' alt='pass'><i class='mdi-action-check-circle'></i></td>
<td class='timestamp'>13:33:51</td>
<td class='step-details'>=====> Notes <=====</td>
</tr>
<tr>
<td class='status pass' title='pass' alt='pass'><i class='mdi-action-check-circle'></i></td>
<td class='timestamp'>13:34:00</td>
<td class='step-details'>Project Selected Successfully</td>
</tr>
<tr>
<td class='status pass' title='pass' alt='pass'><i class='mdi-action-check-circle'></i></td>
<td class='timestamp'>13:34:04</td>
<td class='step-details'>Contractor Selected Successfully</td>
</tr>
<tr>
<td class='status info' title='info' alt='info'><i class='mdi-action-info-outline'></i></td>
<td class='timestamp'>13:34:22</td>
<td class='step-details'>Clicked On Build Report Button</td>
</tr>
<tr>
<td class='status fail' title='fail' alt='fail'><i class='mdi-navigation-cancel'></i></td>
<td class='timestamp'>13:34:53</td>
<td class='step-details'>Excel file is not Downloaded Successfully</td>
</tr>
<tr>
<td class='status pass' title='pass' alt='pass'><i class='mdi-action-check-circle'></i></td>
<td class='timestamp'>13:34:58</td>
<td class='step-details'>testNonComplianceReport Test has been Passed1</td>
</tr>
<tr>
<td class='status pass' title='pass' alt='pass'><i class='mdi-action-check-circle'></i></td>
<td class='timestamp'>13:34:58</td>
<td class='step-details'>Test Ended</td>
</tr>
</tbody>
</table>
<ul class='collapsible node-list' data-collapsible='accordion'>
</ul>
</div>
</div>
</li>
<li class='collection-item test displayed active fail ' extentid='b9a5e3da-bdf7-4d4f-ad11-d5b98cfa96cf'>
<div class='test-head'>
<span class='test-name'>Report_SubmittedPayroll_Test :: testSubmittedPayrollReport </span>
<span class='test-status label right outline capitalize fail'>fail</span>
<span class='category-assigned hide  functionaltest'></span>
</div>
<div class='test-body'>
<div class='test-info'>
<span title='Test started time' alt='Test started time' class='test-started-time label green lighten-1 text-white'>2021-09-02 13:35:16</span>
<span title='Test ended time' alt='Test ended time' class='test-ended-time label red lighten-1 text-white'>2021-09-02 13:38:38</span>
<span title='Time taken to finish' alt='Time taken to finish' class='test-time-taken label blue-grey lighten-3 text-white'>0h 3m 21s+972ms</span>
</div>
<div class='test-desc'>testSubmittedPayrollReport</div>
<div class='test-attributes'>
<div class='categories'>
<span class='category text-white'>Functional Test</span>
</div>
<div class='authors'>
<span class='author text-white'>Kiran Pirangute</span>
</div>
</div>
<div class='test-steps'>
<table class='bordered table-results'>
<thead>
<tr>
<th>Status</th>
<th>Timestamp</th>
<th>Details</th>
</tr>
</thead>
<tbody>
<tr>
<td class='status pass' title='pass' alt='pass'><i class='mdi-action-check-circle'></i></td>
<td class='timestamp'>13:35:16</td>
<td class='step-details'>Test Started</td>
</tr>
<tr>
<td class='status pass' title='pass' alt='pass'><i class='mdi-action-check-circle'></i></td>
<td class='timestamp'>13:35:16</td>
<td class='step-details'>Browser Name chrome</td>
</tr>
<tr>
<td class='status pass' title='pass' alt='pass'><i class='mdi-action-check-circle'></i></td>
<td class='timestamp'>13:35:58</td>
<td class='step-details'>https://beta.wrapportal.com/login.aspx?ReturnUrl=%2f Current Url</td>
</tr>
<tr>
<td class='status pass' title='pass' alt='pass'><i class='mdi-action-check-circle'></i></td>
<td class='timestamp'>13:35:58</td>
<td class='step-details'>nouroswald User Name Entered Successfully</td>
</tr>
<tr>
<td class='status pass' title='pass' alt='pass'><i class='mdi-action-check-circle'></i></td>
<td class='timestamp'>13:35:58</td>
<td class='step-details'>4pMeb3bb6p Password Entered Successfully</td>
</tr>
<tr>
<td class='status info' title='info' alt='info'><i class='mdi-action-info-outline'></i></td>
<td class='timestamp'>13:36:00</td>
<td class='step-details'>Clicked On Login Button</td>
</tr>
<tr>
<td class='status pass' title='pass' alt='pass'><i class='mdi-action-check-circle'></i></td>
<td class='timestamp'>13:36:00</td>
<td class='step-details'>Login Successfully</td>
</tr>
<tr>
<td class='status info' title='info' alt='info'><i class='mdi-action-info-outline'></i></td>
<td class='timestamp'>13:36:18</td>
<td class='step-details'>Clicked on Report Module Icon</td>
</tr>
<tr>
<td class='status info' title='info' alt='info'><i class='mdi-action-info-outline'></i></td>
<td class='timestamp'>13:36:23</td>
<td class='step-details'>Gilbane Residential Construction, LLCRespective Program Select Form Dropdown</td>
</tr>
<tr>
<td class='status pass' title='pass' alt='pass'><i class='mdi-action-check-circle'></i></td>
<td class='timestamp'>13:36:28</td>
<td class='step-details'>Submitted Payroll Report Report is Selected</td>
</tr>
<tr>
<td class='status pass' title='pass' alt='pass'><i class='mdi-action-check-circle'></i></td>
<td class='timestamp'>13:37:03</td>
<td class='step-details'>Playhouse Square Apartments Project Selected Successfully</td>
</tr>
<tr>
<td class='status pass' title='pass' alt='pass'><i class='mdi-action-check-circle'></i></td>
<td class='timestamp'>13:37:04</td>
<td class='step-details'>Contractor Selected Successfully</td>
</tr>
<tr>
<td class='status pass' title='pass' alt='pass'><i class='mdi-action-check-circle'></i></td>
<td class='timestamp'>13:37:04</td>
<td class='step-details'>From Month Selected Successfully</td>
</tr>
<tr>
<td class='status pass' title='pass' alt='pass'><i class='mdi-action-check-circle'></i></td>
<td class='timestamp'>13:37:04</td>
<td class='step-details'>TO Month Selected Successfully</td>
</tr>
<tr>
<td class='status info' title='info' alt='info'><i class='mdi-action-info-outline'></i></td>
<td class='timestamp'>13:37:15</td>
<td class='step-details'>Clicked On Build Report Button</td>
</tr>
<tr>
<td class='status pass' title='pass' alt='pass'><i class='mdi-action-check-circle'></i></td>
<td class='timestamp'>13:37:18</td>
<td class='step-details'>Report Generated<img class='report-img' data-featherlight='../ExtentReports/Screenshots/screen20210902133718.png' src='../ExtentReports/Screenshots/screen20210902133718.png' /></td>
</tr>
<tr>
<td class='status pass' title='pass' alt='pass'><i class='mdi-action-check-circle'></i></td>
<td class='timestamp'>13:37:18</td>
<td class='step-details'>Report Header Name Matched</td>
</tr>
<tr>
<td class='status pass' title='pass' alt='pass'><i class='mdi-action-check-circle'></i></td>
<td class='timestamp'>13:37:18</td>
<td class='step-details'>Report Generated Successfully</td>
</tr>
<tr>
<td class='status pass' title='pass' alt='pass'><i class='mdi-action-check-circle'></i></td>
<td class='timestamp'>13:37:18</td>
<td class='step-details'>Program Name:- Gilbane Residential Construction, LLC</td>
</tr>
<tr>
<td class='status pass' title='pass' alt='pass'><i class='mdi-action-check-circle'></i></td>
<td class='timestamp'>13:37:18</td>
<td class='step-details'>Sponsor Name:- Gilbane Building Company</td>
</tr>
<tr>
<td class='status pass' title='pass' alt='pass'><i class='mdi-action-check-circle'></i></td>
<td class='timestamp'>13:37:18</td>
<td class='step-details'>Project Name:- Playhouse Square Apartments</td>
</tr>
<tr>
<td class='status pass' title='pass' alt='pass'><i class='mdi-action-check-circle'></i></td>
<td class='timestamp'>13:37:18</td>
<td class='step-details'>Time Stamp:- Date Range: 05/01/2018 To 12/01/2019 | 03:07:05 AM</td>
</tr>
<tr>
<td class='status pass' title='pass' alt='pass'><i class='mdi-action-check-circle'></i></td>
<td class='timestamp'>13:37:18</td>
<td class='step-details'>PDF Option is Present:- true</td>
</tr>
<tr>
<td class='status pass' title='pass' alt='pass'><i class='mdi-action-check-circle'></i></td>
<td class='timestamp'>13:37:18</td>
<td class='step-details'>Excel Option is Present:- true</td>
</tr>
<tr>
<td class='status pass' title='pass' alt='pass'><i class='mdi-action-check-circle'></i></td>
<td class='timestamp'>13:37:18</td>
<td class='step-details'>================= Column Name =================</td>
</tr>
<tr>
<td class='status pass' title='pass' alt='pass'><i class='mdi-action-check-circle'></i></td>
<td class='timestamp'>13:37:18</td>
<td class='step-details'>=====> From <=====</td>
</tr>
<tr>
<td class='status pass' title='pass' alt='pass'><i class='mdi-action-check-circle'></i></td>
<td class='timestamp'>13:37:18</td>
<td class='step-details'>=====> Through <=====</td>
</tr>
<tr>
<td class='status pass' title='pass' alt='pass'><i class='mdi-action-check-circle'></i></td>
<td class='timestamp'>13:37:18</td>
<td class='step-details'>=====> WC Policy# <=====</td>
</tr>
<tr>
<td class='status pass' title='pass' alt='pass'><i class='mdi-action-check-circle'></i></td>
<td class='timestamp'>13:37:18</td>
<td class='step-details'>=====> Effective Date <=====</td>
</tr>
<tr>
<td class='status pass' title='pass' alt='pass'><i class='mdi-action-check-circle'></i></td>
<td class='timestamp'>13:37:18</td>
<td class='step-details'>=====> Code / Description <=====</td>
</tr>
<tr>
<td class='status pass' title='pass' alt='pass'><i class='mdi-action-check-circle'></i></td>
<td class='timestamp'>13:37:19</td>
<td class='step-details'>=====> Work Hours <=====</td>
</tr>
<tr>
<td class='status pass' title='pass' alt='pass'><i class='mdi-action-check-circle'></i></td>
<td class='timestamp'>13:37:19</td>
<td class='step-details'>=====> Reported Payroll <=====</td>
</tr>
<tr>
<td class='status pass' title='pass' alt='pass'><i class='mdi-action-check-circle'></i></td>
<td class='timestamp'>13:37:22</td>
<td class='step-details'>First Project Selected Successfully</td>
</tr>
<tr>
<td class='status info' title='info' alt='info'><i class='mdi-action-info-outline'></i></td>
<td class='timestamp'>13:37:39</td>
<td class='step-details'>Clicked On Build Report Button</td>
</tr>
<tr>
<td class='status pass' title='pass' alt='pass'><i class='mdi-action-check-circle'></i></td>
<td class='timestamp'>13:37:45</td>
<td class='step-details'>Second Project Selected Successfully</td>
</tr>
<tr>
<td class='status info' title='info' alt='info'><i class='mdi-action-info-outline'></i></td>
<td class='timestamp'>13:38:07</td>
<td class='step-details'>Clicked On Build Report Button</td>
</tr>
<tr>
<td class='status pass' title='pass' alt='pass'><i class='mdi-action-check-circle'></i></td>
<td class='timestamp'>13:38:23</td>
<td class='step-details'>Pdf Generated <img class='report-img' data-featherlight='../ExtentReports/Screenshots/screen20210902133819.png' src='../ExtentReports/Screenshots/screen20210902133819.png' /></td>
</tr>
<tr>
<td class='status fail' title='fail' alt='fail'><i class='mdi-navigation-cancel'></i></td>
<td class='timestamp'>13:38:33</td>
<td class='step-details'>Excel file is not Downloaded Successfully</td>
</tr>
<tr>
<td class='status pass' title='pass' alt='pass'><i class='mdi-action-check-circle'></i></td>
<td class='timestamp'>13:38:38</td>
<td class='step-details'>testSubmittedPayrollReport Test has been Passed1</td>
</tr>
<tr>
<td class='status pass' title='pass' alt='pass'><i class='mdi-action-check-circle'></i></td>
<td class='timestamp'>13:38:38</td>
<td class='step-details'>Test Ended</td>
</tr>
</tbody>
</table>
<ul class='collapsible node-list' data-collapsible='accordion'>
</ul>
</div>
</div>
</li>
<li class='collection-item test displayed active fail ' extentid='1a9ec0b0-0bf1-4e63-95e3-250f6de31e2f'>
<div class='test-head'>
<span class='test-name'>Report_ContractorInsuranceCostTracking_Test :: testContractorInsuranceCostTrackingReport </span>
<span class='test-status label right outline capitalize fail'>fail</span>
<span class='category-assigned hide  functionaltest'></span>
</div>
<div class='test-body'>
<div class='test-info'>
<span title='Test started time' alt='Test started time' class='test-started-time label green lighten-1 text-white'>2021-09-02 13:38:54</span>
<span title='Test ended time' alt='Test ended time' class='test-ended-time label red lighten-1 text-white'>2021-09-02 13:45:00</span>
<span title='Time taken to finish' alt='Time taken to finish' class='test-time-taken label blue-grey lighten-3 text-white'>0h 6m 6s+576ms</span>
</div>
<div class='test-desc'>testContractorInsuranceCostTrackingReport</div>
<div class='test-attributes'>
<div class='categories'>
<span class='category text-white'>Functional Test</span>
</div>
<div class='authors'>
<span class='author text-white'>Kiran Pirangute</span>
</div>
</div>
<div class='test-steps'>
<table class='bordered table-results'>
<thead>
<tr>
<th>Status</th>
<th>Timestamp</th>
<th>Details</th>
</tr>
</thead>
<tbody>
<tr>
<td class='status pass' title='pass' alt='pass'><i class='mdi-action-check-circle'></i></td>
<td class='timestamp'>13:38:54</td>
<td class='step-details'>Test Started</td>
</tr>
<tr>
<td class='status pass' title='pass' alt='pass'><i class='mdi-action-check-circle'></i></td>
<td class='timestamp'>13:38:54</td>
<td class='step-details'>Browser Name chrome</td>
</tr>
<tr>
<td class='status pass' title='pass' alt='pass'><i class='mdi-action-check-circle'></i></td>
<td class='timestamp'>13:39:44</td>
<td class='step-details'>https://beta.wrapportal.com/login.aspx?ReturnUrl=%2f Current Url</td>
</tr>
<tr>
<td class='status pass' title='pass' alt='pass'><i class='mdi-action-check-circle'></i></td>
<td class='timestamp'>13:39:45</td>
<td class='step-details'>nouroswald User Name Entered Successfully</td>
</tr>
<tr>
<td class='status pass' title='pass' alt='pass'><i class='mdi-action-check-circle'></i></td>
<td class='timestamp'>13:39:45</td>
<td class='step-details'>4pMeb3bb6p Password Entered Successfully</td>
</tr>
<tr>
<td class='status info' title='info' alt='info'><i class='mdi-action-info-outline'></i></td>
<td class='timestamp'>13:39:46</td>
<td class='step-details'>Clicked On Login Button</td>
</tr>
<tr>
<td class='status pass' title='pass' alt='pass'><i class='mdi-action-check-circle'></i></td>
<td class='timestamp'>13:39:46</td>
<td class='step-details'>Login Successfully</td>
</tr>
<tr>
<td class='status info' title='info' alt='info'><i class='mdi-action-info-outline'></i></td>
<td class='timestamp'>13:40:11</td>
<td class='step-details'>Clicked on Report Module Icon</td>
</tr>
<tr>
<td class='status info' title='info' alt='info'><i class='mdi-action-info-outline'></i></td>
<td class='timestamp'>13:40:13</td>
<td class='step-details'>Gilbane Residential Construction, LLC Program Select Form Dropdown</td>
</tr>
<tr>
<td class='status pass' title='pass' alt='pass'><i class='mdi-action-check-circle'></i></td>
<td class='timestamp'>13:40:18</td>
<td class='step-details'>Contractor Insurance Cost Tracking Report is Selected</td>
</tr>
<tr>
<td class='status pass' title='pass' alt='pass'><i class='mdi-action-check-circle'></i></td>
<td class='timestamp'>13:40:59</td>
<td class='step-details'>Playhouse Square Apartments Project Selected Successfully</td>
</tr>
<tr>
<td class='status pass' title='pass' alt='pass'><i class='mdi-action-check-circle'></i></td>
<td class='timestamp'>13:41:00</td>
<td class='step-details'>Contractor Selected Successfully</td>
</tr>
<tr>
<td class='status info' title='info' alt='info'><i class='mdi-action-info-outline'></i></td>
<td class='timestamp'>13:41:32</td>
<td class='step-details'>Clicked On Build Report Button</td>
</tr>
<tr>
<td class='status pass' title='pass' alt='pass'><i class='mdi-action-check-circle'></i></td>
<td class='timestamp'>13:41:36</td>
<td class='step-details'>Report Generated<img class='report-img' data-featherlight='../ExtentReports/Screenshots/screen20210902134135.png' src='../ExtentReports/Screenshots/screen20210902134135.png' /></td>
</tr>
<tr>
<td class='status pass' title='pass' alt='pass'><i class='mdi-action-check-circle'></i></td>
<td class='timestamp'>13:41:36</td>
<td class='step-details'>Report Header Name Matched</td>
</tr>
<tr>
<td class='status pass' title='pass' alt='pass'><i class='mdi-action-check-circle'></i></td>
<td class='timestamp'>13:41:36</td>
<td class='step-details'>Report Generated Successfully</td>
</tr>
<tr>
<td class='status pass' title='pass' alt='pass'><i class='mdi-action-check-circle'></i></td>
<td class='timestamp'>13:41:39</td>
<td class='step-details'>First Project Selected Successfully</td>
</tr>
<tr>
<td class='status info' title='info' alt='info'><i class='mdi-action-info-outline'></i></td>
<td class='timestamp'>13:42:56</td>
<td class='step-details'>Clicked On Build Report Button</td>
</tr>
<tr>
<td class='status pass' title='pass' alt='pass'><i class='mdi-action-check-circle'></i></td>
<td class='timestamp'>13:43:02</td>
<td class='step-details'>Second Project Selected Successfully</td>
</tr>
<tr>
<td class='status info' title='info' alt='info'><i class='mdi-action-info-outline'></i></td>
<td class='timestamp'>13:44:10</td>
<td class='step-details'>Clicked On Build Report Button</td>
</tr>
<tr>
<td class='status pass' title='pass' alt='pass'><i class='mdi-action-check-circle'></i></td>
<td class='timestamp'>13:44:45</td>
<td class='step-details'>Pdf Generated <img class='report-img' data-featherlight='../ExtentReports/Screenshots/screen20210902134422.png' src='../ExtentReports/Screenshots/screen20210902134422.png' /></td>
</tr>
<tr>
<td class='status fail' title='fail' alt='fail'><i class='mdi-navigation-cancel'></i></td>
<td class='timestamp'>13:44:55</td>
<td class='step-details'>Excel file is not Downloaded Successfully</td>
</tr>
<tr>
<td class='status pass' title='pass' alt='pass'><i class='mdi-action-check-circle'></i></td>
<td class='timestamp'>13:45:00</td>
<td class='step-details'>testContractorInsuranceCostTrackingReport Test has been Passed1</td>
</tr>
<tr>
<td class='status pass' title='pass' alt='pass'><i class='mdi-action-check-circle'></i></td>
<td class='timestamp'>13:45:00</td>
<td class='step-details'>Test Ended</td>
</tr>
</tbody>
</table>
<ul class='collapsible node-list' data-collapsible='accordion'>
</ul>
</div>
</div>
</li>
<li class='collection-item test displayed active fail ' extentid='37ee6780-2e82-4017-a640-3c9fceb8faaf'>
<div class='test-head'>
<span class='test-name'>Report_ContractorProfileOld_Test :: testContractorProfile </span>
<span class='test-status label right outline capitalize fail'>fail</span>
<span class='category-assigned hide  functionaltest'></span>
</div>
<div class='test-body'>
<div class='test-info'>
<span title='Test started time' alt='Test started time' class='test-started-time label green lighten-1 text-white'>2021-09-02 13:45:18</span>
<span title='Test ended time' alt='Test ended time' class='test-ended-time label red lighten-1 text-white'>2021-09-02 13:48:03</span>
<span title='Time taken to finish' alt='Time taken to finish' class='test-time-taken label blue-grey lighten-3 text-white'>0h 2m 44s+767ms</span>
</div>
<div class='test-desc'>testContractorProfile</div>
<div class='test-attributes'>
<div class='categories'>
<span class='category text-white'>Functional Test</span>
</div>
<div class='authors'>
<span class='author text-white'>Kiran Pirangute</span>
</div>
</div>
<div class='test-steps'>
<table class='bordered table-results'>
<thead>
<tr>
<th>Status</th>
<th>Timestamp</th>
<th>Details</th>
</tr>
</thead>
<tbody>
<tr>
<td class='status pass' title='pass' alt='pass'><i class='mdi-action-check-circle'></i></td>
<td class='timestamp'>13:45:18</td>
<td class='step-details'>Test Started</td>
</tr>
<tr>
<td class='status pass' title='pass' alt='pass'><i class='mdi-action-check-circle'></i></td>
<td class='timestamp'>13:45:18</td>
<td class='step-details'>Browser Name chrome</td>
</tr>
<tr>
<td class='status pass' title='pass' alt='pass'><i class='mdi-action-check-circle'></i></td>
<td class='timestamp'>13:46:17</td>
<td class='step-details'>https://beta.wrapportal.com/login.aspx?ReturnUrl=%2f Current Url</td>
</tr>
<tr>
<td class='status pass' title='pass' alt='pass'><i class='mdi-action-check-circle'></i></td>
<td class='timestamp'>13:46:17</td>
<td class='step-details'>nouroswald User Name Entered Successfully</td>
</tr>
<tr>
<td class='status pass' title='pass' alt='pass'><i class='mdi-action-check-circle'></i></td>
<td class='timestamp'>13:46:17</td>
<td class='step-details'>4pMeb3bb6p Password Entered Successfully</td>
</tr>
<tr>
<td class='status info' title='info' alt='info'><i class='mdi-action-info-outline'></i></td>
<td class='timestamp'>13:46:18</td>
<td class='step-details'>Clicked On Login Button</td>
</tr>
<tr>
<td class='status pass' title='pass' alt='pass'><i class='mdi-action-check-circle'></i></td>
<td class='timestamp'>13:46:18</td>
<td class='step-details'>Login Successfully</td>
</tr>
<tr>
<td class='status info' title='info' alt='info'><i class='mdi-action-info-outline'></i></td>
<td class='timestamp'>13:46:52</td>
<td class='step-details'>Clicked on Report Module Icon</td>
</tr>
<tr>
<td class='status info' title='info' alt='info'><i class='mdi-action-info-outline'></i></td>
<td class='timestamp'>13:47:01</td>
<td class='step-details'>Respective Program Select Form Dropdown</td>
</tr>
<tr>
<td class='status pass' title='pass' alt='pass'><i class='mdi-action-check-circle'></i></td>
<td class='timestamp'>13:47:06</td>
<td class='step-details'>Contractor Profile Report is Selected</td>
</tr>
<tr>
<td class='status pass' title='pass' alt='pass'><i class='mdi-action-check-circle'></i></td>
<td class='timestamp'>13:47:14</td>
<td class='step-details'>Project Selected Successfully</td>
</tr>
<tr>
<td class='status pass' title='pass' alt='pass'><i class='mdi-action-check-circle'></i></td>
<td class='timestamp'>13:47:17</td>
<td class='step-details'>Contractor Selected Successfully</td>
</tr>
<tr>
<td class='status info' title='info' alt='info'><i class='mdi-action-info-outline'></i></td>
<td class='timestamp'>13:47:21</td>
<td class='step-details'>Clicked On Build Report Button</td>
</tr>
<tr>
<td class='status pass' title='pass' alt='pass'><i class='mdi-action-check-circle'></i></td>
<td class='timestamp'>13:47:24</td>
<td class='step-details'>Report Generated<img class='report-img' data-featherlight='../ExtentReports/Screenshots/screen20210902134724.png' src='../ExtentReports/Screenshots/screen20210902134724.png' /></td>
</tr>
<tr>
<td class='status pass' title='pass' alt='pass'><i class='mdi-action-check-circle'></i></td>
<td class='timestamp'>13:47:24</td>
<td class='step-details'>Report Header Name Matched</td>
</tr>
<tr>
<td class='status pass' title='pass' alt='pass'><i class='mdi-action-check-circle'></i></td>
<td class='timestamp'>13:47:24</td>
<td class='step-details'>Report Generated Successfully</td>
</tr>
<tr>
<td class='status pass' title='pass' alt='pass'><i class='mdi-action-check-circle'></i></td>
<td class='timestamp'>13:47:37</td>
<td class='step-details'>Pdf Generated <img class='report-img' data-featherlight='../ExtentReports/Screenshots/screen20210902134724.png' src='../ExtentReports/Screenshots/screen20210902134724.png' /></td>
</tr>
<tr>
<td class='status fail' title='fail' alt='fail'><i class='mdi-navigation-cancel'></i></td>
<td class='timestamp'>13:47:52</td>
<td class='step-details'>Excel file is not Downloaded Successfully</td>
</tr>
<tr>
<td class='status pass' title='pass' alt='pass'><i class='mdi-action-check-circle'></i></td>
<td class='timestamp'>13:48:03</td>
<td class='step-details'>testContractorProfile Test has been Passed1</td>
</tr>
<tr>
<td class='status pass' title='pass' alt='pass'><i class='mdi-action-check-circle'></i></td>
<td class='timestamp'>13:48:03</td>
<td class='step-details'>Test Ended</td>
</tr>
</tbody>
</table>
<ul class='collapsible node-list' data-collapsible='accordion'>
</ul>
</div>
</div>
</li>
<li class='collection-item test displayed active fail ' extentid='3d81a139-2eea-4c2f-b3d7-537f080685a8'>
<div class='test-head'>
<span class='test-name'>Report_ProjectInsuranceCostAnalysisOld_Test :: testProjectInsuranceCostAnalysisOld </span>
<span class='test-status label right outline capitalize fail'>fail</span>
<span class='category-assigned hide  functionaltest'></span>
</div>
<div class='test-body'>
<div class='test-info'>
<span title='Test started time' alt='Test started time' class='test-started-time label green lighten-1 text-white'>2021-09-02 13:48:24</span>
<span title='Test ended time' alt='Test ended time' class='test-ended-time label red lighten-1 text-white'>2021-09-02 13:51:27</span>
<span title='Time taken to finish' alt='Time taken to finish' class='test-time-taken label blue-grey lighten-3 text-white'>0h 3m 3s+610ms</span>
</div>
<div class='test-desc'>testProjectInsuranceCostAnalysisOld</div>
<div class='test-attributes'>
<div class='categories'>
<span class='category text-white'>Functional Test</span>
</div>
<div class='authors'>
<span class='author text-white'>Kiran Pirangute</span>
</div>
</div>
<div class='test-steps'>
<table class='bordered table-results'>
<thead>
<tr>
<th>Status</th>
<th>Timestamp</th>
<th>Details</th>
</tr>
</thead>
<tbody>
<tr>
<td class='status pass' title='pass' alt='pass'><i class='mdi-action-check-circle'></i></td>
<td class='timestamp'>13:48:24</td>
<td class='step-details'>Test Started</td>
</tr>
<tr>
<td class='status pass' title='pass' alt='pass'><i class='mdi-action-check-circle'></i></td>
<td class='timestamp'>13:48:24</td>
<td class='step-details'>Browser Name chrome</td>
</tr>
<tr>
<td class='status pass' title='pass' alt='pass'><i class='mdi-action-check-circle'></i></td>
<td class='timestamp'>13:49:16</td>
<td class='step-details'>https://beta.wrapportal.com/login.aspx?ReturnUrl=%2f Current Url</td>
</tr>
<tr>
<td class='status pass' title='pass' alt='pass'><i class='mdi-action-check-circle'></i></td>
<td class='timestamp'>13:49:16</td>
<td class='step-details'>nouroswald User Name Entered Successfully</td>
</tr>
<tr>
<td class='status pass' title='pass' alt='pass'><i class='mdi-action-check-circle'></i></td>
<td class='timestamp'>13:49:16</td>
<td class='step-details'>4pMeb3bb6p Password Entered Successfully</td>
</tr>
<tr>
<td class='status info' title='info' alt='info'><i class='mdi-action-info-outline'></i></td>
<td class='timestamp'>13:49:17</td>
<td class='step-details'>Clicked On Login Button</td>
</tr>
<tr>
<td class='status pass' title='pass' alt='pass'><i class='mdi-action-check-circle'></i></td>
<td class='timestamp'>13:49:17</td>
<td class='step-details'>Login Successfully</td>
</tr>
<tr>
<td class='status info' title='info' alt='info'><i class='mdi-action-info-outline'></i></td>
<td class='timestamp'>13:49:38</td>
<td class='step-details'>Clicked on Report Module Icon</td>
</tr>
<tr>
<td class='status info' title='info' alt='info'><i class='mdi-action-info-outline'></i></td>
<td class='timestamp'>13:49:40</td>
<td class='step-details'>Respective Program Select Form Dropdown</td>
</tr>
<tr>
<td class='status pass' title='pass' alt='pass'><i class='mdi-action-check-circle'></i></td>
<td class='timestamp'>13:49:47</td>
<td class='step-details'>Project Insurance Cost Analysis  Report is Selected</td>
</tr>
<tr>
<td class='status pass' title='pass' alt='pass'><i class='mdi-action-check-circle'></i></td>
<td class='timestamp'>13:50:32</td>
<td class='step-details'>Project Selected Successfully</td>
</tr>
<tr>
<td class='status pass' title='pass' alt='pass'><i class='mdi-action-check-circle'></i></td>
<td class='timestamp'>13:50:35</td>
<td class='step-details'>Contractor Selected Successfully</td>
</tr>
<tr>
<td class='status info' title='info' alt='info'><i class='mdi-action-info-outline'></i></td>
<td class='timestamp'>13:50:38</td>
<td class='step-details'>Clicked On Build Report Button</td>
</tr>
<tr>
<td class='status pass' title='pass' alt='pass'><i class='mdi-action-check-circle'></i></td>
<td class='timestamp'>13:50:42</td>
<td class='step-details'>Report Generated<img class='report-img' data-featherlight='../ExtentReports/Screenshots/screen20210902135041.png' src='../ExtentReports/Screenshots/screen20210902135041.png' /></td>
</tr>
<tr>
<td class='status pass' title='pass' alt='pass'><i class='mdi-action-check-circle'></i></td>
<td class='timestamp'>13:51:06</td>
<td class='step-details'>Report Header Name Matched</td>
</tr>
<tr>
<td class='status pass' title='pass' alt='pass'><i class='mdi-action-check-circle'></i></td>
<td class='timestamp'>13:51:06</td>
<td class='step-details'>Report Generated Successfully</td>
</tr>
<tr>
<td class='status fail' title='fail' alt='fail'><i class='mdi-navigation-cancel'></i></td>
<td class='timestamp'>13:51:16</td>
<td class='step-details'>Excel file is not Downloaded Successfully</td>
</tr>
<tr>
<td class='status pass' title='pass' alt='pass'><i class='mdi-action-check-circle'></i></td>
<td class='timestamp'>13:51:27</td>
<td class='step-details'>testProjectInsuranceCostAnalysisOld Test has been Passed1</td>
</tr>
<tr>
<td class='status pass' title='pass' alt='pass'><i class='mdi-action-check-circle'></i></td>
<td class='timestamp'>13:51:27</td>
<td class='step-details'>Test Ended</td>
</tr>
</tbody>
</table>
<ul class='collapsible node-list' data-collapsible='accordion'>
</ul>
</div>
</div>
</li>
<li class='collection-item test displayed active fail ' extentid='5b8a4d01-fd91-4b68-9eb9-b80c7ed90f10'>
<div class='test-head'>
<span class='test-name'>Report_ProgramDeductionRateAnalysisOld_Test :: testProgramDeductionRateAnalysisOld </span>
<span class='test-status label right outline capitalize fail'>fail</span>
<span class='category-assigned hide  functionaltest'></span>
</div>
<div class='test-body'>
<div class='test-info'>
<span title='Test started time' alt='Test started time' class='test-started-time label green lighten-1 text-white'>2021-09-02 13:51:46</span>
<span title='Test ended time' alt='Test ended time' class='test-ended-time label red lighten-1 text-white'>2021-09-02 13:54:10</span>
<span title='Time taken to finish' alt='Time taken to finish' class='test-time-taken label blue-grey lighten-3 text-white'>0h 2m 24s+721ms</span>
</div>
<div class='test-desc'>testProgramDeductionRateAnalysisOld</div>
<div class='test-attributes'>
<div class='categories'>
<span class='category text-white'>Functional Test</span>
</div>
<div class='authors'>
<span class='author text-white'>Kiran Pirangute</span>
</div>
</div>
<div class='test-steps'>
<table class='bordered table-results'>
<thead>
<tr>
<th>Status</th>
<th>Timestamp</th>
<th>Details</th>
</tr>
</thead>
<tbody>
<tr>
<td class='status pass' title='pass' alt='pass'><i class='mdi-action-check-circle'></i></td>
<td class='timestamp'>13:51:46</td>
<td class='step-details'>Test Started</td>
</tr>
<tr>
<td class='status pass' title='pass' alt='pass'><i class='mdi-action-check-circle'></i></td>
<td class='timestamp'>13:51:46</td>
<td class='step-details'>Browser Name chrome</td>
</tr>
<tr>
<td class='status pass' title='pass' alt='pass'><i class='mdi-action-check-circle'></i></td>
<td class='timestamp'>13:52:36</td>
<td class='step-details'>https://beta.wrapportal.com/login.aspx?ReturnUrl=%2f Current Url</td>
</tr>
<tr>
<td class='status pass' title='pass' alt='pass'><i class='mdi-action-check-circle'></i></td>
<td class='timestamp'>13:52:36</td>
<td class='step-details'>nouroswald User Name Entered Successfully</td>
</tr>
<tr>
<td class='status pass' title='pass' alt='pass'><i class='mdi-action-check-circle'></i></td>
<td class='timestamp'>13:52:36</td>
<td class='step-details'>4pMeb3bb6p Password Entered Successfully</td>
</tr>
<tr>
<td class='status info' title='info' alt='info'><i class='mdi-action-info-outline'></i></td>
<td class='timestamp'>13:52:37</td>
<td class='step-details'>Clicked On Login Button</td>
</tr>
<tr>
<td class='status pass' title='pass' alt='pass'><i class='mdi-action-check-circle'></i></td>
<td class='timestamp'>13:52:37</td>
<td class='step-details'>Login Successfully</td>
</tr>
<tr>
<td class='status info' title='info' alt='info'><i class='mdi-action-info-outline'></i></td>
<td class='timestamp'>13:52:54</td>
<td class='step-details'>Clicked on Report Module Icon</td>
</tr>
<tr>
<td class='status info' title='info' alt='info'><i class='mdi-action-info-outline'></i></td>
<td class='timestamp'>13:52:56</td>
<td class='step-details'>Respective Program Select Form Dropdown</td>
</tr>
<tr>
<td class='status pass' title='pass' alt='pass'><i class='mdi-action-check-circle'></i></td>
<td class='timestamp'>13:53:03</td>
<td class='step-details'>Program Deduction Rate Analysis Report is Selected</td>
</tr>
<tr>
<td class='status pass' title='pass' alt='pass'><i class='mdi-action-check-circle'></i></td>
<td class='timestamp'>13:53:19</td>
<td class='step-details'>Project Selected Successfully</td>
</tr>
<tr>
<td class='status pass' title='pass' alt='pass'><i class='mdi-action-check-circle'></i></td>
<td class='timestamp'>13:53:22</td>
<td class='step-details'>Contractor Selected Successfully</td>
</tr>
<tr>
<td class='status info' title='info' alt='info'><i class='mdi-action-info-outline'></i></td>
<td class='timestamp'>13:53:26</td>
<td class='step-details'>Clicked On Build Report Button</td>
</tr>
<tr>
<td class='status pass' title='pass' alt='pass'><i class='mdi-action-check-circle'></i></td>
<td class='timestamp'>13:53:29</td>
<td class='step-details'>Report Generated<img class='report-img' data-featherlight='../ExtentReports/Screenshots/screen20210902135329.png' src='../ExtentReports/Screenshots/screen20210902135329.png' /></td>
</tr>
<tr>
<td class='status pass' title='pass' alt='pass'><i class='mdi-action-check-circle'></i></td>
<td class='timestamp'>13:53:35</td>
<td class='step-details'>Report Header Name Matched</td>
</tr>
<tr>
<td class='status pass' title='pass' alt='pass'><i class='mdi-action-check-circle'></i></td>
<td class='timestamp'>13:53:35</td>
<td class='step-details'>Report Generated Successfully</td>
</tr>
<tr>
<td class='status pass' title='pass' alt='pass'><i class='mdi-action-check-circle'></i></td>
<td class='timestamp'>13:53:44</td>
<td class='step-details'>Pdf Generated <img class='report-img' data-featherlight='../ExtentReports/Screenshots/screen20210902135335.png' src='../ExtentReports/Screenshots/screen20210902135335.png' /></td>
</tr>
<tr>
<td class='status fail' title='fail' alt='fail'><i class='mdi-navigation-cancel'></i></td>
<td class='timestamp'>13:53:59</td>
<td class='step-details'>Excel file is not Downloaded Successfully</td>
</tr>
<tr>
<td class='status pass' title='pass' alt='pass'><i class='mdi-action-check-circle'></i></td>
<td class='timestamp'>13:54:10</td>
<td class='step-details'>testProgramDeductionRateAnalysisOld Test has been Passed1</td>
</tr>
<tr>
<td class='status pass' title='pass' alt='pass'><i class='mdi-action-check-circle'></i></td>
<td class='timestamp'>13:54:10</td>
<td class='step-details'>Test Ended</td>
</tr>
</tbody>
</table>
<ul class='collapsible node-list' data-collapsible='accordion'>
</ul>
</div>
</div>
</li>
<li class='collection-item test displayed active fail ' extentid='d46d36f1-1b67-49dc-aaac-4dd06025b300'>
<div class='test-head'>
<span class='test-name'>Report_ProgramFinancialAnalysisReportOld_Test :: testProgramFinancialAnalysisReportOld </span>
<span class='test-status label right outline capitalize fail'>fail</span>
<span class='category-assigned hide  functionaltest'></span>
</div>
<div class='test-body'>
<div class='test-info'>
<span title='Test started time' alt='Test started time' class='test-started-time label green lighten-1 text-white'>2021-09-02 13:54:39</span>
<span title='Test ended time' alt='Test ended time' class='test-ended-time label red lighten-1 text-white'>2021-09-02 13:56:31</span>
<span title='Time taken to finish' alt='Time taken to finish' class='test-time-taken label blue-grey lighten-3 text-white'>0h 1m 51s+919ms</span>
</div>
<div class='test-desc'>testProgramFinancialAnalysisReportOld</div>
<div class='test-attributes'>
<div class='categories'>
<span class='category text-white'>Functional Test</span>
</div>
<div class='authors'>
<span class='author text-white'>Kiran Pirangute</span>
</div>
</div>
<div class='test-steps'>
<table class='bordered table-results'>
<thead>
<tr>
<th>Status</th>
<th>Timestamp</th>
<th>Details</th>
</tr>
</thead>
<tbody>
<tr>
<td class='status pass' title='pass' alt='pass'><i class='mdi-action-check-circle'></i></td>
<td class='timestamp'>13:54:39</td>
<td class='step-details'>Test Started</td>
</tr>
<tr>
<td class='status pass' title='pass' alt='pass'><i class='mdi-action-check-circle'></i></td>
<td class='timestamp'>13:54:39</td>
<td class='step-details'>Browser Name chrome</td>
</tr>
<tr>
<td class='status pass' title='pass' alt='pass'><i class='mdi-action-check-circle'></i></td>
<td class='timestamp'>13:55:22</td>
<td class='step-details'>https://beta.wrapportal.com/login.aspx?ReturnUrl=%2f Current Url</td>
</tr>
<tr>
<td class='status pass' title='pass' alt='pass'><i class='mdi-action-check-circle'></i></td>
<td class='timestamp'>13:55:22</td>
<td class='step-details'>nouroswald User Name Entered Successfully</td>
</tr>
<tr>
<td class='status pass' title='pass' alt='pass'><i class='mdi-action-check-circle'></i></td>
<td class='timestamp'>13:55:22</td>
<td class='step-details'>4pMeb3bb6p Password Entered Successfully</td>
</tr>
<tr>
<td class='status info' title='info' alt='info'><i class='mdi-action-info-outline'></i></td>
<td class='timestamp'>13:55:23</td>
<td class='step-details'>Clicked On Login Button</td>
</tr>
<tr>
<td class='status pass' title='pass' alt='pass'><i class='mdi-action-check-circle'></i></td>
<td class='timestamp'>13:55:23</td>
<td class='step-details'>Login Successfully</td>
</tr>
<tr>
<td class='status info' title='info' alt='info'><i class='mdi-action-info-outline'></i></td>
<td class='timestamp'>13:55:40</td>
<td class='step-details'>Clicked on Report Module Icon</td>
</tr>
<tr>
<td class='status info' title='info' alt='info'><i class='mdi-action-info-outline'></i></td>
<td class='timestamp'>13:55:42</td>
<td class='step-details'>Respective Program Select Form Dropdown</td>
</tr>
<tr>
<td class='status pass' title='pass' alt='pass'><i class='mdi-action-check-circle'></i></td>
<td class='timestamp'>13:55:47</td>
<td class='step-details'>Program Financial Analysis Report is Selected</td>
</tr>
<tr>
<td class='status pass' title='pass' alt='pass'><i class='mdi-action-check-circle'></i></td>
<td class='timestamp'>13:55:55</td>
<td class='step-details'>Project Selected Successfully</td>
</tr>
<tr>
<td class='status pass' title='pass' alt='pass'><i class='mdi-action-check-circle'></i></td>
<td class='timestamp'>13:55:59</td>
<td class='step-details'>Contractor Selected Successfully</td>
</tr>
<tr>
<td class='status info' title='info' alt='info'><i class='mdi-action-info-outline'></i></td>
<td class='timestamp'>13:56:02</td>
<td class='step-details'>Clicked On Build Report Button</td>
</tr>
<tr>
<td class='status pass' title='pass' alt='pass'><i class='mdi-action-check-circle'></i></td>
<td class='timestamp'>13:56:05</td>
<td class='step-details'>Report Generated<img class='report-img' data-featherlight='../ExtentReports/Screenshots/screen20210902135605.png' src='../ExtentReports/Screenshots/screen20210902135605.png' /></td>
</tr>
<tr>
<td class='status pass' title='pass' alt='pass'><i class='mdi-action-check-circle'></i></td>
<td class='timestamp'>13:56:09</td>
<td class='step-details'>Report Header Name Matched</td>
</tr>
<tr>
<td class='status pass' title='pass' alt='pass'><i class='mdi-action-check-circle'></i></td>
<td class='timestamp'>13:56:09</td>
<td class='step-details'>Report Generated Successfully</td>
</tr>
<tr>
<td class='status fail' title='fail' alt='fail'><i class='mdi-navigation-cancel'></i></td>
<td class='timestamp'>13:56:20</td>
<td class='step-details'>Excel file is not Downloaded Successfully</td>
</tr>
<tr>
<td class='status pass' title='pass' alt='pass'><i class='mdi-action-check-circle'></i></td>
<td class='timestamp'>13:56:31</td>
<td class='step-details'>testProgramFinancialAnalysisReportOld Test has been Passed1</td>
</tr>
<tr>
<td class='status pass' title='pass' alt='pass'><i class='mdi-action-check-circle'></i></td>
<td class='timestamp'>13:56:31</td>
<td class='step-details'>Test Ended</td>
</tr>
</tbody>
</table>
<ul class='collapsible node-list' data-collapsible='accordion'>
</ul>
</div>
</div>
</li>
<li class='collection-item test displayed active fail ' extentid='b2062033-27af-445e-84ea-64af1e2e12b2'>
<div class='test-head'>
<span class='test-name'>Report_ProgramFinancialAnalysisWorkClassOld_Test :: testProgramFinancialAnalysisWorkClassOld </span>
<span class='test-status label right outline capitalize fail'>fail</span>
<span class='category-assigned hide  functionaltest'></span>
</div>
<div class='test-body'>
<div class='test-info'>
<span title='Test started time' alt='Test started time' class='test-started-time label green lighten-1 text-white'>2021-09-02 13:56:44</span>
<span title='Test ended time' alt='Test ended time' class='test-ended-time label red lighten-1 text-white'>2021-09-02 13:58:39</span>
<span title='Time taken to finish' alt='Time taken to finish' class='test-time-taken label blue-grey lighten-3 text-white'>0h 1m 54s+524ms</span>
</div>
<div class='test-desc'>testProgramFinancialAnalysisWorkClassOld</div>
<div class='test-attributes'>
<div class='categories'>
<span class='category text-white'>Functional Test</span>
</div>
<div class='authors'>
<span class='author text-white'>Kiran Pirangute</span>
</div>
</div>
<div class='test-steps'>
<table class='bordered table-results'>
<thead>
<tr>
<th>Status</th>
<th>Timestamp</th>
<th>Details</th>
</tr>
</thead>
<tbody>
<tr>
<td class='status pass' title='pass' alt='pass'><i class='mdi-action-check-circle'></i></td>
<td class='timestamp'>13:56:44</td>
<td class='step-details'>Test Started</td>
</tr>
<tr>
<td class='status pass' title='pass' alt='pass'><i class='mdi-action-check-circle'></i></td>
<td class='timestamp'>13:56:44</td>
<td class='step-details'>Browser Name chrome</td>
</tr>
<tr>
<td class='status pass' title='pass' alt='pass'><i class='mdi-action-check-circle'></i></td>
<td class='timestamp'>13:57:28</td>
<td class='step-details'>https://beta.wrapportal.com/login.aspx?ReturnUrl=%2f Current Url</td>
</tr>
<tr>
<td class='status pass' title='pass' alt='pass'><i class='mdi-action-check-circle'></i></td>
<td class='timestamp'>13:57:28</td>
<td class='step-details'>nouroswald User Name Entered Successfully</td>
</tr>
<tr>
<td class='status pass' title='pass' alt='pass'><i class='mdi-action-check-circle'></i></td>
<td class='timestamp'>13:57:28</td>
<td class='step-details'>4pMeb3bb6p Password Entered Successfully</td>
</tr>
<tr>
<td class='status info' title='info' alt='info'><i class='mdi-action-info-outline'></i></td>
<td class='timestamp'>13:57:29</td>
<td class='step-details'>Clicked On Login Button</td>
</tr>
<tr>
<td class='status pass' title='pass' alt='pass'><i class='mdi-action-check-circle'></i></td>
<td class='timestamp'>13:57:29</td>
<td class='step-details'>Login Successfully</td>
</tr>
<tr>
<td class='status info' title='info' alt='info'><i class='mdi-action-info-outline'></i></td>
<td class='timestamp'>13:57:45</td>
<td class='step-details'>Clicked on Report Module Icon</td>
</tr>
<tr>
<td class='status info' title='info' alt='info'><i class='mdi-action-info-outline'></i></td>
<td class='timestamp'>13:57:47</td>
<td class='step-details'>Respective Program Select Form Dropdown</td>
</tr>
<tr>
<td class='status pass' title='pass' alt='pass'><i class='mdi-action-check-circle'></i></td>
<td class='timestamp'>13:57:55</td>
<td class='step-details'>Program Financial Analysis Work Class Report is Selected</td>
</tr>
<tr>
<td class='status pass' title='pass' alt='pass'><i class='mdi-action-check-circle'></i></td>
<td class='timestamp'>13:58:02</td>
<td class='step-details'>Project Selected Successfully</td>
</tr>
<tr>
<td class='status pass' title='pass' alt='pass'><i class='mdi-action-check-circle'></i></td>
<td class='timestamp'>13:58:05</td>
<td class='step-details'>Contractor Selected Successfully</td>
</tr>
<tr>
<td class='status info' title='info' alt='info'><i class='mdi-action-info-outline'></i></td>
<td class='timestamp'>13:58:09</td>
<td class='step-details'>Clicked On Build Report Button</td>
</tr>
<tr>
<td class='status pass' title='pass' alt='pass'><i class='mdi-action-check-circle'></i></td>
<td class='timestamp'>13:58:12</td>
<td class='step-details'>Report Generated<img class='report-img' data-featherlight='../ExtentReports/Screenshots/screen20210902135812.png' src='../ExtentReports/Screenshots/screen20210902135812.png' /></td>
</tr>
<tr>
<td class='status pass' title='pass' alt='pass'><i class='mdi-action-check-circle'></i></td>
<td class='timestamp'>13:58:17</td>
<td class='step-details'>Report Header Name Matched</td>
</tr>
<tr>
<td class='status pass' title='pass' alt='pass'><i class='mdi-action-check-circle'></i></td>
<td class='timestamp'>13:58:17</td>
<td class='step-details'>Report Generated Successfully</td>
</tr>
<tr>
<td class='status fail' title='fail' alt='fail'><i class='mdi-navigation-cancel'></i></td>
<td class='timestamp'>13:58:28</td>
<td class='step-details'>Excel file is not Downloaded Successfully</td>
</tr>
<tr>
<td class='status pass' title='pass' alt='pass'><i class='mdi-action-check-circle'></i></td>
<td class='timestamp'>13:58:39</td>
<td class='step-details'>testProgramFinancialAnalysisWorkClassOld Test has been Passed1</td>
</tr>
<tr>
<td class='status pass' title='pass' alt='pass'><i class='mdi-action-check-circle'></i></td>
<td class='timestamp'>13:58:39</td>
<td class='step-details'>Test Ended</td>
</tr>
</tbody>
</table>
<ul class='collapsible node-list' data-collapsible='accordion'>
</ul>
</div>
</div>
</li>
<li class='collection-item test displayed active fail ' extentid='8f17da9b-c0d4-4d7c-ba96-0a0993a67802'>
<div class='test-head'>
<span class='test-name'>Report_ClaimsReportOld_Test :: testClaimsReportOld </span>
<span class='test-status label right outline capitalize fail'>fail</span>
<span class='category-assigned hide  functionaltest'></span>
</div>
<div class='test-body'>
<div class='test-info'>
<span title='Test started time' alt='Test started time' class='test-started-time label green lighten-1 text-white'>2021-09-02 13:58:48</span>
<span title='Test ended time' alt='Test ended time' class='test-ended-time label red lighten-1 text-white'>2021-09-02 14:01:03</span>
<span title='Time taken to finish' alt='Time taken to finish' class='test-time-taken label blue-grey lighten-3 text-white'>0h 2m 15s+129ms</span>
</div>
<div class='test-desc'>testClaimsReportOld</div>
<div class='test-attributes'>
<div class='categories'>
<span class='category text-white'>Functional Test</span>
</div>
<div class='authors'>
<span class='author text-white'>Kiran Pirangute</span>
</div>
</div>
<div class='test-steps'>
<table class='bordered table-results'>
<thead>
<tr>
<th>Status</th>
<th>Timestamp</th>
<th>Details</th>
</tr>
</thead>
<tbody>
<tr>
<td class='status pass' title='pass' alt='pass'><i class='mdi-action-check-circle'></i></td>
<td class='timestamp'>13:58:48</td>
<td class='step-details'>Test Started</td>
</tr>
<tr>
<td class='status pass' title='pass' alt='pass'><i class='mdi-action-check-circle'></i></td>
<td class='timestamp'>13:58:48</td>
<td class='step-details'>Browser Name chrome</td>
</tr>
<tr>
<td class='status pass' title='pass' alt='pass'><i class='mdi-action-check-circle'></i></td>
<td class='timestamp'>13:59:29</td>
<td class='step-details'>https://beta.wrapportal.com/login.aspx?ReturnUrl=%2f Current Url</td>
</tr>
<tr>
<td class='status pass' title='pass' alt='pass'><i class='mdi-action-check-circle'></i></td>
<td class='timestamp'>13:59:29</td>
<td class='step-details'>nouroswald User Name Entered Successfully</td>
</tr>
<tr>
<td class='status pass' title='pass' alt='pass'><i class='mdi-action-check-circle'></i></td>
<td class='timestamp'>13:59:29</td>
<td class='step-details'>4pMeb3bb6p Password Entered Successfully</td>
</tr>
<tr>
<td class='status info' title='info' alt='info'><i class='mdi-action-info-outline'></i></td>
<td class='timestamp'>13:59:31</td>
<td class='step-details'>Clicked On Login Button</td>
</tr>
<tr>
<td class='status pass' title='pass' alt='pass'><i class='mdi-action-check-circle'></i></td>
<td class='timestamp'>13:59:31</td>
<td class='step-details'>Login Successfully</td>
</tr>
<tr>
<td class='status info' title='info' alt='info'><i class='mdi-action-info-outline'></i></td>
<td class='timestamp'>13:59:46</td>
<td class='step-details'>Clicked on Report Module Icon</td>
</tr>
<tr>
<td class='status info' title='info' alt='info'><i class='mdi-action-info-outline'></i></td>
<td class='timestamp'>14:00:03</td>
<td class='step-details'>Respective Program Select Form Dropdown</td>
</tr>
<tr>
<td class='status pass' title='pass' alt='pass'><i class='mdi-action-check-circle'></i></td>
<td class='timestamp'>14:00:09</td>
<td class='step-details'>Claims Report Report is Selected</td>
</tr>
<tr>
<td class='status pass' title='pass' alt='pass'><i class='mdi-action-check-circle'></i></td>
<td class='timestamp'>14:00:22</td>
<td class='step-details'>Project Selected Successfully</td>
</tr>
<tr>
<td class='status pass' title='pass' alt='pass'><i class='mdi-action-check-circle'></i></td>
<td class='timestamp'>14:00:25</td>
<td class='step-details'>Contractor Selected Successfully</td>
</tr>
<tr>
<td class='status info' title='info' alt='info'><i class='mdi-action-info-outline'></i></td>
<td class='timestamp'>14:00:29</td>
<td class='step-details'>Clicked On Build Report Button</td>
</tr>
<tr>
<td class='status pass' title='pass' alt='pass'><i class='mdi-action-check-circle'></i></td>
<td class='timestamp'>14:00:33</td>
<td class='step-details'>Report Generated<img class='report-img' data-featherlight='../ExtentReports/Screenshots/screen20210902140032.png' src='../ExtentReports/Screenshots/screen20210902140032.png' /></td>
</tr>
<tr>
<td class='status pass' title='pass' alt='pass'><i class='mdi-action-check-circle'></i></td>
<td class='timestamp'>14:00:33</td>
<td class='step-details'>Report Header Name Matched</td>
</tr>
<tr>
<td class='status pass' title='pass' alt='pass'><i class='mdi-action-check-circle'></i></td>
<td class='timestamp'>14:00:33</td>
<td class='step-details'>Report Generated Successfully</td>
</tr>
<tr>
<td class='status fail' title='fail' alt='fail'><i class='mdi-navigation-cancel'></i></td>
<td class='timestamp'>14:01:03</td>
<td class='step-details'>testClaimsReportOld Test has been Failed2</td>
</tr>
<tr>
<td class='status fail' title='fail' alt='fail'><i class='mdi-navigation-cancel'></i></td>
<td class='timestamp'>14:01:03</td>
<td class='step-details'><pre>org.openqa.selenium.NoSuchElementException: no such element: Unable to locate element: {"method":"xpath","selector":"//a[@id='HlinkExportPDF']"}
  (Session info: chrome=93.0.4577.63)
For documentation on this error, please visit: https://selenium.dev/exceptions/#no_such_element
Build info: version: '4.0.0-alpha-4', revision: 'c2d955b49e'
System info: host: 'NOURTEK-100', ip: '192.168.29.211', os.name: 'Windows 10', os.arch: 'amd64', os.version: '10.0', java.version: '15.0.2'
Driver info: org.openqa.selenium.chrome.ChromeDriver
Capabilities {acceptInsecureCerts: false, browserName: chrome, browserVersion: 93.0.4577.63, chrome: {chromedriverVersion: 92.0.4515.107 (87a818b10553..., userDataDir: C:\Users\NDave\AppData\Loca...}, goog:chromeOptions: {debuggerAddress: localhost:50483}, javascriptEnabled: true, networkConnectionEnabled: false, pageLoadStrategy: normal, platform: WINDOWS, platformName: WINDOWS, proxy: Proxy(), setWindowRect: true, strictFileInteractability: false, timeouts: {implicit: 0, pageLoad: 300000, script: 30000}, unhandledPromptBehavior: dismiss and notify, webauthn:extension:credBlob: true, webauthn:extension:largeBlob: true, webauthn:virtualAuthenticators: true}
Session ID: e83349712762af4110801ad90bfe27fd
*** Element info: {Using=xpath, value=//a[@id='HlinkExportPDF']}
at java.base/jdk.internal.reflect.NativeConstructorAccessorImpl.newInstance0(Native Method)
at java.base/jdk.internal.reflect.NativeConstructorAccessorImpl.newInstance(NativeConstructorAccessorImpl.java:64)
at java.base/jdk.internal.reflect.DelegatingConstructorAccessorImpl.newInstance(DelegatingConstructorAccessorImpl.java:45)
at java.base/java.lang.reflect.Constructor.newInstanceWithCaller(Constructor.java:500)
at java.base/java.lang.reflect.Constructor.newInstance(Constructor.java:481)
at org.openqa.selenium.remote.codec.w3c.W3CHttpResponseCodec.createException(W3CHttpResponseCodec.java:196)
at org.openqa.selenium.remote.codec.w3c.W3CHttpResponseCodec.decode(W3CHttpResponseCodec.java:129)
at org.openqa.selenium.remote.codec.w3c.W3CHttpResponseCodec.decode(W3CHttpResponseCodec.java:53)
at org.openqa.selenium.remote.HttpCommandExecutor.execute(HttpCommandExecutor.java:161)
at org.openqa.selenium.remote.service.DriverCommandExecutor.execute(DriverCommandExecutor.java:83)
at org.openqa.selenium.remote.RemoteWebDriver.execute(RemoteWebDriver.java:582)
at org.openqa.selenium.remote.RemoteWebDriver.findElement(RemoteWebDriver.java:333)
at org.openqa.selenium.remote.RemoteWebDriver.findElementByXPath(RemoteWebDriver.java:451)
at org.openqa.selenium.By$ByXPath.findElement(By.java:394)
at org.openqa.selenium.remote.RemoteWebDriver.findElement(RemoteWebDriver.java:325)
at ObjectRepository.Report_EnrollmentListReportOld.linkExportToPDF(Report_EnrollmentListReportOld.java:90)
at TestScript.Report_ClaimsReportOld_Test.testClaimsReportOld(Report_ClaimsReportOld_Test.java:80)
at java.base/jdk.internal.reflect.NativeMethodAccessorImpl.invoke0(Native Method)
at java.base/jdk.internal.reflect.NativeMethodAccessorImpl.invoke(NativeMethodAccessorImpl.java:64)
at java.base/jdk.internal.reflect.DelegatingMethodAccessorImpl.invoke(DelegatingMethodAccessorImpl.java:43)
at java.base/java.lang.reflect.Method.invoke(Method.java:564)
at org.testng.internal.MethodInvocationHelper.invokeMethod(MethodInvocationHelper.java:133)
at org.testng.internal.TestInvoker.invokeMethod(TestInvoker.java:598)
at org.testng.internal.TestInvoker.invokeTestMethod(TestInvoker.java:173)
at org.testng.internal.MethodRunner.runInSequence(MethodRunner.java:46)
at org.testng.internal.TestInvoker$MethodInvocationAgent.invoke(TestInvoker.java:824)
at org.testng.internal.TestInvoker.invokeTestMethods(TestInvoker.java:146)
at org.testng.internal.TestMethodWorker.invokeTestMethods(TestMethodWorker.java:146)
at org.testng.internal.TestMethodWorker.run(TestMethodWorker.java:128)
at java.base/java.util.ArrayList.forEach(ArrayList.java:1511)
at org.testng.TestRunner.privateRun(TestRunner.java:794)
at org.testng.TestRunner.run(TestRunner.java:596)
at org.testng.SuiteRunner.runTest(SuiteRunner.java:377)
at org.testng.SuiteRunner.runSequentially(SuiteRunner.java:371)
at org.testng.SuiteRunner.privateRun(SuiteRunner.java:332)
at org.testng.SuiteRunner.run(SuiteRunner.java:276)
at org.testng.SuiteRunnerWorker.runSuite(SuiteRunnerWorker.java:53)
at org.testng.SuiteRunnerWorker.run(SuiteRunnerWorker.java:96)
at org.testng.TestNG.runSuitesSequentially(TestNG.java:1212)
at org.testng.TestNG.runSuitesLocally(TestNG.java:1134)
at org.testng.TestNG.runSuites(TestNG.java:1063)
at org.testng.TestNG.run(TestNG.java:1031)
at org.testng.remote.AbstractRemoteTestNG.run(AbstractRemoteTestNG.java:115)
at org.testng.remote.RemoteTestNG.initAndRun(RemoteTestNG.java:251)
at org.testng.remote.RemoteTestNG.main(RemoteTestNG.java:77)
</pre></td>
</tr>
<tr>
<td class='status fail' title='fail' alt='fail'><i class='mdi-navigation-cancel'></i></td>
<td class='timestamp'>14:01:03</td>
<td class='step-details'><img class='report-img' data-featherlight='../ExtentReports/Screenshots/screen20210902140103.png' src='../ExtentReports/Screenshots/screen20210902140103.png' /></td>
</tr>
<tr>
<td class='status pass' title='pass' alt='pass'><i class='mdi-action-check-circle'></i></td>
<td class='timestamp'>14:01:03</td>
<td class='step-details'>Test Ended</td>
</tr>
</tbody>
</table>
<ul class='collapsible node-list' data-collapsible='accordion'>
</ul>
</div>
</div>
</li>
<li class='collection-item test displayed active fail ' extentid='445f9a1a-5856-4472-bc0b-3a0221b32aa7'>
<div class='test-head'>
<span class='test-name'>Report_ClaimsSummaryReportOld_Test :: testClaimsSummaryReportOld </span>
<span class='test-status label right outline capitalize fail'>fail</span>
<span class='category-assigned hide  functionaltest'></span>
</div>
<div class='test-body'>
<div class='test-info'>
<span title='Test started time' alt='Test started time' class='test-started-time label green lighten-1 text-white'>2021-09-02 14:01:41</span>
<span title='Test ended time' alt='Test ended time' class='test-ended-time label red lighten-1 text-white'>2021-09-02 14:04:09</span>
<span title='Time taken to finish' alt='Time taken to finish' class='test-time-taken label blue-grey lighten-3 text-white'>0h 2m 27s+131ms</span>
</div>
<div class='test-desc'>testClaimsSummaryReportOld</div>
<div class='test-attributes'>
<div class='categories'>
<span class='category text-white'>Functional Test</span>
</div>
<div class='authors'>
<span class='author text-white'>Kiran Pirangute</span>
</div>
</div>
<div class='test-steps'>
<table class='bordered table-results'>
<thead>
<tr>
<th>Status</th>
<th>Timestamp</th>
<th>Details</th>
</tr>
</thead>
<tbody>
<tr>
<td class='status pass' title='pass' alt='pass'><i class='mdi-action-check-circle'></i></td>
<td class='timestamp'>14:01:41</td>
<td class='step-details'>Test Started</td>
</tr>
<tr>
<td class='status pass' title='pass' alt='pass'><i class='mdi-action-check-circle'></i></td>
<td class='timestamp'>14:01:41</td>
<td class='step-details'>Browser Name chrome</td>
</tr>
<tr>
<td class='status pass' title='pass' alt='pass'><i class='mdi-action-check-circle'></i></td>
<td class='timestamp'>14:02:44</td>
<td class='step-details'>https://beta.wrapportal.com/login.aspx?ReturnUrl=%2f Current Url</td>
</tr>
<tr>
<td class='status pass' title='pass' alt='pass'><i class='mdi-action-check-circle'></i></td>
<td class='timestamp'>14:02:44</td>
<td class='step-details'>nouroswald User Name Entered Successfully</td>
</tr>
<tr>
<td class='status pass' title='pass' alt='pass'><i class='mdi-action-check-circle'></i></td>
<td class='timestamp'>14:02:44</td>
<td class='step-details'>4pMeb3bb6p Password Entered Successfully</td>
</tr>
<tr>
<td class='status info' title='info' alt='info'><i class='mdi-action-info-outline'></i></td>
<td class='timestamp'>14:02:46</td>
<td class='step-details'>Clicked On Login Button</td>
</tr>
<tr>
<td class='status pass' title='pass' alt='pass'><i class='mdi-action-check-circle'></i></td>
<td class='timestamp'>14:02:46</td>
<td class='step-details'>Login Successfully</td>
</tr>
<tr>
<td class='status info' title='info' alt='info'><i class='mdi-action-info-outline'></i></td>
<td class='timestamp'>14:03:08</td>
<td class='step-details'>Clicked on Report Module Icon</td>
</tr>
<tr>
<td class='status info' title='info' alt='info'><i class='mdi-action-info-outline'></i></td>
<td class='timestamp'>14:03:10</td>
<td class='step-details'>Respective Program Select Form Dropdown</td>
</tr>
<tr>
<td class='status pass' title='pass' alt='pass'><i class='mdi-action-check-circle'></i></td>
<td class='timestamp'>14:03:19</td>
<td class='step-details'>Claims Summary Report Report is Selected</td>
</tr>
<tr>
<td class='status pass' title='pass' alt='pass'><i class='mdi-action-check-circle'></i></td>
<td class='timestamp'>14:03:32</td>
<td class='step-details'>Project Selected Successfully</td>
</tr>
<tr>
<td class='status info' title='info' alt='info'><i class='mdi-action-info-outline'></i></td>
<td class='timestamp'>14:03:35</td>
<td class='step-details'>Clicked On Build Report Button</td>
</tr>
<tr>
<td class='status pass' title='pass' alt='pass'><i class='mdi-action-check-circle'></i></td>
<td class='timestamp'>14:03:38</td>
<td class='step-details'>Report Generated<img class='report-img' data-featherlight='../ExtentReports/Screenshots/screen20210902140338.png' src='../ExtentReports/Screenshots/screen20210902140338.png' /></td>
</tr>
<tr>
<td class='status pass' title='pass' alt='pass'><i class='mdi-action-check-circle'></i></td>
<td class='timestamp'>14:03:38</td>
<td class='step-details'>Report Header Name Matched</td>
</tr>
<tr>
<td class='status pass' title='pass' alt='pass'><i class='mdi-action-check-circle'></i></td>
<td class='timestamp'>14:03:38</td>
<td class='step-details'>Report Generated Successfully</td>
</tr>
<tr>
<td class='status fail' title='fail' alt='fail'><i class='mdi-navigation-cancel'></i></td>
<td class='timestamp'>14:04:08</td>
<td class='step-details'>testClaimsSummaryReportOld Test has been Failed2</td>
</tr>
<tr>
<td class='status fail' title='fail' alt='fail'><i class='mdi-navigation-cancel'></i></td>
<td class='timestamp'>14:04:08</td>
<td class='step-details'><pre>org.openqa.selenium.NoSuchElementException: no such element: Unable to locate element: {"method":"xpath","selector":"//a[@id='HlinkExportPDF']"}
  (Session info: chrome=93.0.4577.63)
For documentation on this error, please visit: https://selenium.dev/exceptions/#no_such_element
Build info: version: '4.0.0-alpha-4', revision: 'c2d955b49e'
System info: host: 'NOURTEK-100', ip: '192.168.29.211', os.name: 'Windows 10', os.arch: 'amd64', os.version: '10.0', java.version: '15.0.2'
Driver info: org.openqa.selenium.chrome.ChromeDriver
Capabilities {acceptInsecureCerts: false, browserName: chrome, browserVersion: 93.0.4577.63, chrome: {chromedriverVersion: 92.0.4515.107 (87a818b10553..., userDataDir: C:\Users\NDave\AppData\Loca...}, goog:chromeOptions: {debuggerAddress: localhost:53260}, javascriptEnabled: true, networkConnectionEnabled: false, pageLoadStrategy: normal, platform: WINDOWS, platformName: WINDOWS, proxy: Proxy(), setWindowRect: true, strictFileInteractability: false, timeouts: {implicit: 0, pageLoad: 300000, script: 30000}, unhandledPromptBehavior: dismiss and notify, webauthn:extension:credBlob: true, webauthn:extension:largeBlob: true, webauthn:virtualAuthenticators: true}
Session ID: 87f7982dbf17cd0255d07e8c9020a519
*** Element info: {Using=xpath, value=//a[@id='HlinkExportPDF']}
at java.base/jdk.internal.reflect.NativeConstructorAccessorImpl.newInstance0(Native Method)
at java.base/jdk.internal.reflect.NativeConstructorAccessorImpl.newInstance(NativeConstructorAccessorImpl.java:64)
at java.base/jdk.internal.reflect.DelegatingConstructorAccessorImpl.newInstance(DelegatingConstructorAccessorImpl.java:45)
at java.base/java.lang.reflect.Constructor.newInstanceWithCaller(Constructor.java:500)
at java.base/java.lang.reflect.Constructor.newInstance(Constructor.java:481)
at org.openqa.selenium.remote.codec.w3c.W3CHttpResponseCodec.createException(W3CHttpResponseCodec.java:196)
at org.openqa.selenium.remote.codec.w3c.W3CHttpResponseCodec.decode(W3CHttpResponseCodec.java:129)
at org.openqa.selenium.remote.codec.w3c.W3CHttpResponseCodec.decode(W3CHttpResponseCodec.java:53)
at org.openqa.selenium.remote.HttpCommandExecutor.execute(HttpCommandExecutor.java:161)
at org.openqa.selenium.remote.service.DriverCommandExecutor.execute(DriverCommandExecutor.java:83)
at org.openqa.selenium.remote.RemoteWebDriver.execute(RemoteWebDriver.java:582)
at org.openqa.selenium.remote.RemoteWebDriver.findElement(RemoteWebDriver.java:333)
at org.openqa.selenium.remote.RemoteWebDriver.findElementByXPath(RemoteWebDriver.java:451)
at org.openqa.selenium.By$ByXPath.findElement(By.java:394)
at org.openqa.selenium.remote.RemoteWebDriver.findElement(RemoteWebDriver.java:325)
at ObjectRepository.Report_EnrollmentListReportOld.linkExportToPDF(Report_EnrollmentListReportOld.java:90)
at TestScript.Report_ClaimsSummaryReportOld_Test.testClaimsSummaryReportOld(Report_ClaimsSummaryReportOld_Test.java:82)
at java.base/jdk.internal.reflect.NativeMethodAccessorImpl.invoke0(Native Method)
at java.base/jdk.internal.reflect.NativeMethodAccessorImpl.invoke(NativeMethodAccessorImpl.java:64)
at java.base/jdk.internal.reflect.DelegatingMethodAccessorImpl.invoke(DelegatingMethodAccessorImpl.java:43)
at java.base/java.lang.reflect.Method.invoke(Method.java:564)
at org.testng.internal.MethodInvocationHelper.invokeMethod(MethodInvocationHelper.java:133)
at org.testng.internal.TestInvoker.invokeMethod(TestInvoker.java:598)
at org.testng.internal.TestInvoker.invokeTestMethod(TestInvoker.java:173)
at org.testng.internal.MethodRunner.runInSequence(MethodRunner.java:46)
at org.testng.internal.TestInvoker$MethodInvocationAgent.invoke(TestInvoker.java:824)
at org.testng.internal.TestInvoker.invokeTestMethods(TestInvoker.java:146)
at org.testng.internal.TestMethodWorker.invokeTestMethods(TestMethodWorker.java:146)
at org.testng.internal.TestMethodWorker.run(TestMethodWorker.java:128)
at java.base/java.util.ArrayList.forEach(ArrayList.java:1511)
at org.testng.TestRunner.privateRun(TestRunner.java:794)
at org.testng.TestRunner.run(TestRunner.java:596)
at org.testng.SuiteRunner.runTest(SuiteRunner.java:377)
at org.testng.SuiteRunner.runSequentially(SuiteRunner.java:371)
at org.testng.SuiteRunner.privateRun(SuiteRunner.java:332)
at org.testng.SuiteRunner.run(SuiteRunner.java:276)
at org.testng.SuiteRunnerWorker.runSuite(SuiteRunnerWorker.java:53)
at org.testng.SuiteRunnerWorker.run(SuiteRunnerWorker.java:96)
at org.testng.TestNG.runSuitesSequentially(TestNG.java:1212)
at org.testng.TestNG.runSuitesLocally(TestNG.java:1134)
at org.testng.TestNG.runSuites(TestNG.java:1063)
at org.testng.TestNG.run(TestNG.java:1031)
at org.testng.remote.AbstractRemoteTestNG.run(AbstractRemoteTestNG.java:115)
at org.testng.remote.RemoteTestNG.initAndRun(RemoteTestNG.java:251)
at org.testng.remote.RemoteTestNG.main(RemoteTestNG.java:77)
</pre></td>
</tr>
<tr>
<td class='status fail' title='fail' alt='fail'><i class='mdi-navigation-cancel'></i></td>
<td class='timestamp'>14:04:09</td>
<td class='step-details'><img class='report-img' data-featherlight='../ExtentReports/Screenshots/screen20210902140408.png' src='../ExtentReports/Screenshots/screen20210902140408.png' /></td>
</tr>
<tr>
<td class='status pass' title='pass' alt='pass'><i class='mdi-action-check-circle'></i></td>
<td class='timestamp'>14:04:09</td>
<td class='step-details'>Test Ended</td>
</tr>
</tbody>
</table>
<ul class='collapsible node-list' data-collapsible='accordion'>
</ul>
</div>
</div>
</li>
<li class='collection-item test displayed active fail ' extentid='877823db-02fc-4a0e-a1ce-8bbd7fd8c364'>
<div class='test-head'>
<span class='test-name'>Report_MissingPayrollbyContractorOld_Test :: testMissingPayrollbyContractorOld </span>
<span class='test-status label right outline capitalize fail'>fail</span>
<span class='category-assigned hide  functionaltest'></span>
</div>
<div class='test-body'>
<div class='test-info'>
<span title='Test started time' alt='Test started time' class='test-started-time label green lighten-1 text-white'>2021-09-02 14:04:49</span>
<span title='Test ended time' alt='Test ended time' class='test-ended-time label red lighten-1 text-white'>2021-09-02 14:07:48</span>
<span title='Time taken to finish' alt='Time taken to finish' class='test-time-taken label blue-grey lighten-3 text-white'>0h 2m 58s+648ms</span>
</div>
<div class='test-desc'>testMissingPayrollbyContractorOld</div>
<div class='test-attributes'>
<div class='categories'>
<span class='category text-white'>Functional Test</span>
</div>
<div class='authors'>
<span class='author text-white'>Kiran Pirangute</span>
</div>
</div>
<div class='test-steps'>
<table class='bordered table-results'>
<thead>
<tr>
<th>Status</th>
<th>Timestamp</th>
<th>Details</th>
</tr>
</thead>
<tbody>
<tr>
<td class='status pass' title='pass' alt='pass'><i class='mdi-action-check-circle'></i></td>
<td class='timestamp'>14:04:49</td>
<td class='step-details'>Test Started</td>
</tr>
<tr>
<td class='status pass' title='pass' alt='pass'><i class='mdi-action-check-circle'></i></td>
<td class='timestamp'>14:04:49</td>
<td class='step-details'>Browser Name chrome</td>
</tr>
<tr>
<td class='status pass' title='pass' alt='pass'><i class='mdi-action-check-circle'></i></td>
<td class='timestamp'>14:05:28</td>
<td class='step-details'>https://beta.wrapportal.com/login.aspx?ReturnUrl=%2f Current Url</td>
</tr>
<tr>
<td class='status pass' title='pass' alt='pass'><i class='mdi-action-check-circle'></i></td>
<td class='timestamp'>14:05:28</td>
<td class='step-details'>nouroswald User Name Entered Successfully</td>
</tr>
<tr>
<td class='status pass' title='pass' alt='pass'><i class='mdi-action-check-circle'></i></td>
<td class='timestamp'>14:05:28</td>
<td class='step-details'>4pMeb3bb6p Password Entered Successfully</td>
</tr>
<tr>
<td class='status info' title='info' alt='info'><i class='mdi-action-info-outline'></i></td>
<td class='timestamp'>14:05:30</td>
<td class='step-details'>Clicked On Login Button</td>
</tr>
<tr>
<td class='status pass' title='pass' alt='pass'><i class='mdi-action-check-circle'></i></td>
<td class='timestamp'>14:05:30</td>
<td class='step-details'>Login Successfully</td>
</tr>
<tr>
<td class='status info' title='info' alt='info'><i class='mdi-action-info-outline'></i></td>
<td class='timestamp'>14:05:50</td>
<td class='step-details'>Clicked on Report Module Icon</td>
</tr>
<tr>
<td class='status info' title='info' alt='info'><i class='mdi-action-info-outline'></i></td>
<td class='timestamp'>14:05:52</td>
<td class='step-details'>Respective Program Select Form Dropdown</td>
</tr>
<tr>
<td class='status pass' title='pass' alt='pass'><i class='mdi-action-check-circle'></i></td>
<td class='timestamp'>14:05:58</td>
<td class='step-details'>Missing Payroll By Contractor Report is Selected</td>
</tr>
<tr>
<td class='status pass' title='pass' alt='pass'><i class='mdi-action-check-circle'></i></td>
<td class='timestamp'>14:06:36</td>
<td class='step-details'>Project Selected Successfully</td>
</tr>
<tr>
<td class='status info' title='info' alt='info'><i class='mdi-action-info-outline'></i></td>
<td class='timestamp'>14:06:40</td>
<td class='step-details'>Clicked On Build Report Button</td>
</tr>
<tr>
<td class='status pass' title='pass' alt='pass'><i class='mdi-action-check-circle'></i></td>
<td class='timestamp'>14:06:49</td>
<td class='step-details'>Report Generated<img class='report-img' data-featherlight='../ExtentReports/Screenshots/screen20210902140649.png' src='../ExtentReports/Screenshots/screen20210902140649.png' /></td>
</tr>
<tr>
<td class='status pass' title='pass' alt='pass'><i class='mdi-action-check-circle'></i></td>
<td class='timestamp'>14:07:00</td>
<td class='step-details'>Report Header Name Matched</td>
</tr>
<tr>
<td class='status pass' title='pass' alt='pass'><i class='mdi-action-check-circle'></i></td>
<td class='timestamp'>14:07:00</td>
<td class='step-details'>Report Generated Successfully</td>
</tr>
<tr>
<td class='status pass' title='pass' alt='pass'><i class='mdi-action-check-circle'></i></td>
<td class='timestamp'>14:07:22</td>
<td class='step-details'>Pdf Generated <img class='report-img' data-featherlight='../ExtentReports/Screenshots/screen20210902140707.png' src='../ExtentReports/Screenshots/screen20210902140707.png' /></td>
</tr>
<tr>
<td class='status fail' title='fail' alt='fail'><i class='mdi-navigation-cancel'></i></td>
<td class='timestamp'>14:07:37</td>
<td class='step-details'>Excel file is not Downloaded Successfully</td>
</tr>
<tr>
<td class='status pass' title='pass' alt='pass'><i class='mdi-action-check-circle'></i></td>
<td class='timestamp'>14:07:48</td>
<td class='step-details'>testMissingPayrollbyContractorOld Test has been Passed1</td>
</tr>
<tr>
<td class='status pass' title='pass' alt='pass'><i class='mdi-action-check-circle'></i></td>
<td class='timestamp'>14:07:48</td>
<td class='step-details'>Test Ended</td>
</tr>
</tbody>
</table>
<ul class='collapsible node-list' data-collapsible='accordion'>
</ul>
</div>
</div>
</li>
<li class='collection-item test displayed active fail ' extentid='199fe80b-5099-4c64-b905-c97d1fe1e677'>
<div class='test-head'>
<span class='test-name'>Report_OpenActionItems_Test :: testOpenActionItemReport </span>
<span class='test-status label right outline capitalize fail'>fail</span>
<span class='category-assigned hide  functionaltest'></span>
</div>
<div class='test-body'>
<div class='test-info'>
<span title='Test started time' alt='Test started time' class='test-started-time label green lighten-1 text-white'>2021-09-02 14:08:05</span>
<span title='Test ended time' alt='Test ended time' class='test-ended-time label red lighten-1 text-white'>2021-09-02 14:11:53</span>
<span title='Time taken to finish' alt='Time taken to finish' class='test-time-taken label blue-grey lighten-3 text-white'>0h 3m 47s+332ms</span>
</div>
<div class='test-desc'>testOpenActionItemReport</div>
<div class='test-attributes'>
<div class='categories'>
<span class='category text-white'>Functional Test</span>
</div>
<div class='authors'>
<span class='author text-white'>Kiran Pirangute</span>
</div>
</div>
<div class='test-steps'>
<table class='bordered table-results'>
<thead>
<tr>
<th>Status</th>
<th>Timestamp</th>
<th>Details</th>
</tr>
</thead>
<tbody>
<tr>
<td class='status pass' title='pass' alt='pass'><i class='mdi-action-check-circle'></i></td>
<td class='timestamp'>14:08:05</td>
<td class='step-details'>Test Started</td>
</tr>
<tr>
<td class='status pass' title='pass' alt='pass'><i class='mdi-action-check-circle'></i></td>
<td class='timestamp'>14:08:05</td>
<td class='step-details'>Browser Name chrome</td>
</tr>
<tr>
<td class='status pass' title='pass' alt='pass'><i class='mdi-action-check-circle'></i></td>
<td class='timestamp'>14:08:49</td>
<td class='step-details'>https://beta.wrapportal.com/login.aspx?ReturnUrl=%2f Current Url</td>
</tr>
<tr>
<td class='status pass' title='pass' alt='pass'><i class='mdi-action-check-circle'></i></td>
<td class='timestamp'>14:08:49</td>
<td class='step-details'>nouroswald User Name Entered Successfully</td>
</tr>
<tr>
<td class='status pass' title='pass' alt='pass'><i class='mdi-action-check-circle'></i></td>
<td class='timestamp'>14:08:49</td>
<td class='step-details'>4pMeb3bb6p Password Entered Successfully</td>
</tr>
<tr>
<td class='status info' title='info' alt='info'><i class='mdi-action-info-outline'></i></td>
<td class='timestamp'>14:08:51</td>
<td class='step-details'>Clicked On Login Button</td>
</tr>
<tr>
<td class='status pass' title='pass' alt='pass'><i class='mdi-action-check-circle'></i></td>
<td class='timestamp'>14:08:51</td>
<td class='step-details'>Login Successfully</td>
</tr>
<tr>
<td class='status info' title='info' alt='info'><i class='mdi-action-info-outline'></i></td>
<td class='timestamp'>14:09:13</td>
<td class='step-details'>Clicked on Report Module Icon</td>
</tr>
<tr>
<td class='status info' title='info' alt='info'><i class='mdi-action-info-outline'></i></td>
<td class='timestamp'>14:09:23</td>
<td class='step-details'>Gilbane Residential Construction, LLCRespective Program Select Form Dropdown</td>
</tr>
<tr>
<td class='status pass' title='pass' alt='pass'><i class='mdi-action-check-circle'></i></td>
<td class='timestamp'>14:09:29</td>
<td class='step-details'>Open Action Items Report is Selected</td>
</tr>
<tr>
<td class='status pass' title='pass' alt='pass'><i class='mdi-action-check-circle'></i></td>
<td class='timestamp'>14:09:39</td>
<td class='step-details'>Respective Program Select Form Dropdown</td>
</tr>
<tr>
<td class='status pass' title='pass' alt='pass'><i class='mdi-action-check-circle'></i></td>
<td class='timestamp'>14:10:15</td>
<td class='step-details'>Contractor Selected Successfully</td>
</tr>
<tr>
<td class='status info' title='info' alt='info'><i class='mdi-action-info-outline'></i></td>
<td class='timestamp'>14:10:26</td>
<td class='step-details'>Clicked On Build Report Button</td>
</tr>
<tr>
<td class='status pass' title='pass' alt='pass'><i class='mdi-action-check-circle'></i></td>
<td class='timestamp'>14:10:33</td>
<td class='step-details'>Report Generated <img class='report-img' data-featherlight='../ExtentReports/Screenshots/screen20210902141033.png' src='../ExtentReports/Screenshots/screen20210902141033.png' /></td>
</tr>
<tr>
<td class='status pass' title='pass' alt='pass'><i class='mdi-action-check-circle'></i></td>
<td class='timestamp'>14:10:33</td>
<td class='step-details'>Report Header Name Matched</td>
</tr>
<tr>
<td class='status pass' title='pass' alt='pass'><i class='mdi-action-check-circle'></i></td>
<td class='timestamp'>14:10:33</td>
<td class='step-details'>Time Stamp:- 09/02/2021 | 03:40:21 AM</td>
</tr>
<tr>
<td class='status pass' title='pass' alt='pass'><i class='mdi-action-check-circle'></i></td>
<td class='timestamp'>14:10:33</td>
<td class='step-details'>PDF Option is Present:- true</td>
</tr>
<tr>
<td class='status pass' title='pass' alt='pass'><i class='mdi-action-check-circle'></i></td>
<td class='timestamp'>14:10:33</td>
<td class='step-details'>Excel Option is Present:- true</td>
</tr>
<tr>
<td class='status pass' title='pass' alt='pass'><i class='mdi-action-check-circle'></i></td>
<td class='timestamp'>14:10:33</td>
<td class='step-details'>================= Column Name =================</td>
</tr>
<tr>
<td class='status pass' title='pass' alt='pass'><i class='mdi-action-check-circle'></i></td>
<td class='timestamp'>14:10:48</td>
<td class='step-details'>Pdf Generated <img class='report-img' data-featherlight='../ExtentReports/Screenshots/screen20210902141042.png' src='../ExtentReports/Screenshots/screen20210902141042.png' /></td>
</tr>
<tr>
<td class='status fail' title='fail' alt='fail'><i class='mdi-navigation-cancel'></i></td>
<td class='timestamp'>14:11:06</td>
<td class='step-details'>Excel file is not Downloaded Successfully</td>
</tr>
<tr>
<td class='status pass' title='pass' alt='pass'><i class='mdi-action-check-circle'></i></td>
<td class='timestamp'>14:11:11</td>
<td class='step-details'>Clicked on Filter</td>
</tr>
<tr>
<td class='status pass' title='pass' alt='pass'><i class='mdi-action-check-circle'></i></td>
<td class='timestamp'>14:11:14</td>
<td class='step-details'>Clicked on Add Filter Button From Filter</td>
</tr>
<tr>
<td class='status pass' title='pass' alt='pass'><i class='mdi-action-check-circle'></i></td>
<td class='timestamp'>14:11:21</td>
<td class='step-details'>Filter Selected Successfully From Dropdown</td>
</tr>
<tr>
<td class='status pass' title='pass' alt='pass'><i class='mdi-action-check-circle'></i></td>
<td class='timestamp'>14:11:24</td>
<td class='step-details'>Filter Condition Selected Successfully</td>
</tr>
<tr>
<td class='status pass' title='pass' alt='pass'><i class='mdi-action-check-circle'></i></td>
<td class='timestamp'>14:11:25</td>
<td class='step-details'>Parameter Selected Successfully</td>
</tr>
<tr>
<td class='status pass' title='pass' alt='pass'><i class='mdi-action-check-circle'></i></td>
<td class='timestamp'>14:11:26</td>
<td class='step-details'>Clicked on Add Filter Button</td>
</tr>
<tr>
<td class='status pass' title='pass' alt='pass'><i class='mdi-action-check-circle'></i></td>
<td class='timestamp'>14:11:48</td>
<td class='step-details'>Clicked on Build Report Button</td>
</tr>
<tr>
<td class='status pass' title='pass' alt='pass'><i class='mdi-action-check-circle'></i></td>
<td class='timestamp'>14:11:53</td>
<td class='step-details'>testOpenActionItemReport Test has been Passed1</td>
</tr>
<tr>
<td class='status pass' title='pass' alt='pass'><i class='mdi-action-check-circle'></i></td>
<td class='timestamp'>14:11:53</td>
<td class='step-details'>Test Ended</td>
</tr>
</tbody>
</table>
<ul class='collapsible node-list' data-collapsible='accordion'>
</ul>
</div>
</div>
</li>
</ul>
</div>
</div>
</div>
</div>
<div id='test-details-wrapper' class='col _addedCell2'>
<div class='contents'>
<div class='card-panel details-view'>
<h5 class='details-name'></h5>
<div class='details-container'>
</div>
</div>
</div>
</div>
</div>
<!-- /tests -->

<!-- categories -->
<div id='categories-view' class='row _addedTable hide'>
<div class='col _addedCell1'>
<div class='contents'>
<div class='card-panel heading'>
<h5>Categories</h5>
</div>
<div class='card-panel filters'>
<div class='search' alt='Search tests' title='Search tests'>
<div class='input-field left'>
<input id='searchTests' type='text' class='validate' placeholder='Search tests...'>
</div>
<i class='mdi-action-search icon'></i>
</div>
</div>
<div class='card-panel no-padding-h no-padding-v'>
<div class='wrapper'>
<ul id='cat-collection' class='cat-collection'>
<li class='category-item displayed'>
<div class='cat-head'>
<span class='category-name'>Functional Test</span>
</div>
<div class='category-status-counts'>
<span class='pass label dot'>Pass: 1</span>
<span class='fail label dot'>Fail: 33</span>
</div>
<div class='cat-body'>
<div class='category-status-counts'>
<div class='button-group'>
<a href='#!' class='pass label filter'>Pass <span class='icon'>1</span></a>
<a href='#!' class='fail label filter'>Fail <span class='icon'>33</span></a>
<a href='#!' class='other label filter'>Others <span class='icon'>0</span></a>
</div>
</div>
<div class='cat-tests'>
<table class='bordered'>
<thead>
<tr>
<th>RunDate</th>
<th>Test Name</th>
<th>Status</th>
</tr>
</thead>
<tbody>
<tr class='fail'>
<td>2021-09-02 12:39:10</td>
<td><span class='category-link linked' extentid='027f3cb3-4322-43d3-a0f4-dfd5fa421b6c'>Report_ProjectSpecificReport_Test :: testProjectSpecificReport</span></td>
<td><div class='status label capitalize fail'>fail</div></td>
</tr>
<tr class='fail'>
<td>2021-09-02 12:42:38</td>
<td><span class='category-link linked' extentid='53b705c7-c94c-484a-b8e7-02ff83cdd3a2'>Report_EnrollmentListReportOld_Test :: testEnrollmentListReportOld</span></td>
<td><div class='status label capitalize fail'>fail</div></td>
</tr>
<tr class='fail'>
<td>2021-09-02 12:44:56</td>
<td><span class='category-link linked' extentid='e2f79140-3bbf-4d4c-bc2c-c13375b1103c'>Report_ExpiringCertificateReportOld_Test :: testExpiringCertificateReportOld</span></td>
<td><div class='status label capitalize fail'>fail</div></td>
</tr>
<tr class='fail'>
<td>2021-09-02 12:47:05</td>
<td><span class='category-link linked' extentid='564ce88f-8702-48da-b6a7-4ded73d3fa24'>Report_ReportedPayrollByContractorWorkClassOldTest :: testReportedPayrollByContractorOld</span></td>
<td><div class='status label capitalize fail'>fail</div></td>
</tr>
<tr class='fail'>
<td>2021-09-02 12:49:56</td>
<td><span class='category-link linked' extentid='e8224c3e-12ee-49c5-aeef-b8fe7fafea8f'>Report_PulteCustomReport_Test :: testPulteCustomReport</span></td>
<td><div class='status label capitalize fail'>fail</div></td>
</tr>
<tr class='fail'>
<td>2021-09-02 12:51:44</td>
<td><span class='category-link linked' extentid='f487f555-6e7c-4b8a-99d6-e2d05a06b036'>Report_PayrollAuditSummaryByWorkClassOld_Test :: testPayrollAuditSummaryOld</span></td>
<td><div class='status label capitalize fail'>fail</div></td>
</tr>
<tr class='fail'>
<td>2021-09-02 12:51:44</td>
<td><span class='category-link linked' extentid='f487f555-6e7c-4b8a-99d6-e2d05a06b036'>Report_PayrollAuditSummaryByWorkClassOld_Test :: testPayrollAuditSummaryOld</span></td>
<td><div class='status label capitalize fail'>fail</div></td>
</tr>
<tr class='fail'>
<td>2021-09-02 12:55:05</td>
<td><span class='category-link linked' extentid='3898a16d-29d7-4346-b6fe-1e3f5039f1f7'>Report_Certificate_Log_Old_Test :: testProjectSummaryReportOld</span></td>
<td><div class='status label capitalize fail'>fail</div></td>
</tr>
<tr class='fail'>
<td>2021-09-02 12:57:55</td>
<td><span class='category-link linked' extentid='4cf17d8f-a6b4-4a00-ac87-782364596ce9'>Report_QuarterlyEnrollmenteportOld_Test :: testQuarterlyEnrollmenteportOld</span></td>
<td><div class='status label capitalize fail'>fail</div></td>
</tr>
<tr class='fail'>
<td>2021-09-02 13:00:01</td>
<td><span class='category-link linked' extentid='c8bd2f1b-2365-4788-a7a9-1ed46354de32'>Report_StatusReportOld_Test :: testStatusReportOld</span></td>
<td><div class='status label capitalize fail'>fail</div></td>
</tr>
<tr class='fail'>
<td>2021-09-02 13:03:03</td>
<td><span class='category-link linked' extentid='04ec6217-a4c0-4ace-8c8e-1ec1fea46cf1'>Report_CertificateTrackingReportOld_Test :: testCertificateTrackingReportOld</span></td>
<td><div class='status label capitalize fail'>fail</div></td>
</tr>
<tr class='fail'>
<td>2021-09-02 13:06:02</td>
<td><span class='category-link linked' extentid='36334b12-8ce3-49a1-9456-5ae86593bf30'>Report_SubcontractorStatusReportOld_Test :: testSubcontractorStatusReportOld</span></td>
<td><div class='status label capitalize fail'>fail</div></td>
</tr>
<tr class='fail'>
<td>2021-09-02 13:09:22</td>
<td><span class='category-link linked' extentid='9429819b-5616-43d3-9e93-46190a6d35c6'>Report_ContractorReportOld_Test :: testContractorReportOld</span></td>
<td><div class='status label capitalize fail'>fail</div></td>
</tr>
<tr class='fail'>
<td>2021-09-02 13:13:04</td>
<td><span class='category-link linked' extentid='5f611cc5-1d12-443a-b173-54b6c19d1737'>Report_ContractorCostSummaryOld_Test :: testContractorCostSummaryOld</span></td>
<td><div class='status label capitalize fail'>fail</div></td>
</tr>
<tr class='fail'>
<td>2021-09-02 13:16:20</td>
<td><span class='category-link linked' extentid='93e762c6-7d88-48d7-bf00-22247d5dd3bc'>Report_ContractorCloseOutTracking_OldTest :: testContractorCloseOutTrackingOld</span></td>
<td><div class='status label capitalize fail'>fail</div></td>
</tr>
<tr class='fail'>
<td>2021-09-02 13:18:54</td>
<td><span class='category-link linked' extentid='b732c06a-e0e5-4338-b276-7a075db6fee5'>Report_ContractorDeductTrackingOld_Test :: testContractorDeductTrackingOld</span></td>
<td><div class='status label capitalize fail'>fail</div></td>
</tr>
<tr class='fail'>
<td>2021-09-02 13:22:24</td>
<td><span class='category-link linked' extentid='93cb4807-a724-43e6-86ea-f6d1df873461'>Report_ContractorDetailsOld_Test :: testContractorDetailsOld</span></td>
<td><div class='status label capitalize fail'>fail</div></td>
</tr>
<tr class='fail'>
<td>2021-09-02 13:24:43</td>
<td><span class='category-link linked' extentid='129f4e62-f56a-4a9c-bf31-7c1f77861b74'>Report_LaborRateAnalysisOld_Test :: testLaborRateAnalysisOld</span></td>
<td><div class='status label capitalize fail'>fail</div></td>
</tr>
<tr class='fail'>
<td>2021-09-02 13:27:04</td>
<td><span class='category-link linked' extentid='a3f0376b-af1b-4234-9c33-d99455b615ec'>Report_ContractorPayrollManHoursAndLaborRateOld_Test :: testContractorPayrollManHoursAndLaborRateOld</span></td>
<td><div class='status label capitalize fail'>fail</div></td>
</tr>
<tr class='pass'>
<td>2021-09-02 13:29:57</td>
<td><span class='category-link linked' extentid='eb5c505a-3364-4074-9fd8-868e63043930'>Report_WorkClassPayrollHours_Test :: testWorkClassPayrollHours</span></td>
<td><div class='status label capitalize pass'>pass</div></td>
</tr>
<tr class='fail'>
<td>2021-09-02 13:31:46</td>
<td><span class='category-link linked' extentid='83f79c73-2c5b-45ce-9e93-f1f6f0b3cac8'>Report_NonCompliance_Test :: testNonComplianceReport</span></td>
<td><div class='status label capitalize fail'>fail</div></td>
</tr>
<tr class='fail'>
<td>2021-09-02 13:35:16</td>
<td><span class='category-link linked' extentid='b9a5e3da-bdf7-4d4f-ad11-d5b98cfa96cf'>Report_SubmittedPayroll_Test :: testSubmittedPayrollReport</span></td>
<td><div class='status label capitalize fail'>fail</div></td>
</tr>
<tr class='fail'>
<td>2021-09-02 13:38:54</td>
<td><span class='category-link linked' extentid='1a9ec0b0-0bf1-4e63-95e3-250f6de31e2f'>Report_ContractorInsuranceCostTracking_Test :: testContractorInsuranceCostTrackingReport</span></td>
<td><div class='status label capitalize fail'>fail</div></td>
</tr>
<tr class='fail'>
<td>2021-09-02 13:45:18</td>
<td><span class='category-link linked' extentid='37ee6780-2e82-4017-a640-3c9fceb8faaf'>Report_ContractorProfileOld_Test :: testContractorProfile</span></td>
<td><div class='status label capitalize fail'>fail</div></td>
</tr>
<tr class='fail'>
<td>2021-09-02 13:48:24</td>
<td><span class='category-link linked' extentid='3d81a139-2eea-4c2f-b3d7-537f080685a8'>Report_ProjectInsuranceCostAnalysisOld_Test :: testProjectInsuranceCostAnalysisOld</span></td>
<td><div class='status label capitalize fail'>fail</div></td>
</tr>
<tr class='fail'>
<td>2021-09-02 13:51:46</td>
<td><span class='category-link linked' extentid='5b8a4d01-fd91-4b68-9eb9-b80c7ed90f10'>Report_ProgramDeductionRateAnalysisOld_Test :: testProgramDeductionRateAnalysisOld</span></td>
<td><div class='status label capitalize fail'>fail</div></td>
</tr>
<tr class='fail'>
<td>2021-09-02 13:54:39</td>
<td><span class='category-link linked' extentid='d46d36f1-1b67-49dc-aaac-4dd06025b300'>Report_ProgramFinancialAnalysisReportOld_Test :: testProgramFinancialAnalysisReportOld</span></td>
<td><div class='status label capitalize fail'>fail</div></td>
</tr>
<tr class='fail'>
<td>2021-09-02 13:56:44</td>
<td><span class='category-link linked' extentid='b2062033-27af-445e-84ea-64af1e2e12b2'>Report_ProgramFinancialAnalysisWorkClassOld_Test :: testProgramFinancialAnalysisWorkClassOld</span></td>
<td><div class='status label capitalize fail'>fail</div></td>
</tr>
<tr class='fail'>
<td>2021-09-02 13:58:48</td>
<td><span class='category-link linked' extentid='8f17da9b-c0d4-4d7c-ba96-0a0993a67802'>Report_ClaimsReportOld_Test :: testClaimsReportOld</span></td>
<td><div class='status label capitalize fail'>fail</div></td>
</tr>
<tr class='fail'>
<td>2021-09-02 13:58:48</td>
<td><span class='category-link linked' extentid='8f17da9b-c0d4-4d7c-ba96-0a0993a67802'>Report_ClaimsReportOld_Test :: testClaimsReportOld</span></td>
<td><div class='status label capitalize fail'>fail</div></td>
</tr>
<tr class='fail'>
<td>2021-09-02 14:01:41</td>
<td><span class='category-link linked' extentid='445f9a1a-5856-4472-bc0b-3a0221b32aa7'>Report_ClaimsSummaryReportOld_Test :: testClaimsSummaryReportOld</span></td>
<td><div class='status label capitalize fail'>fail</div></td>
</tr>
<tr class='fail'>
<td>2021-09-02 14:01:41</td>
<td><span class='category-link linked' extentid='445f9a1a-5856-4472-bc0b-3a0221b32aa7'>Report_ClaimsSummaryReportOld_Test :: testClaimsSummaryReportOld</span></td>
<td><div class='status label capitalize fail'>fail</div></td>
</tr>
<tr class='fail'>
<td>2021-09-02 14:04:49</td>
<td><span class='category-link linked' extentid='877823db-02fc-4a0e-a1ce-8bbd7fd8c364'>Report_MissingPayrollbyContractorOld_Test :: testMissingPayrollbyContractorOld</span></td>
<td><div class='status label capitalize fail'>fail</div></td>
</tr>
<tr class='fail'>
<td>2021-09-02 14:08:05</td>
<td><span class='category-link linked' extentid='199fe80b-5099-4c64-b905-c97d1fe1e677'>Report_OpenActionItems_Test :: testOpenActionItemReport</span></td>
<td><div class='status label capitalize fail'>fail</div></td>
</tr>
<tbody>
</table>
</div>
</div> 
</li>
</ul>
</div>
</div>
</div>
</div>
<div id='cat-details-wrapper' class='col _addedCell2'>
<div class='contents'>
<div class='card-panel details-view'>
<h5 class='cat-name'></h5>
<div class='cat-container'>
</div>
</div>
</div>
</div>
</div>
<!-- /categories -->

<!-- exceptions -->
<div id='exceptions-view' class='row _addedTable hide'>
<div class='col _addedCell1'>
<div class='contents'>
<div class='card-panel heading'>
<h5>Defects</h5>
</div>
<div class='card-panel filters'>
<div class='search' alt='Search tests' title='Search tests'>
<div class='input-field left'>
<input id='searchTests' type='text' class='validate' placeholder='Search tests...'>
</div>
<i class='mdi-action-search icon'></i>
</div>
</div>
<div class='card-panel no-padding-h no-padding-v'>
<div class='wrapper'>
<ul id='exception-collection' class='exception-collection'>
<li class='exception-item displayed'>
<div class='exception-head'>
<span class='exception-name'>org.openqa.selenium.NoSuchElementException</span>
</div>
<div class='exception-test-count'>
<span class='fail label'>4</span>
</div>
<div class='exception-body'>
<div class='exception-tests'>
<table class='bordered'>
<thead>
<tr>
<th>RunDate</th>
<th>Test Name</th>
<th>Exception</th>
</tr>
</thead>
<tbody>
<tr class='fail'>
<td>2021-09-02 13:58:48</td>
<td><span class='exception-link linked' extentid='8f17da9b-c0d4-4d7c-ba96-0a0993a67802'>Report_ClaimsReportOld_Test :: testClaimsReportOld</span></td>
<td><pre class='exception-message'>org.openqa.selenium.NoSuchElementException: no such element: Unable to locate element: {"method":"xpath","selector":"//a[@id='HlinkExportPDF']"}
  (Session info: chrome=93.0.4577.63)
For documentation on this error, please visit: https://selenium.dev/exceptions/#no_such_element
Build info: version: '4.0.0-alpha-4', revision: 'c2d955b49e'
System info: host: 'NOURTEK-100', ip: '192.168.29.211', os.name: 'Windows 10', os.arch: 'amd64', os.version: '10.0', java.version: '15.0.2'
Driver info: org.openqa.selenium.chrome.ChromeDriver
Capabilities {acceptInsecureCerts: false, browserName: chrome, browserVersion: 93.0.4577.63, chrome: {chromedriverVersion: 92.0.4515.107 (87a818b10553..., userDataDir: C:\Users\NDave\AppData\Loca...}, goog:chromeOptions: {debuggerAddress: localhost:50483}, javascriptEnabled: true, networkConnectionEnabled: false, pageLoadStrategy: normal, platform: WINDOWS, platformName: WINDOWS, proxy: Proxy(), setWindowRect: true, strictFileInteractability: false, timeouts: {implicit: 0, pageLoad: 300000, script: 30000}, unhandledPromptBehavior: dismiss and notify, webauthn:extension:credBlob: true, webauthn:extension:largeBlob: true, webauthn:virtualAuthenticators: true}
Session ID: e83349712762af4110801ad90bfe27fd
*** Element info: {Using=xpath, value=//a[@id='HlinkExportPDF']}
at java.base/jdk.internal.reflect.NativeConstructorAccessorImpl.newInstance0(Native Method)
at java.base/jdk.internal.reflect.NativeConstructorAccessorImpl.newInstance(NativeConstructorAccessorImpl.java:64)
at java.base/jdk.internal.reflect.DelegatingConstructorAccessorImpl.newInstance(DelegatingConstructorAccessorImpl.java:45)
at java.base/java.lang.reflect.Constructor.newInstanceWithCaller(Constructor.java:500)
at java.base/java.lang.reflect.Constructor.newInstance(Constructor.java:481)
at org.openqa.selenium.remote.codec.w3c.W3CHttpResponseCodec.createException(W3CHttpResponseCodec.java:196)
at org.openqa.selenium.remote.codec.w3c.W3CHttpResponseCodec.decode(W3CHttpResponseCodec.java:129)
at org.openqa.selenium.remote.codec.w3c.W3CHttpResponseCodec.decode(W3CHttpResponseCodec.java:53)
at org.openqa.selenium.remote.HttpCommandExecutor.execute(HttpCommandExecutor.java:161)
at org.openqa.selenium.remote.service.DriverCommandExecutor.execute(DriverCommandExecutor.java:83)
at org.openqa.selenium.remote.RemoteWebDriver.execute(RemoteWebDriver.java:582)
at org.openqa.selenium.remote.RemoteWebDriver.findElement(RemoteWebDriver.java:333)
at org.openqa.selenium.remote.RemoteWebDriver.findElementByXPath(RemoteWebDriver.java:451)
at org.openqa.selenium.By$ByXPath.findElement(By.java:394)
at org.openqa.selenium.remote.RemoteWebDriver.findElement(RemoteWebDriver.java:325)
at ObjectRepository.Report_EnrollmentListReportOld.linkExportToPDF(Report_EnrollmentListReportOld.java:90)
at TestScript.Report_ClaimsReportOld_Test.testClaimsReportOld(Report_ClaimsReportOld_Test.java:80)
at java.base/jdk.internal.reflect.NativeMethodAccessorImpl.invoke0(Native Method)
at java.base/jdk.internal.reflect.NativeMethodAccessorImpl.invoke(NativeMethodAccessorImpl.java:64)
at java.base/jdk.internal.reflect.DelegatingMethodAccessorImpl.invoke(DelegatingMethodAccessorImpl.java:43)
at java.base/java.lang.reflect.Method.invoke(Method.java:564)
at org.testng.internal.MethodInvocationHelper.invokeMethod(MethodInvocationHelper.java:133)
at org.testng.internal.TestInvoker.invokeMethod(TestInvoker.java:598)
at org.testng.internal.TestInvoker.invokeTestMethod(TestInvoker.java:173)
at org.testng.internal.MethodRunner.runInSequence(MethodRunner.java:46)
at org.testng.internal.TestInvoker$MethodInvocationAgent.invoke(TestInvoker.java:824)
at org.testng.internal.TestInvoker.invokeTestMethods(TestInvoker.java:146)
at org.testng.internal.TestMethodWorker.invokeTestMethods(TestMethodWorker.java:146)
at org.testng.internal.TestMethodWorker.run(TestMethodWorker.java:128)
at java.base/java.util.ArrayList.forEach(ArrayList.java:1511)
at org.testng.TestRunner.privateRun(TestRunner.java:794)
at org.testng.TestRunner.run(TestRunner.java:596)
at org.testng.SuiteRunner.runTest(SuiteRunner.java:377)
at org.testng.SuiteRunner.runSequentially(SuiteRunner.java:371)
at org.testng.SuiteRunner.privateRun(SuiteRunner.java:332)
at org.testng.SuiteRunner.run(SuiteRunner.java:276)
at org.testng.SuiteRunnerWorker.runSuite(SuiteRunnerWorker.java:53)
at org.testng.SuiteRunnerWorker.run(SuiteRunnerWorker.java:96)
at org.testng.TestNG.runSuitesSequentially(TestNG.java:1212)
at org.testng.TestNG.runSuitesLocally(TestNG.java:1134)
at org.testng.TestNG.runSuites(TestNG.java:1063)
at org.testng.TestNG.run(TestNG.java:1031)
at org.testng.remote.AbstractRemoteTestNG.run(AbstractRemoteTestNG.java:115)
at org.testng.remote.RemoteTestNG.initAndRun(RemoteTestNG.java:251)
at org.testng.remote.RemoteTestNG.main(RemoteTestNG.java:77)
</pre></td>
</tr>
<tr class='fail'>
<td>2021-09-02 13:58:48</td>
<td><span class='exception-link linked' extentid='8f17da9b-c0d4-4d7c-ba96-0a0993a67802'>Report_ClaimsReportOld_Test :: testClaimsReportOld</span></td>
<td><pre class='exception-message'>org.openqa.selenium.NoSuchElementException: no such element: Unable to locate element: {"method":"xpath","selector":"//a[@id='HlinkExportPDF']"}
  (Session info: chrome=93.0.4577.63)
For documentation on this error, please visit: https://selenium.dev/exceptions/#no_such_element
Build info: version: '4.0.0-alpha-4', revision: 'c2d955b49e'
System info: host: 'NOURTEK-100', ip: '192.168.29.211', os.name: 'Windows 10', os.arch: 'amd64', os.version: '10.0', java.version: '15.0.2'
Driver info: org.openqa.selenium.chrome.ChromeDriver
Capabilities {acceptInsecureCerts: false, browserName: chrome, browserVersion: 93.0.4577.63, chrome: {chromedriverVersion: 92.0.4515.107 (87a818b10553..., userDataDir: C:\Users\NDave\AppData\Loca...}, goog:chromeOptions: {debuggerAddress: localhost:50483}, javascriptEnabled: true, networkConnectionEnabled: false, pageLoadStrategy: normal, platform: WINDOWS, platformName: WINDOWS, proxy: Proxy(), setWindowRect: true, strictFileInteractability: false, timeouts: {implicit: 0, pageLoad: 300000, script: 30000}, unhandledPromptBehavior: dismiss and notify, webauthn:extension:credBlob: true, webauthn:extension:largeBlob: true, webauthn:virtualAuthenticators: true}
Session ID: e83349712762af4110801ad90bfe27fd
*** Element info: {Using=xpath, value=//a[@id='HlinkExportPDF']}
at java.base/jdk.internal.reflect.NativeConstructorAccessorImpl.newInstance0(Native Method)
at java.base/jdk.internal.reflect.NativeConstructorAccessorImpl.newInstance(NativeConstructorAccessorImpl.java:64)
at java.base/jdk.internal.reflect.DelegatingConstructorAccessorImpl.newInstance(DelegatingConstructorAccessorImpl.java:45)
at java.base/java.lang.reflect.Constructor.newInstanceWithCaller(Constructor.java:500)
at java.base/java.lang.reflect.Constructor.newInstance(Constructor.java:481)
at org.openqa.selenium.remote.codec.w3c.W3CHttpResponseCodec.createException(W3CHttpResponseCodec.java:196)
at org.openqa.selenium.remote.codec.w3c.W3CHttpResponseCodec.decode(W3CHttpResponseCodec.java:129)
at org.openqa.selenium.remote.codec.w3c.W3CHttpResponseCodec.decode(W3CHttpResponseCodec.java:53)
at org.openqa.selenium.remote.HttpCommandExecutor.execute(HttpCommandExecutor.java:161)
at org.openqa.selenium.remote.service.DriverCommandExecutor.execute(DriverCommandExecutor.java:83)
at org.openqa.selenium.remote.RemoteWebDriver.execute(RemoteWebDriver.java:582)
at org.openqa.selenium.remote.RemoteWebDriver.findElement(RemoteWebDriver.java:333)
at org.openqa.selenium.remote.RemoteWebDriver.findElementByXPath(RemoteWebDriver.java:451)
at org.openqa.selenium.By$ByXPath.findElement(By.java:394)
at org.openqa.selenium.remote.RemoteWebDriver.findElement(RemoteWebDriver.java:325)
at ObjectRepository.Report_EnrollmentListReportOld.linkExportToPDF(Report_EnrollmentListReportOld.java:90)
at TestScript.Report_ClaimsReportOld_Test.testClaimsReportOld(Report_ClaimsReportOld_Test.java:80)
at java.base/jdk.internal.reflect.NativeMethodAccessorImpl.invoke0(Native Method)
at java.base/jdk.internal.reflect.NativeMethodAccessorImpl.invoke(NativeMethodAccessorImpl.java:64)
at java.base/jdk.internal.reflect.DelegatingMethodAccessorImpl.invoke(DelegatingMethodAccessorImpl.java:43)
at java.base/java.lang.reflect.Method.invoke(Method.java:564)
at org.testng.internal.MethodInvocationHelper.invokeMethod(MethodInvocationHelper.java:133)
at org.testng.internal.TestInvoker.invokeMethod(TestInvoker.java:598)
at org.testng.internal.TestInvoker.invokeTestMethod(TestInvoker.java:173)
at org.testng.internal.MethodRunner.runInSequence(MethodRunner.java:46)
at org.testng.internal.TestInvoker$MethodInvocationAgent.invoke(TestInvoker.java:824)
at org.testng.internal.TestInvoker.invokeTestMethods(TestInvoker.java:146)
at org.testng.internal.TestMethodWorker.invokeTestMethods(TestMethodWorker.java:146)
at org.testng.internal.TestMethodWorker.run(TestMethodWorker.java:128)
at java.base/java.util.ArrayList.forEach(ArrayList.java:1511)
at org.testng.TestRunner.privateRun(TestRunner.java:794)
at org.testng.TestRunner.run(TestRunner.java:596)
at org.testng.SuiteRunner.runTest(SuiteRunner.java:377)
at org.testng.SuiteRunner.runSequentially(SuiteRunner.java:371)
at org.testng.SuiteRunner.privateRun(SuiteRunner.java:332)
at org.testng.SuiteRunner.run(SuiteRunner.java:276)
at org.testng.SuiteRunnerWorker.runSuite(SuiteRunnerWorker.java:53)
at org.testng.SuiteRunnerWorker.run(SuiteRunnerWorker.java:96)
at org.testng.TestNG.runSuitesSequentially(TestNG.java:1212)
at org.testng.TestNG.runSuitesLocally(TestNG.java:1134)
at org.testng.TestNG.runSuites(TestNG.java:1063)
at org.testng.TestNG.run(TestNG.java:1031)
at org.testng.remote.AbstractRemoteTestNG.run(AbstractRemoteTestNG.java:115)
at org.testng.remote.RemoteTestNG.initAndRun(RemoteTestNG.java:251)
at org.testng.remote.RemoteTestNG.main(RemoteTestNG.java:77)
</pre></td>
</tr>
<tr class='fail'>
<td>2021-09-02 14:01:41</td>
<td><span class='exception-link linked' extentid='445f9a1a-5856-4472-bc0b-3a0221b32aa7'>Report_ClaimsSummaryReportOld_Test :: testClaimsSummaryReportOld</span></td>
<td><pre class='exception-message'>org.openqa.selenium.NoSuchElementException: no such element: Unable to locate element: {"method":"xpath","selector":"//a[@id='HlinkExportPDF']"}
  (Session info: chrome=93.0.4577.63)
For documentation on this error, please visit: https://selenium.dev/exceptions/#no_such_element
Build info: version: '4.0.0-alpha-4', revision: 'c2d955b49e'
System info: host: 'NOURTEK-100', ip: '192.168.29.211', os.name: 'Windows 10', os.arch: 'amd64', os.version: '10.0', java.version: '15.0.2'
Driver info: org.openqa.selenium.chrome.ChromeDriver
Capabilities {acceptInsecureCerts: false, browserName: chrome, browserVersion: 93.0.4577.63, chrome: {chromedriverVersion: 92.0.4515.107 (87a818b10553..., userDataDir: C:\Users\NDave\AppData\Loca...}, goog:chromeOptions: {debuggerAddress: localhost:53260}, javascriptEnabled: true, networkConnectionEnabled: false, pageLoadStrategy: normal, platform: WINDOWS, platformName: WINDOWS, proxy: Proxy(), setWindowRect: true, strictFileInteractability: false, timeouts: {implicit: 0, pageLoad: 300000, script: 30000}, unhandledPromptBehavior: dismiss and notify, webauthn:extension:credBlob: true, webauthn:extension:largeBlob: true, webauthn:virtualAuthenticators: true}
Session ID: 87f7982dbf17cd0255d07e8c9020a519
*** Element info: {Using=xpath, value=//a[@id='HlinkExportPDF']}
at java.base/jdk.internal.reflect.NativeConstructorAccessorImpl.newInstance0(Native Method)
at java.base/jdk.internal.reflect.NativeConstructorAccessorImpl.newInstance(NativeConstructorAccessorImpl.java:64)
at java.base/jdk.internal.reflect.DelegatingConstructorAccessorImpl.newInstance(DelegatingConstructorAccessorImpl.java:45)
at java.base/java.lang.reflect.Constructor.newInstanceWithCaller(Constructor.java:500)
at java.base/java.lang.reflect.Constructor.newInstance(Constructor.java:481)
at org.openqa.selenium.remote.codec.w3c.W3CHttpResponseCodec.createException(W3CHttpResponseCodec.java:196)
at org.openqa.selenium.remote.codec.w3c.W3CHttpResponseCodec.decode(W3CHttpResponseCodec.java:129)
at org.openqa.selenium.remote.codec.w3c.W3CHttpResponseCodec.decode(W3CHttpResponseCodec.java:53)
at org.openqa.selenium.remote.HttpCommandExecutor.execute(HttpCommandExecutor.java:161)
at org.openqa.selenium.remote.service.DriverCommandExecutor.execute(DriverCommandExecutor.java:83)
at org.openqa.selenium.remote.RemoteWebDriver.execute(RemoteWebDriver.java:582)
at org.openqa.selenium.remote.RemoteWebDriver.findElement(RemoteWebDriver.java:333)
at org.openqa.selenium.remote.RemoteWebDriver.findElementByXPath(RemoteWebDriver.java:451)
at org.openqa.selenium.By$ByXPath.findElement(By.java:394)
at org.openqa.selenium.remote.RemoteWebDriver.findElement(RemoteWebDriver.java:325)
at ObjectRepository.Report_EnrollmentListReportOld.linkExportToPDF(Report_EnrollmentListReportOld.java:90)
at TestScript.Report_ClaimsSummaryReportOld_Test.testClaimsSummaryReportOld(Report_ClaimsSummaryReportOld_Test.java:82)
at java.base/jdk.internal.reflect.NativeMethodAccessorImpl.invoke0(Native Method)
at java.base/jdk.internal.reflect.NativeMethodAccessorImpl.invoke(NativeMethodAccessorImpl.java:64)
at java.base/jdk.internal.reflect.DelegatingMethodAccessorImpl.invoke(DelegatingMethodAccessorImpl.java:43)
at java.base/java.lang.reflect.Method.invoke(Method.java:564)
at org.testng.internal.MethodInvocationHelper.invokeMethod(MethodInvocationHelper.java:133)
at org.testng.internal.TestInvoker.invokeMethod(TestInvoker.java:598)
at org.testng.internal.TestInvoker.invokeTestMethod(TestInvoker.java:173)
at org.testng.internal.MethodRunner.runInSequence(MethodRunner.java:46)
at org.testng.internal.TestInvoker$MethodInvocationAgent.invoke(TestInvoker.java:824)
at org.testng.internal.TestInvoker.invokeTestMethods(TestInvoker.java:146)
at org.testng.internal.TestMethodWorker.invokeTestMethods(TestMethodWorker.java:146)
at org.testng.internal.TestMethodWorker.run(TestMethodWorker.java:128)
at java.base/java.util.ArrayList.forEach(ArrayList.java:1511)
at org.testng.TestRunner.privateRun(TestRunner.java:794)
at org.testng.TestRunner.run(TestRunner.java:596)
at org.testng.SuiteRunner.runTest(SuiteRunner.java:377)
at org.testng.SuiteRunner.runSequentially(SuiteRunner.java:371)
at org.testng.SuiteRunner.privateRun(SuiteRunner.java:332)
at org.testng.SuiteRunner.run(SuiteRunner.java:276)
at org.testng.SuiteRunnerWorker.runSuite(SuiteRunnerWorker.java:53)
at org.testng.SuiteRunnerWorker.run(SuiteRunnerWorker.java:96)
at org.testng.TestNG.runSuitesSequentially(TestNG.java:1212)
at org.testng.TestNG.runSuitesLocally(TestNG.java:1134)
at org.testng.TestNG.runSuites(TestNG.java:1063)
at org.testng.TestNG.run(TestNG.java:1031)
at org.testng.remote.AbstractRemoteTestNG.run(AbstractRemoteTestNG.java:115)
at org.testng.remote.RemoteTestNG.initAndRun(RemoteTestNG.java:251)
at org.testng.remote.RemoteTestNG.main(RemoteTestNG.java:77)
</pre></td>
</tr>
<tr class='fail'>
<td>2021-09-02 14:01:41</td>
<td><span class='exception-link linked' extentid='445f9a1a-5856-4472-bc0b-3a0221b32aa7'>Report_ClaimsSummaryReportOld_Test :: testClaimsSummaryReportOld</span></td>
<td><pre class='exception-message'>org.openqa.selenium.NoSuchElementException: no such element: Unable to locate element: {"method":"xpath","selector":"//a[@id='HlinkExportPDF']"}
  (Session info: chrome=93.0.4577.63)
For documentation on this error, please visit: https://selenium.dev/exceptions/#no_such_element
Build info: version: '4.0.0-alpha-4', revision: 'c2d955b49e'
System info: host: 'NOURTEK-100', ip: '192.168.29.211', os.name: 'Windows 10', os.arch: 'amd64', os.version: '10.0', java.version: '15.0.2'
Driver info: org.openqa.selenium.chrome.ChromeDriver
Capabilities {acceptInsecureCerts: false, browserName: chrome, browserVersion: 93.0.4577.63, chrome: {chromedriverVersion: 92.0.4515.107 (87a818b10553..., userDataDir: C:\Users\NDave\AppData\Loca...}, goog:chromeOptions: {debuggerAddress: localhost:53260}, javascriptEnabled: true, networkConnectionEnabled: false, pageLoadStrategy: normal, platform: WINDOWS, platformName: WINDOWS, proxy: Proxy(), setWindowRect: true, strictFileInteractability: false, timeouts: {implicit: 0, pageLoad: 300000, script: 30000}, unhandledPromptBehavior: dismiss and notify, webauthn:extension:credBlob: true, webauthn:extension:largeBlob: true, webauthn:virtualAuthenticators: true}
Session ID: 87f7982dbf17cd0255d07e8c9020a519
*** Element info: {Using=xpath, value=//a[@id='HlinkExportPDF']}
at java.base/jdk.internal.reflect.NativeConstructorAccessorImpl.newInstance0(Native Method)
at java.base/jdk.internal.reflect.NativeConstructorAccessorImpl.newInstance(NativeConstructorAccessorImpl.java:64)
at java.base/jdk.internal.reflect.DelegatingConstructorAccessorImpl.newInstance(DelegatingConstructorAccessorImpl.java:45)
at java.base/java.lang.reflect.Constructor.newInstanceWithCaller(Constructor.java:500)
at java.base/java.lang.reflect.Constructor.newInstance(Constructor.java:481)
at org.openqa.selenium.remote.codec.w3c.W3CHttpResponseCodec.createException(W3CHttpResponseCodec.java:196)
at org.openqa.selenium.remote.codec.w3c.W3CHttpResponseCodec.decode(W3CHttpResponseCodec.java:129)
at org.openqa.selenium.remote.codec.w3c.W3CHttpResponseCodec.decode(W3CHttpResponseCodec.java:53)
at org.openqa.selenium.remote.HttpCommandExecutor.execute(HttpCommandExecutor.java:161)
at org.openqa.selenium.remote.service.DriverCommandExecutor.execute(DriverCommandExecutor.java:83)
at org.openqa.selenium.remote.RemoteWebDriver.execute(RemoteWebDriver.java:582)
at org.openqa.selenium.remote.RemoteWebDriver.findElement(RemoteWebDriver.java:333)
at org.openqa.selenium.remote.RemoteWebDriver.findElementByXPath(RemoteWebDriver.java:451)
at org.openqa.selenium.By$ByXPath.findElement(By.java:394)
at org.openqa.selenium.remote.RemoteWebDriver.findElement(RemoteWebDriver.java:325)
at ObjectRepository.Report_EnrollmentListReportOld.linkExportToPDF(Report_EnrollmentListReportOld.java:90)
at TestScript.Report_ClaimsSummaryReportOld_Test.testClaimsSummaryReportOld(Report_ClaimsSummaryReportOld_Test.java:82)
at java.base/jdk.internal.reflect.NativeMethodAccessorImpl.invoke0(Native Method)
at java.base/jdk.internal.reflect.NativeMethodAccessorImpl.invoke(NativeMethodAccessorImpl.java:64)
at java.base/jdk.internal.reflect.DelegatingMethodAccessorImpl.invoke(DelegatingMethodAccessorImpl.java:43)
at java.base/java.lang.reflect.Method.invoke(Method.java:564)
at org.testng.internal.MethodInvocationHelper.invokeMethod(MethodInvocationHelper.java:133)
at org.testng.internal.TestInvoker.invokeMethod(TestInvoker.java:598)
at org.testng.internal.TestInvoker.invokeTestMethod(TestInvoker.java:173)
at org.testng.internal.MethodRunner.runInSequence(MethodRunner.java:46)
at org.testng.internal.TestInvoker$MethodInvocationAgent.invoke(TestInvoker.java:824)
at org.testng.internal.TestInvoker.invokeTestMethods(TestInvoker.java:146)
at org.testng.internal.TestMethodWorker.invokeTestMethods(TestMethodWorker.java:146)
at org.testng.internal.TestMethodWorker.run(TestMethodWorker.java:128)
at java.base/java.util.ArrayList.forEach(ArrayList.java:1511)
at org.testng.TestRunner.privateRun(TestRunner.java:794)
at org.testng.TestRunner.run(TestRunner.java:596)
at org.testng.SuiteRunner.runTest(SuiteRunner.java:377)
at org.testng.SuiteRunner.runSequentially(SuiteRunner.java:371)
at org.testng.SuiteRunner.privateRun(SuiteRunner.java:332)
at org.testng.SuiteRunner.run(SuiteRunner.java:276)
at org.testng.SuiteRunnerWorker.runSuite(SuiteRunnerWorker.java:53)
at org.testng.SuiteRunnerWorker.run(SuiteRunnerWorker.java:96)
at org.testng.TestNG.runSuitesSequentially(TestNG.java:1212)
at org.testng.TestNG.runSuitesLocally(TestNG.java:1134)
at org.testng.TestNG.runSuites(TestNG.java:1063)
at org.testng.TestNG.run(TestNG.java:1031)
at org.testng.remote.AbstractRemoteTestNG.run(AbstractRemoteTestNG.java:115)
at org.testng.remote.RemoteTestNG.initAndRun(RemoteTestNG.java:251)
at org.testng.remote.RemoteTestNG.main(RemoteTestNG.java:77)
</pre></td>
</tr>
<tbody>
</table>
</div>
</div> 
</li>
</ul>
</div>
</div>
</div>
</div>
<div id='exception-details-wrapper' class='col _addedCell2'>
<div class='contents'>
<div class='card-panel details-view'>
<h5 class='exception-name'></h5>
<div class='exception-container'>
</div>
</div>
</div>
</div>
</div>
<!-- /exceptions -->

<!-- testrunner logs -->
<!-- /testrunner logs -->

</div>
<!-- /container -->

<!-- test dashboard counts setting -->
<div id='test-count-setting' class='modal bottom-sheet'> 
<div class='modal-content'> 
<h5>Configure Tests Count Setting</h5> 
<input name='test-count-setting' type='radio' id='parentWithoutNodes' class='with-gap'> 
<label for='parentWithoutNodes'>Parent Tests Only (Does not include child nodes in counts)</label> 
<br> 
<input name='test-count-setting' type='radio' id='parentWithoutNodesAndNodes' class='with-gap'> 
<label for='parentWithoutNodesAndNodes'>Parent Tests Without Child Tests + Child Tests</label> 
<br> 
<input name='test-count-setting' type='radio' id='childNodes' class='with-gap'> 
<label for='childNodes'>Child Tests Only</label> 
</div> 
<div class='modal-footer'> 
<a href='#!' class='modal-action modal-close waves-effect waves-green btn'>Save</a> 
</div> 
</div>
<!-- /test dashboard counts setting -->

<!-- filter for step status -->
<div id='step-status-filter' class='modal bottom-sheet'> 
<div class='modal-content'> 
<h5>Select status</h5> 
<input checked class='filled-in' type='checkbox' id='step-dashboard-filter-pass'> 
<label for='step-dashboard-filter-pass'>Pass</label> 
<br> 
<input checked class='filled-in' type='checkbox' id='step-dashboard-filter-fail'> 
<label for='step-dashboard-filter-fail'>Fail</label> 
<br> 
<input checked class='filled-in' type='checkbox' id='step-dashboard-filter-fatal'> 
<label for='step-dashboard-filter-fatal'>Fatal</label> 
<br> 
<input checked class='filled-in' type='checkbox' id='step-dashboard-filter-error'> 
<label for='step-dashboard-filter-error'>Error</label> 
<br> 
<input checked class='filled-in' type='checkbox' id='step-dashboard-filter-warning'> 
<label for='step-dashboard-filter-warning'>Warning</label> 
<br> 
<input checked class='filled-in' type='checkbox' id='step-dashboard-filter-skip'> 
<label for='step-dashboard-filter-skip'>Skipped</label> 
<br> 
<input checked class='filled-in' type='checkbox' id='step-dashboard-filter-info'> 
<label for='step-dashboard-filter-info'>Info</label> 
<br> 
<input checked class='filled-in' type='checkbox' id='step-dashboard-filter-unknown'> 
<label for='step-dashboard-filter-unknown'>Unknown</label> 
</div>
<div class='modal-footer'> 
<a href='#!' class='modal-action modal-close waves-effect waves-green btn'>Save</a> 
</div> 
</div>
<!-- /filter for step status -->

<script src='https://cdn.rawgit.com/anshooarora/extentreports/c936a26fc8bb9c5fc0253b5bc6f289e1d14bb595/cdn/extent.js' type='text/javascript'></script>

<script>$(document).ready(function() { $('.logo span').html('ExtentReports'); });</script>
<script>

      
        $(document).ready(function() {
          
        });
      
    
</script>
</body>
</html>
