<?xml version="1.0" encoding="UTF-8"?>
<testng-results ignored="0" total="2" passed="1" failed="1" skipped="0">
  <reporter-output>
    <line>
      <![CDATA[<a href='\Wrap Portal\Screenshot\Existing Project Email selection-06_09_2021_05_49_53.png'><img src='\Wrap Portal\Screenshot\Existing Project Email selection-06_09_2021_05_49_53.png' height='100' width='100'/></a>]]>
    </line>
    <line>
      <![CDATA[<a href='\Wrap Portal\Screenshot\Email selection-06_09_2021_05_51_18.png'><img src='\Wrap Portal\Screenshot\Email selection-06_09_2021_05_51_18.png' height='100' width='100'/></a>]]>
    </line>
    <line>
      <![CDATA[<a href='\Wrap Portal\Screenshot\Email sent to-06_09_2021_05_51_34.png'><img src='\Wrap Portal\Screenshot\Email sent to-06_09_2021_05_51_34.png' height='100' width='100'/></a>]]>
    </line>
    <line>
      <![CDATA[<a href='\Wrap Portal\Screenshot\Program_Contractor_Portal_Options_Switch_NonCipCompliance-06_09_2021_05_52_28.png'><img src='\Wrap Portal\Screenshot\Program_Contractor_Portal_Options_Switch_NonCipCompliance-06_09_2021_05_52_28.png' height='100' width='100'/></a>]]>
    </line>
    <line>
      <![CDATA[<a href='\Wrap Portal\Screenshot\Program_Contractor_Portal_Options_Switch_NonCipCompliance-06_09_2021_05_52_29.png'><img src='\Wrap Portal\Screenshot\Program_Contractor_Portal_Options_Switch_NonCipCompliance-06_09_2021_05_52_29.png' height='100' width='100'/></a>]]>
    </line>
    <line>
      <![CDATA[<a href='\Wrap Portal\Screenshot\Program_Contractor_Portal_Options_Switch_NonCipCompliance-06_09_2021_05_52_30.png'><img src='\Wrap Portal\Screenshot\Program_Contractor_Portal_Options_Switch_NonCipCompliance-06_09_2021_05_52_30.png' height='100' width='100'/></a>]]>
    </line>
    <line>
      <![CDATA[<a href='\Wrap Portal\Screenshot\Email sent to-06_09_2021_05_53_09.png'><img src='\Wrap Portal\Screenshot\Email sent to-06_09_2021_05_53_09.png' height='100' width='100'/></a>]]>
    </line>
  </reporter-output>
  <suite started-at="2021-09-06T17:47:46 IST" name="Suite" finished-at="2021-09-06T17:53:45 IST" duration-ms="358827">
    <groups>
    </groups>
    <test started-at="2021-09-06T17:47:46 IST" name="FunctionalTestContractorPackageModule" finished-at="2021-09-06T17:53:45 IST" duration-ms="358827">
      <class name="TestScript_Neha.TaskValidationEmailManagementTest">
        <test-method is-config="true" signature="reportGenerate()[pri:0, instance:TestScript_Neha.TaskValidationEmailManagementTest@1500b2f3]" started-at="2021-09-06T17:47:46 IST" name="reportGenerate" finished-at="2021-09-06T17:47:46 IST" duration-ms="120" status="PASS">
          <reporter-output>
          </reporter-output>
        </test-method> <!-- reportGenerate -->
        <test-method is-config="true" signature="launchBrowser(java.lang.String)[pri:0, instance:TestScript_Neha.TaskValidationEmailManagementTest@1500b2f3]" started-at="2021-09-06T17:47:46 IST" name="launchBrowser" finished-at="2021-09-06T17:47:52 IST" duration-ms="5887" status="PASS">
          <params>
            <param index="0">
              <value>
                <![CDATA[chrome]]>
              </value>
            </param>
          </params>
          <reporter-output>
          </reporter-output>
        </test-method> <!-- launchBrowser -->
        <test-method is-config="true" signature="loginToApplication(java.lang.reflect.Method)[pri:0, instance:TestScript_Neha.TaskValidationEmailManagementTest@1500b2f3]" started-at="2021-09-06T17:47:52 IST" name="loginToApplication" finished-at="2021-09-06T17:47:52 IST" duration-ms="9" status="PASS">
          <params>
            <param index="0">
              <value>
                <![CDATA[public void TestScript_Neha.TaskValidationEmailManagementTest.Program_EmailManagement_CPCreatedFirstTime() throws java.lang.Throwable]]>
              </value>
            </param>
          </params>
          <reporter-output>
          </reporter-output>
        </test-method> <!-- loginToApplication -->
        <test-method signature="Program_EmailManagement_CPCreatedFirstTime()[pri:1, instance:TestScript_Neha.TaskValidationEmailManagementTest@1500b2f3]" started-at="2021-09-06T17:47:52 IST" name="Program_EmailManagement_CPCreatedFirstTime" finished-at="2021-09-06T17:51:55 IST" duration-ms="243149" status="FAIL">
          <exception class="org.openqa.selenium.NoSuchElementException">
            <message>
              <![CDATA[no such element: Unable to locate element: {"method":"xpath","selector":"//div[@id='divPreviewPanel']//div[@class='panel-body emailList']/div/ul/li[1]"}
  (Session info: chrome=93.0.4577.63)
For documentation on this error, please visit: https://selenium.dev/exceptions/#no_such_element
Build info: version: '4.0.0-alpha-4', revision: 'c2d955b49e'
System info: host: 'NOURTEK-100', ip: '192.168.29.211', os.name: 'Windows 10', os.arch: 'amd64', os.version: '10.0', java.version: '15.0.2'
Driver info: org.openqa.selenium.chrome.ChromeDriver
Capabilities {acceptInsecureCerts: false, browserName: chrome, browserVersion: 93.0.4577.63, chrome: {chromedriverVersion: 92.0.4515.107 (87a818b10553..., userDataDir: C:\Users\NDave\AppData\Loca...}, goog:chromeOptions: {debuggerAddress: localhost:57862}, javascriptEnabled: true, networkConnectionEnabled: false, pageLoadStrategy: normal, platform: WINDOWS, platformName: WINDOWS, proxy: Proxy(), setWindowRect: true, strictFileInteractability: false, timeouts: {implicit: 0, pageLoad: 300000, script: 30000}, unhandledPromptBehavior: dismiss and notify, webauthn:extension:credBlob: true, webauthn:extension:largeBlob: true, webauthn:virtualAuthenticators: true}
Session ID: bb061f5e53ae415fe50d2a41f13ffc07
*** Element info: {Using=xpath, value=//div[@id='divPreviewPanel']//div[@class='panel-body emailList']/div/ul/li[1]}]]>
            </message>
            <full-stacktrace>
              <![CDATA[org.openqa.selenium.NoSuchElementException: no such element: Unable to locate element: {"method":"xpath","selector":"//div[@id='divPreviewPanel']//div[@class='panel-body emailList']/div/ul/li[1]"}
  (Session info: chrome=93.0.4577.63)
For documentation on this error, please visit: https://selenium.dev/exceptions/#no_such_element
Build info: version: '4.0.0-alpha-4', revision: 'c2d955b49e'
System info: host: 'NOURTEK-100', ip: '192.168.29.211', os.name: 'Windows 10', os.arch: 'amd64', os.version: '10.0', java.version: '15.0.2'
Driver info: org.openqa.selenium.chrome.ChromeDriver
Capabilities {acceptInsecureCerts: false, browserName: chrome, browserVersion: 93.0.4577.63, chrome: {chromedriverVersion: 92.0.4515.107 (87a818b10553..., userDataDir: C:\Users\NDave\AppData\Loca...}, goog:chromeOptions: {debuggerAddress: localhost:57862}, javascriptEnabled: true, networkConnectionEnabled: false, pageLoadStrategy: normal, platform: WINDOWS, platformName: WINDOWS, proxy: Proxy(), setWindowRect: true, strictFileInteractability: false, timeouts: {implicit: 0, pageLoad: 300000, script: 30000}, unhandledPromptBehavior: dismiss and notify, webauthn:extension:credBlob: true, webauthn:extension:largeBlob: true, webauthn:virtualAuthenticators: true}
Session ID: bb061f5e53ae415fe50d2a41f13ffc07
*** Element info: {Using=xpath, value=//div[@id='divPreviewPanel']//div[@class='panel-body emailList']/div/ul/li[1]}
at java.base/jdk.internal.reflect.NativeConstructorAccessorImpl.newInstance0(Native Method)
at java.base/jdk.internal.reflect.NativeConstructorAccessorImpl.newInstance(NativeConstructorAccessorImpl.java:64)
at java.base/jdk.internal.reflect.DelegatingConstructorAccessorImpl.newInstance(DelegatingConstructorAccessorImpl.java:45)
at java.base/java.lang.reflect.Constructor.newInstanceWithCaller(Constructor.java:500)
at java.base/java.lang.reflect.Constructor.newInstance(Constructor.java:481)
at org.openqa.selenium.remote.codec.w3c.W3CHttpResponseCodec.createException(W3CHttpResponseCodec.java:196)
at org.openqa.selenium.remote.codec.w3c.W3CHttpResponseCodec.decode(W3CHttpResponseCodec.java:129)
at org.openqa.selenium.remote.codec.w3c.W3CHttpResponseCodec.decode(W3CHttpResponseCodec.java:53)
at org.openqa.selenium.remote.HttpCommandExecutor.execute(HttpCommandExecutor.java:161)
at org.openqa.selenium.remote.service.DriverCommandExecutor.execute(DriverCommandExecutor.java:83)
at org.openqa.selenium.remote.RemoteWebDriver.execute(RemoteWebDriver.java:582)
at org.openqa.selenium.remote.RemoteWebDriver.findElement(RemoteWebDriver.java:333)
at org.openqa.selenium.remote.RemoteWebDriver.findElementByXPath(RemoteWebDriver.java:451)
at org.openqa.selenium.By$ByXPath.findElement(By.java:394)
at org.openqa.selenium.remote.RemoteWebDriver.findElement(RemoteWebDriver.java:325)
at ObjectRepository.EmailModule.SentEmail_Selectfirstvaluefromlist(EmailModule.java:24)
at TestScript_Neha.TaskValidationEmailManagementTest.Program_EmailManagement_CPCreatedFirstTime(TaskValidationEmailManagementTest.java:323)
at java.base/jdk.internal.reflect.NativeMethodAccessorImpl.invoke0(Native Method)
at java.base/jdk.internal.reflect.NativeMethodAccessorImpl.invoke(NativeMethodAccessorImpl.java:64)
at java.base/jdk.internal.reflect.DelegatingMethodAccessorImpl.invoke(DelegatingMethodAccessorImpl.java:43)
at java.base/java.lang.reflect.Method.invoke(Method.java:564)
at org.testng.internal.MethodInvocationHelper.invokeMethod(MethodInvocationHelper.java:133)
at org.testng.internal.TestInvoker.invokeMethod(TestInvoker.java:598)
at org.testng.internal.TestInvoker.invokeTestMethod(TestInvoker.java:173)
at org.testng.internal.MethodRunner.runInSequence(MethodRunner.java:46)
at org.testng.internal.TestInvoker$MethodInvocationAgent.invoke(TestInvoker.java:824)
at org.testng.internal.TestInvoker.invokeTestMethods(TestInvoker.java:146)
at org.testng.internal.TestMethodWorker.invokeTestMethods(TestMethodWorker.java:146)
at org.testng.internal.TestMethodWorker.run(TestMethodWorker.java:128)
at java.base/java.util.ArrayList.forEach(ArrayList.java:1511)
at org.testng.TestRunner.privateRun(TestRunner.java:794)
at org.testng.TestRunner.run(TestRunner.java:596)
at org.testng.SuiteRunner.runTest(SuiteRunner.java:377)
at org.testng.SuiteRunner.runSequentially(SuiteRunner.java:371)
at org.testng.SuiteRunner.privateRun(SuiteRunner.java:332)
at org.testng.SuiteRunner.run(SuiteRunner.java:276)
at org.testng.SuiteRunnerWorker.runSuite(SuiteRunnerWorker.java:53)
at org.testng.SuiteRunnerWorker.run(SuiteRunnerWorker.java:96)
at org.testng.TestNG.runSuitesSequentially(TestNG.java:1212)
at org.testng.TestNG.runSuitesLocally(TestNG.java:1134)
at org.testng.TestNG.runSuites(TestNG.java:1063)
at org.testng.TestNG.run(TestNG.java:1031)
at org.testng.remote.AbstractRemoteTestNG.run(AbstractRemoteTestNG.java:115)
at org.testng.remote.RemoteTestNG.initAndRun(RemoteTestNG.java:251)
at org.testng.remote.RemoteTestNG.main(RemoteTestNG.java:77)
]]>
            </full-stacktrace>
          </exception> <!-- org.openqa.selenium.NoSuchElementException -->
          <reporter-output>
            <line>
              <![CDATA[<a href='\Wrap Portal\Screenshot\Existing Project Email selection-06_09_2021_05_49_53.png'><img src='\Wrap Portal\Screenshot\Existing Project Email selection-06_09_2021_05_49_53.png' height='100' width='100'/></a>]]>
            </line>
            <line>
              <![CDATA[<a href='\Wrap Portal\Screenshot\Email selection-06_09_2021_05_51_18.png'><img src='\Wrap Portal\Screenshot\Email selection-06_09_2021_05_51_18.png' height='100' width='100'/></a>]]>
            </line>
            <line>
              <![CDATA[<a href='\Wrap Portal\Screenshot\Email sent to-06_09_2021_05_51_34.png'><img src='\Wrap Portal\Screenshot\Email sent to-06_09_2021_05_51_34.png' height='100' width='100'/></a>]]>
            </line>
          </reporter-output>
        </test-method> <!-- Program_EmailManagement_CPCreatedFirstTime -->
        <test-method is-config="true" signature="logoutFromApplication(org.testng.ITestResult)[pri:0, instance:TestScript_Neha.TaskValidationEmailManagementTest@1500b2f3]" started-at="2021-09-06T17:51:55 IST" name="logoutFromApplication" finished-at="2021-09-06T17:51:56 IST" duration-ms="924" status="PASS">
          <params>
            <param index="0">
              <value>
                <![CDATA[[TestResult name=Program_EmailManagement_CPCreatedFirstTime status=FAILURE method=TaskValidationEmailManagementTest.Program_EmailManagement_CPCreatedFirstTime()[pri:1, instance:TestScript_Neha.TaskValidationEmailManagementTest@1500b2f3] output=<a href='\Wrap Portal\Screenshot\Existing Project Email selection-06_09_2021_05_49_53.png'><img src='\Wrap Portal\Screenshot\Existing Project Email selection-06_09_2021_05_49_53.png' height='100' width='100'/></a>]]]>
              </value>
            </param>
          </params>
          <reporter-output>
          </reporter-output>
        </test-method> <!-- logoutFromApplication -->
        <test-method signature="Program_EmailManagement_Enrollment_Submitted_by_Contractor()[pri:5, instance:TestScript_Neha.TaskValidationEmailManagementTest@1500b2f3]" started-at="2021-09-06T17:51:56 IST" name="Program_EmailManagement_Enrollment_Submitted_by_Contractor" finished-at="2021-09-06T17:53:15 IST" duration-ms="78769" status="PASS">
          <reporter-output>
            <line>
              <![CDATA[<a href='\Wrap Portal\Screenshot\Program_Contractor_Portal_Options_Switch_NonCipCompliance-06_09_2021_05_52_28.png'><img src='\Wrap Portal\Screenshot\Program_Contractor_Portal_Options_Switch_NonCipCompliance-06_09_2021_05_52_28.png' height='100' width='100'/></a>]]>
            </line>
            <line>
              <![CDATA[<a href='\Wrap Portal\Screenshot\Program_Contractor_Portal_Options_Switch_NonCipCompliance-06_09_2021_05_52_29.png'><img src='\Wrap Portal\Screenshot\Program_Contractor_Portal_Options_Switch_NonCipCompliance-06_09_2021_05_52_29.png' height='100' width='100'/></a>]]>
            </line>
            <line>
              <![CDATA[<a href='\Wrap Portal\Screenshot\Program_Contractor_Portal_Options_Switch_NonCipCompliance-06_09_2021_05_52_30.png'><img src='\Wrap Portal\Screenshot\Program_Contractor_Portal_Options_Switch_NonCipCompliance-06_09_2021_05_52_30.png' height='100' width='100'/></a>]]>
            </line>
            <line>
              <![CDATA[<a href='\Wrap Portal\Screenshot\Email sent to-06_09_2021_05_53_09.png'><img src='\Wrap Portal\Screenshot\Email sent to-06_09_2021_05_53_09.png' height='100' width='100'/></a>]]>
            </line>
          </reporter-output>
        </test-method> <!-- Program_EmailManagement_Enrollment_Submitted_by_Contractor -->
        <test-method is-config="true" signature="loginToApplication(java.lang.reflect.Method)[pri:0, instance:TestScript_Neha.TaskValidationEmailManagementTest@1500b2f3]" started-at="2021-09-06T17:51:56 IST" name="loginToApplication" finished-at="2021-09-06T17:51:56 IST" duration-ms="0" status="PASS">
          <params>
            <param index="0">
              <value>
                <![CDATA[public void TestScript_Neha.TaskValidationEmailManagementTest.Program_EmailManagement_Enrollment_Submitted_by_Contractor() throws java.lang.Throwable]]>
              </value>
            </param>
          </params>
          <reporter-output>
          </reporter-output>
        </test-method> <!-- loginToApplication -->
        <test-method is-config="true" signature="logoutFromApplication(org.testng.ITestResult)[pri:0, instance:TestScript_Neha.TaskValidationEmailManagementTest@1500b2f3]" started-at="2021-09-06T17:53:15 IST" name="logoutFromApplication" finished-at="2021-09-06T17:53:15 IST" duration-ms="1" status="PASS">
          <params>
            <param index="0">
              <value>
                <![CDATA[[TestResult name=Program_EmailManagement_Enrollment_Submitted_by_Contractor status=SUCCESS method=TaskValidationEmailManagementTest.Program_EmailManagement_Enrollment_Submitted_by_Contractor()[pri:5, instance:TestScript_Neha.TaskValidationEmailManagementTest@1500b2f3] output=<a href='\Wrap Portal\Screenshot\Program_Contractor_Portal_Options_Switch_NonCipCompliance-06_09_2021_05_52_28.png'><img src='\Wrap Portal\Screenshot\Program_Contractor_Portal_Options_Switch_NonCipCompliance-06_09_2021_05_52_28.png' height='100' width='100'/></a>]]]>
              </value>
            </param>
          </params>
          <reporter-output>
          </reporter-output>
        </test-method> <!-- logoutFromApplication -->
        <test-method is-config="true" signature="closeBrowser()[pri:0, instance:TestScript_Neha.TaskValidationEmailManagementTest@1500b2f3]" started-at="2021-09-06T17:53:15 IST" name="closeBrowser" finished-at="2021-09-06T17:53:45 IST" duration-ms="30055" status="PASS">
          <reporter-output>
          </reporter-output>
        </test-method> <!-- closeBrowser -->
        <test-method is-config="true" signature="reportEnd()[pri:0, instance:TestScript_Neha.TaskValidationEmailManagementTest@1500b2f3]" started-at="2021-09-06T17:53:45 IST" name="reportEnd" finished-at="2021-09-06T17:53:46 IST" duration-ms="318" status="PASS">
          <reporter-output>
          </reporter-output>
        </test-method> <!-- reportEnd -->
      </class> <!-- TestScript_Neha.TaskValidationEmailManagementTest -->
    </test> <!-- FunctionalTestContractorPackageModule -->
  </suite> <!-- Suite -->
</testng-results>
