<?xml version="1.0" encoding="UTF-8"?>
<!-- Generated by org.testng.reporters.JUnitReportReporter -->
<testsuite hostname="Nourtek-100" failures="0" tests="2" name="TestScript_Neha.TaskValidationEmailManagementTest" time="322.852" errors="1" timestamp="2021-09-06T17:53:46 IST" skipped="0">
  <testcase classname="TestScript_Neha.TaskValidationEmailManagementTest" name="Program_EmailManagement_CPCreatedFirstTime" time="244.082">
    <error message="no such element: Unable to locate element: {&quot;method&quot;:&quot;xpath&quot;,&quot;selector&quot;:&quot;//div[@id=&#039;divPreviewPanel&#039;]//div[@class=&#039;panel-body emailList&#039;]/div/ul/li[1]&quot;}
  (Session info: chrome=93.0.4577.63)
For documentation on this error, please visit: https://selenium.dev/exceptions/#no_such_element
Build info: version: &#039;4.0.0-alpha-4&#039;, revision: &#039;c2d955b49e&#039;
System info: host: &#039;NOURTEK-100&#039;, ip: &#039;192.168.29.211&#039;, os.name: &#039;Windows 10&#039;, os.arch: &#039;amd64&#039;, os.version: &#039;10.0&#039;, java.version: &#039;15.0.2&#039;
Driver info: org.openqa.selenium.chrome.ChromeDriver
Capabilities {acceptInsecureCerts: false, browserName: chrome, browserVersion: 93.0.4577.63, chrome: {chromedriverVersion: 92.0.4515.107 (87a818b10553..., userDataDir: C:\Users\NDave\AppData\Loca...}, goog:chromeOptions: {debuggerAddress: localhost:57862}, javascriptEnabled: true, networkConnectionEnabled: false, pageLoadStrategy: normal, platform: WINDOWS, platformName: WINDOWS, proxy: Proxy(), setWindowRect: true, strictFileInteractability: false, timeouts: {implicit: 0, pageLoad: 300000, script: 30000}, unhandledPromptBehavior: dismiss and notify, webauthn:extension:credBlob: true, webauthn:extension:largeBlob: true, webauthn:virtualAuthenticators: true}
Session ID: bb061f5e53ae415fe50d2a41f13ffc07
*** Element info: {Using=xpath, value=//div[@id=&#039;divPreviewPanel&#039;]//div[@class=&#039;panel-body emailList&#039;]/div/ul/li[1]}" type="org.openqa.selenium.NoSuchElementException">
      <![CDATA[org.openqa.selenium.NoSuchElementException: no such element: Unable to locate element: {"method":"xpath","selector":"//div[@id='divPreviewPanel']//div[@class='panel-body emailList']/div/ul/li[1]"}
  (Session info: chrome=93.0.4577.63)
For documentation on this error, please visit: https://selenium.dev/exceptions/#no_such_element
Build info: version: '4.0.0-alpha-4', revision: 'c2d955b49e'
System info: host: 'NOURTEK-100', ip: '192.168.29.211', os.name: 'Windows 10', os.arch: 'amd64', os.version: '10.0', java.version: '15.0.2'
Driver info: org.openqa.selenium.chrome.ChromeDriver
Capabilities {acceptInsecureCerts: false, browserName: chrome, browserVersion: 93.0.4577.63, chrome: {chromedriverVersion: 92.0.4515.107 (87a818b10553..., userDataDir: C:\Users\NDave\AppData\Loca...}, goog:chromeOptions: {debuggerAddress: localhost:57862}, javascriptEnabled: true, networkConnectionEnabled: false, pageLoadStrategy: normal, platform: WINDOWS, platformName: WINDOWS, proxy: Proxy(), setWindowRect: true, strictFileInteractability: false, timeouts: {implicit: 0, pageLoad: 300000, script: 30000}, unhandledPromptBehavior: dismiss and notify, webauthn:extension:credBlob: true, webauthn:extension:largeBlob: true, webauthn:virtualAuthenticators: true}
Session ID: bb061f5e53ae415fe50d2a41f13ffc07
*** Element info: {Using=xpath, value=//div[@id='divPreviewPanel']//div[@class='panel-body emailList']/div/ul/li[1]}
at java.base/jdk.internal.reflect.NativeConstructorAccessorImpl.newInstance0(Native Method)
at java.base/jdk.internal.reflect.NativeConstructorAccessorImpl.newInstance(NativeConstructorAccessorImpl.java:64)
at java.base/jdk.internal.reflect.DelegatingConstructorAccessorImpl.newInstance(DelegatingConstructorAccessorImpl.java:45)
at java.base/java.lang.reflect.Constructor.newInstanceWithCaller(Constructor.java:500)
at java.base/java.lang.reflect.Constructor.newInstance(Constructor.java:481)
at org.openqa.selenium.remote.codec.w3c.W3CHttpResponseCodec.createException(W3CHttpResponseCodec.java:196)
at org.openqa.selenium.remote.codec.w3c.W3CHttpResponseCodec.decode(W3CHttpResponseCodec.java:129)
at org.openqa.selenium.remote.codec.w3c.W3CHttpResponseCodec.decode(W3CHttpResponseCodec.java:53)
at org.openqa.selenium.remote.HttpCommandExecutor.execute(HttpCommandExecutor.java:161)
at org.openqa.selenium.remote.service.DriverCommandExecutor.execute(DriverCommandExecutor.java:83)
at org.openqa.selenium.remote.RemoteWebDriver.execute(RemoteWebDriver.java:582)
at org.openqa.selenium.remote.RemoteWebDriver.findElement(RemoteWebDriver.java:333)
at org.openqa.selenium.remote.RemoteWebDriver.findElementByXPath(RemoteWebDriver.java:451)
at org.openqa.selenium.By$ByXPath.findElement(By.java:394)
at org.openqa.selenium.remote.RemoteWebDriver.findElement(RemoteWebDriver.java:325)
at ObjectRepository.EmailModule.SentEmail_Selectfirstvaluefromlist(EmailModule.java:24)
at TestScript_Neha.TaskValidationEmailManagementTest.Program_EmailManagement_CPCreatedFirstTime(TaskValidationEmailManagementTest.java:323)
at java.base/jdk.internal.reflect.NativeMethodAccessorImpl.invoke0(Native Method)
at java.base/jdk.internal.reflect.NativeMethodAccessorImpl.invoke(NativeMethodAccessorImpl.java:64)
at java.base/jdk.internal.reflect.DelegatingMethodAccessorImpl.invoke(DelegatingMethodAccessorImpl.java:43)
at java.base/java.lang.reflect.Method.invoke(Method.java:564)
at org.testng.internal.MethodInvocationHelper.invokeMethod(MethodInvocationHelper.java:133)
at org.testng.internal.TestInvoker.invokeMethod(TestInvoker.java:598)
at org.testng.internal.TestInvoker.invokeTestMethod(TestInvoker.java:173)
at org.testng.internal.MethodRunner.runInSequence(MethodRunner.java:46)
at org.testng.internal.TestInvoker$MethodInvocationAgent.invoke(TestInvoker.java:824)
at org.testng.internal.TestInvoker.invokeTestMethods(TestInvoker.java:146)
at org.testng.internal.TestMethodWorker.invokeTestMethods(TestMethodWorker.java:146)
at org.testng.internal.TestMethodWorker.run(TestMethodWorker.java:128)
at java.base/java.util.ArrayList.forEach(ArrayList.java:1511)
at org.testng.TestRunner.privateRun(TestRunner.java:794)
at org.testng.TestRunner.run(TestRunner.java:596)
at org.testng.SuiteRunner.runTest(SuiteRunner.java:377)
at org.testng.SuiteRunner.runSequentially(SuiteRunner.java:371)
at org.testng.SuiteRunner.privateRun(SuiteRunner.java:332)
at org.testng.SuiteRunner.run(SuiteRunner.java:276)
at org.testng.SuiteRunnerWorker.runSuite(SuiteRunnerWorker.java:53)
at org.testng.SuiteRunnerWorker.run(SuiteRunnerWorker.java:96)
at org.testng.TestNG.runSuitesSequentially(TestNG.java:1212)
at org.testng.TestNG.runSuitesLocally(TestNG.java:1134)
at org.testng.TestNG.runSuites(TestNG.java:1063)
at org.testng.TestNG.run(TestNG.java:1031)
at org.testng.remote.AbstractRemoteTestNG.run(AbstractRemoteTestNG.java:115)
at org.testng.remote.RemoteTestNG.initAndRun(RemoteTestNG.java:251)
at org.testng.remote.RemoteTestNG.main(RemoteTestNG.java:77)
]]>
    </error>
  </testcase> <!-- Program_EmailManagement_CPCreatedFirstTime -->
  <system-out>
    <![CDATA[<a href='\Wrap Portal\Screenshot\Existing Project Email selection-06_09_2021_05_49_53.png'><img src='\Wrap Portal\Screenshot\Existing Project Email selection-06_09_2021_05_49_53.png' height='100' width='100'/></a>
<a href='\Wrap Portal\Screenshot\Email selection-06_09_2021_05_51_18.png'><img src='\Wrap Portal\Screenshot\Email selection-06_09_2021_05_51_18.png' height='100' width='100'/></a>
<a href='\Wrap Portal\Screenshot\Email sent to-06_09_2021_05_51_34.png'><img src='\Wrap Portal\Screenshot\Email sent to-06_09_2021_05_51_34.png' height='100' width='100'/></a>]]>
  </system-out>
  <testcase classname="TestScript_Neha.TaskValidationEmailManagementTest" name="Program_EmailManagement_Enrollment_Submitted_by_Contractor" time="78.770"/>
  <system-out>
    <![CDATA[<a href='\Wrap Portal\Screenshot\Program_Contractor_Portal_Options_Switch_NonCipCompliance-06_09_2021_05_52_28.png'><img src='\Wrap Portal\Screenshot\Program_Contractor_Portal_Options_Switch_NonCipCompliance-06_09_2021_05_52_28.png' height='100' width='100'/></a>
<a href='\Wrap Portal\Screenshot\Program_Contractor_Portal_Options_Switch_NonCipCompliance-06_09_2021_05_52_29.png'><img src='\Wrap Portal\Screenshot\Program_Contractor_Portal_Options_Switch_NonCipCompliance-06_09_2021_05_52_29.png' height='100' width='100'/></a>
<a href='\Wrap Portal\Screenshot\Program_Contractor_Portal_Options_Switch_NonCipCompliance-06_09_2021_05_52_30.png'><img src='\Wrap Portal\Screenshot\Program_Contractor_Portal_Options_Switch_NonCipCompliance-06_09_2021_05_52_30.png' height='100' width='100'/></a>
<a href='\Wrap Portal\Screenshot\Email sent to-06_09_2021_05_53_09.png'><img src='\Wrap Portal\Screenshot\Email sent to-06_09_2021_05_53_09.png' height='100' width='100'/></a>]]>
  </system-out>
</testsuite> <!-- TestScript_Neha.TaskValidationEmailManagementTest -->
